[0.009s] Invoking command in '/home/wyd/arm_ws/build/ur5_interface': CMAKE_PREFIX_PATH=/opt/ros/humble /usr/bin/cmake /home/wyd/arm_ws/src/ur5_ros2/ur5_interface -DCMAKE_INSTALL_PREFIX=/home/wyd/arm_ws/install/ur5_interface
[0.051s] -- The C compiler identification is GNU 12.3.0
[0.084s] -- The CXX compiler identification is GNU 12.3.0
[0.088s] -- Detecting C compiler ABI info
[0.131s] -- Detecting C compiler ABI info - done
[0.135s] -- Check for working C compiler: /usr/bin/cc - skipped
[0.135s] -- Detecting C compile features
[0.135s] -- Detecting C compile features - done
[0.137s] -- Detecting CXX compiler ABI info
[0.191s] -- Detecting CXX compiler ABI info - done
[0.197s] -- Check for working CXX compiler: /usr/bin/c++ - skipped
[0.198s] -- Detecting CXX compile features
[0.198s] -- Detecting CXX compile features - done
[0.200s] -- Found ament_cmake: 1.3.11 (/opt/ros/humble/share/ament_cmake/cmake)
[0.295s] -- Found Python3: /usr/bin/python3 (found version "3.10.12") found components: Interpreter 
[0.342s] [31mCMake Error at CMakeLists.txt:28 (find_package):
[0.342s]   By not providing "Findocs2_core.cmake" in CMAKE_MODULE_PATH this project
[0.342s]   has asked CMake to find a package configuration file provided by
[0.342s]   "ocs2_core", but CMake did not find one.
[0.342s] 
[0.342s]   Could not find a package configuration file provided by "ocs2_core" with
[0.342s]   any of the following names:
[0.342s] 
[0.342s]     ocs2_coreConfig.cmake
[0.342s]     ocs2_core-config.cmake
[0.342s] 
[0.342s]   Add the installation prefix of "ocs2_core" to CMAKE_PREFIX_PATH or set
[0.342s]   "ocs2_core_DIR" to a directory containing one of the above files.  If
[0.342s]   "ocs2_core" provides a separate development package or SDK, be sure it has
[0.342s]   been installed.
[0.342s] 
[0.342s] [0m
[0.343s] -- Configuring incomplete, errors occurred!
[0.343s] See also "/home/wyd/arm_ws/build/ur5_interface/CMakeFiles/CMakeOutput.log".
