[0.009s] Invoking command in '/home/wyd/arm_ws/build/arm_interface': CMAKE_PREFIX_PATH=/opt/ros/humble /usr/bin/cmake /home/wyd/arm_ws/src/moying_arm/arm_interface -DCMAKE_INSTALL_PREFIX=/home/wyd/arm_ws/install/arm_interface
[0.052s] -- The C compiler identification is GNU 12.3.0
[0.088s] -- The CXX compiler identification is GNU 12.3.0
[0.093s] -- Detecting C compiler ABI info
[0.137s] -- Detecting C compiler ABI info - done
[0.141s] -- Check for working C compiler: /usr/bin/cc - skipped
[0.141s] -- Detecting C compile features
[0.141s] -- Detecting C compile features - done
[0.143s] -- Detecting CXX compiler ABI info
[0.188s] -- Detecting CXX compiler ABI info - done
[0.191s] -- Check for working CXX compiler: /usr/bin/c++ - skipped
[0.192s] -- Detecting CXX compile features
[0.192s] -- Detecting CXX compile features - done
[0.193s] -- Found ament_cmake: 1.3.11 (/opt/ros/humble/share/ament_cmake/cmake)
[0.279s] -- Found Python3: /usr/bin/python3 (found version "3.10.12") found components: Interpreter 
[0.333s] [31mCMake Error at CMakeLists.txt:27 (find_package):
[0.333s]   By not providing "Findocs2_core.cmake" in CMAKE_MODULE_PATH this project
[0.333s]   has asked CMake to find a package configuration file provided by
[0.333s]   "ocs2_core", but CMake did not find one.
[0.333s] 
[0.333s]   Could not find a package configuration file provided by "ocs2_core" with
[0.333s]   any of the following names:
[0.333s] 
[0.333s]     ocs2_coreConfig.cmake
[0.333s]     ocs2_core-config.cmake
[0.333s] 
[0.333s]   Add the installation prefix of "ocs2_core" to CMAKE_PREFIX_PATH or set
[0.333s]   "ocs2_core_DIR" to a directory containing one of the above files.  If
[0.333s]   "ocs2_core" provides a separate development package or SDK, be sure it has
[0.334s]   been installed.
[0.334s] 
[0.334s] [0m
[0.334s] -- Configuring incomplete, errors occurred!
[0.334s] See also "/home/wyd/arm_ws/build/arm_interface/CMakeFiles/CMakeOutput.log".
