[35m[1mConsolidate compiler generated dependencies of target ur5_interface[0m
[100%] Built target ur5_interface
-- Install configuration: ""
-- Installing: /home/wyd/arm_ws/install/ur5_interface/lib/libur5_interface.so
-- Set runtime path of "/home/wyd/arm_ws/install/ur5_interface/lib/libur5_interface.so" to ""
-- Installing: /home/wyd/arm_ws/install/ur5_interface/include/ur5_interface
-- Installing: /home/wyd/arm_ws/install/ur5_interface/include/ur5_interface/ur5_interface
-- Installing: /home/wyd/arm_ws/install/ur5_interface/include/ur5_interface/ur5_interface/package_path.h.in
-- Installing: /home/wyd/arm_ws/install/ur5_interface/include/ur5_interface/ur5_interface/dynamics
-- Installing: /home/wyd/arm_ws/install/ur5_interface/include/ur5_interface/ur5_interface/dynamics/ur5_dynamics.h
-- Installing: /home/wyd/arm_ws/install/ur5_interface/include/ur5_interface/ur5_interface/ur5_wb_pinocchio_mapping.h
-- Installing: /home/wyd/arm_ws/install/ur5_interface/include/ur5_interface/ur5_interface/ur5_module_info.h
-- Installing: /home/wyd/arm_ws/install/ur5_interface/include/ur5_interface/ur5_interface/command
-- Installing: /home/wyd/arm_ws/install/ur5_interface/include/ur5_interface/ur5_interface/command/ur5_target_trajectories_interactive_marker.h
-- Installing: /home/wyd/arm_ws/install/ur5_interface/include/ur5_interface/ur5_interface/command/joy_target_trajectories.h
-- Installing: /home/wyd/arm_ws/install/ur5_interface/include/ur5_interface/ur5_interface/ur5_interface.h
-- Installing: /home/wyd/arm_ws/install/ur5_interface/include/ur5_interface/ur5_interface/constraint
-- Installing: /home/wyd/arm_ws/install/ur5_interface/include/ur5_interface/ur5_interface/constraint/end_effort_constraint.h
-- Installing: /home/wyd/arm_ws/install/ur5_interface/include/ur5_interface/ur5_interface/constraint/base_constraint.h
-- Installing: /home/wyd/arm_ws/install/ur5_interface/include/ur5_interface/ur5_interface/constraint/ur5_self_collision_constraint.h
-- Installing: /home/wyd/arm_ws/install/ur5_interface/include/ur5_interface/ur5_interface/cost
-- Installing: /home/wyd/arm_ws/install/ur5_interface/include/ur5_interface/ur5_interface/cost/quadratic_input_cost.h
-- Installing: /home/wyd/arm_ws/install/ur5_interface/include/ur5_interface/ur5_interface/ur5_precomputation.h
-- Installing: /home/wyd/arm_ws/install/ur5_interface/include/ur5_interface/ur5_interface/factory_functions.h
-- Installing: /home/wyd/arm_ws/install/ur5_interface/include/ur5_interface/ur5_interface/ur5_pinocchio_mapping.h
-- Installing: /home/wyd/arm_ws/install/ur5_interface/include/ur5_interface/package_path.h.in
-- Installing: /home/wyd/arm_ws/install/ur5_interface/include/ur5_interface/dynamics
-- Installing: /home/wyd/arm_ws/install/ur5_interface/include/ur5_interface/dynamics/ur5_dynamics.h
-- Installing: /home/wyd/arm_ws/install/ur5_interface/include/ur5_interface/ur5_module_info.h
-- Installing: /home/wyd/arm_ws/install/ur5_interface/include/ur5_interface/command
-- Installing: /home/wyd/arm_ws/install/ur5_interface/include/ur5_interface/command/ur5_target_trajectories_interactive_marker.h
-- Installing: /home/wyd/arm_ws/install/ur5_interface/include/ur5_interface/command/joy_target_trajectories.h
-- Installing: /home/wyd/arm_ws/install/ur5_interface/include/ur5_interface/ur5_interface.h
-- Installing: /home/wyd/arm_ws/install/ur5_interface/include/ur5_interface/constraint
-- Installing: /home/wyd/arm_ws/install/ur5_interface/include/ur5_interface/constraint/end_effort_constraint.h
-- Installing: /home/wyd/arm_ws/install/ur5_interface/include/ur5_interface/constraint/base_constraint.h
-- Installing: /home/wyd/arm_ws/install/ur5_interface/include/ur5_interface/constraint/ur5_self_collision_constraint.h
-- Installing: /home/wyd/arm_ws/install/ur5_interface/include/ur5_interface/cost
-- Installing: /home/wyd/arm_ws/install/ur5_interface/include/ur5_interface/cost/quadratic_input_cost.h
-- Installing: /home/wyd/arm_ws/install/ur5_interface/include/ur5_interface/ur5_precomputation.h
-- Installing: /home/wyd/arm_ws/install/ur5_interface/include/ur5_interface/factory_functions.h
-- Installing: /home/wyd/arm_ws/install/ur5_interface/include/ur5_interface/ur5_pinocchio_mapping.h
-- Installing: /home/wyd/arm_ws/install/ur5_interface/share/ur5_interface/config/ur5/
-- Installing: /home/wyd/arm_ws/install/ur5_interface/share/ur5_interface/config/ur5//task.info
-- Installing: /home/wyd/arm_ws/install/ur5_interface/share/ur5_interface/environment/library_path.sh
-- Installing: /home/wyd/arm_ws/install/ur5_interface/share/ur5_interface/environment/library_path.dsv
-- Installing: /home/wyd/arm_ws/install/ur5_interface/share/ament_index/resource_index/package_run_dependencies/ur5_interface
-- Installing: /home/wyd/arm_ws/install/ur5_interface/share/ament_index/resource_index/parent_prefix_path/ur5_interface
-- Installing: /home/wyd/arm_ws/install/ur5_interface/share/ur5_interface/environment/ament_prefix_path.sh
-- Installing: /home/wyd/arm_ws/install/ur5_interface/share/ur5_interface/environment/ament_prefix_path.dsv
-- Installing: /home/wyd/arm_ws/install/ur5_interface/share/ur5_interface/environment/path.sh
-- Installing: /home/wyd/arm_ws/install/ur5_interface/share/ur5_interface/environment/path.dsv
-- Installing: /home/wyd/arm_ws/install/ur5_interface/share/ur5_interface/local_setup.bash
-- Installing: /home/wyd/arm_ws/install/ur5_interface/share/ur5_interface/local_setup.sh
-- Installing: /home/wyd/arm_ws/install/ur5_interface/share/ur5_interface/local_setup.zsh
-- Installing: /home/wyd/arm_ws/install/ur5_interface/share/ur5_interface/local_setup.dsv
-- Installing: /home/wyd/arm_ws/install/ur5_interface/share/ur5_interface/package.dsv
-- Installing: /home/wyd/arm_ws/install/ur5_interface/share/ament_index/resource_index/packages/ur5_interface
-- Installing: /home/wyd/arm_ws/install/ur5_interface/share/ur5_interface/cmake/export_ur5_interfaceExport.cmake
-- Installing: /home/wyd/arm_ws/install/ur5_interface/share/ur5_interface/cmake/export_ur5_interfaceExport-noconfig.cmake
-- Installing: /home/wyd/arm_ws/install/ur5_interface/share/ur5_interface/cmake/ament_cmake_export_dependencies-extras.cmake
-- Installing: /home/wyd/arm_ws/install/ur5_interface/share/ur5_interface/cmake/ament_cmake_export_include_directories-extras.cmake
-- Installing: /home/wyd/arm_ws/install/ur5_interface/share/ur5_interface/cmake/ament_cmake_export_targets-extras.cmake
-- Installing: /home/wyd/arm_ws/install/ur5_interface/share/ur5_interface/cmake/ur5_interfaceConfig.cmake
-- Installing: /home/wyd/arm_ws/install/ur5_interface/share/ur5_interface/cmake/ur5_interfaceConfig-version.cmake
-- Installing: /home/wyd/arm_ws/install/ur5_interface/share/ur5_interface/package.xml
