[0.016s] Invoking command in '/home/wyd/arm_ws/build/ur5_interface': CMAKE_PREFIX_PATH=/home/wyd/OCS2_ROS2/install/ocs2_ros2:/home/wyd/OCS2_ROS2/install/ocs2_robotic_examples:/home/wyd/OCS2_ROS2/install/ocs2_anymal:/home/wyd/OCS2_ROS2/install/ocs2_anymal_loopshaping_mpc:/home/wyd/OCS2_ROS2/install/ocs2_quadruped_loopshaping_interface:/home/wyd/OCS2_ROS2/install/ocs2_anymal_mpc:/home/wyd/OCS2_ROS2/install/ocs2_quadruped_interface:/home/wyd/OCS2_ROS2/install/segmented_planes_terrain_model:/home/wyd/OCS2_ROS2/install/ocs2_sphere_approximation:/home/wyd/OCS2_ROS2/install/ocs2_pinocchio:/home/wyd/OCS2_ROS2/install/ocs2_mobile_manipulator_ros:/home/wyd/OCS2_ROS2/install/ocs2_self_collision_visualization:/home/wyd/OCS2_ROS2/install/ocs2_mobile_manipulator:/home/wyd/OCS2_ROS2/install/ocs2_self_collision:/home/wyd/OCS2_ROS2/install/ocs2_raisim:/home/wyd/OCS2_ROS2/install/ocs2_legged_robot_raisim:/home/wyd/OCS2_ROS2/install/ocs2_legged_robot_ros:/home/wyd/OCS2_ROS2/install/ocs2_legged_robot:/home/wyd/OCS2_ROS2/install/ocs2_centroidal_model:/home/wyd/OCS2_ROS2/install/ocs2_anymal_models:/home/wyd/OCS2_ROS2/install/ocs2_pinocchio_interface:/home/wyd/OCS2_ROS2/install/pinocchio:/home/wyd/OCS2_ROS2/install/ocs2_anymal_commands:/home/wyd/OCS2_ROS2/install/ocs2_switched_model_interface:/home/wyd/OCS2_ROS2/install/ocs2_ballbot_ros:/home/wyd/OCS2_ROS2/install/ocs2_ballbot:/home/wyd/OCS2_ROS2/install/ocs2_sqp:/home/wyd/OCS2_ROS2/install/ocs2_slp:/home/wyd/OCS2_ROS2/install/ocs2_quadrotor_ros:/home/wyd/OCS2_ROS2/install/ocs2_double_integrator_ros:/home/wyd/OCS2_ROS2/install/ocs2_cartpole_ros:/home/wyd/OCS2_ROS2/install/ocs2_ros_interfaces:/home/wyd/OCS2_ROS2/install/ocs2_quadrotor:/home/wyd/OCS2_ROS2/install/ocs2_double_integrator:/home/wyd/OCS2_ROS2/install/ocs2_python_interface:/home/wyd/OCS2_ROS2/install/ocs2_perceptive:/home/wyd/OCS2_ROS2/install/ocs2_cartpole:/home/wyd/OCS2_ROS2/install/ocs2_robotic_tools:/home/wyd/OCS2_ROS2/install/ocs2_raisim_ros:/home/wyd/OCS2_ROS2/install/ocs2_raisim_core:/home/wyd/OCS2_ROS2/install/ocs2_ocs2:/home/wyd/OCS2_ROS2/install/ocs2_ipm:/home/wyd/OCS2_ROS2/install/ocs2_ddp:/home/wyd/OCS2_ROS2/install/hpipm_catkin:/home/wyd/OCS2_ROS2/install/ocs2_qp_solver:/home/wyd/OCS2_ROS2/install/ocs2_mpc:/home/wyd/OCS2_ROS2/install/ocs2_oc:/home/wyd/OCS2_ROS2/install/ocs2_frank_wolfe:/home/wyd/OCS2_ROS2/install/ocs2_core:/home/wyd/OCS2_ROS2/install/ocs2_thirdparty:/home/wyd/OCS2_ROS2/install/ocs2_switched_model_msgs:/home/wyd/OCS2_ROS2/install/ocs2_robotic_assets:/home/wyd/OCS2_ROS2/install/ocs2_msgs:/home/wyd/OCS2_ROS2/install/hpp-fcl:/home/wyd/OCS2_ROS2/install/convex_plane_decomposition_ros:/home/wyd/OCS2_ROS2/install/convex_plane_decomposition:/opt/ros/humble:/home/wyd/OCS2_ROS2/install/grid_map_filters_rsl:/home/wyd/OCS2_ROS2/install/convex_plane_decomposition_msgs:/home/wyd/OCS2_ROS2/install/cgal5_catkin:/home/wyd/OCS2_ROS2/install/blasfeo_catkin:/home/wyd/raisim/install/raisim /usr/bin/cmake --build /home/wyd/arm_ws/build/ur5_interface -- -j24 -l24
[0.056s] [35m[1mConsolidate compiler generated dependencies of target ur5_interface[0m
[0.092s] [100%] Built target ur5_interface
[0.107s] Invoked command in '/home/wyd/arm_ws/build/ur5_interface' returned '0': CMAKE_PREFIX_PATH=/home/wyd/OCS2_ROS2/install/ocs2_ros2:/home/wyd/OCS2_ROS2/install/ocs2_robotic_examples:/home/wyd/OCS2_ROS2/install/ocs2_anymal:/home/wyd/OCS2_ROS2/install/ocs2_anymal_loopshaping_mpc:/home/wyd/OCS2_ROS2/install/ocs2_quadruped_loopshaping_interface:/home/wyd/OCS2_ROS2/install/ocs2_anymal_mpc:/home/wyd/OCS2_ROS2/install/ocs2_quadruped_interface:/home/wyd/OCS2_ROS2/install/segmented_planes_terrain_model:/home/wyd/OCS2_ROS2/install/ocs2_sphere_approximation:/home/wyd/OCS2_ROS2/install/ocs2_pinocchio:/home/wyd/OCS2_ROS2/install/ocs2_mobile_manipulator_ros:/home/wyd/OCS2_ROS2/install/ocs2_self_collision_visualization:/home/wyd/OCS2_ROS2/install/ocs2_mobile_manipulator:/home/wyd/OCS2_ROS2/install/ocs2_self_collision:/home/wyd/OCS2_ROS2/install/ocs2_raisim:/home/wyd/OCS2_ROS2/install/ocs2_legged_robot_raisim:/home/wyd/OCS2_ROS2/install/ocs2_legged_robot_ros:/home/wyd/OCS2_ROS2/install/ocs2_legged_robot:/home/wyd/OCS2_ROS2/install/ocs2_centroidal_model:/home/wyd/OCS2_ROS2/install/ocs2_anymal_models:/home/wyd/OCS2_ROS2/install/ocs2_pinocchio_interface:/home/wyd/OCS2_ROS2/install/pinocchio:/home/wyd/OCS2_ROS2/install/ocs2_anymal_commands:/home/wyd/OCS2_ROS2/install/ocs2_switched_model_interface:/home/wyd/OCS2_ROS2/install/ocs2_ballbot_ros:/home/wyd/OCS2_ROS2/install/ocs2_ballbot:/home/wyd/OCS2_ROS2/install/ocs2_sqp:/home/wyd/OCS2_ROS2/install/ocs2_slp:/home/wyd/OCS2_ROS2/install/ocs2_quadrotor_ros:/home/wyd/OCS2_ROS2/install/ocs2_double_integrator_ros:/home/wyd/OCS2_ROS2/install/ocs2_cartpole_ros:/home/wyd/OCS2_ROS2/install/ocs2_ros_interfaces:/home/wyd/OCS2_ROS2/install/ocs2_quadrotor:/home/wyd/OCS2_ROS2/install/ocs2_double_integrator:/home/wyd/OCS2_ROS2/install/ocs2_python_interface:/home/wyd/OCS2_ROS2/install/ocs2_perceptive:/home/wyd/OCS2_ROS2/install/ocs2_cartpole:/home/wyd/OCS2_ROS2/install/ocs2_robotic_tools:/home/wyd/OCS2_ROS2/install/ocs2_raisim_ros:/home/wyd/OCS2_ROS2/install/ocs2_raisim_core:/home/wyd/OCS2_ROS2/install/ocs2_ocs2:/home/wyd/OCS2_ROS2/install/ocs2_ipm:/home/wyd/OCS2_ROS2/install/ocs2_ddp:/home/wyd/OCS2_ROS2/install/hpipm_catkin:/home/wyd/OCS2_ROS2/install/ocs2_qp_solver:/home/wyd/OCS2_ROS2/install/ocs2_mpc:/home/wyd/OCS2_ROS2/install/ocs2_oc:/home/wyd/OCS2_ROS2/install/ocs2_frank_wolfe:/home/wyd/OCS2_ROS2/install/ocs2_core:/home/wyd/OCS2_ROS2/install/ocs2_thirdparty:/home/wyd/OCS2_ROS2/install/ocs2_switched_model_msgs:/home/wyd/OCS2_ROS2/install/ocs2_robotic_assets:/home/wyd/OCS2_ROS2/install/ocs2_msgs:/home/wyd/OCS2_ROS2/install/hpp-fcl:/home/wyd/OCS2_ROS2/install/convex_plane_decomposition_ros:/home/wyd/OCS2_ROS2/install/convex_plane_decomposition:/opt/ros/humble:/home/wyd/OCS2_ROS2/install/grid_map_filters_rsl:/home/wyd/OCS2_ROS2/install/convex_plane_decomposition_msgs:/home/wyd/OCS2_ROS2/install/cgal5_catkin:/home/wyd/OCS2_ROS2/install/blasfeo_catkin:/home/wyd/raisim/install/raisim /usr/bin/cmake --build /home/wyd/arm_ws/build/ur5_interface -- -j24 -l24
[0.108s] Invoking command in '/home/wyd/arm_ws/build/ur5_interface': CMAKE_PREFIX_PATH=/home/wyd/OCS2_ROS2/install/ocs2_ros2:/home/wyd/OCS2_ROS2/install/ocs2_robotic_examples:/home/wyd/OCS2_ROS2/install/ocs2_anymal:/home/wyd/OCS2_ROS2/install/ocs2_anymal_loopshaping_mpc:/home/wyd/OCS2_ROS2/install/ocs2_quadruped_loopshaping_interface:/home/wyd/OCS2_ROS2/install/ocs2_anymal_mpc:/home/wyd/OCS2_ROS2/install/ocs2_quadruped_interface:/home/wyd/OCS2_ROS2/install/segmented_planes_terrain_model:/home/wyd/OCS2_ROS2/install/ocs2_sphere_approximation:/home/wyd/OCS2_ROS2/install/ocs2_pinocchio:/home/wyd/OCS2_ROS2/install/ocs2_mobile_manipulator_ros:/home/wyd/OCS2_ROS2/install/ocs2_self_collision_visualization:/home/wyd/OCS2_ROS2/install/ocs2_mobile_manipulator:/home/wyd/OCS2_ROS2/install/ocs2_self_collision:/home/wyd/OCS2_ROS2/install/ocs2_raisim:/home/wyd/OCS2_ROS2/install/ocs2_legged_robot_raisim:/home/wyd/OCS2_ROS2/install/ocs2_legged_robot_ros:/home/wyd/OCS2_ROS2/install/ocs2_legged_robot:/home/wyd/OCS2_ROS2/install/ocs2_centroidal_model:/home/wyd/OCS2_ROS2/install/ocs2_anymal_models:/home/wyd/OCS2_ROS2/install/ocs2_pinocchio_interface:/home/wyd/OCS2_ROS2/install/pinocchio:/home/wyd/OCS2_ROS2/install/ocs2_anymal_commands:/home/wyd/OCS2_ROS2/install/ocs2_switched_model_interface:/home/wyd/OCS2_ROS2/install/ocs2_ballbot_ros:/home/wyd/OCS2_ROS2/install/ocs2_ballbot:/home/wyd/OCS2_ROS2/install/ocs2_sqp:/home/wyd/OCS2_ROS2/install/ocs2_slp:/home/wyd/OCS2_ROS2/install/ocs2_quadrotor_ros:/home/wyd/OCS2_ROS2/install/ocs2_double_integrator_ros:/home/wyd/OCS2_ROS2/install/ocs2_cartpole_ros:/home/wyd/OCS2_ROS2/install/ocs2_ros_interfaces:/home/wyd/OCS2_ROS2/install/ocs2_quadrotor:/home/wyd/OCS2_ROS2/install/ocs2_double_integrator:/home/wyd/OCS2_ROS2/install/ocs2_python_interface:/home/wyd/OCS2_ROS2/install/ocs2_perceptive:/home/wyd/OCS2_ROS2/install/ocs2_cartpole:/home/wyd/OCS2_ROS2/install/ocs2_robotic_tools:/home/wyd/OCS2_ROS2/install/ocs2_raisim_ros:/home/wyd/OCS2_ROS2/install/ocs2_raisim_core:/home/wyd/OCS2_ROS2/install/ocs2_ocs2:/home/wyd/OCS2_ROS2/install/ocs2_ipm:/home/wyd/OCS2_ROS2/install/ocs2_ddp:/home/wyd/OCS2_ROS2/install/hpipm_catkin:/home/wyd/OCS2_ROS2/install/ocs2_qp_solver:/home/wyd/OCS2_ROS2/install/ocs2_mpc:/home/wyd/OCS2_ROS2/install/ocs2_oc:/home/wyd/OCS2_ROS2/install/ocs2_frank_wolfe:/home/wyd/OCS2_ROS2/install/ocs2_core:/home/wyd/OCS2_ROS2/install/ocs2_thirdparty:/home/wyd/OCS2_ROS2/install/ocs2_switched_model_msgs:/home/wyd/OCS2_ROS2/install/ocs2_robotic_assets:/home/wyd/OCS2_ROS2/install/ocs2_msgs:/home/wyd/OCS2_ROS2/install/hpp-fcl:/home/wyd/OCS2_ROS2/install/convex_plane_decomposition_ros:/home/wyd/OCS2_ROS2/install/convex_plane_decomposition:/opt/ros/humble:/home/wyd/OCS2_ROS2/install/grid_map_filters_rsl:/home/wyd/OCS2_ROS2/install/convex_plane_decomposition_msgs:/home/wyd/OCS2_ROS2/install/cgal5_catkin:/home/wyd/OCS2_ROS2/install/blasfeo_catkin:/home/wyd/raisim/install/raisim /usr/bin/cmake --install /home/wyd/arm_ws/build/ur5_interface
[0.114s] -- Install configuration: ""
[0.114s] -- Installing: /home/wyd/arm_ws/install/ur5_interface/lib/libur5_interface.so
[0.141s] -- Set runtime path of "/home/wyd/arm_ws/install/ur5_interface/lib/libur5_interface.so" to ""
[0.141s] -- Installing: /home/wyd/arm_ws/install/ur5_interface/include/ur5_interface
[0.141s] -- Installing: /home/wyd/arm_ws/install/ur5_interface/include/ur5_interface/ur5_interface
[0.141s] -- Installing: /home/wyd/arm_ws/install/ur5_interface/include/ur5_interface/ur5_interface/package_path.h.in
[0.141s] -- Installing: /home/wyd/arm_ws/install/ur5_interface/include/ur5_interface/ur5_interface/dynamics
[0.141s] -- Installing: /home/wyd/arm_ws/install/ur5_interface/include/ur5_interface/ur5_interface/dynamics/ur5_dynamics.h
[0.141s] -- Installing: /home/wyd/arm_ws/install/ur5_interface/include/ur5_interface/ur5_interface/ur5_wb_pinocchio_mapping.h
[0.141s] -- Installing: /home/wyd/arm_ws/install/ur5_interface/include/ur5_interface/ur5_interface/ur5_module_info.h
[0.141s] -- Installing: /home/wyd/arm_ws/install/ur5_interface/include/ur5_interface/ur5_interface/command
[0.141s] -- Installing: /home/wyd/arm_ws/install/ur5_interface/include/ur5_interface/ur5_interface/command/ur5_target_trajectories_interactive_marker.h
[0.141s] -- Installing: /home/wyd/arm_ws/install/ur5_interface/include/ur5_interface/ur5_interface/command/joy_target_trajectories.h
[0.141s] -- Installing: /home/wyd/arm_ws/install/ur5_interface/include/ur5_interface/ur5_interface/ur5_interface.h
[0.141s] -- Installing: /home/wyd/arm_ws/install/ur5_interface/include/ur5_interface/ur5_interface/constraint
[0.141s] -- Installing: /home/wyd/arm_ws/install/ur5_interface/include/ur5_interface/ur5_interface/constraint/end_effort_constraint.h
[0.141s] -- Installing: /home/wyd/arm_ws/install/ur5_interface/include/ur5_interface/ur5_interface/constraint/base_constraint.h
[0.141s] -- Installing: /home/wyd/arm_ws/install/ur5_interface/include/ur5_interface/ur5_interface/constraint/ur5_self_collision_constraint.h
[0.141s] -- Installing: /home/wyd/arm_ws/install/ur5_interface/include/ur5_interface/ur5_interface/cost
[0.141s] -- Installing: /home/wyd/arm_ws/install/ur5_interface/include/ur5_interface/ur5_interface/cost/quadratic_input_cost.h
[0.141s] -- Installing: /home/wyd/arm_ws/install/ur5_interface/include/ur5_interface/ur5_interface/ur5_precomputation.h
[0.141s] -- Installing: /home/wyd/arm_ws/install/ur5_interface/include/ur5_interface/ur5_interface/factory_functions.h
[0.141s] -- Installing: /home/wyd/arm_ws/install/ur5_interface/include/ur5_interface/ur5_interface/ur5_pinocchio_mapping.h
[0.141s] -- Installing: /home/wyd/arm_ws/install/ur5_interface/include/ur5_interface/package_path.h.in
[0.141s] -- Installing: /home/wyd/arm_ws/install/ur5_interface/include/ur5_interface/dynamics
[0.141s] -- Installing: /home/wyd/arm_ws/install/ur5_interface/include/ur5_interface/dynamics/ur5_dynamics.h
[0.141s] -- Installing: /home/wyd/arm_ws/install/ur5_interface/include/ur5_interface/ur5_module_info.h
[0.141s] -- Installing: /home/wyd/arm_ws/install/ur5_interface/include/ur5_interface/command
[0.141s] -- Installing: /home/wyd/arm_ws/install/ur5_interface/include/ur5_interface/command/ur5_target_trajectories_interactive_marker.h
[0.141s] -- Installing: /home/wyd/arm_ws/install/ur5_interface/include/ur5_interface/command/joy_target_trajectories.h
[0.142s] -- Installing: /home/wyd/arm_ws/install/ur5_interface/include/ur5_interface/ur5_interface.h
[0.142s] -- Installing: /home/wyd/arm_ws/install/ur5_interface/include/ur5_interface/constraint
[0.142s] -- Installing: /home/wyd/arm_ws/install/ur5_interface/include/ur5_interface/constraint/end_effort_constraint.h
[0.142s] -- Installing: /home/wyd/arm_ws/install/ur5_interface/include/ur5_interface/constraint/base_constraint.h
[0.142s] -- Installing: /home/wyd/arm_ws/install/ur5_interface/include/ur5_interface/constraint/ur5_self_collision_constraint.h
[0.142s] -- Installing: /home/wyd/arm_ws/install/ur5_interface/include/ur5_interface/cost
[0.142s] -- Installing: /home/wyd/arm_ws/install/ur5_interface/include/ur5_interface/cost/quadratic_input_cost.h
[0.142s] -- Installing: /home/wyd/arm_ws/install/ur5_interface/include/ur5_interface/ur5_precomputation.h
[0.142s] -- Installing: /home/wyd/arm_ws/install/ur5_interface/include/ur5_interface/factory_functions.h
[0.142s] -- Installing: /home/wyd/arm_ws/install/ur5_interface/include/ur5_interface/ur5_pinocchio_mapping.h
[0.142s] -- Installing: /home/wyd/arm_ws/install/ur5_interface/share/ur5_interface/config/ur5/
[0.142s] -- Installing: /home/wyd/arm_ws/install/ur5_interface/share/ur5_interface/config/ur5//task.info
[0.142s] -- Installing: /home/wyd/arm_ws/install/ur5_interface/share/ur5_interface/environment/library_path.sh
[0.142s] -- Installing: /home/wyd/arm_ws/install/ur5_interface/share/ur5_interface/environment/library_path.dsv
[0.142s] -- Installing: /home/wyd/arm_ws/install/ur5_interface/share/ament_index/resource_index/package_run_dependencies/ur5_interface
[0.142s] -- Installing: /home/wyd/arm_ws/install/ur5_interface/share/ament_index/resource_index/parent_prefix_path/ur5_interface
[0.142s] -- Installing: /home/wyd/arm_ws/install/ur5_interface/share/ur5_interface/environment/ament_prefix_path.sh
[0.142s] -- Installing: /home/wyd/arm_ws/install/ur5_interface/share/ur5_interface/environment/ament_prefix_path.dsv
[0.142s] -- Installing: /home/wyd/arm_ws/install/ur5_interface/share/ur5_interface/environment/path.sh
[0.142s] -- Installing: /home/wyd/arm_ws/install/ur5_interface/share/ur5_interface/environment/path.dsv
[0.142s] -- Installing: /home/wyd/arm_ws/install/ur5_interface/share/ur5_interface/local_setup.bash
[0.142s] -- Installing: /home/wyd/arm_ws/install/ur5_interface/share/ur5_interface/local_setup.sh
[0.142s] -- Installing: /home/wyd/arm_ws/install/ur5_interface/share/ur5_interface/local_setup.zsh
[0.142s] -- Installing: /home/wyd/arm_ws/install/ur5_interface/share/ur5_interface/local_setup.dsv
[0.142s] -- Installing: /home/wyd/arm_ws/install/ur5_interface/share/ur5_interface/package.dsv
[0.142s] -- Installing: /home/wyd/arm_ws/install/ur5_interface/share/ament_index/resource_index/packages/ur5_interface
[0.142s] -- Installing: /home/wyd/arm_ws/install/ur5_interface/share/ur5_interface/cmake/export_ur5_interfaceExport.cmake
[0.142s] -- Installing: /home/wyd/arm_ws/install/ur5_interface/share/ur5_interface/cmake/export_ur5_interfaceExport-noconfig.cmake
[0.142s] -- Installing: /home/wyd/arm_ws/install/ur5_interface/share/ur5_interface/cmake/ament_cmake_export_dependencies-extras.cmake
[0.142s] -- Installing: /home/wyd/arm_ws/install/ur5_interface/share/ur5_interface/cmake/ament_cmake_export_include_directories-extras.cmake
[0.142s] -- Installing: /home/wyd/arm_ws/install/ur5_interface/share/ur5_interface/cmake/ament_cmake_export_targets-extras.cmake
[0.142s] -- Installing: /home/wyd/arm_ws/install/ur5_interface/share/ur5_interface/cmake/ur5_interfaceConfig.cmake
[0.142s] -- Installing: /home/wyd/arm_ws/install/ur5_interface/share/ur5_interface/cmake/ur5_interfaceConfig-version.cmake
[0.142s] -- Installing: /home/wyd/arm_ws/install/ur5_interface/share/ur5_interface/package.xml
[0.144s] Invoked command in '/home/wyd/arm_ws/build/ur5_interface' returned '0': CMAKE_PREFIX_PATH=/home/wyd/OCS2_ROS2/install/ocs2_ros2:/home/wyd/OCS2_ROS2/install/ocs2_robotic_examples:/home/wyd/OCS2_ROS2/install/ocs2_anymal:/home/wyd/OCS2_ROS2/install/ocs2_anymal_loopshaping_mpc:/home/wyd/OCS2_ROS2/install/ocs2_quadruped_loopshaping_interface:/home/wyd/OCS2_ROS2/install/ocs2_anymal_mpc:/home/wyd/OCS2_ROS2/install/ocs2_quadruped_interface:/home/wyd/OCS2_ROS2/install/segmented_planes_terrain_model:/home/wyd/OCS2_ROS2/install/ocs2_sphere_approximation:/home/wyd/OCS2_ROS2/install/ocs2_pinocchio:/home/wyd/OCS2_ROS2/install/ocs2_mobile_manipulator_ros:/home/wyd/OCS2_ROS2/install/ocs2_self_collision_visualization:/home/wyd/OCS2_ROS2/install/ocs2_mobile_manipulator:/home/wyd/OCS2_ROS2/install/ocs2_self_collision:/home/wyd/OCS2_ROS2/install/ocs2_raisim:/home/wyd/OCS2_ROS2/install/ocs2_legged_robot_raisim:/home/wyd/OCS2_ROS2/install/ocs2_legged_robot_ros:/home/wyd/OCS2_ROS2/install/ocs2_legged_robot:/home/wyd/OCS2_ROS2/install/ocs2_centroidal_model:/home/wyd/OCS2_ROS2/install/ocs2_anymal_models:/home/wyd/OCS2_ROS2/install/ocs2_pinocchio_interface:/home/wyd/OCS2_ROS2/install/pinocchio:/home/wyd/OCS2_ROS2/install/ocs2_anymal_commands:/home/wyd/OCS2_ROS2/install/ocs2_switched_model_interface:/home/wyd/OCS2_ROS2/install/ocs2_ballbot_ros:/home/wyd/OCS2_ROS2/install/ocs2_ballbot:/home/wyd/OCS2_ROS2/install/ocs2_sqp:/home/wyd/OCS2_ROS2/install/ocs2_slp:/home/wyd/OCS2_ROS2/install/ocs2_quadrotor_ros:/home/wyd/OCS2_ROS2/install/ocs2_double_integrator_ros:/home/wyd/OCS2_ROS2/install/ocs2_cartpole_ros:/home/wyd/OCS2_ROS2/install/ocs2_ros_interfaces:/home/wyd/OCS2_ROS2/install/ocs2_quadrotor:/home/wyd/OCS2_ROS2/install/ocs2_double_integrator:/home/wyd/OCS2_ROS2/install/ocs2_python_interface:/home/wyd/OCS2_ROS2/install/ocs2_perceptive:/home/wyd/OCS2_ROS2/install/ocs2_cartpole:/home/wyd/OCS2_ROS2/install/ocs2_robotic_tools:/home/wyd/OCS2_ROS2/install/ocs2_raisim_ros:/home/wyd/OCS2_ROS2/install/ocs2_raisim_core:/home/wyd/OCS2_ROS2/install/ocs2_ocs2:/home/wyd/OCS2_ROS2/install/ocs2_ipm:/home/wyd/OCS2_ROS2/install/ocs2_ddp:/home/wyd/OCS2_ROS2/install/hpipm_catkin:/home/wyd/OCS2_ROS2/install/ocs2_qp_solver:/home/wyd/OCS2_ROS2/install/ocs2_mpc:/home/wyd/OCS2_ROS2/install/ocs2_oc:/home/wyd/OCS2_ROS2/install/ocs2_frank_wolfe:/home/wyd/OCS2_ROS2/install/ocs2_core:/home/wyd/OCS2_ROS2/install/ocs2_thirdparty:/home/wyd/OCS2_ROS2/install/ocs2_switched_model_msgs:/home/wyd/OCS2_ROS2/install/ocs2_robotic_assets:/home/wyd/OCS2_ROS2/install/ocs2_msgs:/home/wyd/OCS2_ROS2/install/hpp-fcl:/home/wyd/OCS2_ROS2/install/convex_plane_decomposition_ros:/home/wyd/OCS2_ROS2/install/convex_plane_decomposition:/opt/ros/humble:/home/wyd/OCS2_ROS2/install/grid_map_filters_rsl:/home/wyd/OCS2_ROS2/install/convex_plane_decomposition_msgs:/home/wyd/OCS2_ROS2/install/cgal5_catkin:/home/wyd/OCS2_ROS2/install/blasfeo_catkin:/home/wyd/raisim/install/raisim /usr/bin/cmake --install /home/wyd/arm_ws/build/ur5_interface
