-- Install configuration: ""
-- Up-to-date: /home/wyd/arm_ws/install/moying_arm_description/share/moying_arm_description/config
-- Up-to-date: /home/wyd/arm_ws/install/moying_arm_description/share/moying_arm_description/config/display.rviz
-- Up-to-date: /home/wyd/arm_ws/install/moying_arm_description/share/moying_arm_description/config/arm_controllers.yaml
-- Up-to-date: /home/wyd/arm_ws/install/moying_arm_description/share/moying_arm_description/launch
-- Up-to-date: /home/wyd/arm_ws/install/moying_arm_description/share/moying_arm_description/launch/display.launch.py
-- Up-to-date: /home/wyd/arm_ws/install/moying_arm_description/share/moying_arm_description/launch/gazebo.launch.py
-- Up-to-date: /home/wyd/arm_ws/install/moying_arm_description/share/moying_arm_description/meshes
-- Up-to-date: /home/wyd/arm_ws/install/moying_arm_description/share/moying_arm_description/meshes/Body.STL
-- Up-to-date: /home/wyd/arm_ws/install/moying_arm_description/share/moying_arm_description/meshes/CD6003_TopCover.STL
-- Up-to-date: /home/wyd/arm_ws/install/moying_arm_description/share/moying_arm_description/meshes/humoyoid
-- Up-to-date: /home/wyd/arm_ws/install/moying_arm_description/share/moying_arm_description/meshes/humoyoid/YF14_Head_base.stl
-- Up-to-date: /home/wyd/arm_ws/install/moying_arm_description/share/moying_arm_description/meshes/humoyoid/YF14_Head.stl
-- Up-to-date: /home/wyd/arm_ws/install/moying_arm_description/share/moying_arm_description/meshes/humoyoid/Base_pillar.stl
-- Up-to-date: /home/wyd/arm_ws/install/moying_arm_description/share/moying_arm_description/meshes/humoyoid/Head.stl
-- Up-to-date: /home/wyd/arm_ws/install/moying_arm_description/share/moying_arm_description/meshes/humoyoid/Body.stl
-- Up-to-date: /home/wyd/arm_ws/install/moying_arm_description/share/moying_arm_description/meshes/Gripper_base.STL
-- Up-to-date: /home/wyd/arm_ws/install/moying_arm_description/share/moying_arm_description/meshes/accessories
-- Up-to-date: /home/wyd/arm_ws/install/moying_arm_description/share/moying_arm_description/meshes/accessories/d435.stl
-- Up-to-date: /home/wyd/arm_ws/install/moying_arm_description/share/moying_arm_description/meshes/Body_base.STL
-- Up-to-date: /home/wyd/arm_ws/install/moying_arm_description/share/moying_arm_description/urdf
-- Up-to-date: /home/wyd/arm_ws/install/moying_arm_description/share/moying_arm_description/urdf/moying_arm.urdf
-- Up-to-date: /home/wyd/arm_ws/install/moying_arm_description/share/moying_arm_description/urdf/d435.urdf.xacro
-- Up-to-date: /home/wyd/arm_ws/install/moying_arm_description/share/moying_arm_description/urdf/moying_arm_transmissions.xacro
-- Up-to-date: /home/wyd/arm_ws/install/moying_arm_description/share/moying_arm_description/urdf/materials.xacro
-- Up-to-date: /home/wyd/arm_ws/install/moying_arm_description/share/moying_arm_description/urdf/moying_arm.urdf.xacro
-- Up-to-date: /home/wyd/arm_ws/install/moying_arm_description/share/moying_arm_description/ros2_control
-- Up-to-date: /home/wyd/arm_ws/install/moying_arm_description/share/moying_arm_description/ros2_control/arm_ros2_control.xacro
-- Up-to-date: /home/wyd/arm_ws/install/moying_arm_description/share/moying_arm_description/ros2_control/moying_arm.ros2_control.xacro
-- Up-to-date: /home/wyd/arm_ws/install/moying_arm_description/share/moying_arm_description/ros2_control/moying_arm.ros2_control copy.xacro
-- Up-to-date: /home/wyd/arm_ws/install/moying_arm_description/share/moying_arm_description/gazebo
-- Up-to-date: /home/wyd/arm_ws/install/moying_arm_description/share/moying_arm_description/gazebo/moying_arm.gazebo.xacro
-- Up-to-date: /home/wyd/arm_ws/install/moying_arm_description/share/moying_arm_description/worlds
-- Up-to-date: /home/wyd/arm_ws/install/moying_arm_description/share/moying_arm_description/worlds/empty.world
-- Up-to-date: /home/wyd/arm_ws/install/moying_arm_description/share/ament_index/resource_index/package_run_dependencies/moying_arm_description
-- Up-to-date: /home/wyd/arm_ws/install/moying_arm_description/share/ament_index/resource_index/parent_prefix_path/moying_arm_description
-- Up-to-date: /home/wyd/arm_ws/install/moying_arm_description/share/moying_arm_description/environment/ament_prefix_path.sh
-- Up-to-date: /home/wyd/arm_ws/install/moying_arm_description/share/moying_arm_description/environment/ament_prefix_path.dsv
-- Up-to-date: /home/wyd/arm_ws/install/moying_arm_description/share/moying_arm_description/environment/path.sh
-- Up-to-date: /home/wyd/arm_ws/install/moying_arm_description/share/moying_arm_description/environment/path.dsv
-- Up-to-date: /home/wyd/arm_ws/install/moying_arm_description/share/moying_arm_description/local_setup.bash
-- Up-to-date: /home/wyd/arm_ws/install/moying_arm_description/share/moying_arm_description/local_setup.sh
-- Up-to-date: /home/wyd/arm_ws/install/moying_arm_description/share/moying_arm_description/local_setup.zsh
-- Up-to-date: /home/wyd/arm_ws/install/moying_arm_description/share/moying_arm_description/local_setup.dsv
-- Installing: /home/wyd/arm_ws/install/moying_arm_description/share/moying_arm_description/package.dsv
-- Up-to-date: /home/wyd/arm_ws/install/moying_arm_description/share/ament_index/resource_index/packages/moying_arm_description
-- Up-to-date: /home/wyd/arm_ws/install/moying_arm_description/share/moying_arm_description/cmake/moying_arm_descriptionConfig.cmake
-- Up-to-date: /home/wyd/arm_ws/install/moying_arm_description/share/moying_arm_description/cmake/moying_arm_descriptionConfig-version.cmake
-- Up-to-date: /home/wyd/arm_ws/install/moying_arm_description/share/moying_arm_description/package.xml
