-- Found ament_cmake: 1.3.11 (/opt/ros/humble/share/ament_cmake/cmake)
-- Found hardware_interface: 2.50.0 (/opt/ros/humble/share/hardware_interface/cmake)
-- Found rosidl_generator_c: 3.1.6 (/opt/ros/humble/share/rosidl_generator_c/cmake)
-- Found rosidl_adapter: 3.1.6 (/opt/ros/humble/share/rosidl_adapter/cmake)
-- Found rosidl_generator_cpp: 3.1.6 (/opt/ros/humble/share/rosidl_generator_cpp/cmake)
-- Using all available rosidl_typesupport_c: rosidl_typesupport_fastrtps_c;rosidl_typesupport_introspection_c
-- Using all available rosidl_typesupport_cpp: rosidl_typesupport_fastrtps_cpp;rosidl_typesupport_introspection_cpp
-- Found rmw_implementation_cmake: 6.1.2 (/opt/ros/humble/share/rmw_implementation_cmake/cmake)
-- Found rmw_fastrtps_cpp: 6.2.7 (/opt/ros/humble/share/rmw_fastrtps_cpp/cmake)
-- Found TinyXML2 via Config file: TinyXML2_DIR-NOTFOUND
-- Found TinyXML2 via Config file: TinyXML2_DIR-NOTFOUND
-- Found TinyXML2 via Config file: TinyXML2_DIR-NOTFOUND
-- Found TinyXML2 via Config file: TinyXML2_DIR-NOTFOUND
-- Using RMW implementation 'rmw_fastrtps_cpp' as default
-- Configuring done
-- Generating done
-- Build files have been written to: /home/wyd/arm_ws/build/moying_arm_hardware
[ 33%] [32mBuilding CXX object CMakeFiles/moying_arm_hardware.dir/src/arm_hardware_interface.cpp.o[0m
[ 66%] [32mBuilding CXX object CMakeFiles/moying_arm_hardware.dir/src/arm_ethercat_driver.cpp.o[0m
In file included from [01m[K/home/wyd/arm_ws/src/moying_arm/moying_arm/moying_arm_hardware/src/arm_ethercat_driver.cpp:1[m[K:
[01m[K/home/wyd/arm_ws/src/moying_arm/moying_arm/moying_arm_hardware/include/moying_arm_hardware/arm_ethercat_driver.hpp:13:10:[m[K [01;31m[Kfatal error: [m[Kelfin_ethercat_driver_plant/elfin_ethercat_manager.h: æ²¡æœ‰é‚£ä¸ªæ–‡ä»¶æˆ–ç›®å½•
   13 | #include [01;31m[K"elfin_ethercat_driver_plant/elfin_ethercat_manager.h"[m[K
      |          [01;31m[K^~~~~~~~~~~~~~~~~~~~~~~~~~~~~~~~~~~~~~~~~~~~~~~~~~~~~~[m[K
compilation terminated.
gmake[2]: *** [CMakeFiles/moying_arm_hardware.dir/build.make:90ï¼šCMakeFiles/moying_arm_hardware.dir/src/arm_ethercat_driver.cpp.o] é”™è¯¯ 1
gmake[2]: *** æ­£åœ¨ç­‰å¾…æœªå®Œæˆçš„ä»»åŠ¡....
In file included from [01m[K/home/wyd/arm_ws/src/moying_arm/moying_arm/moying_arm_hardware/include/moying_arm_hardware/arm_hardware_interface.hpp:30[m[K,
                 from [01m[K/home/wyd/arm_ws/src/moying_arm/moying_arm/moying_arm_hardware/src/arm_hardware_interface.cpp:20[m[K:
[01m[K/home/wyd/arm_ws/src/moying_arm/moying_arm/moying_arm_hardware/include/moying_arm_hardware/arm_ethercat_driver.hpp:13:10:[m[K [01;31m[Kfatal error: [m[Kelfin_ethercat_driver_plant/elfin_ethercat_manager.h: æ²¡æœ‰é‚£ä¸ªæ–‡ä»¶æˆ–ç›®å½•
   13 | #include [01;31m[K"elfin_ethercat_driver_plant/elfin_ethercat_manager.h"[m[K
      |          [01;31m[K^~~~~~~~~~~~~~~~~~~~~~~~~~~~~~~~~~~~~~~~~~~~~~~~~~~~~~[m[K
compilation terminated.
gmake[2]: *** [CMakeFiles/moying_arm_hardware.dir/build.make:76ï¼šCMakeFiles/moying_arm_hardware.dir/src/arm_hardware_interface.cpp.o] é”™è¯¯ 1
gmake[1]: *** [CMakeFiles/Makefile2:137ï¼šCMakeFiles/moying_arm_hardware.dir/all] é”™è¯¯ 2
gmake: *** [Makefile:146ï¼šall] é”™è¯¯ 2
