-- Install configuration: ""
-- Installing: /home/wyd/arm_ws/install/ur5_gripper_description/share/ur5_gripper_description/config
-- Installing: /home/wyd/arm_ws/install/ur5_gripper_description/share/ur5_gripper_description/config/ur5e
-- Installing: /home/wyd/arm_ws/install/ur5_gripper_description/share/ur5_gripper_description/config/ur5e/joint_limits.yaml
-- Installing: /home/wyd/arm_ws/install/ur5_gripper_description/share/ur5_gripper_description/config/ur5e/physical_parameters.yaml
-- Installing: /home/wyd/arm_ws/install/ur5_gripper_description/share/ur5_gripper_description/config/ur5e/default_kinematics.yaml
-- Installing: /home/wyd/arm_ws/install/ur5_gripper_description/share/ur5_gripper_description/config/ur5e/visual_parameters.yaml
-- Installing: /home/wyd/arm_ws/install/ur5_gripper_description/share/ur5_gripper_description/config/ur10
-- Installing: /home/wyd/arm_ws/install/ur5_gripper_description/share/ur5_gripper_description/config/ur10/joint_limits.yaml
-- Installing: /home/wyd/arm_ws/install/ur5_gripper_description/share/ur5_gripper_description/config/ur10/physical_parameters.yaml
-- Installing: /home/wyd/arm_ws/install/ur5_gripper_description/share/ur5_gripper_description/config/ur10/default_kinematics.yaml
-- Installing: /home/wyd/arm_ws/install/ur5_gripper_description/share/ur5_gripper_description/config/ur10/visual_parameters.yaml
-- Installing: /home/wyd/arm_ws/install/ur5_gripper_description/share/ur5_gripper_description/config/ur3e
-- Installing: /home/wyd/arm_ws/install/ur5_gripper_description/share/ur5_gripper_description/config/ur3e/joint_limits.yaml
-- Installing: /home/wyd/arm_ws/install/ur5_gripper_description/share/ur5_gripper_description/config/ur3e/physical_parameters.yaml
-- Installing: /home/wyd/arm_ws/install/ur5_gripper_description/share/ur5_gripper_description/config/ur3e/default_kinematics.yaml
-- Installing: /home/wyd/arm_ws/install/ur5_gripper_description/share/ur5_gripper_description/config/ur3e/visual_parameters.yaml
-- Installing: /home/wyd/arm_ws/install/ur5_gripper_description/share/ur5_gripper_description/config/ur16e
-- Installing: /home/wyd/arm_ws/install/ur5_gripper_description/share/ur5_gripper_description/config/ur16e/joint_limits.yaml
-- Installing: /home/wyd/arm_ws/install/ur5_gripper_description/share/ur5_gripper_description/config/ur16e/physical_parameters.yaml
-- Installing: /home/wyd/arm_ws/install/ur5_gripper_description/share/ur5_gripper_description/config/ur16e/default_kinematics.yaml
-- Installing: /home/wyd/arm_ws/install/ur5_gripper_description/share/ur5_gripper_description/config/ur16e/visual_parameters.yaml
-- Installing: /home/wyd/arm_ws/install/ur5_gripper_description/share/ur5_gripper_description/config/ur5
-- Installing: /home/wyd/arm_ws/install/ur5_gripper_description/share/ur5_gripper_description/config/ur5/joint_limits.yaml
-- Installing: /home/wyd/arm_ws/install/ur5_gripper_description/share/ur5_gripper_description/config/ur5/physical_parameters.yaml
-- Installing: /home/wyd/arm_ws/install/ur5_gripper_description/share/ur5_gripper_description/config/ur5/default_kinematics.yaml
-- Installing: /home/wyd/arm_ws/install/ur5_gripper_description/share/ur5_gripper_description/config/ur5/visual_parameters.yaml
-- Installing: /home/wyd/arm_ws/install/ur5_gripper_description/share/ur5_gripper_description/config/ur3
-- Installing: /home/wyd/arm_ws/install/ur5_gripper_description/share/ur5_gripper_description/config/ur3/joint_limits.yaml
-- Installing: /home/wyd/arm_ws/install/ur5_gripper_description/share/ur5_gripper_description/config/ur3/physical_parameters.yaml
-- Installing: /home/wyd/arm_ws/install/ur5_gripper_description/share/ur5_gripper_description/config/ur3/default_kinematics.yaml
-- Installing: /home/wyd/arm_ws/install/ur5_gripper_description/share/ur5_gripper_description/config/ur3/visual_parameters.yaml
-- Installing: /home/wyd/arm_ws/install/ur5_gripper_description/share/ur5_gripper_description/config/initial_positions.yaml
-- Installing: /home/wyd/arm_ws/install/ur5_gripper_description/share/ur5_gripper_description/config/ur10e
-- Installing: /home/wyd/arm_ws/install/ur5_gripper_description/share/ur5_gripper_description/config/ur10e/joint_limits.yaml
-- Installing: /home/wyd/arm_ws/install/ur5_gripper_description/share/ur5_gripper_description/config/ur10e/physical_parameters.yaml
-- Installing: /home/wyd/arm_ws/install/ur5_gripper_description/share/ur5_gripper_description/config/ur10e/default_kinematics.yaml
-- Installing: /home/wyd/arm_ws/install/ur5_gripper_description/share/ur5_gripper_description/config/ur10e/visual_parameters.yaml
-- Installing: /home/wyd/arm_ws/install/ur5_gripper_description/share/ur5_gripper_description/launch
-- Installing: /home/wyd/arm_ws/install/ur5_gripper_description/share/ur5_gripper_description/launch/view_ur.launch.py
-- Installing: /home/wyd/arm_ws/install/ur5_gripper_description/share/ur5_gripper_description/meshes
-- Installing: /home/wyd/arm_ws/install/ur5_gripper_description/share/ur5_gripper_description/meshes/base.dae
-- Installing: /home/wyd/arm_ws/install/ur5_gripper_description/share/ur5_gripper_description/meshes/ur5e
-- Installing: /home/wyd/arm_ws/install/ur5_gripper_description/share/ur5_gripper_description/meshes/ur5e/collision
-- Installing: /home/wyd/arm_ws/install/ur5_gripper_description/share/ur5_gripper_description/meshes/ur5e/collision/forearm.stl
-- Installing: /home/wyd/arm_ws/install/ur5_gripper_description/share/ur5_gripper_description/meshes/ur5e/collision/upperarm.stl
-- Installing: /home/wyd/arm_ws/install/ur5_gripper_description/share/ur5_gripper_description/meshes/ur5e/collision/wrist2.stl
-- Installing: /home/wyd/arm_ws/install/ur5_gripper_description/share/ur5_gripper_description/meshes/ur5e/collision/wrist3.stl
-- Installing: /home/wyd/arm_ws/install/ur5_gripper_description/share/ur5_gripper_description/meshes/ur5e/collision/shoulder.stl
-- Installing: /home/wyd/arm_ws/install/ur5_gripper_description/share/ur5_gripper_description/meshes/ur5e/collision/base.stl
-- Installing: /home/wyd/arm_ws/install/ur5_gripper_description/share/ur5_gripper_description/meshes/ur5e/collision/wrist1.stl
-- Installing: /home/wyd/arm_ws/install/ur5_gripper_description/share/ur5_gripper_description/meshes/ur5e/visual
-- Installing: /home/wyd/arm_ws/install/ur5_gripper_description/share/ur5_gripper_description/meshes/ur5e/visual/base.dae
-- Installing: /home/wyd/arm_ws/install/ur5_gripper_description/share/ur5_gripper_description/meshes/ur5e/visual/wrist1.dae
-- Installing: /home/wyd/arm_ws/install/ur5_gripper_description/share/ur5_gripper_description/meshes/ur5e/visual/wrist2.dae
-- Installing: /home/wyd/arm_ws/install/ur5_gripper_description/share/ur5_gripper_description/meshes/ur5e/visual/forearm.dae
-- Installing: /home/wyd/arm_ws/install/ur5_gripper_description/share/ur5_gripper_description/meshes/ur5e/visual/wrist3.dae
-- Installing: /home/wyd/arm_ws/install/ur5_gripper_description/share/ur5_gripper_description/meshes/ur5e/visual/shoulder.dae
-- Installing: /home/wyd/arm_ws/install/ur5_gripper_description/share/ur5_gripper_description/meshes/ur5e/visual/upperarm.dae
-- Installing: /home/wyd/arm_ws/install/ur5_gripper_description/share/ur5_gripper_description/meshes/l_ring_prox.STL
-- Installing: /home/wyd/arm_ws/install/ur5_gripper_description/share/ur5_gripper_description/meshes/r_ring_dist.STL
-- Installing: /home/wyd/arm_ws/install/ur5_gripper_description/share/ur5_gripper_description/meshes/l_index_dist.STL
-- Installing: /home/wyd/arm_ws/install/ur5_gripper_description/share/ur5_gripper_description/meshes/r_palm.STL
-- Installing: /home/wyd/arm_ws/install/ur5_gripper_description/share/ur5_gripper_description/meshes/ur10
-- Installing: /home/wyd/arm_ws/install/ur5_gripper_description/share/ur5_gripper_description/meshes/ur10/collision
-- Installing: /home/wyd/arm_ws/install/ur5_gripper_description/share/ur5_gripper_description/meshes/ur10/collision/forearm.stl
-- Installing: /home/wyd/arm_ws/install/ur5_gripper_description/share/ur5_gripper_description/meshes/ur10/collision/upperarm.stl
-- Installing: /home/wyd/arm_ws/install/ur5_gripper_description/share/ur5_gripper_description/meshes/ur10/collision/wrist2.stl
-- Installing: /home/wyd/arm_ws/install/ur5_gripper_description/share/ur5_gripper_description/meshes/ur10/collision/wrist3.stl
-- Installing: /home/wyd/arm_ws/install/ur5_gripper_description/share/ur5_gripper_description/meshes/ur10/collision/shoulder.stl
-- Installing: /home/wyd/arm_ws/install/ur5_gripper_description/share/ur5_gripper_description/meshes/ur10/collision/base.stl
-- Installing: /home/wyd/arm_ws/install/ur5_gripper_description/share/ur5_gripper_description/meshes/ur10/collision/wrist1.stl
-- Installing: /home/wyd/arm_ws/install/ur5_gripper_description/share/ur5_gripper_description/meshes/ur10/visual
-- Installing: /home/wyd/arm_ws/install/ur5_gripper_description/share/ur5_gripper_description/meshes/ur10/visual/base.dae
-- Installing: /home/wyd/arm_ws/install/ur5_gripper_description/share/ur5_gripper_description/meshes/ur10/visual/wrist1.dae
-- Installing: /home/wyd/arm_ws/install/ur5_gripper_description/share/ur5_gripper_description/meshes/ur10/visual/wrist2.dae
-- Installing: /home/wyd/arm_ws/install/ur5_gripper_description/share/ur5_gripper_description/meshes/ur10/visual/forearm.dae
-- Installing: /home/wyd/arm_ws/install/ur5_gripper_description/share/ur5_gripper_description/meshes/ur10/visual/wrist3.dae
-- Installing: /home/wyd/arm_ws/install/ur5_gripper_description/share/ur5_gripper_description/meshes/ur10/visual/shoulder.dae
-- Installing: /home/wyd/arm_ws/install/ur5_gripper_description/share/ur5_gripper_description/meshes/ur10/visual/upperarm.dae
-- Installing: /home/wyd/arm_ws/install/ur5_gripper_description/share/ur5_gripper_description/meshes/r_middle_prox.STL
-- Installing: /home/wyd/arm_ws/install/ur5_gripper_description/share/ur5_gripper_description/meshes/wrist1.dae
-- Installing: /home/wyd/arm_ws/install/ur5_gripper_description/share/ur5_gripper_description/meshes/r_index_dist.STL
-- Installing: /home/wyd/arm_ws/install/ur5_gripper_description/share/ur5_gripper_description/meshes/l_little_dist.STL
-- Installing: /home/wyd/arm_ws/install/ur5_gripper_description/share/ur5_gripper_description/meshes/ur3e
-- Installing: /home/wyd/arm_ws/install/ur5_gripper_description/share/ur5_gripper_description/meshes/ur3e/collision
-- Installing: /home/wyd/arm_ws/install/ur5_gripper_description/share/ur5_gripper_description/meshes/ur3e/collision/forearm.stl
-- Installing: /home/wyd/arm_ws/install/ur5_gripper_description/share/ur5_gripper_description/meshes/ur3e/collision/upperarm.stl
-- Installing: /home/wyd/arm_ws/install/ur5_gripper_description/share/ur5_gripper_description/meshes/ur3e/collision/wrist2.stl
-- Installing: /home/wyd/arm_ws/install/ur5_gripper_description/share/ur5_gripper_description/meshes/ur3e/collision/wrist3.stl
-- Installing: /home/wyd/arm_ws/install/ur5_gripper_description/share/ur5_gripper_description/meshes/ur3e/collision/shoulder.stl
-- Installing: /home/wyd/arm_ws/install/ur5_gripper_description/share/ur5_gripper_description/meshes/ur3e/collision/base.stl
-- Installing: /home/wyd/arm_ws/install/ur5_gripper_description/share/ur5_gripper_description/meshes/ur3e/collision/wrist1.stl
-- Installing: /home/wyd/arm_ws/install/ur5_gripper_description/share/ur5_gripper_description/meshes/ur3e/visual
-- Installing: /home/wyd/arm_ws/install/ur5_gripper_description/share/ur5_gripper_description/meshes/ur3e/visual/base.dae
-- Installing: /home/wyd/arm_ws/install/ur5_gripper_description/share/ur5_gripper_description/meshes/ur3e/visual/wrist1.dae
-- Installing: /home/wyd/arm_ws/install/ur5_gripper_description/share/ur5_gripper_description/meshes/ur3e/visual/wrist2.dae
-- Installing: /home/wyd/arm_ws/install/ur5_gripper_description/share/ur5_gripper_description/meshes/ur3e/visual/forearm.dae
-- Installing: /home/wyd/arm_ws/install/ur5_gripper_description/share/ur5_gripper_description/meshes/ur3e/visual/wrist3.dae
-- Installing: /home/wyd/arm_ws/install/ur5_gripper_description/share/ur5_gripper_description/meshes/ur3e/visual/shoulder.dae
-- Installing: /home/wyd/arm_ws/install/ur5_gripper_description/share/ur5_gripper_description/meshes/ur3e/visual/upperarm.dae
-- Installing: /home/wyd/arm_ws/install/ur5_gripper_description/share/ur5_gripper_description/meshes/wrist2.dae
-- Installing: /home/wyd/arm_ws/install/ur5_gripper_description/share/ur5_gripper_description/meshes/l_thumb_dist.STL
-- Installing: /home/wyd/arm_ws/install/ur5_gripper_description/share/ur5_gripper_description/meshes/r_l_tendon.STL
-- Installing: /home/wyd/arm_ws/install/ur5_gripper_description/share/ur5_gripper_description/meshes/l_little_prox.STL
-- Installing: /home/wyd/arm_ws/install/ur5_gripper_description/share/ur5_gripper_description/meshes/r_thumb_dist.STL
-- Installing: /home/wyd/arm_ws/install/ur5_gripper_description/share/ur5_gripper_description/meshes/r_little_dist.STL
-- Installing: /home/wyd/arm_ws/install/ur5_gripper_description/share/ur5_gripper_description/meshes/l_ring_dist.STL
-- Installing: /home/wyd/arm_ws/install/ur5_gripper_description/share/ur5_gripper_description/meshes/l_Index_prox.STL
-- Installing: /home/wyd/arm_ws/install/ur5_gripper_description/share/ur5_gripper_description/meshes/l_middle_prox.STL
-- Installing: /home/wyd/arm_ws/install/ur5_gripper_description/share/ur5_gripper_description/meshes/r_little_prox.STL
-- Installing: /home/wyd/arm_ws/install/ur5_gripper_description/share/ur5_gripper_description/meshes/r_middle_dist.STL
-- Installing: /home/wyd/arm_ws/install/ur5_gripper_description/share/ur5_gripper_description/meshes/r_ring_prox.STL
-- Installing: /home/wyd/arm_ws/install/ur5_gripper_description/share/ur5_gripper_description/meshes/forearm.dae
-- Installing: /home/wyd/arm_ws/install/ur5_gripper_description/share/ur5_gripper_description/meshes/ur16e
-- Installing: /home/wyd/arm_ws/install/ur5_gripper_description/share/ur5_gripper_description/meshes/ur16e/collision
-- Installing: /home/wyd/arm_ws/install/ur5_gripper_description/share/ur5_gripper_description/meshes/ur16e/collision/forearm.stl
-- Installing: /home/wyd/arm_ws/install/ur5_gripper_description/share/ur5_gripper_description/meshes/ur16e/collision/upperarm.stl
-- Installing: /home/wyd/arm_ws/install/ur5_gripper_description/share/ur5_gripper_description/meshes/ur16e/visual
-- Installing: /home/wyd/arm_ws/install/ur5_gripper_description/share/ur5_gripper_description/meshes/ur16e/visual/forearm.dae
-- Installing: /home/wyd/arm_ws/install/ur5_gripper_description/share/ur5_gripper_description/meshes/ur16e/visual/upperarm.dae
-- Installing: /home/wyd/arm_ws/install/ur5_gripper_description/share/ur5_gripper_description/meshes/l_middle_dist.STL
-- Installing: /home/wyd/arm_ws/install/ur5_gripper_description/share/ur5_gripper_description/meshes/l_thumb_prox.STL
-- Installing: /home/wyd/arm_ws/install/ur5_gripper_description/share/ur5_gripper_description/meshes/wrist3.dae
-- Installing: /home/wyd/arm_ws/install/ur5_gripper_description/share/ur5_gripper_description/meshes/ur5
-- Installing: /home/wyd/arm_ws/install/ur5_gripper_description/share/ur5_gripper_description/meshes/ur5/collision
-- Installing: /home/wyd/arm_ws/install/ur5_gripper_description/share/ur5_gripper_description/meshes/ur5/collision/forearm.stl
-- Installing: /home/wyd/arm_ws/install/ur5_gripper_description/share/ur5_gripper_description/meshes/ur5/collision/upperarm.stl
-- Installing: /home/wyd/arm_ws/install/ur5_gripper_description/share/ur5_gripper_description/meshes/ur5/collision/wrist2.stl
-- Installing: /home/wyd/arm_ws/install/ur5_gripper_description/share/ur5_gripper_description/meshes/ur5/collision/wrist3.stl
-- Installing: /home/wyd/arm_ws/install/ur5_gripper_description/share/ur5_gripper_description/meshes/ur5/collision/shoulder.stl
-- Installing: /home/wyd/arm_ws/install/ur5_gripper_description/share/ur5_gripper_description/meshes/ur5/collision/base.stl
-- Installing: /home/wyd/arm_ws/install/ur5_gripper_description/share/ur5_gripper_description/meshes/ur5/collision/wrist1.stl
-- Installing: /home/wyd/arm_ws/install/ur5_gripper_description/share/ur5_gripper_description/meshes/ur5/visual
-- Installing: /home/wyd/arm_ws/install/ur5_gripper_description/share/ur5_gripper_description/meshes/ur5/visual/base.dae
-- Installing: /home/wyd/arm_ws/install/ur5_gripper_description/share/ur5_gripper_description/meshes/ur5/visual/wrist1.dae
-- Installing: /home/wyd/arm_ws/install/ur5_gripper_description/share/ur5_gripper_description/meshes/ur5/visual/wrist2.dae
-- Installing: /home/wyd/arm_ws/install/ur5_gripper_description/share/ur5_gripper_description/meshes/ur5/visual/forearm.dae
-- Installing: /home/wyd/arm_ws/install/ur5_gripper_description/share/ur5_gripper_description/meshes/ur5/visual/wrist3.dae
-- Installing: /home/wyd/arm_ws/install/ur5_gripper_description/share/ur5_gripper_description/meshes/ur5/visual/shoulder.dae
-- Installing: /home/wyd/arm_ws/install/ur5_gripper_description/share/ur5_gripper_description/meshes/ur5/visual/upperarm.dae
-- Installing: /home/wyd/arm_ws/install/ur5_gripper_description/share/ur5_gripper_description/meshes/ur3
-- Installing: /home/wyd/arm_ws/install/ur5_gripper_description/share/ur5_gripper_description/meshes/ur3/collision
-- Installing: /home/wyd/arm_ws/install/ur5_gripper_description/share/ur5_gripper_description/meshes/ur3/collision/forearm.stl
-- Installing: /home/wyd/arm_ws/install/ur5_gripper_description/share/ur5_gripper_description/meshes/ur3/collision/upperarm.stl
-- Installing: /home/wyd/arm_ws/install/ur5_gripper_description/share/ur5_gripper_description/meshes/ur3/collision/wrist2.stl
-- Installing: /home/wyd/arm_ws/install/ur5_gripper_description/share/ur5_gripper_description/meshes/ur3/collision/wrist3.stl
-- Installing: /home/wyd/arm_ws/install/ur5_gripper_description/share/ur5_gripper_description/meshes/ur3/collision/shoulder.stl
-- Installing: /home/wyd/arm_ws/install/ur5_gripper_description/share/ur5_gripper_description/meshes/ur3/collision/base.stl
-- Installing: /home/wyd/arm_ws/install/ur5_gripper_description/share/ur5_gripper_description/meshes/ur3/collision/wrist1.stl
-- Installing: /home/wyd/arm_ws/install/ur5_gripper_description/share/ur5_gripper_description/meshes/ur3/visual
-- Installing: /home/wyd/arm_ws/install/ur5_gripper_description/share/ur5_gripper_description/meshes/ur3/visual/base.dae
-- Installing: /home/wyd/arm_ws/install/ur5_gripper_description/share/ur5_gripper_description/meshes/ur3/visual/wrist1.dae
-- Installing: /home/wyd/arm_ws/install/ur5_gripper_description/share/ur5_gripper_description/meshes/ur3/visual/wrist2.dae
-- Installing: /home/wyd/arm_ws/install/ur5_gripper_description/share/ur5_gripper_description/meshes/ur3/visual/forearm.dae
-- Installing: /home/wyd/arm_ws/install/ur5_gripper_description/share/ur5_gripper_description/meshes/ur3/visual/wrist3.dae
-- Installing: /home/wyd/arm_ws/install/ur5_gripper_description/share/ur5_gripper_description/meshes/ur3/visual/shoulder.dae
-- Installing: /home/wyd/arm_ws/install/ur5_gripper_description/share/ur5_gripper_description/meshes/ur3/visual/upperarm.dae
-- Installing: /home/wyd/arm_ws/install/ur5_gripper_description/share/ur5_gripper_description/meshes/shoulder.dae
-- Installing: /home/wyd/arm_ws/install/ur5_gripper_description/share/ur5_gripper_description/meshes/l_palm.STL
-- Installing: /home/wyd/arm_ws/install/ur5_gripper_description/share/ur5_gripper_description/meshes/r_thumb_prox.STL
-- Installing: /home/wyd/arm_ws/install/ur5_gripper_description/share/ur5_gripper_description/meshes/ur10e
-- Installing: /home/wyd/arm_ws/install/ur5_gripper_description/share/ur5_gripper_description/meshes/ur10e/collision
-- Installing: /home/wyd/arm_ws/install/ur5_gripper_description/share/ur5_gripper_description/meshes/ur10e/collision/forearm.stl
-- Installing: /home/wyd/arm_ws/install/ur5_gripper_description/share/ur5_gripper_description/meshes/ur10e/collision/upperarm.stl
-- Installing: /home/wyd/arm_ws/install/ur5_gripper_description/share/ur5_gripper_description/meshes/ur10e/collision/wrist2.stl
-- Installing: /home/wyd/arm_ws/install/ur5_gripper_description/share/ur5_gripper_description/meshes/ur10e/collision/wrist3.stl
-- Installing: /home/wyd/arm_ws/install/ur5_gripper_description/share/ur5_gripper_description/meshes/ur10e/collision/shoulder.stl
-- Installing: /home/wyd/arm_ws/install/ur5_gripper_description/share/ur5_gripper_description/meshes/ur10e/collision/base.stl
-- Installing: /home/wyd/arm_ws/install/ur5_gripper_description/share/ur5_gripper_description/meshes/ur10e/collision/wrist1.stl
-- Installing: /home/wyd/arm_ws/install/ur5_gripper_description/share/ur5_gripper_description/meshes/ur10e/visual
-- Installing: /home/wyd/arm_ws/install/ur5_gripper_description/share/ur5_gripper_description/meshes/ur10e/visual/base.dae
-- Installing: /home/wyd/arm_ws/install/ur5_gripper_description/share/ur5_gripper_description/meshes/ur10e/visual/wrist1.dae
-- Installing: /home/wyd/arm_ws/install/ur5_gripper_description/share/ur5_gripper_description/meshes/ur10e/visual/wrist2.dae
-- Installing: /home/wyd/arm_ws/install/ur5_gripper_description/share/ur5_gripper_description/meshes/ur10e/visual/forearm.dae
-- Installing: /home/wyd/arm_ws/install/ur5_gripper_description/share/ur5_gripper_description/meshes/ur10e/visual/wrist3.dae
-- Installing: /home/wyd/arm_ws/install/ur5_gripper_description/share/ur5_gripper_description/meshes/ur10e/visual/shoulder.dae
-- Installing: /home/wyd/arm_ws/install/ur5_gripper_description/share/ur5_gripper_description/meshes/ur10e/visual/upperarm.dae
-- Installing: /home/wyd/arm_ws/install/ur5_gripper_description/share/ur5_gripper_description/meshes/robotiq_85_coupler.stl
-- Installing: /home/wyd/arm_ws/install/ur5_gripper_description/share/ur5_gripper_description/meshes/r_index_prox.STL
-- Installing: /home/wyd/arm_ws/install/ur5_gripper_description/share/ur5_gripper_description/meshes/upperarm.dae
-- Installing: /home/wyd/arm_ws/install/ur5_gripper_description/share/ur5_gripper_description/rviz
-- Installing: /home/wyd/arm_ws/install/ur5_gripper_description/share/ur5_gripper_description/rviz/view_robot.rviz
-- Installing: /home/wyd/arm_ws/install/ur5_gripper_description/share/ur5_gripper_description/urdf
-- Installing: /home/wyd/arm_ws/install/ur5_gripper_description/share/ur5_gripper_description/urdf/hand_simply.urdf.xacro
-- Installing: /home/wyd/arm_ws/install/ur5_gripper_description/share/ur5_gripper_description/urdf/hand.urdf.xacro
-- Installing: /home/wyd/arm_ws/install/ur5_gripper_description/share/ur5_gripper_description/urdf/ur5.ros2_control.xacro
-- Installing: /home/wyd/arm_ws/install/ur5_gripper_description/share/ur5_gripper_description/urdf/hand_ros2_control.xacro
-- Installing: /home/wyd/arm_ws/install/ur5_gripper_description/share/ur5_gripper_description/urdf/ur.ros2_control.xacro
-- Installing: /home/wyd/arm_ws/install/ur5_gripper_description/share/ur5_gripper_description/urdf/inc1
-- Installing: /home/wyd/arm_ws/install/ur5_gripper_description/share/ur5_gripper_description/urdf/inc1/ur5_common.xacro
-- Installing: /home/wyd/arm_ws/install/ur5_gripper_description/share/ur5_gripper_description/urdf/inc1/ur5_transmissions.xacro
-- Installing: /home/wyd/arm_ws/install/ur5_gripper_description/share/ur5_gripper_description/urdf/ur5_macro.xacro
-- Installing: /home/wyd/arm_ws/install/ur5_gripper_description/share/ur5_gripper_description/urdf/ur5_simply.urdf.xacro
-- Installing: /home/wyd/arm_ws/install/ur5_gripper_description/share/ur5_gripper_description/urdf/ur5.urdf.xacro
-- Installing: /home/wyd/arm_ws/install/ur5_gripper_description/share/ur5_gripper_description/urdf/output.urdf
-- Installing: /home/wyd/arm_ws/install/ur5_gripper_description/share/ur5_gripper_description/urdf/inc
-- Installing: /home/wyd/arm_ws/install/ur5_gripper_description/share/ur5_gripper_description/urdf/inc/ur_transmissions.xacro
-- Installing: /home/wyd/arm_ws/install/ur5_gripper_description/share/ur5_gripper_description/urdf/inc/ur_common.xacro
-- Installing: /home/wyd/arm_ws/install/ur5_gripper_description/share/ur5_gripper_description/urdf/ur5_robotiq85_gripper.urdf.xacro
-- Installing: /home/wyd/arm_ws/install/ur5_gripper_description/share/ur5_gripper_description/urdf/initial_positions.yaml
-- Installing: /home/wyd/arm_ws/install/ur5_gripper_description/share/ur5_gripper_description/urdf/ur_macro.xacro
-- Installing: /home/wyd/arm_ws/install/ur5_gripper_description/share/ur5_gripper_description/urdf/ur.urdf.xacro
-- Installing: /home/wyd/arm_ws/install/ur5_gripper_description/share/ament_index/resource_index/package_run_dependencies/ur5_gripper_description
-- Installing: /home/wyd/arm_ws/install/ur5_gripper_description/share/ament_index/resource_index/parent_prefix_path/ur5_gripper_description
-- Installing: /home/wyd/arm_ws/install/ur5_gripper_description/share/ur5_gripper_description/environment/ament_prefix_path.sh
-- Installing: /home/wyd/arm_ws/install/ur5_gripper_description/share/ur5_gripper_description/environment/ament_prefix_path.dsv
-- Installing: /home/wyd/arm_ws/install/ur5_gripper_description/share/ur5_gripper_description/environment/path.sh
-- Installing: /home/wyd/arm_ws/install/ur5_gripper_description/share/ur5_gripper_description/environment/path.dsv
-- Installing: /home/wyd/arm_ws/install/ur5_gripper_description/share/ur5_gripper_description/local_setup.bash
-- Installing: /home/wyd/arm_ws/install/ur5_gripper_description/share/ur5_gripper_description/local_setup.sh
-- Installing: /home/wyd/arm_ws/install/ur5_gripper_description/share/ur5_gripper_description/local_setup.zsh
-- Installing: /home/wyd/arm_ws/install/ur5_gripper_description/share/ur5_gripper_description/local_setup.dsv
-- Installing: /home/wyd/arm_ws/install/ur5_gripper_description/share/ur5_gripper_description/package.dsv
-- Installing: /home/wyd/arm_ws/install/ur5_gripper_description/share/ament_index/resource_index/packages/ur5_gripper_description
-- Installing: /home/wyd/arm_ws/install/ur5_gripper_description/share/ur5_gripper_description/cmake/ur5_gripper_descriptionConfig.cmake
-- Installing: /home/wyd/arm_ws/install/ur5_gripper_description/share/ur5_gripper_description/cmake/ur5_gripper_descriptionConfig-version.cmake
-- Installing: /home/wyd/arm_ws/install/ur5_gripper_description/share/ur5_gripper_description/package.xml
