-- Found ament_cmake: 1.3.11 (/opt/ros/humble/share/ament_cmake/cmake)
-- Found ocs2_core: 0.0.0 (/home/wyd/OCS2_ROS2/install/ocs2_core/share/ocs2_core/cmake)
-- Found OpenMP_C: -fopenmp (found version "4.5") 
-- Found OpenMP_CXX: -fopenmp (found version "4.5") 
-- Found OpenMP: TRUE (found version "4.5")  
-- Found tf2_ros: 0.25.12 (/opt/ros/humble/share/tf2_ros/cmake)
-- Found rosidl_generator_c: 3.1.6 (/opt/ros/humble/share/rosidl_generator_c/cmake)
-- Found rosidl_adapter: 3.1.6 (/opt/ros/humble/share/rosidl_adapter/cmake)
-- Found rosidl_generator_cpp: 3.1.6 (/opt/ros/humble/share/rosidl_generator_cpp/cmake)
-- Using all available rosidl_typesupport_c: rosidl_typesupport_fastrtps_c;rosidl_typesupport_introspection_c
-- Using all available rosidl_typesupport_cpp: rosidl_typesupport_fastrtps_cpp;rosidl_typesupport_introspection_cpp
-- Found rmw_implementation_cmake: 6.1.2 (/opt/ros/humble/share/rmw_implementation_cmake/cmake)
-- Found rmw_fastrtps_cpp: 6.2.7 (/opt/ros/humble/share/rmw_fastrtps_cpp/cmake)
-- Found OpenSSL: /usr/lib/x86_64-linux-gnu/libcrypto.so (found version "3.0.2")  
-- Found FastRTPS: /opt/ros/humble/include  
-- Using RMW implementation 'rmw_fastrtps_cpp' as default
-- Found Threads: TRUE  
-- Found ocs2_ddp: 0.0.0 (/home/wyd/OCS2_ROS2/install/ocs2_ddp/share/ocs2_ddp/cmake)
-- Found realtime_tools: 2.13.0 (/opt/ros/humble/share/realtime_tools/cmake)
-- Found ocs2_mobile_manipulator: 0.0.0 (/home/wyd/OCS2_ROS2/install/ocs2_mobile_manipulator/share/ocs2_mobile_manipulator/cmake)
-- hpp-fcl FOUND. hpp-fcl at /home/wyd/OCS2_ROS2/install/hpp-fcl/lib/libhpp-fcl.so
-- Default C++ standard: 201703
-- Minimal C++ standard upgraded to 11
-- C++ standard sufficient: Minimal required 11, currently defined: 17
-- pinocchio FOUND. pinocchio at /home/wyd/OCS2_ROS2/install/pinocchio/lib/libpinocchio.so
-- boost_filesystem FOUND. boost_filesystem at /usr/lib/x86_64-linux-gnu/libboost_filesystem.so
-- boost_serialization FOUND. boost_serialization at /usr/lib/x86_64-linux-gnu/libboost_serialization.so
-- boost_system FOUND. boost_system at /usr/lib/x86_64-linux-gnu/libboost_system.so
-- C++ standard sufficient: Minimal required 11, currently defined: 17
-- Found ocs2_ros_interfaces: 0.0.0 (/home/wyd/OCS2_ROS2/install/ocs2_ros_interfaces/share/ocs2_ros_interfaces/cmake)
-- Found Boost: /usr/include (found version "1.74.0") found components: system filesystem log_setup log date_time thread regex chrono atomic 
-- Found PkgConfig: /usr/bin/pkg-config (found version "0.29.2") 
-- Found angles: 1.15.0 (/opt/ros/humble/share/angles/cmake)
-- Checking for module 'pinocchio'
--   Found pinocchio, version 2.6.21
-- Checking for module 'hpp-fcl'
--   Found hpp-fcl, version 2.4.0
-- Configuring done
-- Generating done
-- Build files have been written to: /home/wyd/arm_ws/build/arm_interface
