-- Install configuration: ""
-- Installing: /home/wyd/arm_ws/install/ur5_robot/share/ament_index/resource_index/package_run_dependencies/ur5_robot
-- Installing: /home/wyd/arm_ws/install/ur5_robot/share/ament_index/resource_index/parent_prefix_path/ur5_robot
-- Installing: /home/wyd/arm_ws/install/ur5_robot/share/ur5_robot/environment/ament_prefix_path.sh
-- Installing: /home/wyd/arm_ws/install/ur5_robot/share/ur5_robot/environment/ament_prefix_path.dsv
-- Installing: /home/wyd/arm_ws/install/ur5_robot/share/ur5_robot/environment/path.sh
-- Installing: /home/wyd/arm_ws/install/ur5_robot/share/ur5_robot/environment/path.dsv
-- Installing: /home/wyd/arm_ws/install/ur5_robot/share/ur5_robot/local_setup.bash
-- Installing: /home/wyd/arm_ws/install/ur5_robot/share/ur5_robot/local_setup.sh
-- Installing: /home/wyd/arm_ws/install/ur5_robot/share/ur5_robot/local_setup.zsh
-- Installing: /home/wyd/arm_ws/install/ur5_robot/share/ur5_robot/local_setup.dsv
-- Installing: /home/wyd/arm_ws/install/ur5_robot/share/ur5_robot/package.dsv
-- Installing: /home/wyd/arm_ws/install/ur5_robot/share/ament_index/resource_index/packages/ur5_robot
-- Installing: /home/wyd/arm_ws/install/ur5_robot/share/ur5_robot/cmake/ur5_robotConfig.cmake
-- Installing: /home/wyd/arm_ws/install/ur5_robot/share/ur5_robot/cmake/ur5_robotConfig-version.cmake
-- Installing: /home/wyd/arm_ws/install/ur5_robot/share/ur5_robot/package.xml
-- Installing: /home/wyd/arm_ws/install/ur5_robot/share/ur5_robot/launch
-- Installing: /home/wyd/arm_ws/install/ur5_robot/share/ur5_robot/launch/static_virtual_joint_tfs.launch.py
-- Installing: /home/wyd/arm_ws/install/ur5_robot/share/ur5_robot/launch/warehouse_db.launch.py
-- Installing: /home/wyd/arm_ws/install/ur5_robot/share/ur5_robot/launch/setup_assistant.launch.py
-- Installing: /home/wyd/arm_ws/install/ur5_robot/share/ur5_robot/launch/demo.launch.py
-- Installing: /home/wyd/arm_ws/install/ur5_robot/share/ur5_robot/launch/move_group.launch.py
-- Installing: /home/wyd/arm_ws/install/ur5_robot/share/ur5_robot/launch/spawn_controllers.launch.py
-- Installing: /home/wyd/arm_ws/install/ur5_robot/share/ur5_robot/launch/rsp.launch.py
-- Installing: /home/wyd/arm_ws/install/ur5_robot/share/ur5_robot/launch/moveit_rviz.launch.py
-- Installing: /home/wyd/arm_ws/install/ur5_robot/share/ur5_robot/config
-- Installing: /home/wyd/arm_ws/install/ur5_robot/share/ur5_robot/config/joint_limits.yaml
-- Installing: /home/wyd/arm_ws/install/ur5_robot/share/ur5_robot/config/pilz_cartesian_limits.yaml
-- Installing: /home/wyd/arm_ws/install/ur5_robot/share/ur5_robot/config/ur.ros2_control.xacro
-- Installing: /home/wyd/arm_ws/install/ur5_robot/share/ur5_robot/config/moveit_controllers.yaml
-- Installing: /home/wyd/arm_ws/install/ur5_robot/share/ur5_robot/config/ros2_controllers.yaml
-- Installing: /home/wyd/arm_ws/install/ur5_robot/share/ur5_robot/config/kinematics.yaml
-- Installing: /home/wyd/arm_ws/install/ur5_robot/share/ur5_robot/config/ur.srdf
-- Installing: /home/wyd/arm_ws/install/ur5_robot/share/ur5_robot/config/moveit.rviz
-- Installing: /home/wyd/arm_ws/install/ur5_robot/share/ur5_robot/config/initial_positions.yaml
-- Installing: /home/wyd/arm_ws/install/ur5_robot/share/ur5_robot/config/sensors_3d.yaml
-- Installing: /home/wyd/arm_ws/install/ur5_robot/share/ur5_robot/config/ur.urdf.xacro
-- Installing: /home/wyd/arm_ws/install/ur5_robot/share/ur5_robot/.setup_assistant
