[0.010s] Invoking command in '/home/wyd/arm_ws/build/ur5_bringup': CMAKE_PREFIX_PATH=/opt/ros/humble /usr/bin/cmake --build /home/wyd/arm_ws/build/ur5_bringup -- -j24 -l24
[0.034s] Invoked command in '/home/wyd/arm_ws/build/ur5_bringup' returned '0': CMAKE_PREFIX_PATH=/opt/ros/humble /usr/bin/cmake --build /home/wyd/arm_ws/build/ur5_bringup -- -j24 -l24
[0.035s] Invoking command in '/home/wyd/arm_ws/build/ur5_bringup': CMAKE_PREFIX_PATH=/opt/ros/humble /usr/bin/cmake --install /home/wyd/arm_ws/build/ur5_bringup
[0.039s] -- Install configuration: ""
[0.039s] -- Installing: /home/wyd/arm_ws/install/ur5_bringup/share/ur5_bringup/config
[0.040s] -- Installing: /home/wyd/arm_ws/install/ur5_bringup/share/ur5_bringup/config/joint_limits.yaml
[0.040s] -- Installing: /home/wyd/arm_ws/install/ur5_bringup/share/ur5_bringup/config/ur5_arm_controller.yaml
[0.040s] -- Installing: /home/wyd/arm_ws/install/ur5_bringup/share/ur5_bringup/config/ur_servo.yaml
[0.040s] -- Installing: /home/wyd/arm_ws/install/ur5_bringup/share/ur5_bringup/config/kinematics.yaml
[0.040s] -- Installing: /home/wyd/arm_ws/install/ur5_bringup/share/ur5_bringup/config/ompl_planning.yaml
[0.040s] -- Installing: /home/wyd/arm_ws/install/ur5_bringup/share/ur5_bringup/config/controllers.yaml
[0.040s] -- Installing: /home/wyd/arm_ws/install/ur5_bringup/share/ur5_bringup/launch
[0.040s] -- Installing: /home/wyd/arm_ws/install/ur5_bringup/share/ur5_bringup/launch/ur5_control.launch.py
[0.040s] -- Installing: /home/wyd/arm_ws/install/ur5_bringup/share/ur5_bringup/launch/__pycache__
[0.040s] -- Installing: /home/wyd/arm_ws/install/ur5_bringup/share/ur5_bringup/launch/__pycache__/ur5_arm_control.launch.cpython-310.pyc
[0.040s] -- Installing: /home/wyd/arm_ws/install/ur5_bringup/share/ament_index/resource_index/package_run_dependencies/ur5_bringup
[0.040s] -- Installing: /home/wyd/arm_ws/install/ur5_bringup/share/ament_index/resource_index/parent_prefix_path/ur5_bringup
[0.040s] -- Installing: /home/wyd/arm_ws/install/ur5_bringup/share/ur5_bringup/environment/ament_prefix_path.sh
[0.040s] -- Installing: /home/wyd/arm_ws/install/ur5_bringup/share/ur5_bringup/environment/ament_prefix_path.dsv
[0.040s] -- Installing: /home/wyd/arm_ws/install/ur5_bringup/share/ur5_bringup/environment/path.sh
[0.040s] -- Installing: /home/wyd/arm_ws/install/ur5_bringup/share/ur5_bringup/environment/path.dsv
[0.041s] -- Installing: /home/wyd/arm_ws/install/ur5_bringup/share/ur5_bringup/local_setup.bash
[0.041s] -- Installing: /home/wyd/arm_ws/install/ur5_bringup/share/ur5_bringup/local_setup.sh
[0.041s] -- Installing: /home/wyd/arm_ws/install/ur5_bringup/share/ur5_bringup/local_setup.zsh
[0.041s] -- Installing: /home/wyd/arm_ws/install/ur5_bringup/share/ur5_bringup/local_setup.dsv
[0.041s] -- Installing: /home/wyd/arm_ws/install/ur5_bringup/share/ur5_bringup/package.dsv
[0.041s] -- Installing: /home/wyd/arm_ws/install/ur5_bringup/share/ament_index/resource_index/packages/ur5_bringup
[0.041s] -- Installing: /home/wyd/arm_ws/install/ur5_bringup/share/ur5_bringup/cmake/ur5_bringupConfig.cmake
[0.041s] -- Installing: /home/wyd/arm_ws/install/ur5_bringup/share/ur5_bringup/cmake/ur5_bringupConfig-version.cmake
[0.041s] -- Installing: /home/wyd/arm_ws/install/ur5_bringup/share/ur5_bringup/package.xml
[0.041s] Invoked command in '/home/wyd/arm_ws/build/ur5_bringup' returned '0': CMAKE_PREFIX_PATH=/opt/ros/humble /usr/bin/cmake --install /home/wyd/arm_ws/build/ur5_bringup
