-- Install configuration: ""
-- Up-to-date: /root/ocs2_ros2/ros_ws/src/ur5_ros2/install/ur5_bringup/share/ur5_bringup/config
-- Up-to-date: /root/ocs2_ros2/ros_ws/src/ur5_ros2/install/ur5_bringup/share/ur5_bringup/config/ur5_arm_controller.yaml
-- Up-to-date: /root/ocs2_ros2/ros_ws/src/ur5_ros2/install/ur5_bringup/share/ur5_bringup/launch
-- Up-to-date: /root/ocs2_ros2/ros_ws/src/ur5_ros2/install/ur5_bringup/share/ur5_bringup/launch/ur5_arm_control.launch.py
-- Up-to-date: /root/ocs2_ros2/ros_ws/src/ur5_ros2/install/ur5_bringup/share/ur5_bringup/launch/__pycache__
-- Up-to-date: /root/ocs2_ros2/ros_ws/src/ur5_ros2/install/ur5_bringup/share/ur5_bringup/launch/__pycache__/ur5_arm_control.launch.cpython-310.pyc
-- Up-to-date: /root/ocs2_ros2/ros_ws/src/ur5_ros2/install/ur5_bringup/share/ament_index/resource_index/package_run_dependencies/ur5_bringup
-- Up-to-date: /root/ocs2_ros2/ros_ws/src/ur5_ros2/install/ur5_bringup/share/ament_index/resource_index/parent_prefix_path/ur5_bringup
-- Up-to-date: /root/ocs2_ros2/ros_ws/src/ur5_ros2/install/ur5_bringup/share/ur5_bringup/environment/ament_prefix_path.sh
-- Up-to-date: /root/ocs2_ros2/ros_ws/src/ur5_ros2/install/ur5_bringup/share/ur5_bringup/environment/ament_prefix_path.dsv
-- Up-to-date: /root/ocs2_ros2/ros_ws/src/ur5_ros2/install/ur5_bringup/share/ur5_bringup/environment/path.sh
-- Up-to-date: /root/ocs2_ros2/ros_ws/src/ur5_ros2/install/ur5_bringup/share/ur5_bringup/environment/path.dsv
-- Up-to-date: /root/ocs2_ros2/ros_ws/src/ur5_ros2/install/ur5_bringup/share/ur5_bringup/local_setup.bash
-- Up-to-date: /root/ocs2_ros2/ros_ws/src/ur5_ros2/install/ur5_bringup/share/ur5_bringup/local_setup.sh
-- Up-to-date: /root/ocs2_ros2/ros_ws/src/ur5_ros2/install/ur5_bringup/share/ur5_bringup/local_setup.zsh
-- Up-to-date: /root/ocs2_ros2/ros_ws/src/ur5_ros2/install/ur5_bringup/share/ur5_bringup/local_setup.dsv
-- Installing: /root/ocs2_ros2/ros_ws/src/ur5_ros2/install/ur5_bringup/share/ur5_bringup/package.dsv
-- Up-to-date: /root/ocs2_ros2/ros_ws/src/ur5_ros2/install/ur5_bringup/share/ament_index/resource_index/packages/ur5_bringup
-- Up-to-date: /root/ocs2_ros2/ros_ws/src/ur5_ros2/install/ur5_bringup/share/ur5_bringup/cmake/ur5_bringupConfig.cmake
-- Up-to-date: /root/ocs2_ros2/ros_ws/src/ur5_ros2/install/ur5_bringup/share/ur5_bringup/cmake/ur5_bringupConfig-version.cmake
-- Up-to-date: /root/ocs2_ros2/ros_ws/src/ur5_ros2/install/ur5_bringup/share/ur5_bringup/package.xml
