[0.043s] Invoking command in '/root/ocs2_ros2/ros_ws/src/ur5_ros2/build/ur5_interface': CMAKE_PREFIX_PATH=/opt/openrobots:/root/ocs2_ros2/ocs2_ws/install/ocs2_ros2:/root/ocs2_ros2/ocs2_ws/install/ocs2_robotic_examples:/root/ocs2_ros2/ocs2_ws/install/ocs2_anymal:/root/ocs2_ros2/ocs2_ws/install/ocs2_anymal_loopshaping_mpc:/root/ocs2_ros2/ocs2_ws/install/ocs2_quadruped_loopshaping_interface:/root/ocs2_ros2/ocs2_ws/install/ocs2_anymal_mpc:/root/ocs2_ros2/ocs2_ws/install/ocs2_quadruped_interface:/root/ocs2_ros2/ocs2_ws/install/segmented_planes_terrain_model:/root/ocs2_ros2/ocs2_ws/install/ocs2_sphere_approximation:/root/ocs2_ros2/ocs2_ws/install/ocs2_pinocchio:/root/ocs2_ros2/ocs2_ws/install/ocs2_mobile_manipulator_ros:/root/ocs2_ros2/ocs2_ws/install/ocs2_self_collision_visualization:/root/ocs2_ros2/ocs2_ws/install/ocs2_mobile_manipulator:/root/ocs2_ros2/ocs2_ws/install/ocs2_self_collision:/root/ocs2_ros2/ocs2_ws/install/ocs2_raisim:/root/ocs2_ros2/ocs2_ws/install/ocs2_legged_robot_raisim:/root/ocs2_ros2/ocs2_ws/install/ocs2_legged_robot_ros:/root/ocs2_ros2/ocs2_ws/install/ocs2_legged_robot:/root/ocs2_ros2/ocs2_ws/install/ocs2_centroidal_model:/root/ocs2_ros2/ocs2_ws/install/ocs2_anymal_models:/root/ocs2_ros2/ocs2_ws/install/ocs2_pinocchio_interface:/root/ocs2_ros2/ocs2_ws/install/pinocchio:/root/ocs2_ros2/ocs2_ws/install/ocs2_anymal_commands:/root/ocs2_ros2/ocs2_ws/install/ocs2_switched_model_interface:/root/ocs2_ros2/ocs2_ws/install/ocs2_ballbot_ros:/root/ocs2_ros2/ocs2_ws/install/ocs2_ballbot:/root/ocs2_ros2/ocs2_ws/install/ocs2_sqp:/root/ocs2_ros2/ocs2_ws/install/ocs2_slp:/root/ocs2_ros2/ocs2_ws/install/ocs2_quadrotor_ros:/root/ocs2_ros2/ocs2_ws/install/ocs2_double_integrator_ros:/root/ocs2_ros2/ocs2_ws/install/ocs2_cartpole_ros:/root/ocs2_ros2/ocs2_ws/install/ocs2_ros_interfaces:/root/ocs2_ros2/ocs2_ws/install/ocs2_quadrotor:/root/ocs2_ros2/ocs2_ws/install/ocs2_double_integrator:/root/ocs2_ros2/ocs2_ws/install/ocs2_python_interface:/root/ocs2_ros2/ocs2_ws/install/ocs2_perceptive:/root/ocs2_ros2/ocs2_ws/install/ocs2_cartpole:/root/ocs2_ros2/ocs2_ws/install/ocs2_robotic_tools:/root/ocs2_ros2/ocs2_ws/install/ocs2_raisim_ros:/root/ocs2_ros2/ocs2_ws/install/ocs2_raisim_core:/root/ocs2_ros2/ocs2_ws/install/ocs2_ocs2:/root/ocs2_ros2/ocs2_ws/install/ocs2_ipm:/root/ocs2_ros2/ocs2_ws/install/ocs2_ddp:/root/ocs2_ros2/ocs2_ws/install/hpipm_catkin:/root/ocs2_ros2/ocs2_ws/install/ocs2_qp_solver:/root/ocs2_ros2/ocs2_ws/install/ocs2_mpc:/root/ocs2_ros2/ocs2_ws/install/ocs2_oc:/root/ocs2_ros2/ocs2_ws/install/ocs2_frank_wolfe:/root/ocs2_ros2/ocs2_ws/install/ocs2_core:/root/ocs2_ros2/ocs2_ws/install/ocs2_thirdparty:/root/ocs2_ros2/ocs2_ws/install/ocs2_switched_model_msgs:/root/ocs2_ros2/ocs2_ws/install/ocs2_robotic_assets:/root/ocs2_ros2/ocs2_ws/install/ocs2_msgs:/root/ocs2_ros2/ocs2_ws/install/hpp-fcl:/root/ocs2_ros2/ocs2_ws/install/convex_plane_decomposition_ros:/root/ocs2_ros2/ocs2_ws/install/convex_plane_decomposition:/opt/ros/humble:/root/ocs2_ros2/ocs2_ws/install/grid_map_filters_rsl:/root/ocs2_ros2/ocs2_ws/install/convex_plane_decomposition_msgs:/root/ocs2_ros2/ocs2_ws/install/cgal5_catkin:/root/ocs2_ros2/ocs2_ws/install/blasfeo_catkin:/opt/openrobots: /usr/bin/cmake --build /root/ocs2_ros2/ros_ws/src/ur5_ros2/build/ur5_interface -- -j36 -l36
[0.363s] [ 11%] [32mBuilding CXX object CMakeFiles/ur5_interface.dir/src/ur5_pinocchio_mapping.cpp.o[0m
[0.370s] [ 22%] [32mBuilding CXX object CMakeFiles/ur5_interface.dir/src/command/joy_target_trajectories.cpp.o[0m
[4.495s] In file included from [01m[K/root/ocs2_ros2/ros_ws/src/ur5_ros2/ur5_interface/include/ur5_interface/command/joy_target_trajectories.h:11[m[K,
[4.495s]                  from [01m[K/root/ocs2_ros2/ros_ws/src/ur5_ros2/ur5_interface/src/command/joy_target_trajectories.cpp:1[m[K:
[4.495s] [01m[K/opt/ros/humble/include/realtime_tools/realtime_tools/realtime_buffer.h:22:100:[m[K [01;36m[Knote: [m[K‘[01m[K#pragma message: This header include is deprecated. Please update your code to use 'realtime_buffer.hpp' header.[m[K’
[4.496s]    22 |   "This header include is deprecated. Please update your code to use 'realtime_buffer.hpp' header."[01;36m[K)[m[K  //NOLINT
[4.496s]       |                                                                                                    [01;36m[K^[m[K
[15.662s] [ 33%] [32m[1mLinking CXX shared library libur5_interface.so[0m
[22.577s] [100%] Built target ur5_interface
[22.611s] Invoked command in '/root/ocs2_ros2/ros_ws/src/ur5_ros2/build/ur5_interface' returned '0': CMAKE_PREFIX_PATH=/opt/openrobots:/root/ocs2_ros2/ocs2_ws/install/ocs2_ros2:/root/ocs2_ros2/ocs2_ws/install/ocs2_robotic_examples:/root/ocs2_ros2/ocs2_ws/install/ocs2_anymal:/root/ocs2_ros2/ocs2_ws/install/ocs2_anymal_loopshaping_mpc:/root/ocs2_ros2/ocs2_ws/install/ocs2_quadruped_loopshaping_interface:/root/ocs2_ros2/ocs2_ws/install/ocs2_anymal_mpc:/root/ocs2_ros2/ocs2_ws/install/ocs2_quadruped_interface:/root/ocs2_ros2/ocs2_ws/install/segmented_planes_terrain_model:/root/ocs2_ros2/ocs2_ws/install/ocs2_sphere_approximation:/root/ocs2_ros2/ocs2_ws/install/ocs2_pinocchio:/root/ocs2_ros2/ocs2_ws/install/ocs2_mobile_manipulator_ros:/root/ocs2_ros2/ocs2_ws/install/ocs2_self_collision_visualization:/root/ocs2_ros2/ocs2_ws/install/ocs2_mobile_manipulator:/root/ocs2_ros2/ocs2_ws/install/ocs2_self_collision:/root/ocs2_ros2/ocs2_ws/install/ocs2_raisim:/root/ocs2_ros2/ocs2_ws/install/ocs2_legged_robot_raisim:/root/ocs2_ros2/ocs2_ws/install/ocs2_legged_robot_ros:/root/ocs2_ros2/ocs2_ws/install/ocs2_legged_robot:/root/ocs2_ros2/ocs2_ws/install/ocs2_centroidal_model:/root/ocs2_ros2/ocs2_ws/install/ocs2_anymal_models:/root/ocs2_ros2/ocs2_ws/install/ocs2_pinocchio_interface:/root/ocs2_ros2/ocs2_ws/install/pinocchio:/root/ocs2_ros2/ocs2_ws/install/ocs2_anymal_commands:/root/ocs2_ros2/ocs2_ws/install/ocs2_switched_model_interface:/root/ocs2_ros2/ocs2_ws/install/ocs2_ballbot_ros:/root/ocs2_ros2/ocs2_ws/install/ocs2_ballbot:/root/ocs2_ros2/ocs2_ws/install/ocs2_sqp:/root/ocs2_ros2/ocs2_ws/install/ocs2_slp:/root/ocs2_ros2/ocs2_ws/install/ocs2_quadrotor_ros:/root/ocs2_ros2/ocs2_ws/install/ocs2_double_integrator_ros:/root/ocs2_ros2/ocs2_ws/install/ocs2_cartpole_ros:/root/ocs2_ros2/ocs2_ws/install/ocs2_ros_interfaces:/root/ocs2_ros2/ocs2_ws/install/ocs2_quadrotor:/root/ocs2_ros2/ocs2_ws/install/ocs2_double_integrator:/root/ocs2_ros2/ocs2_ws/install/ocs2_python_interface:/root/ocs2_ros2/ocs2_ws/install/ocs2_perceptive:/root/ocs2_ros2/ocs2_ws/install/ocs2_cartpole:/root/ocs2_ros2/ocs2_ws/install/ocs2_robotic_tools:/root/ocs2_ros2/ocs2_ws/install/ocs2_raisim_ros:/root/ocs2_ros2/ocs2_ws/install/ocs2_raisim_core:/root/ocs2_ros2/ocs2_ws/install/ocs2_ocs2:/root/ocs2_ros2/ocs2_ws/install/ocs2_ipm:/root/ocs2_ros2/ocs2_ws/install/ocs2_ddp:/root/ocs2_ros2/ocs2_ws/install/hpipm_catkin:/root/ocs2_ros2/ocs2_ws/install/ocs2_qp_solver:/root/ocs2_ros2/ocs2_ws/install/ocs2_mpc:/root/ocs2_ros2/ocs2_ws/install/ocs2_oc:/root/ocs2_ros2/ocs2_ws/install/ocs2_frank_wolfe:/root/ocs2_ros2/ocs2_ws/install/ocs2_core:/root/ocs2_ros2/ocs2_ws/install/ocs2_thirdparty:/root/ocs2_ros2/ocs2_ws/install/ocs2_switched_model_msgs:/root/ocs2_ros2/ocs2_ws/install/ocs2_robotic_assets:/root/ocs2_ros2/ocs2_ws/install/ocs2_msgs:/root/ocs2_ros2/ocs2_ws/install/hpp-fcl:/root/ocs2_ros2/ocs2_ws/install/convex_plane_decomposition_ros:/root/ocs2_ros2/ocs2_ws/install/convex_plane_decomposition:/opt/ros/humble:/root/ocs2_ros2/ocs2_ws/install/grid_map_filters_rsl:/root/ocs2_ros2/ocs2_ws/install/convex_plane_decomposition_msgs:/root/ocs2_ros2/ocs2_ws/install/cgal5_catkin:/root/ocs2_ros2/ocs2_ws/install/blasfeo_catkin:/opt/openrobots: /usr/bin/cmake --build /root/ocs2_ros2/ros_ws/src/ur5_ros2/build/ur5_interface -- -j36 -l36
[22.617s] Invoking command in '/root/ocs2_ros2/ros_ws/src/ur5_ros2/build/ur5_interface': CMAKE_PREFIX_PATH=/opt/openrobots:/root/ocs2_ros2/ocs2_ws/install/ocs2_ros2:/root/ocs2_ros2/ocs2_ws/install/ocs2_robotic_examples:/root/ocs2_ros2/ocs2_ws/install/ocs2_anymal:/root/ocs2_ros2/ocs2_ws/install/ocs2_anymal_loopshaping_mpc:/root/ocs2_ros2/ocs2_ws/install/ocs2_quadruped_loopshaping_interface:/root/ocs2_ros2/ocs2_ws/install/ocs2_anymal_mpc:/root/ocs2_ros2/ocs2_ws/install/ocs2_quadruped_interface:/root/ocs2_ros2/ocs2_ws/install/segmented_planes_terrain_model:/root/ocs2_ros2/ocs2_ws/install/ocs2_sphere_approximation:/root/ocs2_ros2/ocs2_ws/install/ocs2_pinocchio:/root/ocs2_ros2/ocs2_ws/install/ocs2_mobile_manipulator_ros:/root/ocs2_ros2/ocs2_ws/install/ocs2_self_collision_visualization:/root/ocs2_ros2/ocs2_ws/install/ocs2_mobile_manipulator:/root/ocs2_ros2/ocs2_ws/install/ocs2_self_collision:/root/ocs2_ros2/ocs2_ws/install/ocs2_raisim:/root/ocs2_ros2/ocs2_ws/install/ocs2_legged_robot_raisim:/root/ocs2_ros2/ocs2_ws/install/ocs2_legged_robot_ros:/root/ocs2_ros2/ocs2_ws/install/ocs2_legged_robot:/root/ocs2_ros2/ocs2_ws/install/ocs2_centroidal_model:/root/ocs2_ros2/ocs2_ws/install/ocs2_anymal_models:/root/ocs2_ros2/ocs2_ws/install/ocs2_pinocchio_interface:/root/ocs2_ros2/ocs2_ws/install/pinocchio:/root/ocs2_ros2/ocs2_ws/install/ocs2_anymal_commands:/root/ocs2_ros2/ocs2_ws/install/ocs2_switched_model_interface:/root/ocs2_ros2/ocs2_ws/install/ocs2_ballbot_ros:/root/ocs2_ros2/ocs2_ws/install/ocs2_ballbot:/root/ocs2_ros2/ocs2_ws/install/ocs2_sqp:/root/ocs2_ros2/ocs2_ws/install/ocs2_slp:/root/ocs2_ros2/ocs2_ws/install/ocs2_quadrotor_ros:/root/ocs2_ros2/ocs2_ws/install/ocs2_double_integrator_ros:/root/ocs2_ros2/ocs2_ws/install/ocs2_cartpole_ros:/root/ocs2_ros2/ocs2_ws/install/ocs2_ros_interfaces:/root/ocs2_ros2/ocs2_ws/install/ocs2_quadrotor:/root/ocs2_ros2/ocs2_ws/install/ocs2_double_integrator:/root/ocs2_ros2/ocs2_ws/install/ocs2_python_interface:/root/ocs2_ros2/ocs2_ws/install/ocs2_perceptive:/root/ocs2_ros2/ocs2_ws/install/ocs2_cartpole:/root/ocs2_ros2/ocs2_ws/install/ocs2_robotic_tools:/root/ocs2_ros2/ocs2_ws/install/ocs2_raisim_ros:/root/ocs2_ros2/ocs2_ws/install/ocs2_raisim_core:/root/ocs2_ros2/ocs2_ws/install/ocs2_ocs2:/root/ocs2_ros2/ocs2_ws/install/ocs2_ipm:/root/ocs2_ros2/ocs2_ws/install/ocs2_ddp:/root/ocs2_ros2/ocs2_ws/install/hpipm_catkin:/root/ocs2_ros2/ocs2_ws/install/ocs2_qp_solver:/root/ocs2_ros2/ocs2_ws/install/ocs2_mpc:/root/ocs2_ros2/ocs2_ws/install/ocs2_oc:/root/ocs2_ros2/ocs2_ws/install/ocs2_frank_wolfe:/root/ocs2_ros2/ocs2_ws/install/ocs2_core:/root/ocs2_ros2/ocs2_ws/install/ocs2_thirdparty:/root/ocs2_ros2/ocs2_ws/install/ocs2_switched_model_msgs:/root/ocs2_ros2/ocs2_ws/install/ocs2_robotic_assets:/root/ocs2_ros2/ocs2_ws/install/ocs2_msgs:/root/ocs2_ros2/ocs2_ws/install/hpp-fcl:/root/ocs2_ros2/ocs2_ws/install/convex_plane_decomposition_ros:/root/ocs2_ros2/ocs2_ws/install/convex_plane_decomposition:/opt/ros/humble:/root/ocs2_ros2/ocs2_ws/install/grid_map_filters_rsl:/root/ocs2_ros2/ocs2_ws/install/convex_plane_decomposition_msgs:/root/ocs2_ros2/ocs2_ws/install/cgal5_catkin:/root/ocs2_ros2/ocs2_ws/install/blasfeo_catkin:/opt/openrobots: /usr/bin/cmake --install /root/ocs2_ros2/ros_ws/src/ur5_ros2/build/ur5_interface
[22.648s] -- Install configuration: ""
[22.649s] -- Installing: /root/ocs2_ros2/ros_ws/src/ur5_ros2/install/ur5_interface/lib/libur5_interface.so
[22.720s] -- Set runtime path of "/root/ocs2_ros2/ros_ws/src/ur5_ros2/install/ur5_interface/lib/libur5_interface.so" to ""
[22.721s] -- Up-to-date: /root/ocs2_ros2/ros_ws/src/ur5_ros2/install/ur5_interface/include/ur5_interface
[22.721s] -- Up-to-date: /root/ocs2_ros2/ros_ws/src/ur5_ros2/install/ur5_interface/include/ur5_interface/package_path.h.in
[22.722s] -- Up-to-date: /root/ocs2_ros2/ros_ws/src/ur5_ros2/install/ur5_interface/include/ur5_interface/ur5_interface
[22.722s] -- Up-to-date: /root/ocs2_ros2/ros_ws/src/ur5_ros2/install/ur5_interface/include/ur5_interface/ur5_interface/package_path.h.in
[22.722s] -- Up-to-date: /root/ocs2_ros2/ros_ws/src/ur5_ros2/install/ur5_interface/include/ur5_interface/ur5_interface/factory_functions.h
[22.722s] -- Up-to-date: /root/ocs2_ros2/ros_ws/src/ur5_ros2/install/ur5_interface/include/ur5_interface/ur5_interface/ur5_module_info.h
[22.722s] -- Up-to-date: /root/ocs2_ros2/ros_ws/src/ur5_ros2/install/ur5_interface/include/ur5_interface/ur5_interface/command
[22.722s] -- Up-to-date: /root/ocs2_ros2/ros_ws/src/ur5_ros2/install/ur5_interface/include/ur5_interface/ur5_interface/command/ur5_target_trajectories_interactive_marker.h
[22.723s] -- Up-to-date: /root/ocs2_ros2/ros_ws/src/ur5_ros2/install/ur5_interface/include/ur5_interface/ur5_interface/command/joy_target_trajectories.h
[22.723s] -- Up-to-date: /root/ocs2_ros2/ros_ws/src/ur5_ros2/install/ur5_interface/include/ur5_interface/ur5_interface/ur5_interface.h
[22.723s] -- Up-to-date: /root/ocs2_ros2/ros_ws/src/ur5_ros2/install/ur5_interface/include/ur5_interface/ur5_interface/ur5_precomputation.h
[22.723s] -- Up-to-date: /root/ocs2_ros2/ros_ws/src/ur5_ros2/install/ur5_interface/include/ur5_interface/ur5_interface/constraint
[22.723s] -- Up-to-date: /root/ocs2_ros2/ros_ws/src/ur5_ros2/install/ur5_interface/include/ur5_interface/ur5_interface/constraint/base_constraint.h
[22.724s] -- Up-to-date: /root/ocs2_ros2/ros_ws/src/ur5_ros2/install/ur5_interface/include/ur5_interface/ur5_interface/constraint/ur5_self_collision_constraint.h
[22.724s] -- Up-to-date: /root/ocs2_ros2/ros_ws/src/ur5_ros2/install/ur5_interface/include/ur5_interface/ur5_interface/constraint/end_effort_constraint.h
[22.724s] -- Up-to-date: /root/ocs2_ros2/ros_ws/src/ur5_ros2/install/ur5_interface/include/ur5_interface/ur5_interface/ur5_pinocchio_mapping.h
[22.725s] -- Up-to-date: /root/ocs2_ros2/ros_ws/src/ur5_ros2/install/ur5_interface/include/ur5_interface/ur5_interface/cost
[22.725s] -- Up-to-date: /root/ocs2_ros2/ros_ws/src/ur5_ros2/install/ur5_interface/include/ur5_interface/ur5_interface/cost/quadratic_input_cost.h
[22.726s] -- Up-to-date: /root/ocs2_ros2/ros_ws/src/ur5_ros2/install/ur5_interface/include/ur5_interface/ur5_interface/dynamics
[22.727s] -- Up-to-date: /root/ocs2_ros2/ros_ws/src/ur5_ros2/install/ur5_interface/include/ur5_interface/ur5_interface/dynamics/ur5_dynamics.h
[22.728s] -- Up-to-date: /root/ocs2_ros2/ros_ws/src/ur5_ros2/install/ur5_interface/include/ur5_interface/ur5_interface/ur5_wb_pinocchio_mapping.h
[22.728s] -- Up-to-date: /root/ocs2_ros2/ros_ws/src/ur5_ros2/install/ur5_interface/include/ur5_interface/factory_functions.h
[22.729s] -- Up-to-date: /root/ocs2_ros2/ros_ws/src/ur5_ros2/install/ur5_interface/include/ur5_interface/ur5_module_info.h
[22.729s] -- Up-to-date: /root/ocs2_ros2/ros_ws/src/ur5_ros2/install/ur5_interface/include/ur5_interface/command
[22.729s] -- Up-to-date: /root/ocs2_ros2/ros_ws/src/ur5_ros2/install/ur5_interface/include/ur5_interface/command/ur5_target_trajectories_interactive_marker.h
[22.729s] -- Up-to-date: /root/ocs2_ros2/ros_ws/src/ur5_ros2/install/ur5_interface/include/ur5_interface/command/joy_target_trajectories.h
[22.730s] -- Up-to-date: /root/ocs2_ros2/ros_ws/src/ur5_ros2/install/ur5_interface/include/ur5_interface/ur5_interface.h
[22.730s] -- Up-to-date: /root/ocs2_ros2/ros_ws/src/ur5_ros2/install/ur5_interface/include/ur5_interface/ur5_precomputation.h
[22.730s] -- Up-to-date: /root/ocs2_ros2/ros_ws/src/ur5_ros2/install/ur5_interface/include/ur5_interface/constraint
[22.730s] -- Up-to-date: /root/ocs2_ros2/ros_ws/src/ur5_ros2/install/ur5_interface/include/ur5_interface/constraint/base_constraint.h
[22.731s] -- Up-to-date: /root/ocs2_ros2/ros_ws/src/ur5_ros2/install/ur5_interface/include/ur5_interface/constraint/ur5_self_collision_constraint.h
[22.731s] -- Up-to-date: /root/ocs2_ros2/ros_ws/src/ur5_ros2/install/ur5_interface/include/ur5_interface/constraint/end_effort_constraint.h
[22.731s] -- Up-to-date: /root/ocs2_ros2/ros_ws/src/ur5_ros2/install/ur5_interface/include/ur5_interface/ur5_pinocchio_mapping.h
[22.732s] -- Up-to-date: /root/ocs2_ros2/ros_ws/src/ur5_ros2/install/ur5_interface/include/ur5_interface/cost
[22.732s] -- Up-to-date: /root/ocs2_ros2/ros_ws/src/ur5_ros2/install/ur5_interface/include/ur5_interface/cost/quadratic_input_cost.h
[22.732s] -- Up-to-date: /root/ocs2_ros2/ros_ws/src/ur5_ros2/install/ur5_interface/include/ur5_interface/dynamics
[22.732s] -- Up-to-date: /root/ocs2_ros2/ros_ws/src/ur5_ros2/install/ur5_interface/include/ur5_interface/dynamics/ur5_dynamics.h
[22.733s] -- Up-to-date: /root/ocs2_ros2/ros_ws/src/ur5_ros2/install/ur5_interface/share/ur5_interface/config/ur5/
[22.733s] -- Installing: /root/ocs2_ros2/ros_ws/src/ur5_ros2/install/ur5_interface/share/ur5_interface/config/ur5//task.info
[22.733s] -- Up-to-date: /root/ocs2_ros2/ros_ws/src/ur5_ros2/install/ur5_interface/share/ur5_interface/environment/library_path.sh
[22.733s] -- Up-to-date: /root/ocs2_ros2/ros_ws/src/ur5_ros2/install/ur5_interface/share/ur5_interface/environment/library_path.dsv
[22.734s] -- Up-to-date: /root/ocs2_ros2/ros_ws/src/ur5_ros2/install/ur5_interface/share/ament_index/resource_index/package_run_dependencies/ur5_interface
[22.734s] -- Up-to-date: /root/ocs2_ros2/ros_ws/src/ur5_ros2/install/ur5_interface/share/ament_index/resource_index/parent_prefix_path/ur5_interface
[22.734s] -- Up-to-date: /root/ocs2_ros2/ros_ws/src/ur5_ros2/install/ur5_interface/share/ur5_interface/environment/ament_prefix_path.sh
[22.734s] -- Up-to-date: /root/ocs2_ros2/ros_ws/src/ur5_ros2/install/ur5_interface/share/ur5_interface/environment/ament_prefix_path.dsv
[22.734s] -- Up-to-date: /root/ocs2_ros2/ros_ws/src/ur5_ros2/install/ur5_interface/share/ur5_interface/environment/path.sh
[22.735s] -- Up-to-date: /root/ocs2_ros2/ros_ws/src/ur5_ros2/install/ur5_interface/share/ur5_interface/environment/path.dsv
[22.735s] -- Up-to-date: /root/ocs2_ros2/ros_ws/src/ur5_ros2/install/ur5_interface/share/ur5_interface/local_setup.bash
[22.735s] -- Up-to-date: /root/ocs2_ros2/ros_ws/src/ur5_ros2/install/ur5_interface/share/ur5_interface/local_setup.sh
[22.735s] -- Up-to-date: /root/ocs2_ros2/ros_ws/src/ur5_ros2/install/ur5_interface/share/ur5_interface/local_setup.zsh
[22.736s] -- Up-to-date: /root/ocs2_ros2/ros_ws/src/ur5_ros2/install/ur5_interface/share/ur5_interface/local_setup.dsv
[22.737s] -- Installing: /root/ocs2_ros2/ros_ws/src/ur5_ros2/install/ur5_interface/share/ur5_interface/package.dsv
[22.737s] -- Up-to-date: /root/ocs2_ros2/ros_ws/src/ur5_ros2/install/ur5_interface/share/ament_index/resource_index/packages/ur5_interface
[22.738s] -- Up-to-date: /root/ocs2_ros2/ros_ws/src/ur5_ros2/install/ur5_interface/share/ur5_interface/cmake/export_ur5_interfaceExport.cmake
[22.738s] -- Up-to-date: /root/ocs2_ros2/ros_ws/src/ur5_ros2/install/ur5_interface/share/ur5_interface/cmake/export_ur5_interfaceExport-noconfig.cmake
[22.738s] -- Up-to-date: /root/ocs2_ros2/ros_ws/src/ur5_ros2/install/ur5_interface/share/ur5_interface/cmake/ament_cmake_export_dependencies-extras.cmake
[22.739s] -- Up-to-date: /root/ocs2_ros2/ros_ws/src/ur5_ros2/install/ur5_interface/share/ur5_interface/cmake/ament_cmake_export_include_directories-extras.cmake
[22.739s] -- Up-to-date: /root/ocs2_ros2/ros_ws/src/ur5_ros2/install/ur5_interface/share/ur5_interface/cmake/ament_cmake_export_targets-extras.cmake
[22.739s] -- Up-to-date: /root/ocs2_ros2/ros_ws/src/ur5_ros2/install/ur5_interface/share/ur5_interface/cmake/ur5_interfaceConfig.cmake
[22.740s] -- Up-to-date: /root/ocs2_ros2/ros_ws/src/ur5_ros2/install/ur5_interface/share/ur5_interface/cmake/ur5_interfaceConfig-version.cmake
[22.740s] -- Up-to-date: /root/ocs2_ros2/ros_ws/src/ur5_ros2/install/ur5_interface/share/ur5_interface/package.xml
[22.741s] Invoked command in '/root/ocs2_ros2/ros_ws/src/ur5_ros2/build/ur5_interface' returned '0': CMAKE_PREFIX_PATH=/opt/openrobots:/root/ocs2_ros2/ocs2_ws/install/ocs2_ros2:/root/ocs2_ros2/ocs2_ws/install/ocs2_robotic_examples:/root/ocs2_ros2/ocs2_ws/install/ocs2_anymal:/root/ocs2_ros2/ocs2_ws/install/ocs2_anymal_loopshaping_mpc:/root/ocs2_ros2/ocs2_ws/install/ocs2_quadruped_loopshaping_interface:/root/ocs2_ros2/ocs2_ws/install/ocs2_anymal_mpc:/root/ocs2_ros2/ocs2_ws/install/ocs2_quadruped_interface:/root/ocs2_ros2/ocs2_ws/install/segmented_planes_terrain_model:/root/ocs2_ros2/ocs2_ws/install/ocs2_sphere_approximation:/root/ocs2_ros2/ocs2_ws/install/ocs2_pinocchio:/root/ocs2_ros2/ocs2_ws/install/ocs2_mobile_manipulator_ros:/root/ocs2_ros2/ocs2_ws/install/ocs2_self_collision_visualization:/root/ocs2_ros2/ocs2_ws/install/ocs2_mobile_manipulator:/root/ocs2_ros2/ocs2_ws/install/ocs2_self_collision:/root/ocs2_ros2/ocs2_ws/install/ocs2_raisim:/root/ocs2_ros2/ocs2_ws/install/ocs2_legged_robot_raisim:/root/ocs2_ros2/ocs2_ws/install/ocs2_legged_robot_ros:/root/ocs2_ros2/ocs2_ws/install/ocs2_legged_robot:/root/ocs2_ros2/ocs2_ws/install/ocs2_centroidal_model:/root/ocs2_ros2/ocs2_ws/install/ocs2_anymal_models:/root/ocs2_ros2/ocs2_ws/install/ocs2_pinocchio_interface:/root/ocs2_ros2/ocs2_ws/install/pinocchio:/root/ocs2_ros2/ocs2_ws/install/ocs2_anymal_commands:/root/ocs2_ros2/ocs2_ws/install/ocs2_switched_model_interface:/root/ocs2_ros2/ocs2_ws/install/ocs2_ballbot_ros:/root/ocs2_ros2/ocs2_ws/install/ocs2_ballbot:/root/ocs2_ros2/ocs2_ws/install/ocs2_sqp:/root/ocs2_ros2/ocs2_ws/install/ocs2_slp:/root/ocs2_ros2/ocs2_ws/install/ocs2_quadrotor_ros:/root/ocs2_ros2/ocs2_ws/install/ocs2_double_integrator_ros:/root/ocs2_ros2/ocs2_ws/install/ocs2_cartpole_ros:/root/ocs2_ros2/ocs2_ws/install/ocs2_ros_interfaces:/root/ocs2_ros2/ocs2_ws/install/ocs2_quadrotor:/root/ocs2_ros2/ocs2_ws/install/ocs2_double_integrator:/root/ocs2_ros2/ocs2_ws/install/ocs2_python_interface:/root/ocs2_ros2/ocs2_ws/install/ocs2_perceptive:/root/ocs2_ros2/ocs2_ws/install/ocs2_cartpole:/root/ocs2_ros2/ocs2_ws/install/ocs2_robotic_tools:/root/ocs2_ros2/ocs2_ws/install/ocs2_raisim_ros:/root/ocs2_ros2/ocs2_ws/install/ocs2_raisim_core:/root/ocs2_ros2/ocs2_ws/install/ocs2_ocs2:/root/ocs2_ros2/ocs2_ws/install/ocs2_ipm:/root/ocs2_ros2/ocs2_ws/install/ocs2_ddp:/root/ocs2_ros2/ocs2_ws/install/hpipm_catkin:/root/ocs2_ros2/ocs2_ws/install/ocs2_qp_solver:/root/ocs2_ros2/ocs2_ws/install/ocs2_mpc:/root/ocs2_ros2/ocs2_ws/install/ocs2_oc:/root/ocs2_ros2/ocs2_ws/install/ocs2_frank_wolfe:/root/ocs2_ros2/ocs2_ws/install/ocs2_core:/root/ocs2_ros2/ocs2_ws/install/ocs2_thirdparty:/root/ocs2_ros2/ocs2_ws/install/ocs2_switched_model_msgs:/root/ocs2_ros2/ocs2_ws/install/ocs2_robotic_assets:/root/ocs2_ros2/ocs2_ws/install/ocs2_msgs:/root/ocs2_ros2/ocs2_ws/install/hpp-fcl:/root/ocs2_ros2/ocs2_ws/install/convex_plane_decomposition_ros:/root/ocs2_ros2/ocs2_ws/install/convex_plane_decomposition:/opt/ros/humble:/root/ocs2_ros2/ocs2_ws/install/grid_map_filters_rsl:/root/ocs2_ros2/ocs2_ws/install/convex_plane_decomposition_msgs:/root/ocs2_ros2/ocs2_ws/install/cgal5_catkin:/root/ocs2_ros2/ocs2_ws/install/blasfeo_catkin:/opt/openrobots: /usr/bin/cmake --install /root/ocs2_ros2/ros_ws/src/ur5_ros2/build/ur5_interface
