[0.045s] DEBUG:colcon:Command line arguments: ['/usr/bin/colcon', 'build']
[0.045s] DEBUG:colcon:Parsed command line arguments: Namespace(log_base=None, log_level=None, verb_name='build', build_base='build', install_base='install', merge_install=False, symlink_install=False, test_result_base=None, continue_on_error=False, executor='parallel', parallel_workers=24, event_handlers=None, ignore_user_meta=False, metas=['./colcon.meta'], base_paths=['.'], packages_ignore=None, packages_ignore_regex=None, paths=None, packages_up_to=None, packages_up_to_regex=None, packages_above=None, packages_above_and_dependencies=None, packages_above_depth=None, packages_select_by_dep=None, packages_skip_by_dep=None, packages_skip_up_to=None, packages_select_build_failed=False, packages_skip_build_finished=False, packages_select_test_failures=False, packages_skip_test_passed=False, packages_select=None, packages_skip=None, packages_select_regex=None, packages_skip_regex=None, packages_start=None, packages_end=None, allow_overriding=[], cmake_args=None, cmake_target=None, cmake_target_skip_unavailable=False, cmake_clean_cache=False, cmake_clean_first=False, cmake_force_configure=False, ament_cmake_args=None, catkin_cmake_args=None, catkin_skip_building_tests=False, verb_parser=<colcon_defaults.argument_parser.defaults.DefaultArgumentsDecorator object at 0x7525e3d37a90>, verb_extension=<colcon_core.verb.build.BuildVerb object at 0x7525e3d36a70>, main=<bound method BuildVerb.main of <colcon_core.verb.build.BuildVerb object at 0x7525e3d36a70>>)
[0.111s] Level 1:colcon.colcon_core.package_discovery:discover_packages(colcon_meta) check parameters
[0.111s] Level 1:colcon.colcon_core.package_discovery:discover_packages(recursive) check parameters
[0.111s] Level 1:colcon.colcon_core.package_discovery:discover_packages(ignore) check parameters
[0.111s] Level 1:colcon.colcon_core.package_discovery:discover_packages(path) check parameters
[0.111s] Level 1:colcon.colcon_core.package_discovery:discover_packages(colcon_meta) discover
[0.111s] Level 1:colcon.colcon_core.package_discovery:discover_packages(recursive) discover
[0.111s] INFO:colcon.colcon_core.package_discovery:Crawling recursively for packages in '/home/wyd/arm_ws'
[0.111s] Level 1:colcon.colcon_core.package_identification:_identify(.) by extensions ['ignore', 'ignore_ament_install']
[0.111s] Level 1:colcon.colcon_core.package_identification:_identify(.) by extension 'ignore'
[0.111s] Level 1:colcon.colcon_core.package_identification:_identify(.) by extension 'ignore_ament_install'
[0.111s] Level 1:colcon.colcon_core.package_identification:_identify(.) by extensions ['colcon_pkg']
[0.111s] Level 1:colcon.colcon_core.package_identification:_identify(.) by extension 'colcon_pkg'
[0.111s] Level 1:colcon.colcon_core.package_identification:_identify(.) by extensions ['colcon_meta']
[0.111s] Level 1:colcon.colcon_core.package_identification:_identify(.) by extension 'colcon_meta'
[0.111s] Level 1:colcon.colcon_core.package_identification:_identify(.) by extensions ['ros']
[0.111s] Level 1:colcon.colcon_core.package_identification:_identify(.) by extension 'ros'
[0.119s] Level 1:colcon.colcon_core.package_identification:_identify(.) by extensions ['cmake', 'python']
[0.119s] Level 1:colcon.colcon_core.package_identification:_identify(.) by extension 'cmake'
[0.119s] Level 1:colcon.colcon_core.package_identification:_identify(.) by extension 'python'
[0.119s] Level 1:colcon.colcon_core.package_identification:_identify(.) by extensions ['python_setup_py']
[0.119s] Level 1:colcon.colcon_core.package_identification:_identify(.) by extension 'python_setup_py'
[0.119s] Level 1:colcon.colcon_core.package_identification:_identify(build) by extensions ['ignore', 'ignore_ament_install']
[0.119s] Level 1:colcon.colcon_core.package_identification:_identify(build) by extension 'ignore'
[0.119s] Level 1:colcon.colcon_core.package_identification:_identify(build) ignored
[0.119s] Level 1:colcon.colcon_core.package_identification:_identify(install) by extensions ['ignore', 'ignore_ament_install']
[0.119s] Level 1:colcon.colcon_core.package_identification:_identify(install) by extension 'ignore'
[0.119s] Level 1:colcon.colcon_core.package_identification:_identify(install) ignored
[0.119s] Level 1:colcon.colcon_core.package_identification:_identify(log) by extensions ['ignore', 'ignore_ament_install']
[0.119s] Level 1:colcon.colcon_core.package_identification:_identify(log) by extension 'ignore'
[0.119s] Level 1:colcon.colcon_core.package_identification:_identify(log) ignored
[0.119s] Level 1:colcon.colcon_core.package_identification:_identify(src) by extensions ['ignore', 'ignore_ament_install']
[0.119s] Level 1:colcon.colcon_core.package_identification:_identify(src) by extension 'ignore'
[0.119s] Level 1:colcon.colcon_core.package_identification:_identify(src) by extension 'ignore_ament_install'
[0.119s] Level 1:colcon.colcon_core.package_identification:_identify(src) by extensions ['colcon_pkg']
[0.119s] Level 1:colcon.colcon_core.package_identification:_identify(src) by extension 'colcon_pkg'
[0.119s] Level 1:colcon.colcon_core.package_identification:_identify(src) by extensions ['colcon_meta']
[0.119s] Level 1:colcon.colcon_core.package_identification:_identify(src) by extension 'colcon_meta'
[0.119s] Level 1:colcon.colcon_core.package_identification:_identify(src) by extensions ['ros']
[0.119s] Level 1:colcon.colcon_core.package_identification:_identify(src) by extension 'ros'
[0.119s] Level 1:colcon.colcon_core.package_identification:_identify(src) by extensions ['cmake', 'python']
[0.119s] Level 1:colcon.colcon_core.package_identification:_identify(src) by extension 'cmake'
[0.119s] Level 1:colcon.colcon_core.package_identification:_identify(src) by extension 'python'
[0.119s] Level 1:colcon.colcon_core.package_identification:_identify(src) by extensions ['python_setup_py']
[0.119s] Level 1:colcon.colcon_core.package_identification:_identify(src) by extension 'python_setup_py'
[0.119s] Level 1:colcon.colcon_core.package_identification:_identify(src/moying_arm) by extensions ['ignore', 'ignore_ament_install']
[0.119s] Level 1:colcon.colcon_core.package_identification:_identify(src/moying_arm) by extension 'ignore'
[0.119s] Level 1:colcon.colcon_core.package_identification:_identify(src/moying_arm) by extension 'ignore_ament_install'
[0.119s] Level 1:colcon.colcon_core.package_identification:_identify(src/moying_arm) by extensions ['colcon_pkg']
[0.119s] Level 1:colcon.colcon_core.package_identification:_identify(src/moying_arm) by extension 'colcon_pkg'
[0.119s] Level 1:colcon.colcon_core.package_identification:_identify(src/moying_arm) by extensions ['colcon_meta']
[0.119s] Level 1:colcon.colcon_core.package_identification:_identify(src/moying_arm) by extension 'colcon_meta'
[0.119s] Level 1:colcon.colcon_core.package_identification:_identify(src/moying_arm) by extensions ['ros']
[0.119s] Level 1:colcon.colcon_core.package_identification:_identify(src/moying_arm) by extension 'ros'
[0.119s] Level 1:colcon.colcon_core.package_identification:_identify(src/moying_arm) by extensions ['cmake', 'python']
[0.119s] Level 1:colcon.colcon_core.package_identification:_identify(src/moying_arm) by extension 'cmake'
[0.119s] Level 1:colcon.colcon_core.package_identification:_identify(src/moying_arm) by extension 'python'
[0.119s] Level 1:colcon.colcon_core.package_identification:_identify(src/moying_arm) by extensions ['python_setup_py']
[0.119s] Level 1:colcon.colcon_core.package_identification:_identify(src/moying_arm) by extension 'python_setup_py'
[0.119s] Level 1:colcon.colcon_core.package_identification:_identify(src/moying_arm/arm_controller) by extensions ['ignore', 'ignore_ament_install']
[0.120s] Level 1:colcon.colcon_core.package_identification:_identify(src/moying_arm/arm_controller) by extension 'ignore'
[0.120s] Level 1:colcon.colcon_core.package_identification:_identify(src/moying_arm/arm_controller) by extension 'ignore_ament_install'
[0.120s] Level 1:colcon.colcon_core.package_identification:_identify(src/moying_arm/arm_controller) by extensions ['colcon_pkg']
[0.120s] Level 1:colcon.colcon_core.package_identification:_identify(src/moying_arm/arm_controller) by extension 'colcon_pkg'
[0.120s] Level 1:colcon.colcon_core.package_identification:_identify(src/moying_arm/arm_controller) by extensions ['colcon_meta']
[0.120s] Level 1:colcon.colcon_core.package_identification:_identify(src/moying_arm/arm_controller) by extension 'colcon_meta'
[0.120s] Level 1:colcon.colcon_core.package_identification:_identify(src/moying_arm/arm_controller) by extensions ['ros']
[0.120s] Level 1:colcon.colcon_core.package_identification:_identify(src/moying_arm/arm_controller) by extension 'ros'
[0.122s] DEBUG:colcon.colcon_core.package_identification:Package 'src/moying_arm/arm_controller' with type 'ros.ament_cmake' and name 'arm_controller'
[0.122s] Level 1:colcon.colcon_core.package_identification:_identify(src/moying_arm/arm_interface) by extensions ['ignore', 'ignore_ament_install']
[0.122s] Level 1:colcon.colcon_core.package_identification:_identify(src/moying_arm/arm_interface) by extension 'ignore'
[0.122s] Level 1:colcon.colcon_core.package_identification:_identify(src/moying_arm/arm_interface) by extension 'ignore_ament_install'
[0.122s] Level 1:colcon.colcon_core.package_identification:_identify(src/moying_arm/arm_interface) by extensions ['colcon_pkg']
[0.122s] Level 1:colcon.colcon_core.package_identification:_identify(src/moying_arm/arm_interface) by extension 'colcon_pkg'
[0.122s] Level 1:colcon.colcon_core.package_identification:_identify(src/moying_arm/arm_interface) by extensions ['colcon_meta']
[0.122s] Level 1:colcon.colcon_core.package_identification:_identify(src/moying_arm/arm_interface) by extension 'colcon_meta'
[0.122s] Level 1:colcon.colcon_core.package_identification:_identify(src/moying_arm/arm_interface) by extensions ['ros']
[0.122s] Level 1:colcon.colcon_core.package_identification:_identify(src/moying_arm/arm_interface) by extension 'ros'
[0.123s] DEBUG:colcon.colcon_core.package_identification:Package 'src/moying_arm/arm_interface' with type 'ros.ament_cmake' and name 'arm_interface'
[0.123s] Level 1:colcon.colcon_core.package_identification:_identify(src/moying_arm/moying_arm) by extensions ['ignore', 'ignore_ament_install']
[0.123s] Level 1:colcon.colcon_core.package_identification:_identify(src/moying_arm/moying_arm) by extension 'ignore'
[0.123s] Level 1:colcon.colcon_core.package_identification:_identify(src/moying_arm/moying_arm) by extension 'ignore_ament_install'
[0.123s] Level 1:colcon.colcon_core.package_identification:_identify(src/moying_arm/moying_arm) by extensions ['colcon_pkg']
[0.123s] Level 1:colcon.colcon_core.package_identification:_identify(src/moying_arm/moying_arm) by extension 'colcon_pkg'
[0.123s] Level 1:colcon.colcon_core.package_identification:_identify(src/moying_arm/moying_arm) by extensions ['colcon_meta']
[0.123s] Level 1:colcon.colcon_core.package_identification:_identify(src/moying_arm/moying_arm) by extension 'colcon_meta'
[0.123s] Level 1:colcon.colcon_core.package_identification:_identify(src/moying_arm/moying_arm) by extensions ['ros']
[0.123s] Level 1:colcon.colcon_core.package_identification:_identify(src/moying_arm/moying_arm) by extension 'ros'
[0.123s] Level 1:colcon.colcon_core.package_identification:_identify(src/moying_arm/moying_arm) by extensions ['cmake', 'python']
[0.123s] Level 1:colcon.colcon_core.package_identification:_identify(src/moying_arm/moying_arm) by extension 'cmake'
[0.123s] Level 1:colcon.colcon_core.package_identification:_identify(src/moying_arm/moying_arm) by extension 'python'
[0.123s] Level 1:colcon.colcon_core.package_identification:_identify(src/moying_arm/moying_arm) by extensions ['python_setup_py']
[0.123s] Level 1:colcon.colcon_core.package_identification:_identify(src/moying_arm/moying_arm) by extension 'python_setup_py'
[0.123s] Level 1:colcon.colcon_core.package_identification:_identify(src/moying_arm/moying_arm/moying_arm_bringup) by extensions ['ignore', 'ignore_ament_install']
[0.123s] Level 1:colcon.colcon_core.package_identification:_identify(src/moying_arm/moying_arm/moying_arm_bringup) by extension 'ignore'
[0.123s] Level 1:colcon.colcon_core.package_identification:_identify(src/moying_arm/moying_arm/moying_arm_bringup) by extension 'ignore_ament_install'
[0.123s] Level 1:colcon.colcon_core.package_identification:_identify(src/moying_arm/moying_arm/moying_arm_bringup) by extensions ['colcon_pkg']
[0.123s] Level 1:colcon.colcon_core.package_identification:_identify(src/moying_arm/moying_arm/moying_arm_bringup) by extension 'colcon_pkg'
[0.123s] Level 1:colcon.colcon_core.package_identification:_identify(src/moying_arm/moying_arm/moying_arm_bringup) by extensions ['colcon_meta']
[0.123s] Level 1:colcon.colcon_core.package_identification:_identify(src/moying_arm/moying_arm/moying_arm_bringup) by extension 'colcon_meta'
[0.123s] Level 1:colcon.colcon_core.package_identification:_identify(src/moying_arm/moying_arm/moying_arm_bringup) by extensions ['ros']
[0.123s] Level 1:colcon.colcon_core.package_identification:_identify(src/moying_arm/moying_arm/moying_arm_bringup) by extension 'ros'
[0.124s] DEBUG:colcon.colcon_core.package_identification:Package 'src/moying_arm/moying_arm/moying_arm_bringup' with type 'ros.ament_cmake' and name 'moying_arm_bringup'
[0.124s] Level 1:colcon.colcon_core.package_identification:_identify(src/moying_arm/moying_arm/moying_arm_description) by extensions ['ignore', 'ignore_ament_install']
[0.124s] Level 1:colcon.colcon_core.package_identification:_identify(src/moying_arm/moying_arm/moying_arm_description) by extension 'ignore'
[0.124s] Level 1:colcon.colcon_core.package_identification:_identify(src/moying_arm/moying_arm/moying_arm_description) by extension 'ignore_ament_install'
[0.124s] Level 1:colcon.colcon_core.package_identification:_identify(src/moying_arm/moying_arm/moying_arm_description) by extensions ['colcon_pkg']
[0.124s] Level 1:colcon.colcon_core.package_identification:_identify(src/moying_arm/moying_arm/moying_arm_description) by extension 'colcon_pkg'
[0.124s] Level 1:colcon.colcon_core.package_identification:_identify(src/moying_arm/moying_arm/moying_arm_description) by extensions ['colcon_meta']
[0.124s] Level 1:colcon.colcon_core.package_identification:_identify(src/moying_arm/moying_arm/moying_arm_description) by extension 'colcon_meta'
[0.124s] Level 1:colcon.colcon_core.package_identification:_identify(src/moying_arm/moying_arm/moying_arm_description) by extensions ['ros']
[0.124s] Level 1:colcon.colcon_core.package_identification:_identify(src/moying_arm/moying_arm/moying_arm_description) by extension 'ros'
[0.125s] DEBUG:colcon.colcon_core.package_identification:Package 'src/moying_arm/moying_arm/moying_arm_description' with type 'ros.ament_cmake' and name 'moying_arm_description'
[0.125s] Level 1:colcon.colcon_core.package_identification:_identify(src/moying_arm/moying_arm/moying_arm_hardware) by extensions ['ignore', 'ignore_ament_install']
[0.125s] Level 1:colcon.colcon_core.package_identification:_identify(src/moying_arm/moying_arm/moying_arm_hardware) by extension 'ignore'
[0.125s] Level 1:colcon.colcon_core.package_identification:_identify(src/moying_arm/moying_arm/moying_arm_hardware) by extension 'ignore_ament_install'
[0.125s] Level 1:colcon.colcon_core.package_identification:_identify(src/moying_arm/moying_arm/moying_arm_hardware) by extensions ['colcon_pkg']
[0.125s] Level 1:colcon.colcon_core.package_identification:_identify(src/moying_arm/moying_arm/moying_arm_hardware) by extension 'colcon_pkg'
[0.125s] Level 1:colcon.colcon_core.package_identification:_identify(src/moying_arm/moying_arm/moying_arm_hardware) by extensions ['colcon_meta']
[0.125s] Level 1:colcon.colcon_core.package_identification:_identify(src/moying_arm/moying_arm/moying_arm_hardware) by extension 'colcon_meta'
[0.125s] Level 1:colcon.colcon_core.package_identification:_identify(src/moying_arm/moying_arm/moying_arm_hardware) by extensions ['ros']
[0.125s] Level 1:colcon.colcon_core.package_identification:_identify(src/moying_arm/moying_arm/moying_arm_hardware) by extension 'ros'
[0.125s] DEBUG:colcon.colcon_core.package_identification:Package 'src/moying_arm/moying_arm/moying_arm_hardware' with type 'ros.ament_cmake' and name 'moying_arm_hardware'
[0.125s] Level 1:colcon.colcon_core.package_identification:_identify(src/ur5_ros2) by extensions ['ignore', 'ignore_ament_install']
[0.125s] Level 1:colcon.colcon_core.package_identification:_identify(src/ur5_ros2) by extension 'ignore'
[0.125s] Level 1:colcon.colcon_core.package_identification:_identify(src/ur5_ros2) by extension 'ignore_ament_install'
[0.125s] Level 1:colcon.colcon_core.package_identification:_identify(src/ur5_ros2) by extensions ['colcon_pkg']
[0.125s] Level 1:colcon.colcon_core.package_identification:_identify(src/ur5_ros2) by extension 'colcon_pkg'
[0.125s] Level 1:colcon.colcon_core.package_identification:_identify(src/ur5_ros2) by extensions ['colcon_meta']
[0.125s] Level 1:colcon.colcon_core.package_identification:_identify(src/ur5_ros2) by extension 'colcon_meta'
[0.125s] Level 1:colcon.colcon_core.package_identification:_identify(src/ur5_ros2) by extensions ['ros']
[0.125s] Level 1:colcon.colcon_core.package_identification:_identify(src/ur5_ros2) by extension 'ros'
[0.125s] Level 1:colcon.colcon_core.package_identification:_identify(src/ur5_ros2) by extensions ['cmake', 'python']
[0.125s] Level 1:colcon.colcon_core.package_identification:_identify(src/ur5_ros2) by extension 'cmake'
[0.125s] Level 1:colcon.colcon_core.package_identification:_identify(src/ur5_ros2) by extension 'python'
[0.125s] Level 1:colcon.colcon_core.package_identification:_identify(src/ur5_ros2) by extensions ['python_setup_py']
[0.125s] Level 1:colcon.colcon_core.package_identification:_identify(src/ur5_ros2) by extension 'python_setup_py'
[0.125s] Level 1:colcon.colcon_core.package_identification:_identify(src/ur5_ros2/build) by extensions ['ignore', 'ignore_ament_install']
[0.126s] Level 1:colcon.colcon_core.package_identification:_identify(src/ur5_ros2/build) by extension 'ignore'
[0.126s] Level 1:colcon.colcon_core.package_identification:_identify(src/ur5_ros2/build) ignored
[0.126s] Level 1:colcon.colcon_core.package_identification:_identify(src/ur5_ros2/install) by extensions ['ignore', 'ignore_ament_install']
[0.126s] Level 1:colcon.colcon_core.package_identification:_identify(src/ur5_ros2/install) by extension 'ignore'
[0.126s] Level 1:colcon.colcon_core.package_identification:_identify(src/ur5_ros2/install) ignored
[0.126s] Level 1:colcon.colcon_core.package_identification:_identify(src/ur5_ros2/log) by extensions ['ignore', 'ignore_ament_install']
[0.126s] Level 1:colcon.colcon_core.package_identification:_identify(src/ur5_ros2/log) by extension 'ignore'
[0.126s] Level 1:colcon.colcon_core.package_identification:_identify(src/ur5_ros2/log) ignored
[0.126s] Level 1:colcon.colcon_core.package_identification:_identify(src/ur5_ros2/ur5_arm) by extensions ['ignore', 'ignore_ament_install']
[0.126s] Level 1:colcon.colcon_core.package_identification:_identify(src/ur5_ros2/ur5_arm) by extension 'ignore'
[0.126s] Level 1:colcon.colcon_core.package_identification:_identify(src/ur5_ros2/ur5_arm) by extension 'ignore_ament_install'
[0.126s] Level 1:colcon.colcon_core.package_identification:_identify(src/ur5_ros2/ur5_arm) by extensions ['colcon_pkg']
[0.126s] Level 1:colcon.colcon_core.package_identification:_identify(src/ur5_ros2/ur5_arm) by extension 'colcon_pkg'
[0.126s] Level 1:colcon.colcon_core.package_identification:_identify(src/ur5_ros2/ur5_arm) by extensions ['colcon_meta']
[0.126s] Level 1:colcon.colcon_core.package_identification:_identify(src/ur5_ros2/ur5_arm) by extension 'colcon_meta'
[0.126s] Level 1:colcon.colcon_core.package_identification:_identify(src/ur5_ros2/ur5_arm) by extensions ['ros']
[0.126s] Level 1:colcon.colcon_core.package_identification:_identify(src/ur5_ros2/ur5_arm) by extension 'ros'
[0.126s] Level 1:colcon.colcon_core.package_identification:_identify(src/ur5_ros2/ur5_arm) by extensions ['cmake', 'python']
[0.126s] Level 1:colcon.colcon_core.package_identification:_identify(src/ur5_ros2/ur5_arm) by extension 'cmake'
[0.126s] Level 1:colcon.colcon_core.package_identification:_identify(src/ur5_ros2/ur5_arm) by extension 'python'
[0.126s] Level 1:colcon.colcon_core.package_identification:_identify(src/ur5_ros2/ur5_arm) by extensions ['python_setup_py']
[0.126s] Level 1:colcon.colcon_core.package_identification:_identify(src/ur5_ros2/ur5_arm) by extension 'python_setup_py'
[0.126s] Level 1:colcon.colcon_core.package_identification:_identify(src/ur5_ros2/ur5_arm/build) by extensions ['ignore', 'ignore_ament_install']
[0.126s] Level 1:colcon.colcon_core.package_identification:_identify(src/ur5_ros2/ur5_arm/build) by extension 'ignore'
[0.126s] Level 1:colcon.colcon_core.package_identification:_identify(src/ur5_ros2/ur5_arm/build) ignored
[0.126s] Level 1:colcon.colcon_core.package_identification:_identify(src/ur5_ros2/ur5_arm/install) by extensions ['ignore', 'ignore_ament_install']
[0.126s] Level 1:colcon.colcon_core.package_identification:_identify(src/ur5_ros2/ur5_arm/install) by extension 'ignore'
[0.126s] Level 1:colcon.colcon_core.package_identification:_identify(src/ur5_ros2/ur5_arm/install) ignored
[0.126s] Level 1:colcon.colcon_core.package_identification:_identify(src/ur5_ros2/ur5_arm/log) by extensions ['ignore', 'ignore_ament_install']
[0.126s] Level 1:colcon.colcon_core.package_identification:_identify(src/ur5_ros2/ur5_arm/log) by extension 'ignore'
[0.126s] Level 1:colcon.colcon_core.package_identification:_identify(src/ur5_ros2/ur5_arm/log) ignored
[0.126s] Level 1:colcon.colcon_core.package_identification:_identify(src/ur5_ros2/ur5_arm/ur5_bringup) by extensions ['ignore', 'ignore_ament_install']
[0.126s] Level 1:colcon.colcon_core.package_identification:_identify(src/ur5_ros2/ur5_arm/ur5_bringup) by extension 'ignore'
[0.126s] Level 1:colcon.colcon_core.package_identification:_identify(src/ur5_ros2/ur5_arm/ur5_bringup) by extension 'ignore_ament_install'
[0.126s] Level 1:colcon.colcon_core.package_identification:_identify(src/ur5_ros2/ur5_arm/ur5_bringup) by extensions ['colcon_pkg']
[0.126s] Level 1:colcon.colcon_core.package_identification:_identify(src/ur5_ros2/ur5_arm/ur5_bringup) by extension 'colcon_pkg'
[0.126s] Level 1:colcon.colcon_core.package_identification:_identify(src/ur5_ros2/ur5_arm/ur5_bringup) by extensions ['colcon_meta']
[0.126s] Level 1:colcon.colcon_core.package_identification:_identify(src/ur5_ros2/ur5_arm/ur5_bringup) by extension 'colcon_meta'
[0.126s] Level 1:colcon.colcon_core.package_identification:_identify(src/ur5_ros2/ur5_arm/ur5_bringup) by extensions ['ros']
[0.126s] Level 1:colcon.colcon_core.package_identification:_identify(src/ur5_ros2/ur5_arm/ur5_bringup) by extension 'ros'
[0.127s] DEBUG:colcon.colcon_core.package_identification:Package 'src/ur5_ros2/ur5_arm/ur5_bringup' with type 'ros.ament_cmake' and name 'ur5_bringup'
[0.127s] Level 1:colcon.colcon_core.package_identification:_identify(src/ur5_ros2/ur5_arm/ur5_description) by extensions ['ignore', 'ignore_ament_install']
[0.127s] Level 1:colcon.colcon_core.package_identification:_identify(src/ur5_ros2/ur5_arm/ur5_description) by extension 'ignore'
[0.127s] Level 1:colcon.colcon_core.package_identification:_identify(src/ur5_ros2/ur5_arm/ur5_description) by extension 'ignore_ament_install'
[0.127s] Level 1:colcon.colcon_core.package_identification:_identify(src/ur5_ros2/ur5_arm/ur5_description) by extensions ['colcon_pkg']
[0.127s] Level 1:colcon.colcon_core.package_identification:_identify(src/ur5_ros2/ur5_arm/ur5_description) by extension 'colcon_pkg'
[0.127s] Level 1:colcon.colcon_core.package_identification:_identify(src/ur5_ros2/ur5_arm/ur5_description) by extensions ['colcon_meta']
[0.127s] Level 1:colcon.colcon_core.package_identification:_identify(src/ur5_ros2/ur5_arm/ur5_description) by extension 'colcon_meta'
[0.127s] Level 1:colcon.colcon_core.package_identification:_identify(src/ur5_ros2/ur5_arm/ur5_description) by extensions ['ros']
[0.127s] Level 1:colcon.colcon_core.package_identification:_identify(src/ur5_ros2/ur5_arm/ur5_description) by extension 'ros'
[0.128s] DEBUG:colcon.colcon_core.package_identification:Package 'src/ur5_ros2/ur5_arm/ur5_description' with type 'ros.ament_cmake' and name 'ur5_description'
[0.128s] Level 1:colcon.colcon_core.package_identification:_identify(src/ur5_ros2/ur5_controller) by extensions ['ignore', 'ignore_ament_install']
[0.128s] Level 1:colcon.colcon_core.package_identification:_identify(src/ur5_ros2/ur5_controller) by extension 'ignore'
[0.128s] Level 1:colcon.colcon_core.package_identification:_identify(src/ur5_ros2/ur5_controller) by extension 'ignore_ament_install'
[0.128s] Level 1:colcon.colcon_core.package_identification:_identify(src/ur5_ros2/ur5_controller) by extensions ['colcon_pkg']
[0.128s] Level 1:colcon.colcon_core.package_identification:_identify(src/ur5_ros2/ur5_controller) by extension 'colcon_pkg'
[0.128s] Level 1:colcon.colcon_core.package_identification:_identify(src/ur5_ros2/ur5_controller) by extensions ['colcon_meta']
[0.128s] Level 1:colcon.colcon_core.package_identification:_identify(src/ur5_ros2/ur5_controller) by extension 'colcon_meta'
[0.128s] Level 1:colcon.colcon_core.package_identification:_identify(src/ur5_ros2/ur5_controller) by extensions ['ros']
[0.128s] Level 1:colcon.colcon_core.package_identification:_identify(src/ur5_ros2/ur5_controller) by extension 'ros'
[0.129s] DEBUG:colcon.colcon_core.package_identification:Package 'src/ur5_ros2/ur5_controller' with type 'ros.ament_cmake' and name 'ur5_controller'
[0.129s] Level 1:colcon.colcon_core.package_identification:_identify(src/ur5_ros2/ur5_interface) by extensions ['ignore', 'ignore_ament_install']
[0.129s] Level 1:colcon.colcon_core.package_identification:_identify(src/ur5_ros2/ur5_interface) by extension 'ignore'
[0.129s] Level 1:colcon.colcon_core.package_identification:_identify(src/ur5_ros2/ur5_interface) by extension 'ignore_ament_install'
[0.129s] Level 1:colcon.colcon_core.package_identification:_identify(src/ur5_ros2/ur5_interface) by extensions ['colcon_pkg']
[0.129s] Level 1:colcon.colcon_core.package_identification:_identify(src/ur5_ros2/ur5_interface) by extension 'colcon_pkg'
[0.129s] Level 1:colcon.colcon_core.package_identification:_identify(src/ur5_ros2/ur5_interface) by extensions ['colcon_meta']
[0.129s] Level 1:colcon.colcon_core.package_identification:_identify(src/ur5_ros2/ur5_interface) by extension 'colcon_meta'
[0.129s] Level 1:colcon.colcon_core.package_identification:_identify(src/ur5_ros2/ur5_interface) by extensions ['ros']
[0.129s] Level 1:colcon.colcon_core.package_identification:_identify(src/ur5_ros2/ur5_interface) by extension 'ros'
[0.130s] DEBUG:colcon.colcon_core.package_identification:Package 'src/ur5_ros2/ur5_interface' with type 'ros.ament_cmake' and name 'ur5_interface'
[0.130s] Level 1:colcon.colcon_core.package_discovery:discover_packages(recursive) using defaults
[0.130s] Level 1:colcon.colcon_core.package_discovery:discover_packages(ignore) discover
[0.130s] Level 1:colcon.colcon_core.package_discovery:discover_packages(ignore) using defaults
[0.130s] Level 1:colcon.colcon_core.package_discovery:discover_packages(path) discover
[0.130s] Level 1:colcon.colcon_core.package_discovery:discover_packages(path) using defaults
[0.144s] Level 1:colcon.colcon_core.package_discovery:discover_packages(prefix_path) check parameters
[0.144s] Level 1:colcon.colcon_core.package_discovery:discover_packages(prefix_path) discover
[0.145s] DEBUG:colcon.colcon_installed_package_information.package_discovery:Found 285 installed packages in /opt/ros/humble
[0.146s] Level 1:colcon.colcon_core.package_discovery:discover_packages(prefix_path) using defaults
[0.161s] Level 5:colcon.colcon_core.verb:set package 'arm_interface' build argument 'cmake_args' from command line to 'None'
[0.161s] Level 5:colcon.colcon_core.verb:set package 'arm_interface' build argument 'cmake_target' from command line to 'None'
[0.161s] Level 5:colcon.colcon_core.verb:set package 'arm_interface' build argument 'cmake_target_skip_unavailable' from command line to 'False'
[0.161s] Level 5:colcon.colcon_core.verb:set package 'arm_interface' build argument 'cmake_clean_cache' from command line to 'False'
[0.161s] Level 5:colcon.colcon_core.verb:set package 'arm_interface' build argument 'cmake_clean_first' from command line to 'False'
[0.161s] Level 5:colcon.colcon_core.verb:set package 'arm_interface' build argument 'cmake_force_configure' from command line to 'False'
[0.161s] Level 5:colcon.colcon_core.verb:set package 'arm_interface' build argument 'ament_cmake_args' from command line to 'None'
[0.161s] Level 5:colcon.colcon_core.verb:set package 'arm_interface' build argument 'catkin_cmake_args' from command line to 'None'
[0.161s] Level 5:colcon.colcon_core.verb:set package 'arm_interface' build argument 'catkin_skip_building_tests' from command line to 'False'
[0.161s] DEBUG:colcon.colcon_core.verb:Building package 'arm_interface' with the following arguments: {'ament_cmake_args': None, 'build_base': '/home/wyd/arm_ws/build/arm_interface', 'catkin_cmake_args': None, 'catkin_skip_building_tests': False, 'cmake_args': None, 'cmake_clean_cache': False, 'cmake_clean_first': False, 'cmake_force_configure': False, 'cmake_target': None, 'cmake_target_skip_unavailable': False, 'install_base': '/home/wyd/arm_ws/install/arm_interface', 'merge_install': False, 'path': '/home/wyd/arm_ws/src/moying_arm/arm_interface', 'symlink_install': False, 'test_result_base': None}
[0.161s] Level 5:colcon.colcon_core.verb:set package 'moying_arm_description' build argument 'cmake_args' from command line to 'None'
[0.161s] Level 5:colcon.colcon_core.verb:set package 'moying_arm_description' build argument 'cmake_target' from command line to 'None'
[0.161s] Level 5:colcon.colcon_core.verb:set package 'moying_arm_description' build argument 'cmake_target_skip_unavailable' from command line to 'False'
[0.161s] Level 5:colcon.colcon_core.verb:set package 'moying_arm_description' build argument 'cmake_clean_cache' from command line to 'False'
[0.161s] Level 5:colcon.colcon_core.verb:set package 'moying_arm_description' build argument 'cmake_clean_first' from command line to 'False'
[0.161s] Level 5:colcon.colcon_core.verb:set package 'moying_arm_description' build argument 'cmake_force_configure' from command line to 'False'
[0.161s] Level 5:colcon.colcon_core.verb:set package 'moying_arm_description' build argument 'ament_cmake_args' from command line to 'None'
[0.161s] Level 5:colcon.colcon_core.verb:set package 'moying_arm_description' build argument 'catkin_cmake_args' from command line to 'None'
[0.161s] Level 5:colcon.colcon_core.verb:set package 'moying_arm_description' build argument 'catkin_skip_building_tests' from command line to 'False'
[0.161s] DEBUG:colcon.colcon_core.verb:Building package 'moying_arm_description' with the following arguments: {'ament_cmake_args': None, 'build_base': '/home/wyd/arm_ws/build/moying_arm_description', 'catkin_cmake_args': None, 'catkin_skip_building_tests': False, 'cmake_args': None, 'cmake_clean_cache': False, 'cmake_clean_first': False, 'cmake_force_configure': False, 'cmake_target': None, 'cmake_target_skip_unavailable': False, 'install_base': '/home/wyd/arm_ws/install/moying_arm_description', 'merge_install': False, 'path': '/home/wyd/arm_ws/src/moying_arm/moying_arm/moying_arm_description', 'symlink_install': False, 'test_result_base': None}
[0.162s] Level 5:colcon.colcon_core.verb:set package 'moying_arm_hardware' build argument 'cmake_args' from command line to 'None'
[0.162s] Level 5:colcon.colcon_core.verb:set package 'moying_arm_hardware' build argument 'cmake_target' from command line to 'None'
[0.162s] Level 5:colcon.colcon_core.verb:set package 'moying_arm_hardware' build argument 'cmake_target_skip_unavailable' from command line to 'False'
[0.162s] Level 5:colcon.colcon_core.verb:set package 'moying_arm_hardware' build argument 'cmake_clean_cache' from command line to 'False'
[0.162s] Level 5:colcon.colcon_core.verb:set package 'moying_arm_hardware' build argument 'cmake_clean_first' from command line to 'False'
[0.162s] Level 5:colcon.colcon_core.verb:set package 'moying_arm_hardware' build argument 'cmake_force_configure' from command line to 'False'
[0.162s] Level 5:colcon.colcon_core.verb:set package 'moying_arm_hardware' build argument 'ament_cmake_args' from command line to 'None'
[0.162s] Level 5:colcon.colcon_core.verb:set package 'moying_arm_hardware' build argument 'catkin_cmake_args' from command line to 'None'
[0.162s] Level 5:colcon.colcon_core.verb:set package 'moying_arm_hardware' build argument 'catkin_skip_building_tests' from command line to 'False'
[0.162s] DEBUG:colcon.colcon_core.verb:Building package 'moying_arm_hardware' with the following arguments: {'ament_cmake_args': None, 'build_base': '/home/wyd/arm_ws/build/moying_arm_hardware', 'catkin_cmake_args': None, 'catkin_skip_building_tests': False, 'cmake_args': None, 'cmake_clean_cache': False, 'cmake_clean_first': False, 'cmake_force_configure': False, 'cmake_target': None, 'cmake_target_skip_unavailable': False, 'install_base': '/home/wyd/arm_ws/install/moying_arm_hardware', 'merge_install': False, 'path': '/home/wyd/arm_ws/src/moying_arm/moying_arm/moying_arm_hardware', 'symlink_install': False, 'test_result_base': None}
[0.162s] Level 5:colcon.colcon_core.verb:set package 'ur5_bringup' build argument 'cmake_args' from command line to 'None'
[0.162s] Level 5:colcon.colcon_core.verb:set package 'ur5_bringup' build argument 'cmake_target' from command line to 'None'
[0.162s] Level 5:colcon.colcon_core.verb:set package 'ur5_bringup' build argument 'cmake_target_skip_unavailable' from command line to 'False'
[0.162s] Level 5:colcon.colcon_core.verb:set package 'ur5_bringup' build argument 'cmake_clean_cache' from command line to 'False'
[0.162s] Level 5:colcon.colcon_core.verb:set package 'ur5_bringup' build argument 'cmake_clean_first' from command line to 'False'
[0.162s] Level 5:colcon.colcon_core.verb:set package 'ur5_bringup' build argument 'cmake_force_configure' from command line to 'False'
[0.162s] Level 5:colcon.colcon_core.verb:set package 'ur5_bringup' build argument 'ament_cmake_args' from command line to 'None'
[0.162s] Level 5:colcon.colcon_core.verb:set package 'ur5_bringup' build argument 'catkin_cmake_args' from command line to 'None'
[0.162s] Level 5:colcon.colcon_core.verb:set package 'ur5_bringup' build argument 'catkin_skip_building_tests' from command line to 'False'
[0.162s] DEBUG:colcon.colcon_core.verb:Building package 'ur5_bringup' with the following arguments: {'ament_cmake_args': None, 'build_base': '/home/wyd/arm_ws/build/ur5_bringup', 'catkin_cmake_args': None, 'catkin_skip_building_tests': False, 'cmake_args': None, 'cmake_clean_cache': False, 'cmake_clean_first': False, 'cmake_force_configure': False, 'cmake_target': None, 'cmake_target_skip_unavailable': False, 'install_base': '/home/wyd/arm_ws/install/ur5_bringup', 'merge_install': False, 'path': '/home/wyd/arm_ws/src/ur5_ros2/ur5_arm/ur5_bringup', 'symlink_install': False, 'test_result_base': None}
[0.162s] Level 5:colcon.colcon_core.verb:set package 'ur5_interface' build argument 'cmake_args' from command line to 'None'
[0.162s] Level 5:colcon.colcon_core.verb:set package 'ur5_interface' build argument 'cmake_target' from command line to 'None'
[0.162s] Level 5:colcon.colcon_core.verb:set package 'ur5_interface' build argument 'cmake_target_skip_unavailable' from command line to 'False'
[0.162s] Level 5:colcon.colcon_core.verb:set package 'ur5_interface' build argument 'cmake_clean_cache' from command line to 'False'
[0.162s] Level 5:colcon.colcon_core.verb:set package 'ur5_interface' build argument 'cmake_clean_first' from command line to 'False'
[0.162s] Level 5:colcon.colcon_core.verb:set package 'ur5_interface' build argument 'cmake_force_configure' from command line to 'False'
[0.162s] Level 5:colcon.colcon_core.verb:set package 'ur5_interface' build argument 'ament_cmake_args' from command line to 'None'
[0.162s] Level 5:colcon.colcon_core.verb:set package 'ur5_interface' build argument 'catkin_cmake_args' from command line to 'None'
[0.162s] Level 5:colcon.colcon_core.verb:set package 'ur5_interface' build argument 'catkin_skip_building_tests' from command line to 'False'
[0.162s] DEBUG:colcon.colcon_core.verb:Building package 'ur5_interface' with the following arguments: {'ament_cmake_args': None, 'build_base': '/home/wyd/arm_ws/build/ur5_interface', 'catkin_cmake_args': None, 'catkin_skip_building_tests': False, 'cmake_args': None, 'cmake_clean_cache': False, 'cmake_clean_first': False, 'cmake_force_configure': False, 'cmake_target': None, 'cmake_target_skip_unavailable': False, 'install_base': '/home/wyd/arm_ws/install/ur5_interface', 'merge_install': False, 'path': '/home/wyd/arm_ws/src/ur5_ros2/ur5_interface', 'symlink_install': False, 'test_result_base': None}
[0.162s] Level 5:colcon.colcon_core.verb:set package 'arm_controller' build argument 'cmake_args' from command line to 'None'
[0.162s] Level 5:colcon.colcon_core.verb:set package 'arm_controller' build argument 'cmake_target' from command line to 'None'
[0.162s] Level 5:colcon.colcon_core.verb:set package 'arm_controller' build argument 'cmake_target_skip_unavailable' from command line to 'False'
[0.162s] Level 5:colcon.colcon_core.verb:set package 'arm_controller' build argument 'cmake_clean_cache' from command line to 'False'
[0.162s] Level 5:colcon.colcon_core.verb:set package 'arm_controller' build argument 'cmake_clean_first' from command line to 'False'
[0.162s] Level 5:colcon.colcon_core.verb:set package 'arm_controller' build argument 'cmake_force_configure' from command line to 'False'
[0.162s] Level 5:colcon.colcon_core.verb:set package 'arm_controller' build argument 'ament_cmake_args' from command line to 'None'
[0.162s] Level 5:colcon.colcon_core.verb:set package 'arm_controller' build argument 'catkin_cmake_args' from command line to 'None'
[0.162s] Level 5:colcon.colcon_core.verb:set package 'arm_controller' build argument 'catkin_skip_building_tests' from command line to 'False'
[0.162s] DEBUG:colcon.colcon_core.verb:Building package 'arm_controller' with the following arguments: {'ament_cmake_args': None, 'build_base': '/home/wyd/arm_ws/build/arm_controller', 'catkin_cmake_args': None, 'catkin_skip_building_tests': False, 'cmake_args': None, 'cmake_clean_cache': False, 'cmake_clean_first': False, 'cmake_force_configure': False, 'cmake_target': None, 'cmake_target_skip_unavailable': False, 'install_base': '/home/wyd/arm_ws/install/arm_controller', 'merge_install': False, 'path': '/home/wyd/arm_ws/src/moying_arm/arm_controller', 'symlink_install': False, 'test_result_base': None}
[0.162s] Level 5:colcon.colcon_core.verb:set package 'ur5_controller' build argument 'cmake_args' from command line to 'None'
[0.162s] Level 5:colcon.colcon_core.verb:set package 'ur5_controller' build argument 'cmake_target' from command line to 'None'
[0.162s] Level 5:colcon.colcon_core.verb:set package 'ur5_controller' build argument 'cmake_target_skip_unavailable' from command line to 'False'
[0.162s] Level 5:colcon.colcon_core.verb:set package 'ur5_controller' build argument 'cmake_clean_cache' from command line to 'False'
[0.162s] Level 5:colcon.colcon_core.verb:set package 'ur5_controller' build argument 'cmake_clean_first' from command line to 'False'
[0.162s] Level 5:colcon.colcon_core.verb:set package 'ur5_controller' build argument 'cmake_force_configure' from command line to 'False'
[0.162s] Level 5:colcon.colcon_core.verb:set package 'ur5_controller' build argument 'ament_cmake_args' from command line to 'None'
[0.163s] Level 5:colcon.colcon_core.verb:set package 'ur5_controller' build argument 'catkin_cmake_args' from command line to 'None'
[0.163s] Level 5:colcon.colcon_core.verb:set package 'ur5_controller' build argument 'catkin_skip_building_tests' from command line to 'False'
[0.163s] DEBUG:colcon.colcon_core.verb:Building package 'ur5_controller' with the following arguments: {'ament_cmake_args': None, 'build_base': '/home/wyd/arm_ws/build/ur5_controller', 'catkin_cmake_args': None, 'catkin_skip_building_tests': False, 'cmake_args': None, 'cmake_clean_cache': False, 'cmake_clean_first': False, 'cmake_force_configure': False, 'cmake_target': None, 'cmake_target_skip_unavailable': False, 'install_base': '/home/wyd/arm_ws/install/ur5_controller', 'merge_install': False, 'path': '/home/wyd/arm_ws/src/ur5_ros2/ur5_controller', 'symlink_install': False, 'test_result_base': None}
[0.163s] Level 5:colcon.colcon_core.verb:set package 'moying_arm_bringup' build argument 'cmake_args' from command line to 'None'
[0.163s] Level 5:colcon.colcon_core.verb:set package 'moying_arm_bringup' build argument 'cmake_target' from command line to 'None'
[0.163s] Level 5:colcon.colcon_core.verb:set package 'moying_arm_bringup' build argument 'cmake_target_skip_unavailable' from command line to 'False'
[0.163s] Level 5:colcon.colcon_core.verb:set package 'moying_arm_bringup' build argument 'cmake_clean_cache' from command line to 'False'
[0.163s] Level 5:colcon.colcon_core.verb:set package 'moying_arm_bringup' build argument 'cmake_clean_first' from command line to 'False'
[0.163s] Level 5:colcon.colcon_core.verb:set package 'moying_arm_bringup' build argument 'cmake_force_configure' from command line to 'False'
[0.163s] Level 5:colcon.colcon_core.verb:set package 'moying_arm_bringup' build argument 'ament_cmake_args' from command line to 'None'
[0.163s] Level 5:colcon.colcon_core.verb:set package 'moying_arm_bringup' build argument 'catkin_cmake_args' from command line to 'None'
[0.163s] Level 5:colcon.colcon_core.verb:set package 'moying_arm_bringup' build argument 'catkin_skip_building_tests' from command line to 'False'
[0.163s] DEBUG:colcon.colcon_core.verb:Building package 'moying_arm_bringup' with the following arguments: {'ament_cmake_args': None, 'build_base': '/home/wyd/arm_ws/build/moying_arm_bringup', 'catkin_cmake_args': None, 'catkin_skip_building_tests': False, 'cmake_args': None, 'cmake_clean_cache': False, 'cmake_clean_first': False, 'cmake_force_configure': False, 'cmake_target': None, 'cmake_target_skip_unavailable': False, 'install_base': '/home/wyd/arm_ws/install/moying_arm_bringup', 'merge_install': False, 'path': '/home/wyd/arm_ws/src/moying_arm/moying_arm/moying_arm_bringup', 'symlink_install': False, 'test_result_base': None}
[0.163s] Level 5:colcon.colcon_core.verb:set package 'ur5_description' build argument 'cmake_args' from command line to 'None'
[0.163s] Level 5:colcon.colcon_core.verb:set package 'ur5_description' build argument 'cmake_target' from command line to 'None'
[0.163s] Level 5:colcon.colcon_core.verb:set package 'ur5_description' build argument 'cmake_target_skip_unavailable' from command line to 'False'
[0.163s] Level 5:colcon.colcon_core.verb:set package 'ur5_description' build argument 'cmake_clean_cache' from command line to 'False'
[0.163s] Level 5:colcon.colcon_core.verb:set package 'ur5_description' build argument 'cmake_clean_first' from command line to 'False'
[0.163s] Level 5:colcon.colcon_core.verb:set package 'ur5_description' build argument 'cmake_force_configure' from command line to 'False'
[0.163s] Level 5:colcon.colcon_core.verb:set package 'ur5_description' build argument 'ament_cmake_args' from command line to 'None'
[0.163s] Level 5:colcon.colcon_core.verb:set package 'ur5_description' build argument 'catkin_cmake_args' from command line to 'None'
[0.163s] Level 5:colcon.colcon_core.verb:set package 'ur5_description' build argument 'catkin_skip_building_tests' from command line to 'False'
[0.163s] DEBUG:colcon.colcon_core.verb:Building package 'ur5_description' with the following arguments: {'ament_cmake_args': None, 'build_base': '/home/wyd/arm_ws/build/ur5_description', 'catkin_cmake_args': None, 'catkin_skip_building_tests': False, 'cmake_args': None, 'cmake_clean_cache': False, 'cmake_clean_first': False, 'cmake_force_configure': False, 'cmake_target': None, 'cmake_target_skip_unavailable': False, 'install_base': '/home/wyd/arm_ws/install/ur5_description', 'merge_install': False, 'path': '/home/wyd/arm_ws/src/ur5_ros2/ur5_arm/ur5_description', 'symlink_install': False, 'test_result_base': None}
[0.163s] INFO:colcon.colcon_core.executor:Executing jobs using 'parallel' executor
[0.164s] DEBUG:colcon.colcon_parallel_executor.executor.parallel:run_until_complete
[0.164s] INFO:colcon.colcon_ros.task.ament_cmake.build:Building ROS package in '/home/wyd/arm_ws/src/moying_arm/arm_interface' with build type 'ament_cmake'
[0.164s] INFO:colcon.colcon_cmake.task.cmake.build:Building CMake package in '/home/wyd/arm_ws/src/moying_arm/arm_interface'
[0.165s] INFO:colcon.colcon_core.plugin_system:Skipping extension 'colcon_core.shell.bat': Not used on non-Windows systems
[0.165s] INFO:colcon.colcon_core.shell:Skip shell extension 'powershell' for command environment: Not usable outside of PowerShell
[0.165s] DEBUG:colcon.colcon_core.shell:Skip shell extension 'dsv' for command environment
[0.166s] INFO:colcon.colcon_ros.task.ament_cmake.build:Building ROS package in '/home/wyd/arm_ws/src/ur5_ros2/ur5_interface' with build type 'ament_cmake'
[0.166s] INFO:colcon.colcon_cmake.task.cmake.build:Building CMake package in '/home/wyd/arm_ws/src/ur5_ros2/ur5_interface'
[0.166s] INFO:colcon.colcon_core.shell:Skip shell extension 'powershell' for command environment: Not usable outside of PowerShell
[0.166s] DEBUG:colcon.colcon_core.shell:Skip shell extension 'dsv' for command environment
[0.168s] INFO:colcon.colcon_ros.task.ament_cmake.build:Building ROS package in '/home/wyd/arm_ws/src/moying_arm/moying_arm/moying_arm_description' with build type 'ament_cmake'
[0.168s] INFO:colcon.colcon_cmake.task.cmake.build:Building CMake package in '/home/wyd/arm_ws/src/moying_arm/moying_arm/moying_arm_description'
[0.168s] INFO:colcon.colcon_core.shell:Skip shell extension 'powershell' for command environment: Not usable outside of PowerShell
[0.168s] DEBUG:colcon.colcon_core.shell:Skip shell extension 'dsv' for command environment
[0.169s] INFO:colcon.colcon_ros.task.ament_cmake.build:Building ROS package in '/home/wyd/arm_ws/src/moying_arm/moying_arm/moying_arm_hardware' with build type 'ament_cmake'
[0.169s] INFO:colcon.colcon_cmake.task.cmake.build:Building CMake package in '/home/wyd/arm_ws/src/moying_arm/moying_arm/moying_arm_hardware'
[0.169s] INFO:colcon.colcon_core.shell:Skip shell extension 'powershell' for command environment: Not usable outside of PowerShell
[0.169s] DEBUG:colcon.colcon_core.shell:Skip shell extension 'dsv' for command environment
[0.170s] INFO:colcon.colcon_ros.task.ament_cmake.build:Building ROS package in '/home/wyd/arm_ws/src/ur5_ros2/ur5_arm/ur5_bringup' with build type 'ament_cmake'
[0.170s] INFO:colcon.colcon_cmake.task.cmake.build:Building CMake package in '/home/wyd/arm_ws/src/ur5_ros2/ur5_arm/ur5_bringup'
[0.171s] INFO:colcon.colcon_core.shell:Skip shell extension 'powershell' for command environment: Not usable outside of PowerShell
[0.171s] DEBUG:colcon.colcon_core.shell:Skip shell extension 'dsv' for command environment
[0.174s] DEBUG:colcon.colcon_core.event_handler.log_command:Invoking command in '/home/wyd/arm_ws/build/arm_interface': CMAKE_PREFIX_PATH=/opt/ros/humble /usr/bin/cmake /home/wyd/arm_ws/src/moying_arm/arm_interface -DCMAKE_INSTALL_PREFIX=/home/wyd/arm_ws/install/arm_interface
[0.175s] DEBUG:colcon.colcon_core.event_handler.log_command:Invoking command in '/home/wyd/arm_ws/build/ur5_interface': CMAKE_PREFIX_PATH=/opt/ros/humble /usr/bin/cmake /home/wyd/arm_ws/src/ur5_ros2/ur5_interface -DCMAKE_INSTALL_PREFIX=/home/wyd/arm_ws/install/ur5_interface
[0.176s] DEBUG:colcon.colcon_core.event_handler.log_command:Invoking command in '/home/wyd/arm_ws/build/moying_arm_description': CMAKE_PREFIX_PATH=/opt/ros/humble /usr/bin/cmake /home/wyd/arm_ws/src/moying_arm/moying_arm/moying_arm_description -DCMAKE_INSTALL_PREFIX=/home/wyd/arm_ws/install/moying_arm_description
[0.178s] DEBUG:colcon.colcon_core.event_handler.log_command:Invoking command in '/home/wyd/arm_ws/build/moying_arm_hardware': CMAKE_PREFIX_PATH=/opt/ros/humble /usr/bin/cmake /home/wyd/arm_ws/src/moying_arm/moying_arm/moying_arm_hardware -DCMAKE_INSTALL_PREFIX=/home/wyd/arm_ws/install/moying_arm_hardware
[0.180s] DEBUG:colcon.colcon_core.event_handler.log_command:Invoking command in '/home/wyd/arm_ws/build/ur5_bringup': CMAKE_PREFIX_PATH=/opt/ros/humble /usr/bin/cmake /home/wyd/arm_ws/src/ur5_ros2/ur5_arm/ur5_bringup -DCMAKE_INSTALL_PREFIX=/home/wyd/arm_ws/install/ur5_bringup
[0.482s] DEBUG:colcon.colcon_core.event_handler.log_command:Invoked command in '/home/wyd/arm_ws/build/moying_arm_hardware' returned '1': CMAKE_PREFIX_PATH=/opt/ros/humble /usr/bin/cmake /home/wyd/arm_ws/src/moying_arm/moying_arm/moying_arm_hardware -DCMAKE_INSTALL_PREFIX=/home/wyd/arm_ws/install/moying_arm_hardware
[0.489s] Level 1:colcon.colcon_core.environment:create_environment_scripts_only(moying_arm_hardware)
[0.491s] Level 1:colcon.colcon_core.environment:checking '/home/wyd/arm_ws/install/moying_arm_hardware' for CMake module files
[0.491s] Level 1:colcon.colcon_core.environment:checking '/home/wyd/arm_ws/install/moying_arm_hardware' for CMake config files
[0.492s] Level 1:colcon.colcon_core.environment:checking '/home/wyd/arm_ws/install/moying_arm_hardware/bin'
[0.492s] Level 1:colcon.colcon_core.environment:checking '/home/wyd/arm_ws/install/moying_arm_hardware/lib/pkgconfig/moying_arm_hardware.pc'
[0.492s] Level 1:colcon.colcon_core.environment:checking '/home/wyd/arm_ws/install/moying_arm_hardware/lib/python3.10/site-packages'
[0.492s] Level 1:colcon.colcon_core.environment:checking '/home/wyd/arm_ws/install/moying_arm_hardware/bin'
[0.492s] INFO:colcon.colcon_core.shell:Creating package script '/home/wyd/arm_ws/install/moying_arm_hardware/share/moying_arm_hardware/package.ps1'
[0.493s] INFO:colcon.colcon_core.shell:Creating package descriptor '/home/wyd/arm_ws/install/moying_arm_hardware/share/moying_arm_hardware/package.dsv'
[0.493s] INFO:colcon.colcon_core.shell:Creating package script '/home/wyd/arm_ws/install/moying_arm_hardware/share/moying_arm_hardware/package.sh'
[0.494s] INFO:colcon.colcon_core.shell:Creating package script '/home/wyd/arm_ws/install/moying_arm_hardware/share/moying_arm_hardware/package.bash'
[0.494s] INFO:colcon.colcon_core.shell:Creating package script '/home/wyd/arm_ws/install/moying_arm_hardware/share/moying_arm_hardware/package.zsh'
[0.495s] Level 1:colcon.colcon_core.environment:create_file_with_runtime_dependencies(/home/wyd/arm_ws/install/moying_arm_hardware/share/colcon-core/packages/moying_arm_hardware)
[0.566s] DEBUG:colcon.colcon_parallel_executor.executor.parallel:closing loop
[0.566s] DEBUG:colcon.colcon_parallel_executor.executor.parallel:loop closed
[0.566s] DEBUG:colcon.colcon_parallel_executor.executor.parallel:run_until_complete finished with '1'
[0.566s] DEBUG:colcon.colcon_core.event_reactor:joining thread
[0.571s] INFO:colcon.colcon_core.plugin_system:Skipping extension 'colcon_notification.desktop_notification.terminal_notifier': Not used on non-Darwin systems
[0.571s] INFO:colcon.colcon_core.plugin_system:Skipping extension 'colcon_notification.desktop_notification.win32': Not used on non-Windows systems
[0.571s] INFO:colcon.colcon_notification.desktop_notification:Sending desktop notification using 'notify2'
[0.584s] DEBUG:colcon.colcon_core.event_reactor:joined thread
[0.584s] INFO:colcon.colcon_core.shell:Creating prefix script '/home/wyd/arm_ws/install/local_setup.ps1'
[0.586s] INFO:colcon.colcon_core.shell:Creating prefix util module '/home/wyd/arm_ws/install/_local_setup_util_ps1.py'
[0.587s] INFO:colcon.colcon_core.shell:Creating prefix chain script '/home/wyd/arm_ws/install/setup.ps1'
[0.588s] INFO:colcon.colcon_core.shell:Creating prefix script '/home/wyd/arm_ws/install/local_setup.sh'
[0.589s] INFO:colcon.colcon_core.shell:Creating prefix util module '/home/wyd/arm_ws/install/_local_setup_util_sh.py'
[0.589s] INFO:colcon.colcon_core.shell:Creating prefix chain script '/home/wyd/arm_ws/install/setup.sh'
[0.590s] INFO:colcon.colcon_core.shell:Creating prefix script '/home/wyd/arm_ws/install/local_setup.bash'
[0.591s] INFO:colcon.colcon_core.shell:Creating prefix chain script '/home/wyd/arm_ws/install/setup.bash'
[0.591s] INFO:colcon.colcon_core.shell:Creating prefix script '/home/wyd/arm_ws/install/local_setup.zsh'
[0.592s] INFO:colcon.colcon_core.shell:Creating prefix chain script '/home/wyd/arm_ws/install/setup.zsh'
