-- Install configuration: ""
-- Installing: /home/wyd/arm_ws/install/ur5_gripper_moveit_config/share/ur5_gripper_moveit_config/config
-- Installing: /home/wyd/arm_ws/install/ur5_gripper_moveit_config/share/ur5_gripper_moveit_config/config/hand.urdf.xacro
-- Installing: /home/wyd/arm_ws/install/ur5_gripper_moveit_config/share/ur5_gripper_moveit_config/config/ur5_gripper.srdf.xacro
-- Installing: /home/wyd/arm_ws/install/ur5_gripper_moveit_config/share/ur5_gripper_moveit_config/config/ur5_gripper.srdf
-- Installing: /home/wyd/arm_ws/install/ur5_gripper_moveit_config/share/ur5_gripper_moveit_config/config/ur_macro.srdf.xacro
-- Installing: /home/wyd/arm_ws/install/ur5_gripper_moveit_config/share/ur5_gripper_moveit_config/config/ur_servo.yaml
-- Installing: /home/wyd/arm_ws/install/ur5_gripper_moveit_config/share/ur5_gripper_moveit_config/config/ur5_macro.xacro
-- Installing: /home/wyd/arm_ws/install/ur5_gripper_moveit_config/share/ur5_gripper_moveit_config/config/ur_controllers.yaml
-- Installing: /home/wyd/arm_ws/install/ur5_gripper_moveit_config/share/ur5_gripper_moveit_config/config/kinematics.yaml
-- Installing: /home/wyd/arm_ws/install/ur5_gripper_moveit_config/share/ur5_gripper_moveit_config/config/ur5_update_rate.yaml
-- Installing: /home/wyd/arm_ws/install/ur5_gripper_moveit_config/share/ur5_gripper_moveit_config/config/ompl_planning.yaml
-- Installing: /home/wyd/arm_ws/install/ur5_gripper_moveit_config/share/ur5_gripper_moveit_config/config/controllers.yaml
-- Installing: /home/wyd/arm_ws/install/ur5_gripper_moveit_config/share/ur5_gripper_moveit_config/config/ur5_gripper.urdf.xacro
-- Installing: /home/wyd/arm_ws/install/ur5_gripper_moveit_config/share/ur5_gripper_moveit_config/launch
-- Installing: /home/wyd/arm_ws/install/ur5_gripper_moveit_config/share/ur5_gripper_moveit_config/launch/ur5_control.launch.py
-- Installing: /home/wyd/arm_ws/install/ur5_gripper_moveit_config/share/ur5_gripper_moveit_config/launch/ur5_gripper_moveit.launch copy.py
-- Installing: /home/wyd/arm_ws/install/ur5_gripper_moveit_config/share/ur5_gripper_moveit_config/launch/ur5_moveit.launch.py
-- Installing: /home/wyd/arm_ws/install/ur5_gripper_moveit_config/share/ur5_gripper_moveit_config/rviz
-- Installing: /home/wyd/arm_ws/install/ur5_gripper_moveit_config/share/ur5_gripper_moveit_config/rviz/view_robot.rviz
-- Installing: /home/wyd/arm_ws/install/ur5_gripper_moveit_config/share/ur5_gripper_moveit_config/srdf
-- Installing: /home/wyd/arm_ws/install/ur5_gripper_moveit_config/share/ur5_gripper_moveit_config/srdf/ur_macro.srdf.xacro
-- Installing: /home/wyd/arm_ws/install/ur5_gripper_moveit_config/share/ur5_gripper_moveit_config/srdf/ur_gripper_macro.srdf.xacro
-- Installing: /home/wyd/arm_ws/install/ur5_gripper_moveit_config/share/ur5_gripper_moveit_config/srdf/ur.srdf.xacro
-- Installing: /home/wyd/arm_ws/install/ur5_gripper_moveit_config/share/ur5_gripper_moveit_config/srdf/ur_gripper.srdf.xacro
-- Installing: /home/wyd/arm_ws/install/ur5_gripper_moveit_config/share/ament_index/resource_index/package_run_dependencies/ur5_gripper_moveit_config
-- Installing: /home/wyd/arm_ws/install/ur5_gripper_moveit_config/share/ament_index/resource_index/parent_prefix_path/ur5_gripper_moveit_config
-- Installing: /home/wyd/arm_ws/install/ur5_gripper_moveit_config/share/ur5_gripper_moveit_config/environment/ament_prefix_path.sh
-- Installing: /home/wyd/arm_ws/install/ur5_gripper_moveit_config/share/ur5_gripper_moveit_config/environment/ament_prefix_path.dsv
-- Installing: /home/wyd/arm_ws/install/ur5_gripper_moveit_config/share/ur5_gripper_moveit_config/environment/path.sh
-- Installing: /home/wyd/arm_ws/install/ur5_gripper_moveit_config/share/ur5_gripper_moveit_config/environment/path.dsv
-- Installing: /home/wyd/arm_ws/install/ur5_gripper_moveit_config/share/ur5_gripper_moveit_config/local_setup.bash
-- Installing: /home/wyd/arm_ws/install/ur5_gripper_moveit_config/share/ur5_gripper_moveit_config/local_setup.sh
-- Installing: /home/wyd/arm_ws/install/ur5_gripper_moveit_config/share/ur5_gripper_moveit_config/local_setup.zsh
-- Installing: /home/wyd/arm_ws/install/ur5_gripper_moveit_config/share/ur5_gripper_moveit_config/local_setup.dsv
-- Installing: /home/wyd/arm_ws/install/ur5_gripper_moveit_config/share/ur5_gripper_moveit_config/package.dsv
-- Installing: /home/wyd/arm_ws/install/ur5_gripper_moveit_config/share/ament_index/resource_index/packages/ur5_gripper_moveit_config
-- Installing: /home/wyd/arm_ws/install/ur5_gripper_moveit_config/share/ur5_gripper_moveit_config/cmake/ur5_gripper_moveit_configConfig.cmake
-- Installing: /home/wyd/arm_ws/install/ur5_gripper_moveit_config/share/ur5_gripper_moveit_config/cmake/ur5_gripper_moveit_configConfig-version.cmake
-- Installing: /home/wyd/arm_ws/install/ur5_gripper_moveit_config/share/ur5_gripper_moveit_config/package.xml
