[0.056s] Invoking command in '/root/ocs2_ros2/ros_ws/src/ur5_ros2/build/hand_demo': /usr/bin/cmake /root/ocs2_ros2/ros_ws/src/ur5_ros2/ur5_arm/hand_demo -DCATKIN_INSTALL_INTO_PREFIX_ROOT=0 -DCMAKE_INSTALL_PREFIX=/root/ocs2_ros2/ros_ws/src/ur5_ros2/install/hand_demo
[0.312s] -- The C compiler identification is GNU 11.4.0
[0.496s] -- The CXX compiler identification is GNU 11.4.0
[0.519s] -- Detecting C compiler ABI info
[0.834s] -- Detecting C compiler ABI info - done
[0.854s] -- Check for working C compiler: /usr/bin/cc - skipped
[0.854s] -- Detecting C compile features
[0.854s] -- Detecting C compile features - done
[0.860s] -- Detecting CXX compiler ABI info
[1.179s] -- Detecting CXX compiler ABI info - done
[1.200s] -- Check for working CXX compiler: /usr/bin/c++ - skipped
[1.200s] -- Detecting CXX compile features
[1.201s] -- Detecting CXX compile features - done
[1.242s] [31mCMake Error at CMakeLists.txt:10 (find_package):
[1.243s]   By not providing "Findcatkin.cmake" in CMAKE_MODULE_PATH this project has
[1.243s]   asked CMake to find a package configuration file provided by "catkin", but
[1.243s]   CMake did not find one.
[1.243s] 
[1.243s]   Could not find a package configuration file provided by "catkin" with any
[1.243s]   of the following names:
[1.243s] 
[1.244s]     catkinConfig.cmake
[1.244s]     catkin-config.cmake
[1.244s] 
[1.244s]   Add the installation prefix of "catkin" to CMAKE_PREFIX_PATH or set
[1.244s]   "catkin_DIR" to a directory containing one of the above files.  If "catkin"
[1.244s]   provides a separate development package or SDK, be sure it has been
[1.244s]   installed.
[1.245s] 
[1.245s] [0m
[1.245s] -- Configuring incomplete, errors occurred!
[1.245s] See also "/root/ocs2_ros2/ros_ws/src/ur5_ros2/build/hand_demo/CMakeFiles/CMakeOutput.log".
[1.247s] Invoked command in '/root/ocs2_ros2/ros_ws/src/ur5_ros2/build/hand_demo' returned '1': /usr/bin/cmake /root/ocs2_ros2/ros_ws/src/ur5_ros2/ur5_arm/hand_demo -DCATKIN_INSTALL_INTO_PREFIX_ROOT=0 -DCMAKE_INSTALL_PREFIX=/root/ocs2_ros2/ros_ws/src/ur5_ros2/install/hand_demo
