[0.013s] Invoking command in '/home/wyd/arm_ws/build/moying_arm_hardware': CMAKE_PREFIX_PATH=/home/wyd/OCS2_ROS2/install/ocs2_ros2:/home/wyd/OCS2_ROS2/install/ocs2_robotic_examples:/home/wyd/OCS2_ROS2/install/ocs2_anymal:/home/wyd/OCS2_ROS2/install/ocs2_anymal_loopshaping_mpc:/home/wyd/OCS2_ROS2/install/ocs2_quadruped_loopshaping_interface:/home/wyd/OCS2_ROS2/install/ocs2_anymal_mpc:/home/wyd/OCS2_ROS2/install/ocs2_quadruped_interface:/home/wyd/OCS2_ROS2/install/segmented_planes_terrain_model:/home/wyd/OCS2_ROS2/install/ocs2_sphere_approximation:/home/wyd/OCS2_ROS2/install/ocs2_pinocchio:/home/wyd/OCS2_ROS2/install/ocs2_mobile_manipulator_ros:/home/wyd/OCS2_ROS2/install/ocs2_self_collision_visualization:/home/wyd/OCS2_ROS2/install/ocs2_mobile_manipulator:/home/wyd/OCS2_ROS2/install/ocs2_self_collision:/home/wyd/OCS2_ROS2/install/ocs2_raisim:/home/wyd/OCS2_ROS2/install/ocs2_legged_robot_raisim:/home/wyd/OCS2_ROS2/install/ocs2_legged_robot_ros:/home/wyd/OCS2_ROS2/install/ocs2_legged_robot:/home/wyd/OCS2_ROS2/install/ocs2_centroidal_model:/home/wyd/OCS2_ROS2/install/ocs2_anymal_models:/home/wyd/OCS2_ROS2/install/ocs2_pinocchio_interface:/home/wyd/OCS2_ROS2/install/pinocchio:/home/wyd/OCS2_ROS2/install/ocs2_anymal_commands:/home/wyd/OCS2_ROS2/install/ocs2_switched_model_interface:/home/wyd/OCS2_ROS2/install/ocs2_ballbot_ros:/home/wyd/OCS2_ROS2/install/ocs2_ballbot:/home/wyd/OCS2_ROS2/install/ocs2_sqp:/home/wyd/OCS2_ROS2/install/ocs2_slp:/home/wyd/OCS2_ROS2/install/ocs2_quadrotor_ros:/home/wyd/OCS2_ROS2/install/ocs2_double_integrator_ros:/home/wyd/OCS2_ROS2/install/ocs2_cartpole_ros:/home/wyd/OCS2_ROS2/install/ocs2_ros_interfaces:/home/wyd/OCS2_ROS2/install/ocs2_quadrotor:/home/wyd/OCS2_ROS2/install/ocs2_double_integrator:/home/wyd/OCS2_ROS2/install/ocs2_python_interface:/home/wyd/OCS2_ROS2/install/ocs2_perceptive:/home/wyd/OCS2_ROS2/install/ocs2_cartpole:/home/wyd/OCS2_ROS2/install/ocs2_robotic_tools:/home/wyd/OCS2_ROS2/install/ocs2_raisim_ros:/home/wyd/OCS2_ROS2/install/ocs2_raisim_core:/home/wyd/OCS2_ROS2/install/ocs2_ocs2:/home/wyd/OCS2_ROS2/install/ocs2_ipm:/home/wyd/OCS2_ROS2/install/ocs2_ddp:/home/wyd/OCS2_ROS2/install/hpipm_catkin:/home/wyd/OCS2_ROS2/install/ocs2_qp_solver:/home/wyd/OCS2_ROS2/install/ocs2_mpc:/home/wyd/OCS2_ROS2/install/ocs2_oc:/home/wyd/OCS2_ROS2/install/ocs2_frank_wolfe:/home/wyd/OCS2_ROS2/install/ocs2_core:/home/wyd/OCS2_ROS2/install/ocs2_thirdparty:/home/wyd/OCS2_ROS2/install/ocs2_switched_model_msgs:/home/wyd/OCS2_ROS2/install/ocs2_robotic_assets:/home/wyd/OCS2_ROS2/install/ocs2_msgs:/home/wyd/OCS2_ROS2/install/hpp-fcl:/home/wyd/OCS2_ROS2/install/convex_plane_decomposition_ros:/home/wyd/OCS2_ROS2/install/convex_plane_decomposition:/opt/ros/humble:/home/wyd/OCS2_ROS2/install/grid_map_filters_rsl:/home/wyd/OCS2_ROS2/install/convex_plane_decomposition_msgs:/home/wyd/OCS2_ROS2/install/cgal5_catkin:/home/wyd/OCS2_ROS2/install/blasfeo_catkin:/home/wyd/raisim/install/raisim /usr/bin/cmake /home/wyd/arm_ws/src/moying_arm/moying_arm/moying_arm_hardware -DCMAKE_INSTALL_PREFIX=/home/wyd/arm_ws/install/moying_arm_hardware
[0.020s] -- Found ament_cmake: 1.3.11 (/opt/ros/humble/share/ament_cmake/cmake)
[0.121s] -- Found hardware_interface: 2.50.0 (/opt/ros/humble/share/hardware_interface/cmake)
[0.136s] -- Found rosidl_generator_c: 3.1.6 (/opt/ros/humble/share/rosidl_generator_c/cmake)
[0.138s] -- Found rosidl_adapter: 3.1.6 (/opt/ros/humble/share/rosidl_adapter/cmake)
[0.141s] -- Found rosidl_generator_cpp: 3.1.6 (/opt/ros/humble/share/rosidl_generator_cpp/cmake)
[0.148s] -- Using all available rosidl_typesupport_c: rosidl_typesupport_fastrtps_c;rosidl_typesupport_introspection_c
[0.156s] -- Using all available rosidl_typesupport_cpp: rosidl_typesupport_fastrtps_cpp;rosidl_typesupport_introspection_cpp
[0.260s] -- Found rmw_implementation_cmake: 6.1.2 (/opt/ros/humble/share/rmw_implementation_cmake/cmake)
[0.262s] -- Found rmw_fastrtps_cpp: 6.2.7 (/opt/ros/humble/share/rmw_fastrtps_cpp/cmake)
[0.273s] -- Found TinyXML2 via Config file: TinyXML2_DIR-NOTFOUND
[0.282s] -- Found TinyXML2 via Config file: TinyXML2_DIR-NOTFOUND
[0.300s] -- Found TinyXML2 via Config file: TinyXML2_DIR-NOTFOUND
[0.308s] -- Found TinyXML2 via Config file: TinyXML2_DIR-NOTFOUND
[0.322s] -- Using RMW implementation 'rmw_fastrtps_cpp' as default
[0.360s] -- Configuring incomplete, errors occurred!
[0.360s] See also "/home/wyd/arm_ws/build/moying_arm_hardware/CMakeFiles/CMakeOutput.log".
[0.360s] [31mCMake Error at CMakeLists.txt:14 (find_package):
[0.360s]   By not providing "Findbaichuan_arm_dynamics_models.cmake" in
[0.360s]   CMAKE_MODULE_PATH this project has asked CMake to find a package
[0.360s]   configuration file provided by "baichuan_arm_dynamics_models", but CMake
[0.360s]   did not find one.
[0.360s] 
[0.360s]   Could not find a package configuration file provided by
[0.360s]   "baichuan_arm_dynamics_models" with any of the following names:
[0.360s] 
[0.360s]     baichuan_arm_dynamics_modelsConfig.cmake
[0.361s]     baichuan_arm_dynamics_models-config.cmake
[0.361s] 
[0.361s]   Add the installation prefix of "baichuan_arm_dynamics_models" to
[0.361s]   CMAKE_PREFIX_PATH or set "baichuan_arm_dynamics_models_DIR" to a directory
[0.361s]   containing one of the above files.  If "baichuan_arm_dynamics_models"
[0.361s]   provides a separate development package or SDK, be sure it has been
[0.361s]   installed.
[0.361s] 
[0.361s] [0m
[0.365s] Invoked command in '/home/wyd/arm_ws/build/moying_arm_hardware' returned '1': CMAKE_PREFIX_PATH=/home/wyd/OCS2_ROS2/install/ocs2_ros2:/home/wyd/OCS2_ROS2/install/ocs2_robotic_examples:/home/wyd/OCS2_ROS2/install/ocs2_anymal:/home/wyd/OCS2_ROS2/install/ocs2_anymal_loopshaping_mpc:/home/wyd/OCS2_ROS2/install/ocs2_quadruped_loopshaping_interface:/home/wyd/OCS2_ROS2/install/ocs2_anymal_mpc:/home/wyd/OCS2_ROS2/install/ocs2_quadruped_interface:/home/wyd/OCS2_ROS2/install/segmented_planes_terrain_model:/home/wyd/OCS2_ROS2/install/ocs2_sphere_approximation:/home/wyd/OCS2_ROS2/install/ocs2_pinocchio:/home/wyd/OCS2_ROS2/install/ocs2_mobile_manipulator_ros:/home/wyd/OCS2_ROS2/install/ocs2_self_collision_visualization:/home/wyd/OCS2_ROS2/install/ocs2_mobile_manipulator:/home/wyd/OCS2_ROS2/install/ocs2_self_collision:/home/wyd/OCS2_ROS2/install/ocs2_raisim:/home/wyd/OCS2_ROS2/install/ocs2_legged_robot_raisim:/home/wyd/OCS2_ROS2/install/ocs2_legged_robot_ros:/home/wyd/OCS2_ROS2/install/ocs2_legged_robot:/home/wyd/OCS2_ROS2/install/ocs2_centroidal_model:/home/wyd/OCS2_ROS2/install/ocs2_anymal_models:/home/wyd/OCS2_ROS2/install/ocs2_pinocchio_interface:/home/wyd/OCS2_ROS2/install/pinocchio:/home/wyd/OCS2_ROS2/install/ocs2_anymal_commands:/home/wyd/OCS2_ROS2/install/ocs2_switched_model_interface:/home/wyd/OCS2_ROS2/install/ocs2_ballbot_ros:/home/wyd/OCS2_ROS2/install/ocs2_ballbot:/home/wyd/OCS2_ROS2/install/ocs2_sqp:/home/wyd/OCS2_ROS2/install/ocs2_slp:/home/wyd/OCS2_ROS2/install/ocs2_quadrotor_ros:/home/wyd/OCS2_ROS2/install/ocs2_double_integrator_ros:/home/wyd/OCS2_ROS2/install/ocs2_cartpole_ros:/home/wyd/OCS2_ROS2/install/ocs2_ros_interfaces:/home/wyd/OCS2_ROS2/install/ocs2_quadrotor:/home/wyd/OCS2_ROS2/install/ocs2_double_integrator:/home/wyd/OCS2_ROS2/install/ocs2_python_interface:/home/wyd/OCS2_ROS2/install/ocs2_perceptive:/home/wyd/OCS2_ROS2/install/ocs2_cartpole:/home/wyd/OCS2_ROS2/install/ocs2_robotic_tools:/home/wyd/OCS2_ROS2/install/ocs2_raisim_ros:/home/wyd/OCS2_ROS2/install/ocs2_raisim_core:/home/wyd/OCS2_ROS2/install/ocs2_ocs2:/home/wyd/OCS2_ROS2/install/ocs2_ipm:/home/wyd/OCS2_ROS2/install/ocs2_ddp:/home/wyd/OCS2_ROS2/install/hpipm_catkin:/home/wyd/OCS2_ROS2/install/ocs2_qp_solver:/home/wyd/OCS2_ROS2/install/ocs2_mpc:/home/wyd/OCS2_ROS2/install/ocs2_oc:/home/wyd/OCS2_ROS2/install/ocs2_frank_wolfe:/home/wyd/OCS2_ROS2/install/ocs2_core:/home/wyd/OCS2_ROS2/install/ocs2_thirdparty:/home/wyd/OCS2_ROS2/install/ocs2_switched_model_msgs:/home/wyd/OCS2_ROS2/install/ocs2_robotic_assets:/home/wyd/OCS2_ROS2/install/ocs2_msgs:/home/wyd/OCS2_ROS2/install/hpp-fcl:/home/wyd/OCS2_ROS2/install/convex_plane_decomposition_ros:/home/wyd/OCS2_ROS2/install/convex_plane_decomposition:/opt/ros/humble:/home/wyd/OCS2_ROS2/install/grid_map_filters_rsl:/home/wyd/OCS2_ROS2/install/convex_plane_decomposition_msgs:/home/wyd/OCS2_ROS2/install/cgal5_catkin:/home/wyd/OCS2_ROS2/install/blasfeo_catkin:/home/wyd/raisim/install/raisim /usr/bin/cmake /home/wyd/arm_ws/src/moying_arm/moying_arm/moying_arm_hardware -DCMAKE_INSTALL_PREFIX=/home/wyd/arm_ws/install/moying_arm_hardware
