[0.009s] Invoking command in '/home/wyd/arm_ws/build/arm_interface': CMAKE_PREFIX_PATH=/opt/ros/humble /usr/bin/cmake /home/wyd/arm_ws/src/moying_arm/arm_interface -DCMAKE_INSTALL_PREFIX=/home/wyd/arm_ws/install/arm_interface
[0.017s] -- Found ament_cmake: 1.3.11 (/opt/ros/humble/share/ament_cmake/cmake)
[0.084s] -- Configuring incomplete, errors occurred!
[0.084s] See also "/home/wyd/arm_ws/build/arm_interface/CMakeFiles/CMakeOutput.log".
[0.085s] [31mCMake Error at CMakeLists.txt:27 (find_package):
[0.085s]   By not providing "Findocs2_core.cmake" in CMAKE_MODULE_PATH this project
[0.085s]   has asked CMake to find a package configuration file provided by
[0.085s]   "ocs2_core", but CMake did not find one.
[0.085s] 
[0.085s]   Could not find a package configuration file provided by "ocs2_core" with
[0.085s]   any of the following names:
[0.085s] 
[0.085s]     ocs2_coreConfig.cmake
[0.085s]     ocs2_core-config.cmake
[0.085s] 
[0.085s]   Add the installation prefix of "ocs2_core" to CMAKE_PREFIX_PATH or set
[0.085s]   "ocs2_core_DIR" to a directory containing one of the above files.  If
[0.085s]   "ocs2_core" provides a separate development package or SDK, be sure it has
[0.085s]   been installed.
[0.085s] 
[0.085s] [0m
[0.086s] Invoked command in '/home/wyd/arm_ws/build/arm_interface' returned '1': CMAKE_PREFIX_PATH=/opt/ros/humble /usr/bin/cmake /home/wyd/arm_ws/src/moying_arm/arm_interface -DCMAKE_INSTALL_PREFIX=/home/wyd/arm_ws/install/arm_interface
