[100%] Built target arm_interface
-- Install configuration: ""
-- Up-to-date: /home/wyd/arm_ws/install/arm_interface/lib/libarm_interface.a
-- Up-to-date: /home/wyd/arm_ws/install/arm_interface/include/arm_interface
-- Up-to-date: /home/wyd/arm_ws/install/arm_interface/include/arm_interface/arm_interface
-- Up-to-date: /home/wyd/arm_ws/install/arm_interface/include/arm_interface/arm_interface/arm_pinocchio_mapping.h
-- Up-to-date: /home/wyd/arm_ws/install/arm_interface/include/arm_interface/arm_interface/arm_precomputation.h
-- Up-to-date: /home/wyd/arm_ws/install/arm_interface/include/arm_interface/arm_interface/package_path.h.in
-- Up-to-date: /home/wyd/arm_ws/install/arm_interface/include/arm_interface/arm_interface/dynamics
-- Up-to-date: /home/wyd/arm_ws/install/arm_interface/include/arm_interface/arm_interface/dynamics/arm_dynamics.h
-- Up-to-date: /home/wyd/arm_ws/install/arm_interface/include/arm_interface/arm_interface/command
-- Up-to-date: /home/wyd/arm_ws/install/arm_interface/include/arm_interface/arm_interface/command/arm_target_trajectories_interactive_marker.h
-- Up-to-date: /home/wyd/arm_ws/install/arm_interface/include/arm_interface/arm_interface/command/joy_target_trajectories.h
-- Up-to-date: /home/wyd/arm_ws/install/arm_interface/include/arm_interface/arm_interface/arm_wb_pinocchio_mapping.h
-- Up-to-date: /home/wyd/arm_ws/install/arm_interface/include/arm_interface/arm_interface/constraint
-- Up-to-date: /home/wyd/arm_ws/install/arm_interface/include/arm_interface/arm_interface/constraint/end_effort_constraint.h
-- Up-to-date: /home/wyd/arm_ws/install/arm_interface/include/arm_interface/arm_interface/constraint/base_constraint.h
-- Up-to-date: /home/wyd/arm_ws/install/arm_interface/include/arm_interface/arm_interface/constraint/arm_self_collision_constraint.h
-- Up-to-date: /home/wyd/arm_ws/install/arm_interface/include/arm_interface/arm_interface/cost
-- Up-to-date: /home/wyd/arm_ws/install/arm_interface/include/arm_interface/arm_interface/cost/quadratic_input_cost.h
-- Up-to-date: /home/wyd/arm_ws/install/arm_interface/include/arm_interface/arm_interface/arm_module_info.h
-- Up-to-date: /home/wyd/arm_ws/install/arm_interface/include/arm_interface/arm_interface/factory_functions.h
-- Up-to-date: /home/wyd/arm_ws/install/arm_interface/include/arm_interface/arm_interface/arm_interface.h
-- Up-to-date: /home/wyd/arm_ws/install/arm_interface/share/arm_interface/config/arm_interface/arm_interface
-- Up-to-date: /home/wyd/arm_ws/install/arm_interface/share/arm_interface/config/arm_interface/arm_interface/task.info
-- Up-to-date: /home/wyd/arm_ws/install/arm_interface/share/arm_interface/environment/library_path.sh
-- Up-to-date: /home/wyd/arm_ws/install/arm_interface/share/arm_interface/environment/library_path.dsv
-- Up-to-date: /home/wyd/arm_ws/install/arm_interface/share/ament_index/resource_index/package_run_dependencies/arm_interface
-- Up-to-date: /home/wyd/arm_ws/install/arm_interface/share/ament_index/resource_index/parent_prefix_path/arm_interface
-- Up-to-date: /home/wyd/arm_ws/install/arm_interface/share/arm_interface/environment/ament_prefix_path.sh
-- Up-to-date: /home/wyd/arm_ws/install/arm_interface/share/arm_interface/environment/ament_prefix_path.dsv
-- Up-to-date: /home/wyd/arm_ws/install/arm_interface/share/arm_interface/environment/path.sh
-- Up-to-date: /home/wyd/arm_ws/install/arm_interface/share/arm_interface/environment/path.dsv
-- Up-to-date: /home/wyd/arm_ws/install/arm_interface/share/arm_interface/local_setup.bash
-- Up-to-date: /home/wyd/arm_ws/install/arm_interface/share/arm_interface/local_setup.sh
-- Up-to-date: /home/wyd/arm_ws/install/arm_interface/share/arm_interface/local_setup.zsh
-- Up-to-date: /home/wyd/arm_ws/install/arm_interface/share/arm_interface/local_setup.dsv
-- Installing: /home/wyd/arm_ws/install/arm_interface/share/arm_interface/package.dsv
-- Up-to-date: /home/wyd/arm_ws/install/arm_interface/share/ament_index/resource_index/packages/arm_interface
-- Up-to-date: /home/wyd/arm_ws/install/arm_interface/share/arm_interface/cmake/export_arm_interfaceExport.cmake
-- Up-to-date: /home/wyd/arm_ws/install/arm_interface/share/arm_interface/cmake/export_arm_interfaceExport-noconfig.cmake
-- Up-to-date: /home/wyd/arm_ws/install/arm_interface/share/arm_interface/cmake/ament_cmake_export_dependencies-extras.cmake
-- Up-to-date: /home/wyd/arm_ws/install/arm_interface/share/arm_interface/cmake/ament_cmake_export_include_directories-extras.cmake
-- Up-to-date: /home/wyd/arm_ws/install/arm_interface/share/arm_interface/cmake/ament_cmake_export_targets-extras.cmake
-- Up-to-date: /home/wyd/arm_ws/install/arm_interface/share/arm_interface/cmake/arm_interfaceConfig.cmake
-- Up-to-date: /home/wyd/arm_ws/install/arm_interface/share/arm_interface/cmake/arm_interfaceConfig-version.cmake
-- Up-to-date: /home/wyd/arm_ws/install/arm_interface/share/arm_interface/package.xml
