[0.008s] Invoking command in '/home/wyd/arm_ws/build/ur5_gripper_description': CMAKE_PREFIX_PATH=/home/wyd/OCS2_ROS2/install/ocs2_ros2:/home/wyd/OCS2_ROS2/install/ocs2_robotic_examples:/home/wyd/OCS2_ROS2/install/ocs2_anymal:/home/wyd/OCS2_ROS2/install/ocs2_anymal_loopshaping_mpc:/home/wyd/OCS2_ROS2/install/ocs2_quadruped_loopshaping_interface:/home/wyd/OCS2_ROS2/install/ocs2_anymal_mpc:/home/wyd/OCS2_ROS2/install/ocs2_quadruped_interface:/home/wyd/OCS2_ROS2/install/segmented_planes_terrain_model:/home/wyd/OCS2_ROS2/install/ocs2_sphere_approximation:/home/wyd/OCS2_ROS2/install/ocs2_pinocchio:/home/wyd/OCS2_ROS2/install/ocs2_mobile_manipulator_ros:/home/wyd/OCS2_ROS2/install/ocs2_self_collision_visualization:/home/wyd/OCS2_ROS2/install/ocs2_mobile_manipulator:/home/wyd/OCS2_ROS2/install/ocs2_self_collision:/home/wyd/OCS2_ROS2/install/ocs2_raisim:/home/wyd/OCS2_ROS2/install/ocs2_legged_robot_raisim:/home/wyd/OCS2_ROS2/install/ocs2_legged_robot_ros:/home/wyd/OCS2_ROS2/install/ocs2_legged_robot:/home/wyd/OCS2_ROS2/install/ocs2_centroidal_model:/home/wyd/OCS2_ROS2/install/ocs2_anymal_models:/home/wyd/OCS2_ROS2/install/ocs2_pinocchio_interface:/home/wyd/OCS2_ROS2/install/pinocchio:/home/wyd/OCS2_ROS2/install/ocs2_anymal_commands:/home/wyd/OCS2_ROS2/install/ocs2_switched_model_interface:/home/wyd/OCS2_ROS2/install/ocs2_ballbot_ros:/home/wyd/OCS2_ROS2/install/ocs2_ballbot:/home/wyd/OCS2_ROS2/install/ocs2_sqp:/home/wyd/OCS2_ROS2/install/ocs2_slp:/home/wyd/OCS2_ROS2/install/ocs2_quadrotor_ros:/home/wyd/OCS2_ROS2/install/ocs2_double_integrator_ros:/home/wyd/OCS2_ROS2/install/ocs2_cartpole_ros:/home/wyd/OCS2_ROS2/install/ocs2_ros_interfaces:/home/wyd/OCS2_ROS2/install/ocs2_quadrotor:/home/wyd/OCS2_ROS2/install/ocs2_double_integrator:/home/wyd/OCS2_ROS2/install/ocs2_python_interface:/home/wyd/OCS2_ROS2/install/ocs2_perceptive:/home/wyd/OCS2_ROS2/install/ocs2_cartpole:/home/wyd/OCS2_ROS2/install/ocs2_robotic_tools:/home/wyd/OCS2_ROS2/install/ocs2_raisim_ros:/home/wyd/OCS2_ROS2/install/ocs2_raisim_core:/home/wyd/OCS2_ROS2/install/ocs2_ocs2:/home/wyd/OCS2_ROS2/install/ocs2_ipm:/home/wyd/OCS2_ROS2/install/ocs2_ddp:/home/wyd/OCS2_ROS2/install/hpipm_catkin:/home/wyd/OCS2_ROS2/install/ocs2_qp_solver:/home/wyd/OCS2_ROS2/install/ocs2_mpc:/home/wyd/OCS2_ROS2/install/ocs2_oc:/home/wyd/OCS2_ROS2/install/ocs2_frank_wolfe:/home/wyd/OCS2_ROS2/install/ocs2_core:/home/wyd/OCS2_ROS2/install/ocs2_thirdparty:/home/wyd/OCS2_ROS2/install/ocs2_switched_model_msgs:/home/wyd/OCS2_ROS2/install/ocs2_robotic_assets:/home/wyd/OCS2_ROS2/install/ocs2_msgs:/home/wyd/OCS2_ROS2/install/hpp-fcl:/home/wyd/OCS2_ROS2/install/convex_plane_decomposition_ros:/home/wyd/OCS2_ROS2/install/convex_plane_decomposition:/opt/ros/humble:/home/wyd/OCS2_ROS2/install/grid_map_filters_rsl:/home/wyd/OCS2_ROS2/install/convex_plane_decomposition_msgs:/home/wyd/OCS2_ROS2/install/cgal5_catkin:/home/wyd/OCS2_ROS2/install/blasfeo_catkin:/home/wyd/raisim/install/raisim /usr/bin/cmake --build /home/wyd/arm_ws/build/ur5_gripper_description -- -j24 -l24
[0.046s] Invoked command in '/home/wyd/arm_ws/build/ur5_gripper_description' returned '0': CMAKE_PREFIX_PATH=/home/wyd/OCS2_ROS2/install/ocs2_ros2:/home/wyd/OCS2_ROS2/install/ocs2_robotic_examples:/home/wyd/OCS2_ROS2/install/ocs2_anymal:/home/wyd/OCS2_ROS2/install/ocs2_anymal_loopshaping_mpc:/home/wyd/OCS2_ROS2/install/ocs2_quadruped_loopshaping_interface:/home/wyd/OCS2_ROS2/install/ocs2_anymal_mpc:/home/wyd/OCS2_ROS2/install/ocs2_quadruped_interface:/home/wyd/OCS2_ROS2/install/segmented_planes_terrain_model:/home/wyd/OCS2_ROS2/install/ocs2_sphere_approximation:/home/wyd/OCS2_ROS2/install/ocs2_pinocchio:/home/wyd/OCS2_ROS2/install/ocs2_mobile_manipulator_ros:/home/wyd/OCS2_ROS2/install/ocs2_self_collision_visualization:/home/wyd/OCS2_ROS2/install/ocs2_mobile_manipulator:/home/wyd/OCS2_ROS2/install/ocs2_self_collision:/home/wyd/OCS2_ROS2/install/ocs2_raisim:/home/wyd/OCS2_ROS2/install/ocs2_legged_robot_raisim:/home/wyd/OCS2_ROS2/install/ocs2_legged_robot_ros:/home/wyd/OCS2_ROS2/install/ocs2_legged_robot:/home/wyd/OCS2_ROS2/install/ocs2_centroidal_model:/home/wyd/OCS2_ROS2/install/ocs2_anymal_models:/home/wyd/OCS2_ROS2/install/ocs2_pinocchio_interface:/home/wyd/OCS2_ROS2/install/pinocchio:/home/wyd/OCS2_ROS2/install/ocs2_anymal_commands:/home/wyd/OCS2_ROS2/install/ocs2_switched_model_interface:/home/wyd/OCS2_ROS2/install/ocs2_ballbot_ros:/home/wyd/OCS2_ROS2/install/ocs2_ballbot:/home/wyd/OCS2_ROS2/install/ocs2_sqp:/home/wyd/OCS2_ROS2/install/ocs2_slp:/home/wyd/OCS2_ROS2/install/ocs2_quadrotor_ros:/home/wyd/OCS2_ROS2/install/ocs2_double_integrator_ros:/home/wyd/OCS2_ROS2/install/ocs2_cartpole_ros:/home/wyd/OCS2_ROS2/install/ocs2_ros_interfaces:/home/wyd/OCS2_ROS2/install/ocs2_quadrotor:/home/wyd/OCS2_ROS2/install/ocs2_double_integrator:/home/wyd/OCS2_ROS2/install/ocs2_python_interface:/home/wyd/OCS2_ROS2/install/ocs2_perceptive:/home/wyd/OCS2_ROS2/install/ocs2_cartpole:/home/wyd/OCS2_ROS2/install/ocs2_robotic_tools:/home/wyd/OCS2_ROS2/install/ocs2_raisim_ros:/home/wyd/OCS2_ROS2/install/ocs2_raisim_core:/home/wyd/OCS2_ROS2/install/ocs2_ocs2:/home/wyd/OCS2_ROS2/install/ocs2_ipm:/home/wyd/OCS2_ROS2/install/ocs2_ddp:/home/wyd/OCS2_ROS2/install/hpipm_catkin:/home/wyd/OCS2_ROS2/install/ocs2_qp_solver:/home/wyd/OCS2_ROS2/install/ocs2_mpc:/home/wyd/OCS2_ROS2/install/ocs2_oc:/home/wyd/OCS2_ROS2/install/ocs2_frank_wolfe:/home/wyd/OCS2_ROS2/install/ocs2_core:/home/wyd/OCS2_ROS2/install/ocs2_thirdparty:/home/wyd/OCS2_ROS2/install/ocs2_switched_model_msgs:/home/wyd/OCS2_ROS2/install/ocs2_robotic_assets:/home/wyd/OCS2_ROS2/install/ocs2_msgs:/home/wyd/OCS2_ROS2/install/hpp-fcl:/home/wyd/OCS2_ROS2/install/convex_plane_decomposition_ros:/home/wyd/OCS2_ROS2/install/convex_plane_decomposition:/opt/ros/humble:/home/wyd/OCS2_ROS2/install/grid_map_filters_rsl:/home/wyd/OCS2_ROS2/install/convex_plane_decomposition_msgs:/home/wyd/OCS2_ROS2/install/cgal5_catkin:/home/wyd/OCS2_ROS2/install/blasfeo_catkin:/home/wyd/raisim/install/raisim /usr/bin/cmake --build /home/wyd/arm_ws/build/ur5_gripper_description -- -j24 -l24
[0.058s] Invoking command in '/home/wyd/arm_ws/build/ur5_gripper_description': CMAKE_PREFIX_PATH=/home/wyd/OCS2_ROS2/install/ocs2_ros2:/home/wyd/OCS2_ROS2/install/ocs2_robotic_examples:/home/wyd/OCS2_ROS2/install/ocs2_anymal:/home/wyd/OCS2_ROS2/install/ocs2_anymal_loopshaping_mpc:/home/wyd/OCS2_ROS2/install/ocs2_quadruped_loopshaping_interface:/home/wyd/OCS2_ROS2/install/ocs2_anymal_mpc:/home/wyd/OCS2_ROS2/install/ocs2_quadruped_interface:/home/wyd/OCS2_ROS2/install/segmented_planes_terrain_model:/home/wyd/OCS2_ROS2/install/ocs2_sphere_approximation:/home/wyd/OCS2_ROS2/install/ocs2_pinocchio:/home/wyd/OCS2_ROS2/install/ocs2_mobile_manipulator_ros:/home/wyd/OCS2_ROS2/install/ocs2_self_collision_visualization:/home/wyd/OCS2_ROS2/install/ocs2_mobile_manipulator:/home/wyd/OCS2_ROS2/install/ocs2_self_collision:/home/wyd/OCS2_ROS2/install/ocs2_raisim:/home/wyd/OCS2_ROS2/install/ocs2_legged_robot_raisim:/home/wyd/OCS2_ROS2/install/ocs2_legged_robot_ros:/home/wyd/OCS2_ROS2/install/ocs2_legged_robot:/home/wyd/OCS2_ROS2/install/ocs2_centroidal_model:/home/wyd/OCS2_ROS2/install/ocs2_anymal_models:/home/wyd/OCS2_ROS2/install/ocs2_pinocchio_interface:/home/wyd/OCS2_ROS2/install/pinocchio:/home/wyd/OCS2_ROS2/install/ocs2_anymal_commands:/home/wyd/OCS2_ROS2/install/ocs2_switched_model_interface:/home/wyd/OCS2_ROS2/install/ocs2_ballbot_ros:/home/wyd/OCS2_ROS2/install/ocs2_ballbot:/home/wyd/OCS2_ROS2/install/ocs2_sqp:/home/wyd/OCS2_ROS2/install/ocs2_slp:/home/wyd/OCS2_ROS2/install/ocs2_quadrotor_ros:/home/wyd/OCS2_ROS2/install/ocs2_double_integrator_ros:/home/wyd/OCS2_ROS2/install/ocs2_cartpole_ros:/home/wyd/OCS2_ROS2/install/ocs2_ros_interfaces:/home/wyd/OCS2_ROS2/install/ocs2_quadrotor:/home/wyd/OCS2_ROS2/install/ocs2_double_integrator:/home/wyd/OCS2_ROS2/install/ocs2_python_interface:/home/wyd/OCS2_ROS2/install/ocs2_perceptive:/home/wyd/OCS2_ROS2/install/ocs2_cartpole:/home/wyd/OCS2_ROS2/install/ocs2_robotic_tools:/home/wyd/OCS2_ROS2/install/ocs2_raisim_ros:/home/wyd/OCS2_ROS2/install/ocs2_raisim_core:/home/wyd/OCS2_ROS2/install/ocs2_ocs2:/home/wyd/OCS2_ROS2/install/ocs2_ipm:/home/wyd/OCS2_ROS2/install/ocs2_ddp:/home/wyd/OCS2_ROS2/install/hpipm_catkin:/home/wyd/OCS2_ROS2/install/ocs2_qp_solver:/home/wyd/OCS2_ROS2/install/ocs2_mpc:/home/wyd/OCS2_ROS2/install/ocs2_oc:/home/wyd/OCS2_ROS2/install/ocs2_frank_wolfe:/home/wyd/OCS2_ROS2/install/ocs2_core:/home/wyd/OCS2_ROS2/install/ocs2_thirdparty:/home/wyd/OCS2_ROS2/install/ocs2_switched_model_msgs:/home/wyd/OCS2_ROS2/install/ocs2_robotic_assets:/home/wyd/OCS2_ROS2/install/ocs2_msgs:/home/wyd/OCS2_ROS2/install/hpp-fcl:/home/wyd/OCS2_ROS2/install/convex_plane_decomposition_ros:/home/wyd/OCS2_ROS2/install/convex_plane_decomposition:/opt/ros/humble:/home/wyd/OCS2_ROS2/install/grid_map_filters_rsl:/home/wyd/OCS2_ROS2/install/convex_plane_decomposition_msgs:/home/wyd/OCS2_ROS2/install/cgal5_catkin:/home/wyd/OCS2_ROS2/install/blasfeo_catkin:/home/wyd/raisim/install/raisim /usr/bin/cmake --install /home/wyd/arm_ws/build/ur5_gripper_description
[0.068s] -- Install configuration: ""
[0.068s] -- Up-to-date: /home/wyd/arm_ws/install/ur5_gripper_description/share/ur5_gripper_description/config
[0.069s] -- Up-to-date: /home/wyd/arm_ws/install/ur5_gripper_description/share/ur5_gripper_description/config/ur5e
[0.069s] -- Up-to-date: /home/wyd/arm_ws/install/ur5_gripper_description/share/ur5_gripper_description/config/ur5e/joint_limits.yaml
[0.069s] -- Up-to-date: /home/wyd/arm_ws/install/ur5_gripper_description/share/ur5_gripper_description/config/ur5e/physical_parameters.yaml
[0.069s] -- Up-to-date: /home/wyd/arm_ws/install/ur5_gripper_description/share/ur5_gripper_description/config/ur5e/default_kinematics.yaml
[0.069s] -- Up-to-date: /home/wyd/arm_ws/install/ur5_gripper_description/share/ur5_gripper_description/config/ur5e/visual_parameters.yaml
[0.069s] -- Up-to-date: /home/wyd/arm_ws/install/ur5_gripper_description/share/ur5_gripper_description/config/ur10
[0.069s] -- Up-to-date: /home/wyd/arm_ws/install/ur5_gripper_description/share/ur5_gripper_description/config/ur10/joint_limits.yaml
[0.069s] -- Up-to-date: /home/wyd/arm_ws/install/ur5_gripper_description/share/ur5_gripper_description/config/ur10/physical_parameters.yaml
[0.069s] -- Up-to-date: /home/wyd/arm_ws/install/ur5_gripper_description/share/ur5_gripper_description/config/ur10/default_kinematics.yaml
[0.070s] -- Up-to-date: /home/wyd/arm_ws/install/ur5_gripper_description/share/ur5_gripper_description/config/ur10/visual_parameters.yaml
[0.070s] -- Up-to-date: /home/wyd/arm_ws/install/ur5_gripper_description/share/ur5_gripper_description/config/ur3e
[0.070s] -- Up-to-date: /home/wyd/arm_ws/install/ur5_gripper_description/share/ur5_gripper_description/config/ur3e/joint_limits.yaml
[0.070s] -- Up-to-date: /home/wyd/arm_ws/install/ur5_gripper_description/share/ur5_gripper_description/config/ur3e/physical_parameters.yaml
[0.070s] -- Up-to-date: /home/wyd/arm_ws/install/ur5_gripper_description/share/ur5_gripper_description/config/ur3e/default_kinematics.yaml
[0.070s] -- Up-to-date: /home/wyd/arm_ws/install/ur5_gripper_description/share/ur5_gripper_description/config/ur3e/visual_parameters.yaml
[0.070s] -- Up-to-date: /home/wyd/arm_ws/install/ur5_gripper_description/share/ur5_gripper_description/config/ur16e
[0.070s] -- Up-to-date: /home/wyd/arm_ws/install/ur5_gripper_description/share/ur5_gripper_description/config/ur16e/joint_limits.yaml
[0.070s] -- Up-to-date: /home/wyd/arm_ws/install/ur5_gripper_description/share/ur5_gripper_description/config/ur16e/physical_parameters.yaml
[0.070s] -- Up-to-date: /home/wyd/arm_ws/install/ur5_gripper_description/share/ur5_gripper_description/config/ur16e/default_kinematics.yaml
[0.071s] -- Up-to-date: /home/wyd/arm_ws/install/ur5_gripper_description/share/ur5_gripper_description/config/ur16e/visual_parameters.yaml
[0.071s] -- Up-to-date: /home/wyd/arm_ws/install/ur5_gripper_description/share/ur5_gripper_description/config/ur5
[0.071s] -- Up-to-date: /home/wyd/arm_ws/install/ur5_gripper_description/share/ur5_gripper_description/config/ur5/joint_limits.yaml
[0.071s] -- Up-to-date: /home/wyd/arm_ws/install/ur5_gripper_description/share/ur5_gripper_description/config/ur5/physical_parameters.yaml
[0.071s] -- Up-to-date: /home/wyd/arm_ws/install/ur5_gripper_description/share/ur5_gripper_description/config/ur5/default_kinematics.yaml
[0.071s] -- Up-to-date: /home/wyd/arm_ws/install/ur5_gripper_description/share/ur5_gripper_description/config/ur5/visual_parameters.yaml
[0.071s] -- Up-to-date: /home/wyd/arm_ws/install/ur5_gripper_description/share/ur5_gripper_description/config/ur3
[0.072s] -- Up-to-date: /home/wyd/arm_ws/install/ur5_gripper_description/share/ur5_gripper_description/config/ur3/joint_limits.yaml
[0.072s] -- Up-to-date: /home/wyd/arm_ws/install/ur5_gripper_description/share/ur5_gripper_description/config/ur3/physical_parameters.yaml
[0.072s] -- Up-to-date: /home/wyd/arm_ws/install/ur5_gripper_description/share/ur5_gripper_description/config/ur3/default_kinematics.yaml
[0.072s] -- Up-to-date: /home/wyd/arm_ws/install/ur5_gripper_description/share/ur5_gripper_description/config/ur3/visual_parameters.yaml
[0.072s] -- Up-to-date: /home/wyd/arm_ws/install/ur5_gripper_description/share/ur5_gripper_description/config/initial_positions.yaml
[0.072s] -- Up-to-date: /home/wyd/arm_ws/install/ur5_gripper_description/share/ur5_gripper_description/config/ur10e
[0.073s] -- Up-to-date: /home/wyd/arm_ws/install/ur5_gripper_description/share/ur5_gripper_description/config/ur10e/joint_limits.yaml
[0.073s] -- Up-to-date: /home/wyd/arm_ws/install/ur5_gripper_description/share/ur5_gripper_description/config/ur10e/physical_parameters.yaml
[0.073s] -- Up-to-date: /home/wyd/arm_ws/install/ur5_gripper_description/share/ur5_gripper_description/config/ur10e/default_kinematics.yaml
[0.074s] -- Up-to-date: /home/wyd/arm_ws/install/ur5_gripper_description/share/ur5_gripper_description/config/ur10e/visual_parameters.yaml
[0.074s] -- Up-to-date: /home/wyd/arm_ws/install/ur5_gripper_description/share/ur5_gripper_description/launch
[0.074s] -- Up-to-date: /home/wyd/arm_ws/install/ur5_gripper_description/share/ur5_gripper_description/launch/view_ur.launch.py
[0.074s] -- Up-to-date: /home/wyd/arm_ws/install/ur5_gripper_description/share/ur5_gripper_description/meshes
[0.074s] -- Up-to-date: /home/wyd/arm_ws/install/ur5_gripper_description/share/ur5_gripper_description/meshes/base.dae
[0.074s] -- Up-to-date: /home/wyd/arm_ws/install/ur5_gripper_description/share/ur5_gripper_description/meshes/ur5e
[0.074s] -- Up-to-date: /home/wyd/arm_ws/install/ur5_gripper_description/share/ur5_gripper_description/meshes/ur5e/collision
[0.074s] -- Up-to-date: /home/wyd/arm_ws/install/ur5_gripper_description/share/ur5_gripper_description/meshes/ur5e/collision/forearm.stl
[0.074s] -- Up-to-date: /home/wyd/arm_ws/install/ur5_gripper_description/share/ur5_gripper_description/meshes/ur5e/collision/upperarm.stl
[0.074s] -- Up-to-date: /home/wyd/arm_ws/install/ur5_gripper_description/share/ur5_gripper_description/meshes/ur5e/collision/wrist2.stl
[0.074s] -- Up-to-date: /home/wyd/arm_ws/install/ur5_gripper_description/share/ur5_gripper_description/meshes/ur5e/collision/wrist3.stl
[0.074s] -- Up-to-date: /home/wyd/arm_ws/install/ur5_gripper_description/share/ur5_gripper_description/meshes/ur5e/collision/shoulder.stl
[0.074s] -- Up-to-date: /home/wyd/arm_ws/install/ur5_gripper_description/share/ur5_gripper_description/meshes/ur5e/collision/base.stl
[0.074s] -- Up-to-date: /home/wyd/arm_ws/install/ur5_gripper_description/share/ur5_gripper_description/meshes/ur5e/collision/wrist1.stl
[0.074s] -- Up-to-date: /home/wyd/arm_ws/install/ur5_gripper_description/share/ur5_gripper_description/meshes/ur5e/visual
[0.074s] -- Up-to-date: /home/wyd/arm_ws/install/ur5_gripper_description/share/ur5_gripper_description/meshes/ur5e/visual/base.dae
[0.075s] -- Up-to-date: /home/wyd/arm_ws/install/ur5_gripper_description/share/ur5_gripper_description/meshes/ur5e/visual/wrist1.dae
[0.075s] -- Up-to-date: /home/wyd/arm_ws/install/ur5_gripper_description/share/ur5_gripper_description/meshes/ur5e/visual/wrist2.dae
[0.075s] -- Up-to-date: /home/wyd/arm_ws/install/ur5_gripper_description/share/ur5_gripper_description/meshes/ur5e/visual/forearm.dae
[0.075s] -- Up-to-date: /home/wyd/arm_ws/install/ur5_gripper_description/share/ur5_gripper_description/meshes/ur5e/visual/wrist3.dae
[0.075s] -- Up-to-date: /home/wyd/arm_ws/install/ur5_gripper_description/share/ur5_gripper_description/meshes/ur5e/visual/shoulder.dae
[0.075s] -- Up-to-date: /home/wyd/arm_ws/install/ur5_gripper_description/share/ur5_gripper_description/meshes/ur5e/visual/upperarm.dae
[0.075s] -- Up-to-date: /home/wyd/arm_ws/install/ur5_gripper_description/share/ur5_gripper_description/meshes/l_ring_prox.STL
[0.075s] -- Up-to-date: /home/wyd/arm_ws/install/ur5_gripper_description/share/ur5_gripper_description/meshes/r_ring_dist.STL
[0.075s] -- Up-to-date: /home/wyd/arm_ws/install/ur5_gripper_description/share/ur5_gripper_description/meshes/l_index_dist.STL
[0.075s] -- Up-to-date: /home/wyd/arm_ws/install/ur5_gripper_description/share/ur5_gripper_description/meshes/r_palm.STL
[0.075s] -- Up-to-date: /home/wyd/arm_ws/install/ur5_gripper_description/share/ur5_gripper_description/meshes/ur10
[0.075s] -- Up-to-date: /home/wyd/arm_ws/install/ur5_gripper_description/share/ur5_gripper_description/meshes/ur10/collision
[0.075s] -- Up-to-date: /home/wyd/arm_ws/install/ur5_gripper_description/share/ur5_gripper_description/meshes/ur10/collision/forearm.stl
[0.075s] -- Up-to-date: /home/wyd/arm_ws/install/ur5_gripper_description/share/ur5_gripper_description/meshes/ur10/collision/upperarm.stl
[0.075s] -- Up-to-date: /home/wyd/arm_ws/install/ur5_gripper_description/share/ur5_gripper_description/meshes/ur10/collision/wrist2.stl
[0.075s] -- Up-to-date: /home/wyd/arm_ws/install/ur5_gripper_description/share/ur5_gripper_description/meshes/ur10/collision/wrist3.stl
[0.075s] -- Up-to-date: /home/wyd/arm_ws/install/ur5_gripper_description/share/ur5_gripper_description/meshes/ur10/collision/shoulder.stl
[0.075s] -- Up-to-date: /home/wyd/arm_ws/install/ur5_gripper_description/share/ur5_gripper_description/meshes/ur10/collision/base.stl
[0.075s] -- Up-to-date: /home/wyd/arm_ws/install/ur5_gripper_description/share/ur5_gripper_description/meshes/ur10/collision/wrist1.stl
[0.075s] -- Up-to-date: /home/wyd/arm_ws/install/ur5_gripper_description/share/ur5_gripper_description/meshes/ur10/visual
[0.076s] -- Up-to-date: /home/wyd/arm_ws/install/ur5_gripper_description/share/ur5_gripper_description/meshes/ur10/visual/base.dae
[0.076s] -- Up-to-date: /home/wyd/arm_ws/install/ur5_gripper_description/share/ur5_gripper_description/meshes/ur10/visual/wrist1.dae
[0.076s] -- Up-to-date: /home/wyd/arm_ws/install/ur5_gripper_description/share/ur5_gripper_description/meshes/ur10/visual/wrist2.dae
[0.076s] -- Up-to-date: /home/wyd/arm_ws/install/ur5_gripper_description/share/ur5_gripper_description/meshes/ur10/visual/forearm.dae
[0.076s] -- Up-to-date: /home/wyd/arm_ws/install/ur5_gripper_description/share/ur5_gripper_description/meshes/ur10/visual/wrist3.dae
[0.076s] -- Up-to-date: /home/wyd/arm_ws/install/ur5_gripper_description/share/ur5_gripper_description/meshes/ur10/visual/shoulder.dae
[0.076s] -- Up-to-date: /home/wyd/arm_ws/install/ur5_gripper_description/share/ur5_gripper_description/meshes/ur10/visual/upperarm.dae
[0.076s] -- Up-to-date: /home/wyd/arm_ws/install/ur5_gripper_description/share/ur5_gripper_description/meshes/r_middle_prox.STL
[0.076s] -- Up-to-date: /home/wyd/arm_ws/install/ur5_gripper_description/share/ur5_gripper_description/meshes/wrist1.dae
[0.076s] -- Up-to-date: /home/wyd/arm_ws/install/ur5_gripper_description/share/ur5_gripper_description/meshes/r_index_dist.STL
[0.076s] -- Up-to-date: /home/wyd/arm_ws/install/ur5_gripper_description/share/ur5_gripper_description/meshes/l_little_dist.STL
[0.076s] -- Up-to-date: /home/wyd/arm_ws/install/ur5_gripper_description/share/ur5_gripper_description/meshes/ur3e
[0.076s] -- Up-to-date: /home/wyd/arm_ws/install/ur5_gripper_description/share/ur5_gripper_description/meshes/ur3e/collision
[0.076s] -- Up-to-date: /home/wyd/arm_ws/install/ur5_gripper_description/share/ur5_gripper_description/meshes/ur3e/collision/forearm.stl
[0.076s] -- Up-to-date: /home/wyd/arm_ws/install/ur5_gripper_description/share/ur5_gripper_description/meshes/ur3e/collision/upperarm.stl
[0.077s] -- Up-to-date: /home/wyd/arm_ws/install/ur5_gripper_description/share/ur5_gripper_description/meshes/ur3e/collision/wrist2.stl
[0.077s] -- Up-to-date: /home/wyd/arm_ws/install/ur5_gripper_description/share/ur5_gripper_description/meshes/ur3e/collision/wrist3.stl
[0.077s] -- Up-to-date: /home/wyd/arm_ws/install/ur5_gripper_description/share/ur5_gripper_description/meshes/ur3e/collision/shoulder.stl
[0.077s] -- Up-to-date: /home/wyd/arm_ws/install/ur5_gripper_description/share/ur5_gripper_description/meshes/ur3e/collision/base.stl
[0.077s] -- Up-to-date: /home/wyd/arm_ws/install/ur5_gripper_description/share/ur5_gripper_description/meshes/ur3e/collision/wrist1.stl
[0.078s] -- Up-to-date: /home/wyd/arm_ws/install/ur5_gripper_description/share/ur5_gripper_description/meshes/ur3e/visual
[0.078s] -- Up-to-date: /home/wyd/arm_ws/install/ur5_gripper_description/share/ur5_gripper_description/meshes/ur3e/visual/base.dae
[0.078s] -- Up-to-date: /home/wyd/arm_ws/install/ur5_gripper_description/share/ur5_gripper_description/meshes/ur3e/visual/wrist1.dae
[0.078s] -- Up-to-date: /home/wyd/arm_ws/install/ur5_gripper_description/share/ur5_gripper_description/meshes/ur3e/visual/wrist2.dae
[0.078s] -- Up-to-date: /home/wyd/arm_ws/install/ur5_gripper_description/share/ur5_gripper_description/meshes/ur3e/visual/forearm.dae
[0.078s] -- Up-to-date: /home/wyd/arm_ws/install/ur5_gripper_description/share/ur5_gripper_description/meshes/ur3e/visual/wrist3.dae
[0.078s] -- Up-to-date: /home/wyd/arm_ws/install/ur5_gripper_description/share/ur5_gripper_description/meshes/ur3e/visual/shoulder.dae
[0.078s] -- Up-to-date: /home/wyd/arm_ws/install/ur5_gripper_description/share/ur5_gripper_description/meshes/ur3e/visual/upperarm.dae
[0.078s] -- Up-to-date: /home/wyd/arm_ws/install/ur5_gripper_description/share/ur5_gripper_description/meshes/wrist2.dae
[0.078s] -- Up-to-date: /home/wyd/arm_ws/install/ur5_gripper_description/share/ur5_gripper_description/meshes/l_thumb_dist.STL
[0.078s] -- Up-to-date: /home/wyd/arm_ws/install/ur5_gripper_description/share/ur5_gripper_description/meshes/r_l_tendon.STL
[0.078s] -- Up-to-date: /home/wyd/arm_ws/install/ur5_gripper_description/share/ur5_gripper_description/meshes/l_little_prox.STL
[0.078s] -- Up-to-date: /home/wyd/arm_ws/install/ur5_gripper_description/share/ur5_gripper_description/meshes/r_thumb_dist.STL
[0.079s] -- Up-to-date: /home/wyd/arm_ws/install/ur5_gripper_description/share/ur5_gripper_description/meshes/r_little_dist.STL
[0.079s] -- Up-to-date: /home/wyd/arm_ws/install/ur5_gripper_description/share/ur5_gripper_description/meshes/l_ring_dist.STL
[0.079s] -- Up-to-date: /home/wyd/arm_ws/install/ur5_gripper_description/share/ur5_gripper_description/meshes/l_Index_prox.STL
[0.079s] -- Up-to-date: /home/wyd/arm_ws/install/ur5_gripper_description/share/ur5_gripper_description/meshes/l_middle_prox.STL
[0.079s] -- Up-to-date: /home/wyd/arm_ws/install/ur5_gripper_description/share/ur5_gripper_description/meshes/r_little_prox.STL
[0.079s] -- Up-to-date: /home/wyd/arm_ws/install/ur5_gripper_description/share/ur5_gripper_description/meshes/r_middle_dist.STL
[0.079s] -- Up-to-date: /home/wyd/arm_ws/install/ur5_gripper_description/share/ur5_gripper_description/meshes/r_ring_prox.STL
[0.079s] -- Up-to-date: /home/wyd/arm_ws/install/ur5_gripper_description/share/ur5_gripper_description/meshes/forearm.dae
[0.079s] -- Up-to-date: /home/wyd/arm_ws/install/ur5_gripper_description/share/ur5_gripper_description/meshes/ur16e
[0.079s] -- Up-to-date: /home/wyd/arm_ws/install/ur5_gripper_description/share/ur5_gripper_description/meshes/ur16e/collision
[0.079s] -- Up-to-date: /home/wyd/arm_ws/install/ur5_gripper_description/share/ur5_gripper_description/meshes/ur16e/collision/forearm.stl
[0.079s] -- Up-to-date: /home/wyd/arm_ws/install/ur5_gripper_description/share/ur5_gripper_description/meshes/ur16e/collision/upperarm.stl
[0.079s] -- Up-to-date: /home/wyd/arm_ws/install/ur5_gripper_description/share/ur5_gripper_description/meshes/ur16e/visual
[0.079s] -- Up-to-date: /home/wyd/arm_ws/install/ur5_gripper_description/share/ur5_gripper_description/meshes/ur16e/visual/forearm.dae
[0.079s] -- Up-to-date: /home/wyd/arm_ws/install/ur5_gripper_description/share/ur5_gripper_description/meshes/ur16e/visual/upperarm.dae
[0.079s] -- Up-to-date: /home/wyd/arm_ws/install/ur5_gripper_description/share/ur5_gripper_description/meshes/l_middle_dist.STL
[0.079s] -- Up-to-date: /home/wyd/arm_ws/install/ur5_gripper_description/share/ur5_gripper_description/meshes/l_thumb_prox.STL
[0.080s] -- Up-to-date: /home/wyd/arm_ws/install/ur5_gripper_description/share/ur5_gripper_description/meshes/wrist3.dae
[0.080s] -- Up-to-date: /home/wyd/arm_ws/install/ur5_gripper_description/share/ur5_gripper_description/meshes/ur5
[0.080s] -- Up-to-date: /home/wyd/arm_ws/install/ur5_gripper_description/share/ur5_gripper_description/meshes/ur5/collision
[0.080s] -- Up-to-date: /home/wyd/arm_ws/install/ur5_gripper_description/share/ur5_gripper_description/meshes/ur5/collision/forearm.stl
[0.080s] -- Up-to-date: /home/wyd/arm_ws/install/ur5_gripper_description/share/ur5_gripper_description/meshes/ur5/collision/upperarm.stl
[0.080s] -- Up-to-date: /home/wyd/arm_ws/install/ur5_gripper_description/share/ur5_gripper_description/meshes/ur5/collision/wrist2.stl
[0.080s] -- Up-to-date: /home/wyd/arm_ws/install/ur5_gripper_description/share/ur5_gripper_description/meshes/ur5/collision/wrist3.stl
[0.080s] -- Up-to-date: /home/wyd/arm_ws/install/ur5_gripper_description/share/ur5_gripper_description/meshes/ur5/collision/shoulder.stl
[0.080s] -- Up-to-date: /home/wyd/arm_ws/install/ur5_gripper_description/share/ur5_gripper_description/meshes/ur5/collision/base.stl
[0.080s] -- Up-to-date: /home/wyd/arm_ws/install/ur5_gripper_description/share/ur5_gripper_description/meshes/ur5/collision/wrist1.stl
[0.080s] -- Up-to-date: /home/wyd/arm_ws/install/ur5_gripper_description/share/ur5_gripper_description/meshes/ur5/visual
[0.080s] -- Up-to-date: /home/wyd/arm_ws/install/ur5_gripper_description/share/ur5_gripper_description/meshes/ur5/visual/base.dae
[0.080s] -- Up-to-date: /home/wyd/arm_ws/install/ur5_gripper_description/share/ur5_gripper_description/meshes/ur5/visual/wrist1.dae
[0.080s] -- Up-to-date: /home/wyd/arm_ws/install/ur5_gripper_description/share/ur5_gripper_description/meshes/ur5/visual/wrist2.dae
[0.080s] -- Up-to-date: /home/wyd/arm_ws/install/ur5_gripper_description/share/ur5_gripper_description/meshes/ur5/visual/forearm.dae
[0.080s] -- Up-to-date: /home/wyd/arm_ws/install/ur5_gripper_description/share/ur5_gripper_description/meshes/ur5/visual/wrist3.dae
[0.080s] -- Up-to-date: /home/wyd/arm_ws/install/ur5_gripper_description/share/ur5_gripper_description/meshes/ur5/visual/shoulder.dae
[0.080s] -- Up-to-date: /home/wyd/arm_ws/install/ur5_gripper_description/share/ur5_gripper_description/meshes/ur5/visual/upperarm.dae
[0.080s] -- Up-to-date: /home/wyd/arm_ws/install/ur5_gripper_description/share/ur5_gripper_description/meshes/ur3
[0.081s] -- Up-to-date: /home/wyd/arm_ws/install/ur5_gripper_description/share/ur5_gripper_description/meshes/ur3/collision
[0.081s] -- Up-to-date: /home/wyd/arm_ws/install/ur5_gripper_description/share/ur5_gripper_description/meshes/ur3/collision/forearm.stl
[0.081s] -- Up-to-date: /home/wyd/arm_ws/install/ur5_gripper_description/share/ur5_gripper_description/meshes/ur3/collision/upperarm.stl
[0.081s] -- Up-to-date: /home/wyd/arm_ws/install/ur5_gripper_description/share/ur5_gripper_description/meshes/ur3/collision/wrist2.stl
[0.081s] -- Up-to-date: /home/wyd/arm_ws/install/ur5_gripper_description/share/ur5_gripper_description/meshes/ur3/collision/wrist3.stl
[0.081s] -- Up-to-date: /home/wyd/arm_ws/install/ur5_gripper_description/share/ur5_gripper_description/meshes/ur3/collision/shoulder.stl
[0.081s] -- Up-to-date: /home/wyd/arm_ws/install/ur5_gripper_description/share/ur5_gripper_description/meshes/ur3/collision/base.stl
[0.081s] -- Up-to-date: /home/wyd/arm_ws/install/ur5_gripper_description/share/ur5_gripper_description/meshes/ur3/collision/wrist1.stl
[0.081s] -- Up-to-date: /home/wyd/arm_ws/install/ur5_gripper_description/share/ur5_gripper_description/meshes/ur3/visual
[0.081s] -- Up-to-date: /home/wyd/arm_ws/install/ur5_gripper_description/share/ur5_gripper_description/meshes/ur3/visual/base.dae
[0.081s] -- Up-to-date: /home/wyd/arm_ws/install/ur5_gripper_description/share/ur5_gripper_description/meshes/ur3/visual/wrist1.dae
[0.081s] -- Up-to-date: /home/wyd/arm_ws/install/ur5_gripper_description/share/ur5_gripper_description/meshes/ur3/visual/wrist2.dae
[0.081s] -- Up-to-date: /home/wyd/arm_ws/install/ur5_gripper_description/share/ur5_gripper_description/meshes/ur3/visual/forearm.dae
[0.081s] -- Up-to-date: /home/wyd/arm_ws/install/ur5_gripper_description/share/ur5_gripper_description/meshes/ur3/visual/wrist3.dae
[0.081s] -- Up-to-date: /home/wyd/arm_ws/install/ur5_gripper_description/share/ur5_gripper_description/meshes/ur3/visual/shoulder.dae
[0.081s] -- Up-to-date: /home/wyd/arm_ws/install/ur5_gripper_description/share/ur5_gripper_description/meshes/ur3/visual/upperarm.dae
[0.081s] -- Up-to-date: /home/wyd/arm_ws/install/ur5_gripper_description/share/ur5_gripper_description/meshes/shoulder.dae
[0.081s] -- Up-to-date: /home/wyd/arm_ws/install/ur5_gripper_description/share/ur5_gripper_description/meshes/l_palm.STL
[0.082s] -- Up-to-date: /home/wyd/arm_ws/install/ur5_gripper_description/share/ur5_gripper_description/meshes/r_thumb_prox.STL
[0.082s] -- Up-to-date: /home/wyd/arm_ws/install/ur5_gripper_description/share/ur5_gripper_description/meshes/ur10e
[0.082s] -- Up-to-date: /home/wyd/arm_ws/install/ur5_gripper_description/share/ur5_gripper_description/meshes/ur10e/collision
[0.082s] -- Up-to-date: /home/wyd/arm_ws/install/ur5_gripper_description/share/ur5_gripper_description/meshes/ur10e/collision/forearm.stl
[0.082s] -- Up-to-date: /home/wyd/arm_ws/install/ur5_gripper_description/share/ur5_gripper_description/meshes/ur10e/collision/upperarm.stl
[0.082s] -- Up-to-date: /home/wyd/arm_ws/install/ur5_gripper_description/share/ur5_gripper_description/meshes/ur10e/collision/wrist2.stl
[0.082s] -- Up-to-date: /home/wyd/arm_ws/install/ur5_gripper_description/share/ur5_gripper_description/meshes/ur10e/collision/wrist3.stl
[0.082s] -- Up-to-date: /home/wyd/arm_ws/install/ur5_gripper_description/share/ur5_gripper_description/meshes/ur10e/collision/shoulder.stl
[0.082s] -- Up-to-date: /home/wyd/arm_ws/install/ur5_gripper_description/share/ur5_gripper_description/meshes/ur10e/collision/base.stl
[0.082s] -- Up-to-date: /home/wyd/arm_ws/install/ur5_gripper_description/share/ur5_gripper_description/meshes/ur10e/collision/wrist1.stl
[0.082s] -- Up-to-date: /home/wyd/arm_ws/install/ur5_gripper_description/share/ur5_gripper_description/meshes/ur10e/visual
[0.082s] -- Up-to-date: /home/wyd/arm_ws/install/ur5_gripper_description/share/ur5_gripper_description/meshes/ur10e/visual/base.dae
[0.082s] -- Up-to-date: /home/wyd/arm_ws/install/ur5_gripper_description/share/ur5_gripper_description/meshes/ur10e/visual/wrist1.dae
[0.082s] -- Up-to-date: /home/wyd/arm_ws/install/ur5_gripper_description/share/ur5_gripper_description/meshes/ur10e/visual/wrist2.dae
[0.082s] -- Up-to-date: /home/wyd/arm_ws/install/ur5_gripper_description/share/ur5_gripper_description/meshes/ur10e/visual/forearm.dae
[0.082s] -- Up-to-date: /home/wyd/arm_ws/install/ur5_gripper_description/share/ur5_gripper_description/meshes/ur10e/visual/wrist3.dae
[0.083s] -- Up-to-date: /home/wyd/arm_ws/install/ur5_gripper_description/share/ur5_gripper_description/meshes/ur10e/visual/shoulder.dae
[0.083s] -- Up-to-date: /home/wyd/arm_ws/install/ur5_gripper_description/share/ur5_gripper_description/meshes/ur10e/visual/upperarm.dae
[0.083s] -- Up-to-date: /home/wyd/arm_ws/install/ur5_gripper_description/share/ur5_gripper_description/meshes/robotiq_85_coupler.stl
[0.083s] -- Up-to-date: /home/wyd/arm_ws/install/ur5_gripper_description/share/ur5_gripper_description/meshes/r_index_prox.STL
[0.083s] -- Up-to-date: /home/wyd/arm_ws/install/ur5_gripper_description/share/ur5_gripper_description/meshes/upperarm.dae
[0.083s] -- Up-to-date: /home/wyd/arm_ws/install/ur5_gripper_description/share/ur5_gripper_description/rviz
[0.083s] -- Up-to-date: /home/wyd/arm_ws/install/ur5_gripper_description/share/ur5_gripper_description/rviz/view_robot.rviz
[0.083s] -- Up-to-date: /home/wyd/arm_ws/install/ur5_gripper_description/share/ur5_gripper_description/urdf
[0.083s] -- Up-to-date: /home/wyd/arm_ws/install/ur5_gripper_description/share/ur5_gripper_description/urdf/hand_simply.urdf.xacro
[0.083s] -- Up-to-date: /home/wyd/arm_ws/install/ur5_gripper_description/share/ur5_gripper_description/urdf/hand.urdf.xacro
[0.083s] -- Up-to-date: /home/wyd/arm_ws/install/ur5_gripper_description/share/ur5_gripper_description/urdf/ur5.ros2_control.xacro
[0.083s] -- Up-to-date: /home/wyd/arm_ws/install/ur5_gripper_description/share/ur5_gripper_description/urdf/hand_ros2_control.xacro
[0.083s] -- Up-to-date: /home/wyd/arm_ws/install/ur5_gripper_description/share/ur5_gripper_description/urdf/ur.ros2_control.xacro
[0.083s] -- Up-to-date: /home/wyd/arm_ws/install/ur5_gripper_description/share/ur5_gripper_description/urdf/inc1
[0.083s] -- Up-to-date: /home/wyd/arm_ws/install/ur5_gripper_description/share/ur5_gripper_description/urdf/inc1/ur5_common.xacro
[0.083s] -- Up-to-date: /home/wyd/arm_ws/install/ur5_gripper_description/share/ur5_gripper_description/urdf/inc1/ur5_transmissions.xacro
[0.083s] -- Up-to-date: /home/wyd/arm_ws/install/ur5_gripper_description/share/ur5_gripper_description/urdf/ur5_macro.xacro
[0.083s] -- Up-to-date: /home/wyd/arm_ws/install/ur5_gripper_description/share/ur5_gripper_description/urdf/ur5_simply.urdf.xacro
[0.084s] -- Up-to-date: /home/wyd/arm_ws/install/ur5_gripper_description/share/ur5_gripper_description/urdf/ur5.urdf.xacro
[0.084s] -- Up-to-date: /home/wyd/arm_ws/install/ur5_gripper_description/share/ur5_gripper_description/urdf/output.urdf
[0.084s] -- Up-to-date: /home/wyd/arm_ws/install/ur5_gripper_description/share/ur5_gripper_description/urdf/inc
[0.084s] -- Up-to-date: /home/wyd/arm_ws/install/ur5_gripper_description/share/ur5_gripper_description/urdf/inc/ur_transmissions.xacro
[0.084s] -- Up-to-date: /home/wyd/arm_ws/install/ur5_gripper_description/share/ur5_gripper_description/urdf/inc/ur_common.xacro
[0.084s] -- Up-to-date: /home/wyd/arm_ws/install/ur5_gripper_description/share/ur5_gripper_description/urdf/ur5_robotiq85_gripper.urdf.xacro
[0.084s] -- Up-to-date: /home/wyd/arm_ws/install/ur5_gripper_description/share/ur5_gripper_description/urdf/initial_positions.yaml
[0.084s] -- Up-to-date: /home/wyd/arm_ws/install/ur5_gripper_description/share/ur5_gripper_description/urdf/ur_macro.xacro
[0.084s] -- Up-to-date: /home/wyd/arm_ws/install/ur5_gripper_description/share/ur5_gripper_description/urdf/ur.urdf.xacro
[0.084s] -- Up-to-date: /home/wyd/arm_ws/install/ur5_gripper_description/share/ament_index/resource_index/package_run_dependencies/ur5_gripper_description
[0.084s] -- Up-to-date: /home/wyd/arm_ws/install/ur5_gripper_description/share/ament_index/resource_index/parent_prefix_path/ur5_gripper_description
[0.084s] -- Up-to-date: /home/wyd/arm_ws/install/ur5_gripper_description/share/ur5_gripper_description/environment/ament_prefix_path.sh
[0.084s] -- Up-to-date: /home/wyd/arm_ws/install/ur5_gripper_description/share/ur5_gripper_description/environment/ament_prefix_path.dsv
[0.084s] -- Up-to-date: /home/wyd/arm_ws/install/ur5_gripper_description/share/ur5_gripper_description/environment/path.sh
[0.084s] -- Up-to-date: /home/wyd/arm_ws/install/ur5_gripper_description/share/ur5_gripper_description/environment/path.dsv
[0.084s] -- Up-to-date: /home/wyd/arm_ws/install/ur5_gripper_description/share/ur5_gripper_description/local_setup.bash
[0.084s] -- Up-to-date: /home/wyd/arm_ws/install/ur5_gripper_description/share/ur5_gripper_description/local_setup.sh
[0.085s] -- Up-to-date: /home/wyd/arm_ws/install/ur5_gripper_description/share/ur5_gripper_description/local_setup.zsh
[0.085s] -- Up-to-date: /home/wyd/arm_ws/install/ur5_gripper_description/share/ur5_gripper_description/local_setup.dsv
[0.085s] -- Installing: /home/wyd/arm_ws/install/ur5_gripper_description/share/ur5_gripper_description/package.dsv
[0.085s] -- Up-to-date: /home/wyd/arm_ws/install/ur5_gripper_description/share/ament_index/resource_index/packages/ur5_gripper_description
[0.085s] -- Up-to-date: /home/wyd/arm_ws/install/ur5_gripper_description/share/ur5_gripper_description/cmake/ur5_gripper_descriptionConfig.cmake
[0.085s] -- Up-to-date: /home/wyd/arm_ws/install/ur5_gripper_description/share/ur5_gripper_description/cmake/ur5_gripper_descriptionConfig-version.cmake
[0.085s] -- Up-to-date: /home/wyd/arm_ws/install/ur5_gripper_description/share/ur5_gripper_description/package.xml
[0.085s] Invoked command in '/home/wyd/arm_ws/build/ur5_gripper_description' returned '0': CMAKE_PREFIX_PATH=/home/wyd/OCS2_ROS2/install/ocs2_ros2:/home/wyd/OCS2_ROS2/install/ocs2_robotic_examples:/home/wyd/OCS2_ROS2/install/ocs2_anymal:/home/wyd/OCS2_ROS2/install/ocs2_anymal_loopshaping_mpc:/home/wyd/OCS2_ROS2/install/ocs2_quadruped_loopshaping_interface:/home/wyd/OCS2_ROS2/install/ocs2_anymal_mpc:/home/wyd/OCS2_ROS2/install/ocs2_quadruped_interface:/home/wyd/OCS2_ROS2/install/segmented_planes_terrain_model:/home/wyd/OCS2_ROS2/install/ocs2_sphere_approximation:/home/wyd/OCS2_ROS2/install/ocs2_pinocchio:/home/wyd/OCS2_ROS2/install/ocs2_mobile_manipulator_ros:/home/wyd/OCS2_ROS2/install/ocs2_self_collision_visualization:/home/wyd/OCS2_ROS2/install/ocs2_mobile_manipulator:/home/wyd/OCS2_ROS2/install/ocs2_self_collision:/home/wyd/OCS2_ROS2/install/ocs2_raisim:/home/wyd/OCS2_ROS2/install/ocs2_legged_robot_raisim:/home/wyd/OCS2_ROS2/install/ocs2_legged_robot_ros:/home/wyd/OCS2_ROS2/install/ocs2_legged_robot:/home/wyd/OCS2_ROS2/install/ocs2_centroidal_model:/home/wyd/OCS2_ROS2/install/ocs2_anymal_models:/home/wyd/OCS2_ROS2/install/ocs2_pinocchio_interface:/home/wyd/OCS2_ROS2/install/pinocchio:/home/wyd/OCS2_ROS2/install/ocs2_anymal_commands:/home/wyd/OCS2_ROS2/install/ocs2_switched_model_interface:/home/wyd/OCS2_ROS2/install/ocs2_ballbot_ros:/home/wyd/OCS2_ROS2/install/ocs2_ballbot:/home/wyd/OCS2_ROS2/install/ocs2_sqp:/home/wyd/OCS2_ROS2/install/ocs2_slp:/home/wyd/OCS2_ROS2/install/ocs2_quadrotor_ros:/home/wyd/OCS2_ROS2/install/ocs2_double_integrator_ros:/home/wyd/OCS2_ROS2/install/ocs2_cartpole_ros:/home/wyd/OCS2_ROS2/install/ocs2_ros_interfaces:/home/wyd/OCS2_ROS2/install/ocs2_quadrotor:/home/wyd/OCS2_ROS2/install/ocs2_double_integrator:/home/wyd/OCS2_ROS2/install/ocs2_python_interface:/home/wyd/OCS2_ROS2/install/ocs2_perceptive:/home/wyd/OCS2_ROS2/install/ocs2_cartpole:/home/wyd/OCS2_ROS2/install/ocs2_robotic_tools:/home/wyd/OCS2_ROS2/install/ocs2_raisim_ros:/home/wyd/OCS2_ROS2/install/ocs2_raisim_core:/home/wyd/OCS2_ROS2/install/ocs2_ocs2:/home/wyd/OCS2_ROS2/install/ocs2_ipm:/home/wyd/OCS2_ROS2/install/ocs2_ddp:/home/wyd/OCS2_ROS2/install/hpipm_catkin:/home/wyd/OCS2_ROS2/install/ocs2_qp_solver:/home/wyd/OCS2_ROS2/install/ocs2_mpc:/home/wyd/OCS2_ROS2/install/ocs2_oc:/home/wyd/OCS2_ROS2/install/ocs2_frank_wolfe:/home/wyd/OCS2_ROS2/install/ocs2_core:/home/wyd/OCS2_ROS2/install/ocs2_thirdparty:/home/wyd/OCS2_ROS2/install/ocs2_switched_model_msgs:/home/wyd/OCS2_ROS2/install/ocs2_robotic_assets:/home/wyd/OCS2_ROS2/install/ocs2_msgs:/home/wyd/OCS2_ROS2/install/hpp-fcl:/home/wyd/OCS2_ROS2/install/convex_plane_decomposition_ros:/home/wyd/OCS2_ROS2/install/convex_plane_decomposition:/opt/ros/humble:/home/wyd/OCS2_ROS2/install/grid_map_filters_rsl:/home/wyd/OCS2_ROS2/install/convex_plane_decomposition_msgs:/home/wyd/OCS2_ROS2/install/cgal5_catkin:/home/wyd/OCS2_ROS2/install/blasfeo_catkin:/home/wyd/raisim/install/raisim /usr/bin/cmake --install /home/wyd/arm_ws/build/ur5_gripper_description
