-- Install configuration: ""
-- Up-to-date: /root/ocs2_ros2/ros_ws/src/ur5_ros2/install/ur5_description/share/ur5_description//config
-- Up-to-date: /root/ocs2_ros2/ros_ws/src/ur5_ros2/install/ur5_description/share/ur5_description//config/initial_positions.yaml
-- Up-to-date: /root/ocs2_ros2/ros_ws/src/ur5_ros2/install/ur5_description/share/ur5_description//config/robot_controllers.yaml
-- Up-to-date: /root/ocs2_ros2/ros_ws/src/ur5_ros2/install/ur5_description/share/ur5_description//launch
-- Up-to-date: /root/ocs2_ros2/ros_ws/src/ur5_ros2/install/ur5_description/share/ur5_description//launch/bringup_gazebo.launch.py
-- Up-to-date: /root/ocs2_ros2/ros_ws/src/ur5_ros2/install/ur5_description/share/ur5_description//launch/display_robot.launch.py
-- Up-to-date: /root/ocs2_ros2/ros_ws/src/ur5_ros2/install/ur5_description/share/ur5_description//urdf
-- Up-to-date: /root/ocs2_ros2/ros_ws/src/ur5_ros2/install/ur5_description/share/ur5_description//urdf/ur5_transmissions.xacro
-- Up-to-date: /root/ocs2_ros2/ros_ws/src/ur5_ros2/install/ur5_description/share/ur5_description//urdf/ur5.urdf
-- Up-to-date: /root/ocs2_ros2/ros_ws/src/ur5_ros2/install/ur5_description/share/ur5_description//urdf/ur5_joints_links.xacro
-- Up-to-date: /root/ocs2_ros2/ros_ws/src/ur5_ros2/install/ur5_description/share/ur5_description//urdf/ur5_urdf.xacro
-- Up-to-date: /root/ocs2_ros2/ros_ws/src/ur5_ros2/install/ur5_description/share/ur5_description//urdf/ur5.xacro
-- Up-to-date: /root/ocs2_ros2/ros_ws/src/ur5_ros2/install/ur5_description/share/ur5_description//urdf/ur5_ros2_control.xacro
-- Up-to-date: /root/ocs2_ros2/ros_ws/src/ur5_ros2/install/ur5_description/share/ur5_description//meshes
-- Up-to-date: /root/ocs2_ros2/ros_ws/src/ur5_ros2/install/ur5_description/share/ur5_description//meshes/upperarm.dae
-- Up-to-date: /root/ocs2_ros2/ros_ws/src/ur5_ros2/install/ur5_description/share/ur5_description//meshes/wrist3.dae
-- Up-to-date: /root/ocs2_ros2/ros_ws/src/ur5_ros2/install/ur5_description/share/ur5_description//meshes/base.dae
-- Up-to-date: /root/ocs2_ros2/ros_ws/src/ur5_ros2/install/ur5_description/share/ur5_description//meshes/shoulder.dae
-- Installing: /root/ocs2_ros2/ros_ws/src/ur5_ros2/install/ur5_description/share/ur5_description//meshes/collision
-- Installing: /root/ocs2_ros2/ros_ws/src/ur5_ros2/install/ur5_description/share/ur5_description//meshes/collision/shoulder.stl
-- Installing: /root/ocs2_ros2/ros_ws/src/ur5_ros2/install/ur5_description/share/ur5_description//meshes/collision/forearm.stl
-- Installing: /root/ocs2_ros2/ros_ws/src/ur5_ros2/install/ur5_description/share/ur5_description//meshes/collision/base.stl
-- Installing: /root/ocs2_ros2/ros_ws/src/ur5_ros2/install/ur5_description/share/ur5_description//meshes/collision/upperarm.stl
-- Installing: /root/ocs2_ros2/ros_ws/src/ur5_ros2/install/ur5_description/share/ur5_description//meshes/collision/wrist3.stl
-- Installing: /root/ocs2_ros2/ros_ws/src/ur5_ros2/install/ur5_description/share/ur5_description//meshes/collision/wrist1.stl
-- Installing: /root/ocs2_ros2/ros_ws/src/ur5_ros2/install/ur5_description/share/ur5_description//meshes/collision/wrist2.stl
-- Up-to-date: /root/ocs2_ros2/ros_ws/src/ur5_ros2/install/ur5_description/share/ur5_description//meshes/wrist1.dae
-- Up-to-date: /root/ocs2_ros2/ros_ws/src/ur5_ros2/install/ur5_description/share/ur5_description//meshes/wrist2.dae
-- Installing: /root/ocs2_ros2/ros_ws/src/ur5_ros2/install/ur5_description/share/ur5_description//meshes/visual
-- Installing: /root/ocs2_ros2/ros_ws/src/ur5_ros2/install/ur5_description/share/ur5_description//meshes/visual/upperarm.dae
-- Installing: /root/ocs2_ros2/ros_ws/src/ur5_ros2/install/ur5_description/share/ur5_description//meshes/visual/wrist3.dae
-- Installing: /root/ocs2_ros2/ros_ws/src/ur5_ros2/install/ur5_description/share/ur5_description//meshes/visual/base.dae
-- Installing: /root/ocs2_ros2/ros_ws/src/ur5_ros2/install/ur5_description/share/ur5_description//meshes/visual/shoulder.dae
-- Installing: /root/ocs2_ros2/ros_ws/src/ur5_ros2/install/ur5_description/share/ur5_description//meshes/visual/wrist1.dae
-- Installing: /root/ocs2_ros2/ros_ws/src/ur5_ros2/install/ur5_description/share/ur5_description//meshes/visual/wrist2.dae
-- Installing: /root/ocs2_ros2/ros_ws/src/ur5_ros2/install/ur5_description/share/ur5_description//meshes/visual/forearm.dae
-- Up-to-date: /root/ocs2_ros2/ros_ws/src/ur5_ros2/install/ur5_description/share/ur5_description//meshes/forearm.dae
-- Up-to-date: /root/ocs2_ros2/ros_ws/src/ur5_ros2/install/ur5_description/share/ur5_description//rviz
-- Up-to-date: /root/ocs2_ros2/ros_ws/src/ur5_ros2/install/ur5_description/share/ur5_description//rviz/view_robot.rviz
-- Up-to-date: /root/ocs2_ros2/ros_ws/src/ur5_ros2/install/ur5_description/share/ur5_description//worlds
-- Up-to-date: /root/ocs2_ros2/ros_ws/src/ur5_ros2/install/ur5_description/share/ur5_description//worlds/empty.world
-- Up-to-date: /root/ocs2_ros2/ros_ws/src/ur5_ros2/install/ur5_description/share/ament_index/resource_index/package_run_dependencies/ur5_description
-- Up-to-date: /root/ocs2_ros2/ros_ws/src/ur5_ros2/install/ur5_description/share/ament_index/resource_index/parent_prefix_path/ur5_description
-- Up-to-date: /root/ocs2_ros2/ros_ws/src/ur5_ros2/install/ur5_description/share/ur5_description/environment/ament_prefix_path.sh
-- Up-to-date: /root/ocs2_ros2/ros_ws/src/ur5_ros2/install/ur5_description/share/ur5_description/environment/ament_prefix_path.dsv
-- Up-to-date: /root/ocs2_ros2/ros_ws/src/ur5_ros2/install/ur5_description/share/ur5_description/environment/path.sh
-- Up-to-date: /root/ocs2_ros2/ros_ws/src/ur5_ros2/install/ur5_description/share/ur5_description/environment/path.dsv
-- Up-to-date: /root/ocs2_ros2/ros_ws/src/ur5_ros2/install/ur5_description/share/ur5_description/local_setup.bash
-- Up-to-date: /root/ocs2_ros2/ros_ws/src/ur5_ros2/install/ur5_description/share/ur5_description/local_setup.sh
-- Up-to-date: /root/ocs2_ros2/ros_ws/src/ur5_ros2/install/ur5_description/share/ur5_description/local_setup.zsh
-- Up-to-date: /root/ocs2_ros2/ros_ws/src/ur5_ros2/install/ur5_description/share/ur5_description/local_setup.dsv
-- Installing: /root/ocs2_ros2/ros_ws/src/ur5_ros2/install/ur5_description/share/ur5_description/package.dsv
-- Up-to-date: /root/ocs2_ros2/ros_ws/src/ur5_ros2/install/ur5_description/share/ament_index/resource_index/packages/ur5_description
-- Up-to-date: /root/ocs2_ros2/ros_ws/src/ur5_ros2/install/ur5_description/share/ur5_description/cmake/ur5_descriptionConfig.cmake
-- Up-to-date: /root/ocs2_ros2/ros_ws/src/ur5_ros2/install/ur5_description/share/ur5_description/cmake/ur5_descriptionConfig-version.cmake
-- Up-to-date: /root/ocs2_ros2/ros_ws/src/ur5_ros2/install/ur5_description/share/ur5_description/package.xml
