[0.108s] DEBUG:colcon:Command line arguments: ['/usr/bin/colcon', 'build']
[0.108s] DEBUG:colcon:Parsed command line arguments: Namespace(log_base=None, log_level=None, verb_name='build', build_base='build', install_base='install', merge_install=False, symlink_install=False, test_result_base=None, continue_on_error=False, executor='parallel', parallel_workers=36, event_handlers=None, ignore_user_meta=False, metas=['./colcon.meta'], base_paths=['.'], packages_ignore=None, packages_ignore_regex=None, paths=None, packages_up_to=None, packages_up_to_regex=None, packages_above=None, packages_above_and_dependencies=None, packages_above_depth=None, packages_select_by_dep=None, packages_skip_by_dep=None, packages_skip_up_to=None, packages_select_build_failed=False, packages_skip_build_finished=False, packages_select_test_failures=False, packages_skip_test_passed=False, packages_select=None, packages_skip=None, packages_select_regex=None, packages_skip_regex=None, packages_start=None, packages_end=None, cmake_args=None, cmake_target=None, cmake_target_skip_unavailable=False, cmake_clean_cache=False, cmake_clean_first=False, cmake_force_configure=False, ament_cmake_args=None, catkin_cmake_args=None, catkin_skip_building_tests=False, mixin_files=None, mixin=None, verb_parser=<colcon_mixin.mixin.mixin_argument.MixinArgumentDecorator object at 0x7f1ee607f340>, verb_extension=<colcon_core.verb.build.BuildVerb object at 0x7f1ee607e980>, main=<bound method BuildVerb.main of <colcon_core.verb.build.BuildVerb object at 0x7f1ee607e980>>, mixin_verb=('build',))
[0.247s] Level 1:colcon.colcon_core.package_discovery:discover_packages(colcon_meta) check parameters
[0.247s] INFO:colcon.colcon_metadata.package_discovery.colcon_meta:Using configuration from '/root/.colcon/metadata/default/Gazebo.meta'
[0.248s] INFO:colcon.colcon_metadata.package_discovery.colcon_meta:Using configuration from '/root/.colcon/metadata/default/fastrtps.meta'
[0.248s] Level 1:colcon.colcon_core.package_discovery:discover_packages(recursive) check parameters
[0.248s] Level 1:colcon.colcon_core.package_discovery:discover_packages(ignore) check parameters
[0.248s] Level 1:colcon.colcon_core.package_discovery:discover_packages(path) check parameters
[0.248s] Level 1:colcon.colcon_core.package_discovery:discover_packages(colcon_meta) discover
[0.248s] Level 1:colcon.colcon_core.package_discovery:discover_packages(recursive) discover
[0.248s] INFO:colcon.colcon_core.package_discovery:Crawling recursively for packages in '/root/ocs2_ros2/ros_ws/src/ur5_ros2'
[0.248s] Level 1:colcon.colcon_core.package_identification:_identify(.) by extensions ['ignore', 'ignore_ament_install']
[0.248s] Level 1:colcon.colcon_core.package_identification:_identify(.) by extension 'ignore'
[0.248s] Level 1:colcon.colcon_core.package_identification:_identify(.) by extension 'ignore_ament_install'
[0.248s] Level 1:colcon.colcon_core.package_identification:_identify(.) by extensions ['colcon_pkg']
[0.248s] Level 1:colcon.colcon_core.package_identification:_identify(.) by extension 'colcon_pkg'
[0.248s] Level 1:colcon.colcon_core.package_identification:_identify(.) by extensions ['colcon_meta']
[0.248s] Level 1:colcon.colcon_core.package_identification:_identify(.) by extension 'colcon_meta'
[0.249s] Level 1:colcon.colcon_core.package_identification:_identify(.) by extensions ['ros']
[0.249s] Level 1:colcon.colcon_core.package_identification:_identify(.) by extension 'ros'
[0.258s] Level 1:colcon.colcon_core.package_identification:_identify(.) by extensions ['cmake', 'python']
[0.258s] Level 1:colcon.colcon_core.package_identification:_identify(.) by extension 'cmake'
[0.258s] Level 1:colcon.colcon_core.package_identification:_identify(.) by extension 'python'
[0.258s] Level 1:colcon.colcon_core.package_identification:_identify(.) by extensions ['python_setup_py']
[0.258s] Level 1:colcon.colcon_core.package_identification:_identify(.) by extension 'python_setup_py'
[0.258s] Level 1:colcon.colcon_core.package_identification:_identify(build) by extensions ['ignore', 'ignore_ament_install']
[0.258s] Level 1:colcon.colcon_core.package_identification:_identify(build) by extension 'ignore'
[0.258s] Level 1:colcon.colcon_core.package_identification:_identify(build) ignored
[0.258s] Level 1:colcon.colcon_core.package_identification:_identify(install) by extensions ['ignore', 'ignore_ament_install']
[0.258s] Level 1:colcon.colcon_core.package_identification:_identify(install) by extension 'ignore'
[0.259s] Level 1:colcon.colcon_core.package_identification:_identify(install) ignored
[0.259s] Level 1:colcon.colcon_core.package_identification:_identify(log) by extensions ['ignore', 'ignore_ament_install']
[0.259s] Level 1:colcon.colcon_core.package_identification:_identify(log) by extension 'ignore'
[0.259s] Level 1:colcon.colcon_core.package_identification:_identify(log) ignored
[0.259s] Level 1:colcon.colcon_core.package_identification:_identify(ur5_arm) by extensions ['ignore', 'ignore_ament_install']
[0.259s] Level 1:colcon.colcon_core.package_identification:_identify(ur5_arm) by extension 'ignore'
[0.259s] Level 1:colcon.colcon_core.package_identification:_identify(ur5_arm) by extension 'ignore_ament_install'
[0.259s] Level 1:colcon.colcon_core.package_identification:_identify(ur5_arm) by extensions ['colcon_pkg']
[0.259s] Level 1:colcon.colcon_core.package_identification:_identify(ur5_arm) by extension 'colcon_pkg'
[0.259s] Level 1:colcon.colcon_core.package_identification:_identify(ur5_arm) by extensions ['colcon_meta']
[0.259s] Level 1:colcon.colcon_core.package_identification:_identify(ur5_arm) by extension 'colcon_meta'
[0.259s] Level 1:colcon.colcon_core.package_identification:_identify(ur5_arm) by extensions ['ros']
[0.259s] Level 1:colcon.colcon_core.package_identification:_identify(ur5_arm) by extension 'ros'
[0.259s] Level 1:colcon.colcon_core.package_identification:_identify(ur5_arm) by extensions ['cmake', 'python']
[0.259s] Level 1:colcon.colcon_core.package_identification:_identify(ur5_arm) by extension 'cmake'
[0.259s] Level 1:colcon.colcon_core.package_identification:_identify(ur5_arm) by extension 'python'
[0.259s] Level 1:colcon.colcon_core.package_identification:_identify(ur5_arm) by extensions ['python_setup_py']
[0.259s] Level 1:colcon.colcon_core.package_identification:_identify(ur5_arm) by extension 'python_setup_py'
[0.259s] Level 1:colcon.colcon_core.package_identification:_identify(ur5_arm/build) by extensions ['ignore', 'ignore_ament_install']
[0.259s] Level 1:colcon.colcon_core.package_identification:_identify(ur5_arm/build) by extension 'ignore'
[0.259s] Level 1:colcon.colcon_core.package_identification:_identify(ur5_arm/build) ignored
[0.259s] Level 1:colcon.colcon_core.package_identification:_identify(ur5_arm/install) by extensions ['ignore', 'ignore_ament_install']
[0.260s] Level 1:colcon.colcon_core.package_identification:_identify(ur5_arm/install) by extension 'ignore'
[0.260s] Level 1:colcon.colcon_core.package_identification:_identify(ur5_arm/install) ignored
[0.260s] Level 1:colcon.colcon_core.package_identification:_identify(ur5_arm/log) by extensions ['ignore', 'ignore_ament_install']
[0.260s] Level 1:colcon.colcon_core.package_identification:_identify(ur5_arm/log) by extension 'ignore'
[0.260s] Level 1:colcon.colcon_core.package_identification:_identify(ur5_arm/log) ignored
[0.260s] Level 1:colcon.colcon_core.package_identification:_identify(ur5_arm/ur5_bringup) by extensions ['ignore', 'ignore_ament_install']
[0.260s] Level 1:colcon.colcon_core.package_identification:_identify(ur5_arm/ur5_bringup) by extension 'ignore'
[0.260s] Level 1:colcon.colcon_core.package_identification:_identify(ur5_arm/ur5_bringup) by extension 'ignore_ament_install'
[0.260s] Level 1:colcon.colcon_core.package_identification:_identify(ur5_arm/ur5_bringup) by extensions ['colcon_pkg']
[0.260s] Level 1:colcon.colcon_core.package_identification:_identify(ur5_arm/ur5_bringup) by extension 'colcon_pkg'
[0.260s] Level 1:colcon.colcon_core.package_identification:_identify(ur5_arm/ur5_bringup) by extensions ['colcon_meta']
[0.260s] Level 1:colcon.colcon_core.package_identification:_identify(ur5_arm/ur5_bringup) by extension 'colcon_meta'
[0.260s] Level 1:colcon.colcon_core.package_identification:_identify(ur5_arm/ur5_bringup) by extensions ['ros']
[0.260s] Level 1:colcon.colcon_core.package_identification:_identify(ur5_arm/ur5_bringup) by extension 'ros'
[0.262s] DEBUG:colcon.colcon_core.package_identification:Package 'ur5_arm/ur5_bringup' with type 'ros.ament_cmake' and name 'ur5_bringup'
[0.262s] Level 1:colcon.colcon_core.package_identification:_identify(ur5_arm/ur5_description) by extensions ['ignore', 'ignore_ament_install']
[0.262s] Level 1:colcon.colcon_core.package_identification:_identify(ur5_arm/ur5_description) by extension 'ignore'
[0.262s] Level 1:colcon.colcon_core.package_identification:_identify(ur5_arm/ur5_description) by extension 'ignore_ament_install'
[0.262s] Level 1:colcon.colcon_core.package_identification:_identify(ur5_arm/ur5_description) by extensions ['colcon_pkg']
[0.262s] Level 1:colcon.colcon_core.package_identification:_identify(ur5_arm/ur5_description) by extension 'colcon_pkg'
[0.262s] Level 1:colcon.colcon_core.package_identification:_identify(ur5_arm/ur5_description) by extensions ['colcon_meta']
[0.262s] Level 1:colcon.colcon_core.package_identification:_identify(ur5_arm/ur5_description) by extension 'colcon_meta'
[0.262s] Level 1:colcon.colcon_core.package_identification:_identify(ur5_arm/ur5_description) by extensions ['ros']
[0.262s] Level 1:colcon.colcon_core.package_identification:_identify(ur5_arm/ur5_description) by extension 'ros'
[0.263s] DEBUG:colcon.colcon_core.package_identification:Package 'ur5_arm/ur5_description' with type 'ros.ament_cmake' and name 'ur5_description'
[0.263s] Level 1:colcon.colcon_core.package_identification:_identify(ur5_controller) by extensions ['ignore', 'ignore_ament_install']
[0.263s] Level 1:colcon.colcon_core.package_identification:_identify(ur5_controller) by extension 'ignore'
[0.263s] Level 1:colcon.colcon_core.package_identification:_identify(ur5_controller) by extension 'ignore_ament_install'
[0.263s] Level 1:colcon.colcon_core.package_identification:_identify(ur5_controller) by extensions ['colcon_pkg']
[0.264s] Level 1:colcon.colcon_core.package_identification:_identify(ur5_controller) by extension 'colcon_pkg'
[0.264s] Level 1:colcon.colcon_core.package_identification:_identify(ur5_controller) by extensions ['colcon_meta']
[0.264s] Level 1:colcon.colcon_core.package_identification:_identify(ur5_controller) by extension 'colcon_meta'
[0.264s] Level 1:colcon.colcon_core.package_identification:_identify(ur5_controller) by extensions ['ros']
[0.264s] Level 1:colcon.colcon_core.package_identification:_identify(ur5_controller) by extension 'ros'
[0.265s] DEBUG:colcon.colcon_core.package_identification:Package 'ur5_controller' with type 'ros.ament_cmake' and name 'ur5_controller'
[0.266s] Level 1:colcon.colcon_core.package_identification:_identify(ur5_interface) by extensions ['ignore', 'ignore_ament_install']
[0.266s] Level 1:colcon.colcon_core.package_identification:_identify(ur5_interface) by extension 'ignore'
[0.266s] Level 1:colcon.colcon_core.package_identification:_identify(ur5_interface) by extension 'ignore_ament_install'
[0.266s] Level 1:colcon.colcon_core.package_identification:_identify(ur5_interface) by extensions ['colcon_pkg']
[0.266s] Level 1:colcon.colcon_core.package_identification:_identify(ur5_interface) by extension 'colcon_pkg'
[0.266s] Level 1:colcon.colcon_core.package_identification:_identify(ur5_interface) by extensions ['colcon_meta']
[0.266s] Level 1:colcon.colcon_core.package_identification:_identify(ur5_interface) by extension 'colcon_meta'
[0.266s] Level 1:colcon.colcon_core.package_identification:_identify(ur5_interface) by extensions ['ros']
[0.266s] Level 1:colcon.colcon_core.package_identification:_identify(ur5_interface) by extension 'ros'
[0.267s] DEBUG:colcon.colcon_core.package_identification:Package 'ur5_interface' with type 'ros.ament_cmake' and name 'ur5_interface'
[0.267s] Level 1:colcon.colcon_core.package_discovery:discover_packages(recursive) using defaults
[0.267s] Level 1:colcon.colcon_core.package_discovery:discover_packages(ignore) discover
[0.267s] Level 1:colcon.colcon_core.package_discovery:discover_packages(ignore) using defaults
[0.267s] Level 1:colcon.colcon_core.package_discovery:discover_packages(path) discover
[0.267s] Level 1:colcon.colcon_core.package_discovery:discover_packages(path) using defaults
[0.294s] Level 5:colcon.colcon_core.verb:set package 'ur5_bringup' build argument 'cmake_args' from command line to 'None'
[0.294s] Level 5:colcon.colcon_core.verb:set package 'ur5_bringup' build argument 'cmake_target' from command line to 'None'
[0.294s] Level 5:colcon.colcon_core.verb:set package 'ur5_bringup' build argument 'cmake_target_skip_unavailable' from command line to 'False'
[0.294s] Level 5:colcon.colcon_core.verb:set package 'ur5_bringup' build argument 'cmake_clean_cache' from command line to 'False'
[0.294s] Level 5:colcon.colcon_core.verb:set package 'ur5_bringup' build argument 'cmake_clean_first' from command line to 'False'
[0.294s] Level 5:colcon.colcon_core.verb:set package 'ur5_bringup' build argument 'cmake_force_configure' from command line to 'False'
[0.294s] Level 5:colcon.colcon_core.verb:set package 'ur5_bringup' build argument 'ament_cmake_args' from command line to 'None'
[0.294s] Level 5:colcon.colcon_core.verb:set package 'ur5_bringup' build argument 'catkin_cmake_args' from command line to 'None'
[0.294s] Level 5:colcon.colcon_core.verb:set package 'ur5_bringup' build argument 'catkin_skip_building_tests' from command line to 'False'
[0.294s] DEBUG:colcon.colcon_core.verb:Building package 'ur5_bringup' with the following arguments: {'ament_cmake_args': None, 'build_base': '/root/ocs2_ros2/ros_ws/src/ur5_ros2/build/ur5_bringup', 'catkin_cmake_args': None, 'catkin_skip_building_tests': False, 'cmake_args': None, 'cmake_clean_cache': False, 'cmake_clean_first': False, 'cmake_force_configure': False, 'cmake_target': None, 'cmake_target_skip_unavailable': False, 'install_base': '/root/ocs2_ros2/ros_ws/src/ur5_ros2/install/ur5_bringup', 'merge_install': False, 'path': '/root/ocs2_ros2/ros_ws/src/ur5_ros2/ur5_arm/ur5_bringup', 'symlink_install': False, 'test_result_base': None}
[0.295s] Level 5:colcon.colcon_core.verb:set package 'ur5_interface' build argument 'cmake_args' from command line to 'None'
[0.295s] Level 5:colcon.colcon_core.verb:set package 'ur5_interface' build argument 'cmake_target' from command line to 'None'
[0.295s] Level 5:colcon.colcon_core.verb:set package 'ur5_interface' build argument 'cmake_target_skip_unavailable' from command line to 'False'
[0.295s] Level 5:colcon.colcon_core.verb:set package 'ur5_interface' build argument 'cmake_clean_cache' from command line to 'False'
[0.295s] Level 5:colcon.colcon_core.verb:set package 'ur5_interface' build argument 'cmake_clean_first' from command line to 'False'
[0.295s] Level 5:colcon.colcon_core.verb:set package 'ur5_interface' build argument 'cmake_force_configure' from command line to 'False'
[0.295s] Level 5:colcon.colcon_core.verb:set package 'ur5_interface' build argument 'ament_cmake_args' from command line to 'None'
[0.295s] Level 5:colcon.colcon_core.verb:set package 'ur5_interface' build argument 'catkin_cmake_args' from command line to 'None'
[0.295s] Level 5:colcon.colcon_core.verb:set package 'ur5_interface' build argument 'catkin_skip_building_tests' from command line to 'False'
[0.295s] DEBUG:colcon.colcon_core.verb:Building package 'ur5_interface' with the following arguments: {'ament_cmake_args': None, 'build_base': '/root/ocs2_ros2/ros_ws/src/ur5_ros2/build/ur5_interface', 'catkin_cmake_args': None, 'catkin_skip_building_tests': False, 'cmake_args': None, 'cmake_clean_cache': False, 'cmake_clean_first': False, 'cmake_force_configure': False, 'cmake_target': None, 'cmake_target_skip_unavailable': False, 'install_base': '/root/ocs2_ros2/ros_ws/src/ur5_ros2/install/ur5_interface', 'merge_install': False, 'path': '/root/ocs2_ros2/ros_ws/src/ur5_ros2/ur5_interface', 'symlink_install': False, 'test_result_base': None}
[0.295s] Level 5:colcon.colcon_core.verb:set package 'ur5_controller' build argument 'cmake_args' from command line to 'None'
[0.295s] Level 5:colcon.colcon_core.verb:set package 'ur5_controller' build argument 'cmake_target' from command line to 'None'
[0.295s] Level 5:colcon.colcon_core.verb:set package 'ur5_controller' build argument 'cmake_target_skip_unavailable' from command line to 'False'
[0.295s] Level 5:colcon.colcon_core.verb:set package 'ur5_controller' build argument 'cmake_clean_cache' from command line to 'False'
[0.295s] Level 5:colcon.colcon_core.verb:set package 'ur5_controller' build argument 'cmake_clean_first' from command line to 'False'
[0.295s] Level 5:colcon.colcon_core.verb:set package 'ur5_controller' build argument 'cmake_force_configure' from command line to 'False'
[0.295s] Level 5:colcon.colcon_core.verb:set package 'ur5_controller' build argument 'ament_cmake_args' from command line to 'None'
[0.295s] Level 5:colcon.colcon_core.verb:set package 'ur5_controller' build argument 'catkin_cmake_args' from command line to 'None'
[0.295s] Level 5:colcon.colcon_core.verb:set package 'ur5_controller' build argument 'catkin_skip_building_tests' from command line to 'False'
[0.295s] DEBUG:colcon.colcon_core.verb:Building package 'ur5_controller' with the following arguments: {'ament_cmake_args': None, 'build_base': '/root/ocs2_ros2/ros_ws/src/ur5_ros2/build/ur5_controller', 'catkin_cmake_args': None, 'catkin_skip_building_tests': False, 'cmake_args': None, 'cmake_clean_cache': False, 'cmake_clean_first': False, 'cmake_force_configure': False, 'cmake_target': None, 'cmake_target_skip_unavailable': False, 'install_base': '/root/ocs2_ros2/ros_ws/src/ur5_ros2/install/ur5_controller', 'merge_install': False, 'path': '/root/ocs2_ros2/ros_ws/src/ur5_ros2/ur5_controller', 'symlink_install': False, 'test_result_base': None}
[0.296s] Level 5:colcon.colcon_core.verb:set package 'ur5_description' build argument 'cmake_args' from command line to 'None'
[0.296s] Level 5:colcon.colcon_core.verb:set package 'ur5_description' build argument 'cmake_target' from command line to 'None'
[0.296s] Level 5:colcon.colcon_core.verb:set package 'ur5_description' build argument 'cmake_target_skip_unavailable' from command line to 'False'
[0.296s] Level 5:colcon.colcon_core.verb:set package 'ur5_description' build argument 'cmake_clean_cache' from command line to 'False'
[0.296s] Level 5:colcon.colcon_core.verb:set package 'ur5_description' build argument 'cmake_clean_first' from command line to 'False'
[0.296s] Level 5:colcon.colcon_core.verb:set package 'ur5_description' build argument 'cmake_force_configure' from command line to 'False'
[0.296s] Level 5:colcon.colcon_core.verb:set package 'ur5_description' build argument 'ament_cmake_args' from command line to 'None'
[0.296s] Level 5:colcon.colcon_core.verb:set package 'ur5_description' build argument 'catkin_cmake_args' from command line to 'None'
[0.296s] Level 5:colcon.colcon_core.verb:set package 'ur5_description' build argument 'catkin_skip_building_tests' from command line to 'False'
[0.296s] DEBUG:colcon.colcon_core.verb:Building package 'ur5_description' with the following arguments: {'ament_cmake_args': None, 'build_base': '/root/ocs2_ros2/ros_ws/src/ur5_ros2/build/ur5_description', 'catkin_cmake_args': None, 'catkin_skip_building_tests': False, 'cmake_args': None, 'cmake_clean_cache': False, 'cmake_clean_first': False, 'cmake_force_configure': False, 'cmake_target': None, 'cmake_target_skip_unavailable': False, 'install_base': '/root/ocs2_ros2/ros_ws/src/ur5_ros2/install/ur5_description', 'merge_install': False, 'path': '/root/ocs2_ros2/ros_ws/src/ur5_ros2/ur5_arm/ur5_description', 'symlink_install': False, 'test_result_base': None}
[0.296s] INFO:colcon.colcon_core.executor:Executing jobs using 'parallel' executor
[0.297s] DEBUG:colcon.colcon_parallel_executor.executor.parallel:run_until_complete
[0.297s] INFO:colcon.colcon_ros.task.ament_cmake.build:Building ROS package in '/root/ocs2_ros2/ros_ws/src/ur5_ros2/ur5_interface' with build type 'ament_cmake'
[0.297s] INFO:colcon.colcon_cmake.task.cmake.build:Building CMake package in '/root/ocs2_ros2/ros_ws/src/ur5_ros2/ur5_interface'
[0.300s] INFO:colcon.colcon_core.plugin_system:Skipping extension 'colcon_core.shell.bat': Not used on non-Windows systems
[0.300s] INFO:colcon.colcon_core.shell:Skip shell extension 'powershell' for command environment: Not usable outside of PowerShell
[0.300s] DEBUG:colcon.colcon_core.shell:Skip shell extension 'dsv' for command environment
[0.312s] INFO:colcon.colcon_ros.task.ament_cmake.build:Building ROS package in '/root/ocs2_ros2/ros_ws/src/ur5_ros2/ur5_arm/ur5_bringup' with build type 'ament_cmake'
[0.312s] INFO:colcon.colcon_cmake.task.cmake.build:Building CMake package in '/root/ocs2_ros2/ros_ws/src/ur5_ros2/ur5_arm/ur5_bringup'
[0.312s] INFO:colcon.colcon_core.shell:Skip shell extension 'powershell' for command environment: Not usable outside of PowerShell
[0.312s] DEBUG:colcon.colcon_core.shell:Skip shell extension 'dsv' for command environment
[0.356s] DEBUG:colcon.colcon_core.event_handler.log_command:Invoking command in '/root/ocs2_ros2/ros_ws/src/ur5_ros2/build/ur5_interface': CMAKE_PREFIX_PATH=/root/ocs2_ros2/ros_ws/install/velocity_interface_controller:/root/ocs2_ros2/ros_ws/install/ur5_bringup:/root/ocs2_ros2/ros_ws/install/topic_based_ros2_control:/root/ocs2_ros2/ros_ws/install/moying_mcr_hardware:/root/ocs2_ros2/ros_ws/install/elfin_ethercat_driver_plant:/root/ocs2_ros2/ros_ws/install/soem3:/root/ocs2_ros2/ros_ws/install/moying_mcr_hardware_zombie:/root/ocs2_ros2/ros_ws/install/elfin_ethercat_driver_zombie:/root/ocs2_ros2/ros_ws/install/soem2:/root/ocs2_ros2/ros_ws/install/moying_mor_bringup:/root/ocs2_ros2/ros_ws/install/moying_chassis_hardware:/root/ocs2_ros2/ros_ws/install/moying_mor_hardware:/root/ocs2_ros2/ros_ws/install/elfin_ros_control:/root/ocs2_ros2/ros_ws/install/elfin_ethercat_driver:/root/ocs2_ros2/ros_ws/install/baichuan_fieldbus_ethercat:/root/ocs2_ros2/ros_ws/install/soem:/root/ocs2_ros2/ros_ws/install/robotiq_hardware_tests:/root/ocs2_ros2/ros_ws/install/robotiq_driver:/opt/ros/humble:/root/ocs2_ros2/ros_ws/install/serial:/root/ocs2_ros2/ros_ws/install/robotiq_ft_sensor_hardware_zombie:/root/ocs2_ros2/ros_ws/install/robotiq_ft_sensor_hardware:/root/ocs2_ros2/ros_ws/install/robotiq_ft_sensor_interfaces:/root/ocs2_ros2/ros_ws/install/robotiq_ft_sensor_description:/root/ocs2_ros2/ros_ws/install/robotiq_description:/root/ocs2_ros2/ros_ws/install/robotiq_controllers:/root/ocs2_ros2/ros_ws/install/omni_controller:/root/ocs2_ros2/ros_ws/install/mmco_controller:/root/ocs2_ros2/ros_ws/install/ocs2_mobile_manipulator:/root/ocs2_ros2/ros_ws/install/moying_mor_description:/root/ocs2_ros2/ros_ws/install/moying_mcr_bringup:/root/ocs2_ros2/ros_ws/install/moying_arm_bringup:/root/ocs2_ros2/ros_ws/install/moying_mcr_description:/root/ocs2_ros2/ros_ws/install/moying_arm_description:/root/ocs2_ros2/ros_ws/install/moying_chassis_description:/root/ocs2_ros2/ros_ws/install/mmco_interface:/root/ocs2_ros2/ros_ws/install/mmco_controls:/root/ocs2_ros2/ros_ws/install/mmco_bringup:/root/ocs2_ros2/ros_ws/install/mecanumbot_controller:/root/ocs2_ros2/ros_ws/install/fake_localization:/root/ocs2_ros2/ros_ws/install/localization_msgs:/root/ocs2_ros2/ros_ws/install/imu_description:/root/ocs2_ros2/ros_ws/install/elfin_robot_msgs:/root/ocs2_ros2/ros_ws/install/elfin_description:/root/ocs2_ros2/ros_ws/install/baichuan_arm_dynamics_models:/root/ocs2_ros2/ros_ws/src/ur5_ros2/install/ur5_description:/root/ocs2_ros2/ros_ws/src/ur5_ros2/install/ur5_controller:/root/ocs2_ros2/ros_ws/src/ur5_ros2/install/ur5_interface:/root/ocs2_ros2/ros_ws/src/ur5_ros2/install/ur5_bringup:/opt/openrobots:/root/ocs2_ros2/ocs2_ws/install/ocs2_ros2:/root/ocs2_ros2/ocs2_ws/install/ocs2_robotic_examples:/root/ocs2_ros2/ocs2_ws/install/ocs2_anymal:/root/ocs2_ros2/ocs2_ws/install/ocs2_anymal_loopshaping_mpc:/root/ocs2_ros2/ocs2_ws/install/ocs2_quadruped_loopshaping_interface:/root/ocs2_ros2/ocs2_ws/install/ocs2_anymal_mpc:/root/ocs2_ros2/ocs2_ws/install/ocs2_quadruped_interface:/root/ocs2_ros2/ocs2_ws/install/segmented_planes_terrain_model:/root/ocs2_ros2/ocs2_ws/install/ocs2_sphere_approximation:/root/ocs2_ros2/ocs2_ws/install/ocs2_pinocchio:/root/ocs2_ros2/ocs2_ws/install/ocs2_mobile_manipulator_ros:/root/ocs2_ros2/ocs2_ws/install/ocs2_self_collision_visualization:/root/ocs2_ros2/ocs2_ws/install/ocs2_mobile_manipulator:/root/ocs2_ros2/ocs2_ws/install/ocs2_self_collision:/root/ocs2_ros2/ocs2_ws/install/ocs2_raisim:/root/ocs2_ros2/ocs2_ws/install/ocs2_legged_robot_raisim:/root/ocs2_ros2/ocs2_ws/install/ocs2_legged_robot_ros:/root/ocs2_ros2/ocs2_ws/install/ocs2_legged_robot:/root/ocs2_ros2/ocs2_ws/install/ocs2_centroidal_model:/root/ocs2_ros2/ocs2_ws/install/ocs2_anymal_models:/root/ocs2_ros2/ocs2_ws/install/ocs2_pinocchio_interface:/root/ocs2_ros2/ocs2_ws/install/pinocchio:/root/ocs2_ros2/ocs2_ws/install/ocs2_anymal_commands:/root/ocs2_ros2/ocs2_ws/install/ocs2_switched_model_interface:/root/ocs2_ros2/ocs2_ws/install/ocs2_ballbot_ros:/root/ocs2_ros2/ocs2_ws/install/ocs2_ballbot:/root/ocs2_ros2/ocs2_ws/install/ocs2_sqp:/root/ocs2_ros2/ocs2_ws/install/ocs2_slp:/root/ocs2_ros2/ocs2_ws/install/ocs2_quadrotor_ros:/root/ocs2_ros2/ocs2_ws/install/ocs2_double_integrator_ros:/root/ocs2_ros2/ocs2_ws/install/ocs2_cartpole_ros:/root/ocs2_ros2/ocs2_ws/install/ocs2_ros_interfaces:/root/ocs2_ros2/ocs2_ws/install/ocs2_quadrotor:/root/ocs2_ros2/ocs2_ws/install/ocs2_double_integrator:/root/ocs2_ros2/ocs2_ws/install/ocs2_python_interface:/root/ocs2_ros2/ocs2_ws/install/ocs2_perceptive:/root/ocs2_ros2/ocs2_ws/install/ocs2_cartpole:/root/ocs2_ros2/ocs2_ws/install/ocs2_robotic_tools:/root/ocs2_ros2/ocs2_ws/install/ocs2_raisim_ros:/root/ocs2_ros2/ocs2_ws/install/ocs2_raisim_core:/root/ocs2_ros2/ocs2_ws/install/ocs2_ocs2:/root/ocs2_ros2/ocs2_ws/install/ocs2_ipm:/root/ocs2_ros2/ocs2_ws/install/ocs2_ddp:/root/ocs2_ros2/ocs2_ws/install/hpipm_catkin:/root/ocs2_ros2/ocs2_ws/install/ocs2_qp_solver:/root/ocs2_ros2/ocs2_ws/install/ocs2_mpc:/root/ocs2_ros2/ocs2_ws/install/ocs2_oc:/root/ocs2_ros2/ocs2_ws/install/ocs2_frank_wolfe:/root/ocs2_ros2/ocs2_ws/install/ocs2_core:/root/ocs2_ros2/ocs2_ws/install/ocs2_thirdparty:/root/ocs2_ros2/ocs2_ws/install/ocs2_switched_model_msgs:/root/ocs2_ros2/ocs2_ws/install/ocs2_robotic_assets:/root/ocs2_ros2/ocs2_ws/install/ocs2_msgs:/root/ocs2_ros2/ocs2_ws/install/hpp-fcl:/root/ocs2_ros2/ocs2_ws/install/convex_plane_decomposition_ros:/root/ocs2_ros2/ocs2_ws/install/convex_plane_decomposition:/root/ocs2_ros2/ocs2_ws/install/grid_map_filters_rsl:/root/ocs2_ros2/ocs2_ws/install/convex_plane_decomposition_msgs:/root/ocs2_ros2/ocs2_ws/install/cgal5_catkin:/root/ocs2_ros2/ocs2_ws/install/blasfeo_catkin:/opt/openrobots: /usr/bin/cmake --build /root/ocs2_ros2/ros_ws/src/ur5_ros2/build/ur5_interface -- -j36 -l36
[0.369s] DEBUG:colcon.colcon_core.event_handler.log_command:Invoking command in '/root/ocs2_ros2/ros_ws/src/ur5_ros2/build/ur5_bringup': CMAKE_PREFIX_PATH=/root/ocs2_ros2/ros_ws/install/velocity_interface_controller:/root/ocs2_ros2/ros_ws/install/ur5_bringup:/root/ocs2_ros2/ros_ws/install/topic_based_ros2_control:/root/ocs2_ros2/ros_ws/install/moying_mcr_hardware:/root/ocs2_ros2/ros_ws/install/elfin_ethercat_driver_plant:/root/ocs2_ros2/ros_ws/install/soem3:/root/ocs2_ros2/ros_ws/install/moying_mcr_hardware_zombie:/root/ocs2_ros2/ros_ws/install/elfin_ethercat_driver_zombie:/root/ocs2_ros2/ros_ws/install/soem2:/root/ocs2_ros2/ros_ws/install/moying_mor_bringup:/root/ocs2_ros2/ros_ws/install/moying_chassis_hardware:/root/ocs2_ros2/ros_ws/install/moying_mor_hardware:/root/ocs2_ros2/ros_ws/install/elfin_ros_control:/root/ocs2_ros2/ros_ws/install/elfin_ethercat_driver:/root/ocs2_ros2/ros_ws/install/baichuan_fieldbus_ethercat:/root/ocs2_ros2/ros_ws/install/soem:/root/ocs2_ros2/ros_ws/install/robotiq_hardware_tests:/root/ocs2_ros2/ros_ws/install/robotiq_driver:/opt/ros/humble:/root/ocs2_ros2/ros_ws/install/serial:/root/ocs2_ros2/ros_ws/install/robotiq_ft_sensor_hardware_zombie:/root/ocs2_ros2/ros_ws/install/robotiq_ft_sensor_hardware:/root/ocs2_ros2/ros_ws/install/robotiq_ft_sensor_interfaces:/root/ocs2_ros2/ros_ws/install/robotiq_ft_sensor_description:/root/ocs2_ros2/ros_ws/install/robotiq_description:/root/ocs2_ros2/ros_ws/install/robotiq_controllers:/root/ocs2_ros2/ros_ws/install/omni_controller:/root/ocs2_ros2/ros_ws/install/mmco_controller:/root/ocs2_ros2/ros_ws/install/ocs2_mobile_manipulator:/root/ocs2_ros2/ros_ws/install/moying_mor_description:/root/ocs2_ros2/ros_ws/install/moying_mcr_bringup:/root/ocs2_ros2/ros_ws/install/moying_arm_bringup:/root/ocs2_ros2/ros_ws/install/moying_mcr_description:/root/ocs2_ros2/ros_ws/install/moying_arm_description:/root/ocs2_ros2/ros_ws/install/moying_chassis_description:/root/ocs2_ros2/ros_ws/install/mmco_interface:/root/ocs2_ros2/ros_ws/install/mmco_controls:/root/ocs2_ros2/ros_ws/install/mmco_bringup:/root/ocs2_ros2/ros_ws/install/mecanumbot_controller:/root/ocs2_ros2/ros_ws/install/fake_localization:/root/ocs2_ros2/ros_ws/install/localization_msgs:/root/ocs2_ros2/ros_ws/install/imu_description:/root/ocs2_ros2/ros_ws/install/elfin_robot_msgs:/root/ocs2_ros2/ros_ws/install/elfin_description:/root/ocs2_ros2/ros_ws/install/baichuan_arm_dynamics_models:/root/ocs2_ros2/ros_ws/src/ur5_ros2/install/ur5_description:/root/ocs2_ros2/ros_ws/src/ur5_ros2/install/ur5_controller:/root/ocs2_ros2/ros_ws/src/ur5_ros2/install/ur5_interface:/root/ocs2_ros2/ros_ws/src/ur5_ros2/install/ur5_bringup:/opt/openrobots:/root/ocs2_ros2/ocs2_ws/install/ocs2_ros2:/root/ocs2_ros2/ocs2_ws/install/ocs2_robotic_examples:/root/ocs2_ros2/ocs2_ws/install/ocs2_anymal:/root/ocs2_ros2/ocs2_ws/install/ocs2_anymal_loopshaping_mpc:/root/ocs2_ros2/ocs2_ws/install/ocs2_quadruped_loopshaping_interface:/root/ocs2_ros2/ocs2_ws/install/ocs2_anymal_mpc:/root/ocs2_ros2/ocs2_ws/install/ocs2_quadruped_interface:/root/ocs2_ros2/ocs2_ws/install/segmented_planes_terrain_model:/root/ocs2_ros2/ocs2_ws/install/ocs2_sphere_approximation:/root/ocs2_ros2/ocs2_ws/install/ocs2_pinocchio:/root/ocs2_ros2/ocs2_ws/install/ocs2_mobile_manipulator_ros:/root/ocs2_ros2/ocs2_ws/install/ocs2_self_collision_visualization:/root/ocs2_ros2/ocs2_ws/install/ocs2_mobile_manipulator:/root/ocs2_ros2/ocs2_ws/install/ocs2_self_collision:/root/ocs2_ros2/ocs2_ws/install/ocs2_raisim:/root/ocs2_ros2/ocs2_ws/install/ocs2_legged_robot_raisim:/root/ocs2_ros2/ocs2_ws/install/ocs2_legged_robot_ros:/root/ocs2_ros2/ocs2_ws/install/ocs2_legged_robot:/root/ocs2_ros2/ocs2_ws/install/ocs2_centroidal_model:/root/ocs2_ros2/ocs2_ws/install/ocs2_anymal_models:/root/ocs2_ros2/ocs2_ws/install/ocs2_pinocchio_interface:/root/ocs2_ros2/ocs2_ws/install/pinocchio:/root/ocs2_ros2/ocs2_ws/install/ocs2_anymal_commands:/root/ocs2_ros2/ocs2_ws/install/ocs2_switched_model_interface:/root/ocs2_ros2/ocs2_ws/install/ocs2_ballbot_ros:/root/ocs2_ros2/ocs2_ws/install/ocs2_ballbot:/root/ocs2_ros2/ocs2_ws/install/ocs2_sqp:/root/ocs2_ros2/ocs2_ws/install/ocs2_slp:/root/ocs2_ros2/ocs2_ws/install/ocs2_quadrotor_ros:/root/ocs2_ros2/ocs2_ws/install/ocs2_double_integrator_ros:/root/ocs2_ros2/ocs2_ws/install/ocs2_cartpole_ros:/root/ocs2_ros2/ocs2_ws/install/ocs2_ros_interfaces:/root/ocs2_ros2/ocs2_ws/install/ocs2_quadrotor:/root/ocs2_ros2/ocs2_ws/install/ocs2_double_integrator:/root/ocs2_ros2/ocs2_ws/install/ocs2_python_interface:/root/ocs2_ros2/ocs2_ws/install/ocs2_perceptive:/root/ocs2_ros2/ocs2_ws/install/ocs2_cartpole:/root/ocs2_ros2/ocs2_ws/install/ocs2_robotic_tools:/root/ocs2_ros2/ocs2_ws/install/ocs2_raisim_ros:/root/ocs2_ros2/ocs2_ws/install/ocs2_raisim_core:/root/ocs2_ros2/ocs2_ws/install/ocs2_ocs2:/root/ocs2_ros2/ocs2_ws/install/ocs2_ipm:/root/ocs2_ros2/ocs2_ws/install/ocs2_ddp:/root/ocs2_ros2/ocs2_ws/install/hpipm_catkin:/root/ocs2_ros2/ocs2_ws/install/ocs2_qp_solver:/root/ocs2_ros2/ocs2_ws/install/ocs2_mpc:/root/ocs2_ros2/ocs2_ws/install/ocs2_oc:/root/ocs2_ros2/ocs2_ws/install/ocs2_frank_wolfe:/root/ocs2_ros2/ocs2_ws/install/ocs2_core:/root/ocs2_ros2/ocs2_ws/install/ocs2_thirdparty:/root/ocs2_ros2/ocs2_ws/install/ocs2_switched_model_msgs:/root/ocs2_ros2/ocs2_ws/install/ocs2_robotic_assets:/root/ocs2_ros2/ocs2_ws/install/ocs2_msgs:/root/ocs2_ros2/ocs2_ws/install/hpp-fcl:/root/ocs2_ros2/ocs2_ws/install/convex_plane_decomposition_ros:/root/ocs2_ros2/ocs2_ws/install/convex_plane_decomposition:/root/ocs2_ros2/ocs2_ws/install/grid_map_filters_rsl:/root/ocs2_ros2/ocs2_ws/install/convex_plane_decomposition_msgs:/root/ocs2_ros2/ocs2_ws/install/cgal5_catkin:/root/ocs2_ros2/ocs2_ws/install/blasfeo_catkin:/opt/openrobots: /usr/bin/cmake --build /root/ocs2_ros2/ros_ws/src/ur5_ros2/build/ur5_bringup -- -j36 -l36
[0.533s] DEBUG:colcon.colcon_core.event_handler.log_command:Invoked command in '/root/ocs2_ros2/ros_ws/src/ur5_ros2/build/ur5_bringup' returned '0': CMAKE_PREFIX_PATH=/root/ocs2_ros2/ros_ws/install/velocity_interface_controller:/root/ocs2_ros2/ros_ws/install/ur5_bringup:/root/ocs2_ros2/ros_ws/install/topic_based_ros2_control:/root/ocs2_ros2/ros_ws/install/moying_mcr_hardware:/root/ocs2_ros2/ros_ws/install/elfin_ethercat_driver_plant:/root/ocs2_ros2/ros_ws/install/soem3:/root/ocs2_ros2/ros_ws/install/moying_mcr_hardware_zombie:/root/ocs2_ros2/ros_ws/install/elfin_ethercat_driver_zombie:/root/ocs2_ros2/ros_ws/install/soem2:/root/ocs2_ros2/ros_ws/install/moying_mor_bringup:/root/ocs2_ros2/ros_ws/install/moying_chassis_hardware:/root/ocs2_ros2/ros_ws/install/moying_mor_hardware:/root/ocs2_ros2/ros_ws/install/elfin_ros_control:/root/ocs2_ros2/ros_ws/install/elfin_ethercat_driver:/root/ocs2_ros2/ros_ws/install/baichuan_fieldbus_ethercat:/root/ocs2_ros2/ros_ws/install/soem:/root/ocs2_ros2/ros_ws/install/robotiq_hardware_tests:/root/ocs2_ros2/ros_ws/install/robotiq_driver:/opt/ros/humble:/root/ocs2_ros2/ros_ws/install/serial:/root/ocs2_ros2/ros_ws/install/robotiq_ft_sensor_hardware_zombie:/root/ocs2_ros2/ros_ws/install/robotiq_ft_sensor_hardware:/root/ocs2_ros2/ros_ws/install/robotiq_ft_sensor_interfaces:/root/ocs2_ros2/ros_ws/install/robotiq_ft_sensor_description:/root/ocs2_ros2/ros_ws/install/robotiq_description:/root/ocs2_ros2/ros_ws/install/robotiq_controllers:/root/ocs2_ros2/ros_ws/install/omni_controller:/root/ocs2_ros2/ros_ws/install/mmco_controller:/root/ocs2_ros2/ros_ws/install/ocs2_mobile_manipulator:/root/ocs2_ros2/ros_ws/install/moying_mor_description:/root/ocs2_ros2/ros_ws/install/moying_mcr_bringup:/root/ocs2_ros2/ros_ws/install/moying_arm_bringup:/root/ocs2_ros2/ros_ws/install/moying_mcr_description:/root/ocs2_ros2/ros_ws/install/moying_arm_description:/root/ocs2_ros2/ros_ws/install/moying_chassis_description:/root/ocs2_ros2/ros_ws/install/mmco_interface:/root/ocs2_ros2/ros_ws/install/mmco_controls:/root/ocs2_ros2/ros_ws/install/mmco_bringup:/root/ocs2_ros2/ros_ws/install/mecanumbot_controller:/root/ocs2_ros2/ros_ws/install/fake_localization:/root/ocs2_ros2/ros_ws/install/localization_msgs:/root/ocs2_ros2/ros_ws/install/imu_description:/root/ocs2_ros2/ros_ws/install/elfin_robot_msgs:/root/ocs2_ros2/ros_ws/install/elfin_description:/root/ocs2_ros2/ros_ws/install/baichuan_arm_dynamics_models:/root/ocs2_ros2/ros_ws/src/ur5_ros2/install/ur5_description:/root/ocs2_ros2/ros_ws/src/ur5_ros2/install/ur5_controller:/root/ocs2_ros2/ros_ws/src/ur5_ros2/install/ur5_interface:/root/ocs2_ros2/ros_ws/src/ur5_ros2/install/ur5_bringup:/opt/openrobots:/root/ocs2_ros2/ocs2_ws/install/ocs2_ros2:/root/ocs2_ros2/ocs2_ws/install/ocs2_robotic_examples:/root/ocs2_ros2/ocs2_ws/install/ocs2_anymal:/root/ocs2_ros2/ocs2_ws/install/ocs2_anymal_loopshaping_mpc:/root/ocs2_ros2/ocs2_ws/install/ocs2_quadruped_loopshaping_interface:/root/ocs2_ros2/ocs2_ws/install/ocs2_anymal_mpc:/root/ocs2_ros2/ocs2_ws/install/ocs2_quadruped_interface:/root/ocs2_ros2/ocs2_ws/install/segmented_planes_terrain_model:/root/ocs2_ros2/ocs2_ws/install/ocs2_sphere_approximation:/root/ocs2_ros2/ocs2_ws/install/ocs2_pinocchio:/root/ocs2_ros2/ocs2_ws/install/ocs2_mobile_manipulator_ros:/root/ocs2_ros2/ocs2_ws/install/ocs2_self_collision_visualization:/root/ocs2_ros2/ocs2_ws/install/ocs2_mobile_manipulator:/root/ocs2_ros2/ocs2_ws/install/ocs2_self_collision:/root/ocs2_ros2/ocs2_ws/install/ocs2_raisim:/root/ocs2_ros2/ocs2_ws/install/ocs2_legged_robot_raisim:/root/ocs2_ros2/ocs2_ws/install/ocs2_legged_robot_ros:/root/ocs2_ros2/ocs2_ws/install/ocs2_legged_robot:/root/ocs2_ros2/ocs2_ws/install/ocs2_centroidal_model:/root/ocs2_ros2/ocs2_ws/install/ocs2_anymal_models:/root/ocs2_ros2/ocs2_ws/install/ocs2_pinocchio_interface:/root/ocs2_ros2/ocs2_ws/install/pinocchio:/root/ocs2_ros2/ocs2_ws/install/ocs2_anymal_commands:/root/ocs2_ros2/ocs2_ws/install/ocs2_switched_model_interface:/root/ocs2_ros2/ocs2_ws/install/ocs2_ballbot_ros:/root/ocs2_ros2/ocs2_ws/install/ocs2_ballbot:/root/ocs2_ros2/ocs2_ws/install/ocs2_sqp:/root/ocs2_ros2/ocs2_ws/install/ocs2_slp:/root/ocs2_ros2/ocs2_ws/install/ocs2_quadrotor_ros:/root/ocs2_ros2/ocs2_ws/install/ocs2_double_integrator_ros:/root/ocs2_ros2/ocs2_ws/install/ocs2_cartpole_ros:/root/ocs2_ros2/ocs2_ws/install/ocs2_ros_interfaces:/root/ocs2_ros2/ocs2_ws/install/ocs2_quadrotor:/root/ocs2_ros2/ocs2_ws/install/ocs2_double_integrator:/root/ocs2_ros2/ocs2_ws/install/ocs2_python_interface:/root/ocs2_ros2/ocs2_ws/install/ocs2_perceptive:/root/ocs2_ros2/ocs2_ws/install/ocs2_cartpole:/root/ocs2_ros2/ocs2_ws/install/ocs2_robotic_tools:/root/ocs2_ros2/ocs2_ws/install/ocs2_raisim_ros:/root/ocs2_ros2/ocs2_ws/install/ocs2_raisim_core:/root/ocs2_ros2/ocs2_ws/install/ocs2_ocs2:/root/ocs2_ros2/ocs2_ws/install/ocs2_ipm:/root/ocs2_ros2/ocs2_ws/install/ocs2_ddp:/root/ocs2_ros2/ocs2_ws/install/hpipm_catkin:/root/ocs2_ros2/ocs2_ws/install/ocs2_qp_solver:/root/ocs2_ros2/ocs2_ws/install/ocs2_mpc:/root/ocs2_ros2/ocs2_ws/install/ocs2_oc:/root/ocs2_ros2/ocs2_ws/install/ocs2_frank_wolfe:/root/ocs2_ros2/ocs2_ws/install/ocs2_core:/root/ocs2_ros2/ocs2_ws/install/ocs2_thirdparty:/root/ocs2_ros2/ocs2_ws/install/ocs2_switched_model_msgs:/root/ocs2_ros2/ocs2_ws/install/ocs2_robotic_assets:/root/ocs2_ros2/ocs2_ws/install/ocs2_msgs:/root/ocs2_ros2/ocs2_ws/install/hpp-fcl:/root/ocs2_ros2/ocs2_ws/install/convex_plane_decomposition_ros:/root/ocs2_ros2/ocs2_ws/install/convex_plane_decomposition:/root/ocs2_ros2/ocs2_ws/install/grid_map_filters_rsl:/root/ocs2_ros2/ocs2_ws/install/convex_plane_decomposition_msgs:/root/ocs2_ros2/ocs2_ws/install/cgal5_catkin:/root/ocs2_ros2/ocs2_ws/install/blasfeo_catkin:/opt/openrobots: /usr/bin/cmake --build /root/ocs2_ros2/ros_ws/src/ur5_ros2/build/ur5_bringup -- -j36 -l36
[0.577s] DEBUG:colcon.colcon_core.event_handler.log_command:Invoking command in '/root/ocs2_ros2/ros_ws/src/ur5_ros2/build/ur5_bringup': CMAKE_PREFIX_PATH=/root/ocs2_ros2/ros_ws/install/velocity_interface_controller:/root/ocs2_ros2/ros_ws/install/ur5_bringup:/root/ocs2_ros2/ros_ws/install/topic_based_ros2_control:/root/ocs2_ros2/ros_ws/install/moying_mcr_hardware:/root/ocs2_ros2/ros_ws/install/elfin_ethercat_driver_plant:/root/ocs2_ros2/ros_ws/install/soem3:/root/ocs2_ros2/ros_ws/install/moying_mcr_hardware_zombie:/root/ocs2_ros2/ros_ws/install/elfin_ethercat_driver_zombie:/root/ocs2_ros2/ros_ws/install/soem2:/root/ocs2_ros2/ros_ws/install/moying_mor_bringup:/root/ocs2_ros2/ros_ws/install/moying_chassis_hardware:/root/ocs2_ros2/ros_ws/install/moying_mor_hardware:/root/ocs2_ros2/ros_ws/install/elfin_ros_control:/root/ocs2_ros2/ros_ws/install/elfin_ethercat_driver:/root/ocs2_ros2/ros_ws/install/baichuan_fieldbus_ethercat:/root/ocs2_ros2/ros_ws/install/soem:/root/ocs2_ros2/ros_ws/install/robotiq_hardware_tests:/root/ocs2_ros2/ros_ws/install/robotiq_driver:/opt/ros/humble:/root/ocs2_ros2/ros_ws/install/serial:/root/ocs2_ros2/ros_ws/install/robotiq_ft_sensor_hardware_zombie:/root/ocs2_ros2/ros_ws/install/robotiq_ft_sensor_hardware:/root/ocs2_ros2/ros_ws/install/robotiq_ft_sensor_interfaces:/root/ocs2_ros2/ros_ws/install/robotiq_ft_sensor_description:/root/ocs2_ros2/ros_ws/install/robotiq_description:/root/ocs2_ros2/ros_ws/install/robotiq_controllers:/root/ocs2_ros2/ros_ws/install/omni_controller:/root/ocs2_ros2/ros_ws/install/mmco_controller:/root/ocs2_ros2/ros_ws/install/ocs2_mobile_manipulator:/root/ocs2_ros2/ros_ws/install/moying_mor_description:/root/ocs2_ros2/ros_ws/install/moying_mcr_bringup:/root/ocs2_ros2/ros_ws/install/moying_arm_bringup:/root/ocs2_ros2/ros_ws/install/moying_mcr_description:/root/ocs2_ros2/ros_ws/install/moying_arm_description:/root/ocs2_ros2/ros_ws/install/moying_chassis_description:/root/ocs2_ros2/ros_ws/install/mmco_interface:/root/ocs2_ros2/ros_ws/install/mmco_controls:/root/ocs2_ros2/ros_ws/install/mmco_bringup:/root/ocs2_ros2/ros_ws/install/mecanumbot_controller:/root/ocs2_ros2/ros_ws/install/fake_localization:/root/ocs2_ros2/ros_ws/install/localization_msgs:/root/ocs2_ros2/ros_ws/install/imu_description:/root/ocs2_ros2/ros_ws/install/elfin_robot_msgs:/root/ocs2_ros2/ros_ws/install/elfin_description:/root/ocs2_ros2/ros_ws/install/baichuan_arm_dynamics_models:/root/ocs2_ros2/ros_ws/src/ur5_ros2/install/ur5_description:/root/ocs2_ros2/ros_ws/src/ur5_ros2/install/ur5_controller:/root/ocs2_ros2/ros_ws/src/ur5_ros2/install/ur5_interface:/root/ocs2_ros2/ros_ws/src/ur5_ros2/install/ur5_bringup:/opt/openrobots:/root/ocs2_ros2/ocs2_ws/install/ocs2_ros2:/root/ocs2_ros2/ocs2_ws/install/ocs2_robotic_examples:/root/ocs2_ros2/ocs2_ws/install/ocs2_anymal:/root/ocs2_ros2/ocs2_ws/install/ocs2_anymal_loopshaping_mpc:/root/ocs2_ros2/ocs2_ws/install/ocs2_quadruped_loopshaping_interface:/root/ocs2_ros2/ocs2_ws/install/ocs2_anymal_mpc:/root/ocs2_ros2/ocs2_ws/install/ocs2_quadruped_interface:/root/ocs2_ros2/ocs2_ws/install/segmented_planes_terrain_model:/root/ocs2_ros2/ocs2_ws/install/ocs2_sphere_approximation:/root/ocs2_ros2/ocs2_ws/install/ocs2_pinocchio:/root/ocs2_ros2/ocs2_ws/install/ocs2_mobile_manipulator_ros:/root/ocs2_ros2/ocs2_ws/install/ocs2_self_collision_visualization:/root/ocs2_ros2/ocs2_ws/install/ocs2_mobile_manipulator:/root/ocs2_ros2/ocs2_ws/install/ocs2_self_collision:/root/ocs2_ros2/ocs2_ws/install/ocs2_raisim:/root/ocs2_ros2/ocs2_ws/install/ocs2_legged_robot_raisim:/root/ocs2_ros2/ocs2_ws/install/ocs2_legged_robot_ros:/root/ocs2_ros2/ocs2_ws/install/ocs2_legged_robot:/root/ocs2_ros2/ocs2_ws/install/ocs2_centroidal_model:/root/ocs2_ros2/ocs2_ws/install/ocs2_anymal_models:/root/ocs2_ros2/ocs2_ws/install/ocs2_pinocchio_interface:/root/ocs2_ros2/ocs2_ws/install/pinocchio:/root/ocs2_ros2/ocs2_ws/install/ocs2_anymal_commands:/root/ocs2_ros2/ocs2_ws/install/ocs2_switched_model_interface:/root/ocs2_ros2/ocs2_ws/install/ocs2_ballbot_ros:/root/ocs2_ros2/ocs2_ws/install/ocs2_ballbot:/root/ocs2_ros2/ocs2_ws/install/ocs2_sqp:/root/ocs2_ros2/ocs2_ws/install/ocs2_slp:/root/ocs2_ros2/ocs2_ws/install/ocs2_quadrotor_ros:/root/ocs2_ros2/ocs2_ws/install/ocs2_double_integrator_ros:/root/ocs2_ros2/ocs2_ws/install/ocs2_cartpole_ros:/root/ocs2_ros2/ocs2_ws/install/ocs2_ros_interfaces:/root/ocs2_ros2/ocs2_ws/install/ocs2_quadrotor:/root/ocs2_ros2/ocs2_ws/install/ocs2_double_integrator:/root/ocs2_ros2/ocs2_ws/install/ocs2_python_interface:/root/ocs2_ros2/ocs2_ws/install/ocs2_perceptive:/root/ocs2_ros2/ocs2_ws/install/ocs2_cartpole:/root/ocs2_ros2/ocs2_ws/install/ocs2_robotic_tools:/root/ocs2_ros2/ocs2_ws/install/ocs2_raisim_ros:/root/ocs2_ros2/ocs2_ws/install/ocs2_raisim_core:/root/ocs2_ros2/ocs2_ws/install/ocs2_ocs2:/root/ocs2_ros2/ocs2_ws/install/ocs2_ipm:/root/ocs2_ros2/ocs2_ws/install/ocs2_ddp:/root/ocs2_ros2/ocs2_ws/install/hpipm_catkin:/root/ocs2_ros2/ocs2_ws/install/ocs2_qp_solver:/root/ocs2_ros2/ocs2_ws/install/ocs2_mpc:/root/ocs2_ros2/ocs2_ws/install/ocs2_oc:/root/ocs2_ros2/ocs2_ws/install/ocs2_frank_wolfe:/root/ocs2_ros2/ocs2_ws/install/ocs2_core:/root/ocs2_ros2/ocs2_ws/install/ocs2_thirdparty:/root/ocs2_ros2/ocs2_ws/install/ocs2_switched_model_msgs:/root/ocs2_ros2/ocs2_ws/install/ocs2_robotic_assets:/root/ocs2_ros2/ocs2_ws/install/ocs2_msgs:/root/ocs2_ros2/ocs2_ws/install/hpp-fcl:/root/ocs2_ros2/ocs2_ws/install/convex_plane_decomposition_ros:/root/ocs2_ros2/ocs2_ws/install/convex_plane_decomposition:/root/ocs2_ros2/ocs2_ws/install/grid_map_filters_rsl:/root/ocs2_ros2/ocs2_ws/install/convex_plane_decomposition_msgs:/root/ocs2_ros2/ocs2_ws/install/cgal5_catkin:/root/ocs2_ros2/ocs2_ws/install/blasfeo_catkin:/opt/openrobots: /usr/bin/cmake --install /root/ocs2_ros2/ros_ws/src/ur5_ros2/build/ur5_bringup
[0.600s] Level 1:colcon.colcon_core.environment:create_environment_scripts_only(ur5_bringup)
[0.605s] DEBUG:colcon.colcon_core.event_handler.log_command:Invoked command in '/root/ocs2_ros2/ros_ws/src/ur5_ros2/build/ur5_bringup' returned '0': CMAKE_PREFIX_PATH=/root/ocs2_ros2/ros_ws/install/velocity_interface_controller:/root/ocs2_ros2/ros_ws/install/ur5_bringup:/root/ocs2_ros2/ros_ws/install/topic_based_ros2_control:/root/ocs2_ros2/ros_ws/install/moying_mcr_hardware:/root/ocs2_ros2/ros_ws/install/elfin_ethercat_driver_plant:/root/ocs2_ros2/ros_ws/install/soem3:/root/ocs2_ros2/ros_ws/install/moying_mcr_hardware_zombie:/root/ocs2_ros2/ros_ws/install/elfin_ethercat_driver_zombie:/root/ocs2_ros2/ros_ws/install/soem2:/root/ocs2_ros2/ros_ws/install/moying_mor_bringup:/root/ocs2_ros2/ros_ws/install/moying_chassis_hardware:/root/ocs2_ros2/ros_ws/install/moying_mor_hardware:/root/ocs2_ros2/ros_ws/install/elfin_ros_control:/root/ocs2_ros2/ros_ws/install/elfin_ethercat_driver:/root/ocs2_ros2/ros_ws/install/baichuan_fieldbus_ethercat:/root/ocs2_ros2/ros_ws/install/soem:/root/ocs2_ros2/ros_ws/install/robotiq_hardware_tests:/root/ocs2_ros2/ros_ws/install/robotiq_driver:/opt/ros/humble:/root/ocs2_ros2/ros_ws/install/serial:/root/ocs2_ros2/ros_ws/install/robotiq_ft_sensor_hardware_zombie:/root/ocs2_ros2/ros_ws/install/robotiq_ft_sensor_hardware:/root/ocs2_ros2/ros_ws/install/robotiq_ft_sensor_interfaces:/root/ocs2_ros2/ros_ws/install/robotiq_ft_sensor_description:/root/ocs2_ros2/ros_ws/install/robotiq_description:/root/ocs2_ros2/ros_ws/install/robotiq_controllers:/root/ocs2_ros2/ros_ws/install/omni_controller:/root/ocs2_ros2/ros_ws/install/mmco_controller:/root/ocs2_ros2/ros_ws/install/ocs2_mobile_manipulator:/root/ocs2_ros2/ros_ws/install/moying_mor_description:/root/ocs2_ros2/ros_ws/install/moying_mcr_bringup:/root/ocs2_ros2/ros_ws/install/moying_arm_bringup:/root/ocs2_ros2/ros_ws/install/moying_mcr_description:/root/ocs2_ros2/ros_ws/install/moying_arm_description:/root/ocs2_ros2/ros_ws/install/moying_chassis_description:/root/ocs2_ros2/ros_ws/install/mmco_interface:/root/ocs2_ros2/ros_ws/install/mmco_controls:/root/ocs2_ros2/ros_ws/install/mmco_bringup:/root/ocs2_ros2/ros_ws/install/mecanumbot_controller:/root/ocs2_ros2/ros_ws/install/fake_localization:/root/ocs2_ros2/ros_ws/install/localization_msgs:/root/ocs2_ros2/ros_ws/install/imu_description:/root/ocs2_ros2/ros_ws/install/elfin_robot_msgs:/root/ocs2_ros2/ros_ws/install/elfin_description:/root/ocs2_ros2/ros_ws/install/baichuan_arm_dynamics_models:/root/ocs2_ros2/ros_ws/src/ur5_ros2/install/ur5_description:/root/ocs2_ros2/ros_ws/src/ur5_ros2/install/ur5_controller:/root/ocs2_ros2/ros_ws/src/ur5_ros2/install/ur5_interface:/root/ocs2_ros2/ros_ws/src/ur5_ros2/install/ur5_bringup:/opt/openrobots:/root/ocs2_ros2/ocs2_ws/install/ocs2_ros2:/root/ocs2_ros2/ocs2_ws/install/ocs2_robotic_examples:/root/ocs2_ros2/ocs2_ws/install/ocs2_anymal:/root/ocs2_ros2/ocs2_ws/install/ocs2_anymal_loopshaping_mpc:/root/ocs2_ros2/ocs2_ws/install/ocs2_quadruped_loopshaping_interface:/root/ocs2_ros2/ocs2_ws/install/ocs2_anymal_mpc:/root/ocs2_ros2/ocs2_ws/install/ocs2_quadruped_interface:/root/ocs2_ros2/ocs2_ws/install/segmented_planes_terrain_model:/root/ocs2_ros2/ocs2_ws/install/ocs2_sphere_approximation:/root/ocs2_ros2/ocs2_ws/install/ocs2_pinocchio:/root/ocs2_ros2/ocs2_ws/install/ocs2_mobile_manipulator_ros:/root/ocs2_ros2/ocs2_ws/install/ocs2_self_collision_visualization:/root/ocs2_ros2/ocs2_ws/install/ocs2_mobile_manipulator:/root/ocs2_ros2/ocs2_ws/install/ocs2_self_collision:/root/ocs2_ros2/ocs2_ws/install/ocs2_raisim:/root/ocs2_ros2/ocs2_ws/install/ocs2_legged_robot_raisim:/root/ocs2_ros2/ocs2_ws/install/ocs2_legged_robot_ros:/root/ocs2_ros2/ocs2_ws/install/ocs2_legged_robot:/root/ocs2_ros2/ocs2_ws/install/ocs2_centroidal_model:/root/ocs2_ros2/ocs2_ws/install/ocs2_anymal_models:/root/ocs2_ros2/ocs2_ws/install/ocs2_pinocchio_interface:/root/ocs2_ros2/ocs2_ws/install/pinocchio:/root/ocs2_ros2/ocs2_ws/install/ocs2_anymal_commands:/root/ocs2_ros2/ocs2_ws/install/ocs2_switched_model_interface:/root/ocs2_ros2/ocs2_ws/install/ocs2_ballbot_ros:/root/ocs2_ros2/ocs2_ws/install/ocs2_ballbot:/root/ocs2_ros2/ocs2_ws/install/ocs2_sqp:/root/ocs2_ros2/ocs2_ws/install/ocs2_slp:/root/ocs2_ros2/ocs2_ws/install/ocs2_quadrotor_ros:/root/ocs2_ros2/ocs2_ws/install/ocs2_double_integrator_ros:/root/ocs2_ros2/ocs2_ws/install/ocs2_cartpole_ros:/root/ocs2_ros2/ocs2_ws/install/ocs2_ros_interfaces:/root/ocs2_ros2/ocs2_ws/install/ocs2_quadrotor:/root/ocs2_ros2/ocs2_ws/install/ocs2_double_integrator:/root/ocs2_ros2/ocs2_ws/install/ocs2_python_interface:/root/ocs2_ros2/ocs2_ws/install/ocs2_perceptive:/root/ocs2_ros2/ocs2_ws/install/ocs2_cartpole:/root/ocs2_ros2/ocs2_ws/install/ocs2_robotic_tools:/root/ocs2_ros2/ocs2_ws/install/ocs2_raisim_ros:/root/ocs2_ros2/ocs2_ws/install/ocs2_raisim_core:/root/ocs2_ros2/ocs2_ws/install/ocs2_ocs2:/root/ocs2_ros2/ocs2_ws/install/ocs2_ipm:/root/ocs2_ros2/ocs2_ws/install/ocs2_ddp:/root/ocs2_ros2/ocs2_ws/install/hpipm_catkin:/root/ocs2_ros2/ocs2_ws/install/ocs2_qp_solver:/root/ocs2_ros2/ocs2_ws/install/ocs2_mpc:/root/ocs2_ros2/ocs2_ws/install/ocs2_oc:/root/ocs2_ros2/ocs2_ws/install/ocs2_frank_wolfe:/root/ocs2_ros2/ocs2_ws/install/ocs2_core:/root/ocs2_ros2/ocs2_ws/install/ocs2_thirdparty:/root/ocs2_ros2/ocs2_ws/install/ocs2_switched_model_msgs:/root/ocs2_ros2/ocs2_ws/install/ocs2_robotic_assets:/root/ocs2_ros2/ocs2_ws/install/ocs2_msgs:/root/ocs2_ros2/ocs2_ws/install/hpp-fcl:/root/ocs2_ros2/ocs2_ws/install/convex_plane_decomposition_ros:/root/ocs2_ros2/ocs2_ws/install/convex_plane_decomposition:/root/ocs2_ros2/ocs2_ws/install/grid_map_filters_rsl:/root/ocs2_ros2/ocs2_ws/install/convex_plane_decomposition_msgs:/root/ocs2_ros2/ocs2_ws/install/cgal5_catkin:/root/ocs2_ros2/ocs2_ws/install/blasfeo_catkin:/opt/openrobots: /usr/bin/cmake --install /root/ocs2_ros2/ros_ws/src/ur5_ros2/build/ur5_bringup
[0.612s] Level 1:colcon.colcon_core.environment:checking '/root/ocs2_ros2/ros_ws/src/ur5_ros2/install/ur5_bringup' for CMake module files
[0.613s] Level 1:colcon.colcon_core.environment:checking '/root/ocs2_ros2/ros_ws/src/ur5_ros2/install/ur5_bringup' for CMake config files
[0.614s] Level 1:colcon.colcon_core.shell:create_environment_hook('ur5_bringup', 'cmake_prefix_path')
[0.614s] INFO:colcon.colcon_core.shell:Creating environment hook '/root/ocs2_ros2/ros_ws/src/ur5_ros2/install/ur5_bringup/share/ur5_bringup/hook/cmake_prefix_path.ps1'
[0.615s] INFO:colcon.colcon_core.shell:Creating environment descriptor '/root/ocs2_ros2/ros_ws/src/ur5_ros2/install/ur5_bringup/share/ur5_bringup/hook/cmake_prefix_path.dsv'
[0.616s] INFO:colcon.colcon_core.shell:Creating environment hook '/root/ocs2_ros2/ros_ws/src/ur5_ros2/install/ur5_bringup/share/ur5_bringup/hook/cmake_prefix_path.sh'
[0.618s] Level 1:colcon.colcon_core.environment:checking '/root/ocs2_ros2/ros_ws/src/ur5_ros2/install/ur5_bringup/bin'
[0.618s] Level 1:colcon.colcon_core.environment:checking '/root/ocs2_ros2/ros_ws/src/ur5_ros2/install/ur5_bringup/lib/pkgconfig/ur5_bringup.pc'
[0.620s] Level 1:colcon.colcon_core.environment:checking '/root/ocs2_ros2/ros_ws/src/ur5_ros2/install/ur5_bringup/lib/python3.10/site-packages'
[0.620s] Level 1:colcon.colcon_core.environment:checking '/root/ocs2_ros2/ros_ws/src/ur5_ros2/install/ur5_bringup/bin'
[0.621s] INFO:colcon.colcon_core.shell:Creating package script '/root/ocs2_ros2/ros_ws/src/ur5_ros2/install/ur5_bringup/share/ur5_bringup/package.ps1'
[0.623s] INFO:colcon.colcon_core.shell:Creating package descriptor '/root/ocs2_ros2/ros_ws/src/ur5_ros2/install/ur5_bringup/share/ur5_bringup/package.dsv'
[0.624s] INFO:colcon.colcon_core.shell:Creating package script '/root/ocs2_ros2/ros_ws/src/ur5_ros2/install/ur5_bringup/share/ur5_bringup/package.sh'
[0.625s] INFO:colcon.colcon_core.shell:Creating package script '/root/ocs2_ros2/ros_ws/src/ur5_ros2/install/ur5_bringup/share/ur5_bringup/package.bash'
[0.626s] INFO:colcon.colcon_core.shell:Creating package script '/root/ocs2_ros2/ros_ws/src/ur5_ros2/install/ur5_bringup/share/ur5_bringup/package.zsh'
[0.627s] Level 1:colcon.colcon_core.environment:create_file_with_runtime_dependencies(/root/ocs2_ros2/ros_ws/src/ur5_ros2/install/ur5_bringup/share/colcon-core/packages/ur5_bringup)
[0.627s] Level 1:colcon.colcon_core.environment:create_environment_scripts_only(ur5_bringup)
[0.628s] Level 1:colcon.colcon_core.environment:checking '/root/ocs2_ros2/ros_ws/src/ur5_ros2/install/ur5_bringup' for CMake module files
[0.628s] Level 1:colcon.colcon_core.environment:checking '/root/ocs2_ros2/ros_ws/src/ur5_ros2/install/ur5_bringup' for CMake config files
[0.628s] Level 1:colcon.colcon_core.shell:create_environment_hook('ur5_bringup', 'cmake_prefix_path')
[0.629s] INFO:colcon.colcon_core.shell:Creating environment hook '/root/ocs2_ros2/ros_ws/src/ur5_ros2/install/ur5_bringup/share/ur5_bringup/hook/cmake_prefix_path.ps1'
[0.629s] INFO:colcon.colcon_core.shell:Creating environment descriptor '/root/ocs2_ros2/ros_ws/src/ur5_ros2/install/ur5_bringup/share/ur5_bringup/hook/cmake_prefix_path.dsv'
[0.630s] INFO:colcon.colcon_core.shell:Creating environment hook '/root/ocs2_ros2/ros_ws/src/ur5_ros2/install/ur5_bringup/share/ur5_bringup/hook/cmake_prefix_path.sh'
[0.630s] Level 1:colcon.colcon_core.environment:checking '/root/ocs2_ros2/ros_ws/src/ur5_ros2/install/ur5_bringup/bin'
[0.630s] Level 1:colcon.colcon_core.environment:checking '/root/ocs2_ros2/ros_ws/src/ur5_ros2/install/ur5_bringup/lib/pkgconfig/ur5_bringup.pc'
[0.631s] Level 1:colcon.colcon_core.environment:checking '/root/ocs2_ros2/ros_ws/src/ur5_ros2/install/ur5_bringup/lib/python3.10/site-packages'
[0.631s] Level 1:colcon.colcon_core.environment:checking '/root/ocs2_ros2/ros_ws/src/ur5_ros2/install/ur5_bringup/bin'
[0.631s] INFO:colcon.colcon_core.shell:Creating package script '/root/ocs2_ros2/ros_ws/src/ur5_ros2/install/ur5_bringup/share/ur5_bringup/package.ps1'
[0.632s] INFO:colcon.colcon_core.shell:Creating package descriptor '/root/ocs2_ros2/ros_ws/src/ur5_ros2/install/ur5_bringup/share/ur5_bringup/package.dsv'
[0.632s] INFO:colcon.colcon_core.shell:Creating package script '/root/ocs2_ros2/ros_ws/src/ur5_ros2/install/ur5_bringup/share/ur5_bringup/package.sh'
[0.633s] INFO:colcon.colcon_core.shell:Creating package script '/root/ocs2_ros2/ros_ws/src/ur5_ros2/install/ur5_bringup/share/ur5_bringup/package.bash'
[0.634s] INFO:colcon.colcon_core.shell:Creating package script '/root/ocs2_ros2/ros_ws/src/ur5_ros2/install/ur5_bringup/share/ur5_bringup/package.zsh'
[0.634s] Level 1:colcon.colcon_core.environment:create_file_with_runtime_dependencies(/root/ocs2_ros2/ros_ws/src/ur5_ros2/install/ur5_bringup/share/colcon-core/packages/ur5_bringup)
[6.554s] DEBUG:colcon.colcon_core.event_handler.log_command:Invoked command in '/root/ocs2_ros2/ros_ws/src/ur5_ros2/build/ur5_interface' returned '2': CMAKE_PREFIX_PATH=/root/ocs2_ros2/ros_ws/install/velocity_interface_controller:/root/ocs2_ros2/ros_ws/install/ur5_bringup:/root/ocs2_ros2/ros_ws/install/topic_based_ros2_control:/root/ocs2_ros2/ros_ws/install/moying_mcr_hardware:/root/ocs2_ros2/ros_ws/install/elfin_ethercat_driver_plant:/root/ocs2_ros2/ros_ws/install/soem3:/root/ocs2_ros2/ros_ws/install/moying_mcr_hardware_zombie:/root/ocs2_ros2/ros_ws/install/elfin_ethercat_driver_zombie:/root/ocs2_ros2/ros_ws/install/soem2:/root/ocs2_ros2/ros_ws/install/moying_mor_bringup:/root/ocs2_ros2/ros_ws/install/moying_chassis_hardware:/root/ocs2_ros2/ros_ws/install/moying_mor_hardware:/root/ocs2_ros2/ros_ws/install/elfin_ros_control:/root/ocs2_ros2/ros_ws/install/elfin_ethercat_driver:/root/ocs2_ros2/ros_ws/install/baichuan_fieldbus_ethercat:/root/ocs2_ros2/ros_ws/install/soem:/root/ocs2_ros2/ros_ws/install/robotiq_hardware_tests:/root/ocs2_ros2/ros_ws/install/robotiq_driver:/opt/ros/humble:/root/ocs2_ros2/ros_ws/install/serial:/root/ocs2_ros2/ros_ws/install/robotiq_ft_sensor_hardware_zombie:/root/ocs2_ros2/ros_ws/install/robotiq_ft_sensor_hardware:/root/ocs2_ros2/ros_ws/install/robotiq_ft_sensor_interfaces:/root/ocs2_ros2/ros_ws/install/robotiq_ft_sensor_description:/root/ocs2_ros2/ros_ws/install/robotiq_description:/root/ocs2_ros2/ros_ws/install/robotiq_controllers:/root/ocs2_ros2/ros_ws/install/omni_controller:/root/ocs2_ros2/ros_ws/install/mmco_controller:/root/ocs2_ros2/ros_ws/install/ocs2_mobile_manipulator:/root/ocs2_ros2/ros_ws/install/moying_mor_description:/root/ocs2_ros2/ros_ws/install/moying_mcr_bringup:/root/ocs2_ros2/ros_ws/install/moying_arm_bringup:/root/ocs2_ros2/ros_ws/install/moying_mcr_description:/root/ocs2_ros2/ros_ws/install/moying_arm_description:/root/ocs2_ros2/ros_ws/install/moying_chassis_description:/root/ocs2_ros2/ros_ws/install/mmco_interface:/root/ocs2_ros2/ros_ws/install/mmco_controls:/root/ocs2_ros2/ros_ws/install/mmco_bringup:/root/ocs2_ros2/ros_ws/install/mecanumbot_controller:/root/ocs2_ros2/ros_ws/install/fake_localization:/root/ocs2_ros2/ros_ws/install/localization_msgs:/root/ocs2_ros2/ros_ws/install/imu_description:/root/ocs2_ros2/ros_ws/install/elfin_robot_msgs:/root/ocs2_ros2/ros_ws/install/elfin_description:/root/ocs2_ros2/ros_ws/install/baichuan_arm_dynamics_models:/root/ocs2_ros2/ros_ws/src/ur5_ros2/install/ur5_description:/root/ocs2_ros2/ros_ws/src/ur5_ros2/install/ur5_controller:/root/ocs2_ros2/ros_ws/src/ur5_ros2/install/ur5_interface:/root/ocs2_ros2/ros_ws/src/ur5_ros2/install/ur5_bringup:/opt/openrobots:/root/ocs2_ros2/ocs2_ws/install/ocs2_ros2:/root/ocs2_ros2/ocs2_ws/install/ocs2_robotic_examples:/root/ocs2_ros2/ocs2_ws/install/ocs2_anymal:/root/ocs2_ros2/ocs2_ws/install/ocs2_anymal_loopshaping_mpc:/root/ocs2_ros2/ocs2_ws/install/ocs2_quadruped_loopshaping_interface:/root/ocs2_ros2/ocs2_ws/install/ocs2_anymal_mpc:/root/ocs2_ros2/ocs2_ws/install/ocs2_quadruped_interface:/root/ocs2_ros2/ocs2_ws/install/segmented_planes_terrain_model:/root/ocs2_ros2/ocs2_ws/install/ocs2_sphere_approximation:/root/ocs2_ros2/ocs2_ws/install/ocs2_pinocchio:/root/ocs2_ros2/ocs2_ws/install/ocs2_mobile_manipulator_ros:/root/ocs2_ros2/ocs2_ws/install/ocs2_self_collision_visualization:/root/ocs2_ros2/ocs2_ws/install/ocs2_mobile_manipulator:/root/ocs2_ros2/ocs2_ws/install/ocs2_self_collision:/root/ocs2_ros2/ocs2_ws/install/ocs2_raisim:/root/ocs2_ros2/ocs2_ws/install/ocs2_legged_robot_raisim:/root/ocs2_ros2/ocs2_ws/install/ocs2_legged_robot_ros:/root/ocs2_ros2/ocs2_ws/install/ocs2_legged_robot:/root/ocs2_ros2/ocs2_ws/install/ocs2_centroidal_model:/root/ocs2_ros2/ocs2_ws/install/ocs2_anymal_models:/root/ocs2_ros2/ocs2_ws/install/ocs2_pinocchio_interface:/root/ocs2_ros2/ocs2_ws/install/pinocchio:/root/ocs2_ros2/ocs2_ws/install/ocs2_anymal_commands:/root/ocs2_ros2/ocs2_ws/install/ocs2_switched_model_interface:/root/ocs2_ros2/ocs2_ws/install/ocs2_ballbot_ros:/root/ocs2_ros2/ocs2_ws/install/ocs2_ballbot:/root/ocs2_ros2/ocs2_ws/install/ocs2_sqp:/root/ocs2_ros2/ocs2_ws/install/ocs2_slp:/root/ocs2_ros2/ocs2_ws/install/ocs2_quadrotor_ros:/root/ocs2_ros2/ocs2_ws/install/ocs2_double_integrator_ros:/root/ocs2_ros2/ocs2_ws/install/ocs2_cartpole_ros:/root/ocs2_ros2/ocs2_ws/install/ocs2_ros_interfaces:/root/ocs2_ros2/ocs2_ws/install/ocs2_quadrotor:/root/ocs2_ros2/ocs2_ws/install/ocs2_double_integrator:/root/ocs2_ros2/ocs2_ws/install/ocs2_python_interface:/root/ocs2_ros2/ocs2_ws/install/ocs2_perceptive:/root/ocs2_ros2/ocs2_ws/install/ocs2_cartpole:/root/ocs2_ros2/ocs2_ws/install/ocs2_robotic_tools:/root/ocs2_ros2/ocs2_ws/install/ocs2_raisim_ros:/root/ocs2_ros2/ocs2_ws/install/ocs2_raisim_core:/root/ocs2_ros2/ocs2_ws/install/ocs2_ocs2:/root/ocs2_ros2/ocs2_ws/install/ocs2_ipm:/root/ocs2_ros2/ocs2_ws/install/ocs2_ddp:/root/ocs2_ros2/ocs2_ws/install/hpipm_catkin:/root/ocs2_ros2/ocs2_ws/install/ocs2_qp_solver:/root/ocs2_ros2/ocs2_ws/install/ocs2_mpc:/root/ocs2_ros2/ocs2_ws/install/ocs2_oc:/root/ocs2_ros2/ocs2_ws/install/ocs2_frank_wolfe:/root/ocs2_ros2/ocs2_ws/install/ocs2_core:/root/ocs2_ros2/ocs2_ws/install/ocs2_thirdparty:/root/ocs2_ros2/ocs2_ws/install/ocs2_switched_model_msgs:/root/ocs2_ros2/ocs2_ws/install/ocs2_robotic_assets:/root/ocs2_ros2/ocs2_ws/install/ocs2_msgs:/root/ocs2_ros2/ocs2_ws/install/hpp-fcl:/root/ocs2_ros2/ocs2_ws/install/convex_plane_decomposition_ros:/root/ocs2_ros2/ocs2_ws/install/convex_plane_decomposition:/root/ocs2_ros2/ocs2_ws/install/grid_map_filters_rsl:/root/ocs2_ros2/ocs2_ws/install/convex_plane_decomposition_msgs:/root/ocs2_ros2/ocs2_ws/install/cgal5_catkin:/root/ocs2_ros2/ocs2_ws/install/blasfeo_catkin:/opt/openrobots: /usr/bin/cmake --build /root/ocs2_ros2/ros_ws/src/ur5_ros2/build/ur5_interface -- -j36 -l36
[6.555s] Level 1:colcon.colcon_core.environment:create_environment_scripts_only(ur5_interface)
[6.556s] Level 1:colcon.colcon_core.environment:checking '/root/ocs2_ros2/ros_ws/src/ur5_ros2/install/ur5_interface' for CMake module files
[6.557s] Level 1:colcon.colcon_core.environment:checking '/root/ocs2_ros2/ros_ws/src/ur5_ros2/install/ur5_interface' for CMake config files
[6.558s] Level 1:colcon.colcon_core.shell:create_environment_hook('ur5_interface', 'cmake_prefix_path')
[6.559s] INFO:colcon.colcon_core.shell:Creating environment hook '/root/ocs2_ros2/ros_ws/src/ur5_ros2/install/ur5_interface/share/ur5_interface/hook/cmake_prefix_path.ps1'
[6.560s] INFO:colcon.colcon_core.shell:Creating environment descriptor '/root/ocs2_ros2/ros_ws/src/ur5_ros2/install/ur5_interface/share/ur5_interface/hook/cmake_prefix_path.dsv'
[6.560s] INFO:colcon.colcon_core.shell:Creating environment hook '/root/ocs2_ros2/ros_ws/src/ur5_ros2/install/ur5_interface/share/ur5_interface/hook/cmake_prefix_path.sh'
[6.562s] Level 1:colcon.colcon_core.environment:checking '/root/ocs2_ros2/ros_ws/src/ur5_ros2/install/ur5_interface/lib'
[6.562s] Level 1:colcon.colcon_core.shell:create_environment_hook('ur5_interface', 'ld_library_path_lib')
[6.563s] INFO:colcon.colcon_core.shell:Creating environment hook '/root/ocs2_ros2/ros_ws/src/ur5_ros2/install/ur5_interface/share/ur5_interface/hook/ld_library_path_lib.ps1'
[6.564s] INFO:colcon.colcon_core.shell:Creating environment descriptor '/root/ocs2_ros2/ros_ws/src/ur5_ros2/install/ur5_interface/share/ur5_interface/hook/ld_library_path_lib.dsv'
[6.565s] INFO:colcon.colcon_core.shell:Creating environment hook '/root/ocs2_ros2/ros_ws/src/ur5_ros2/install/ur5_interface/share/ur5_interface/hook/ld_library_path_lib.sh'
[6.566s] Level 1:colcon.colcon_core.environment:checking '/root/ocs2_ros2/ros_ws/src/ur5_ros2/install/ur5_interface/bin'
[6.566s] Level 1:colcon.colcon_core.environment:checking '/root/ocs2_ros2/ros_ws/src/ur5_ros2/install/ur5_interface/lib/pkgconfig/ur5_interface.pc'
[6.566s] Level 1:colcon.colcon_core.environment:checking '/root/ocs2_ros2/ros_ws/src/ur5_ros2/install/ur5_interface/lib/python3.10/site-packages'
[6.567s] Level 1:colcon.colcon_core.environment:checking '/root/ocs2_ros2/ros_ws/src/ur5_ros2/install/ur5_interface/bin'
[6.568s] INFO:colcon.colcon_core.shell:Creating package script '/root/ocs2_ros2/ros_ws/src/ur5_ros2/install/ur5_interface/share/ur5_interface/package.ps1'
[6.569s] INFO:colcon.colcon_core.shell:Creating package descriptor '/root/ocs2_ros2/ros_ws/src/ur5_ros2/install/ur5_interface/share/ur5_interface/package.dsv'
[6.570s] INFO:colcon.colcon_core.shell:Creating package script '/root/ocs2_ros2/ros_ws/src/ur5_ros2/install/ur5_interface/share/ur5_interface/package.sh'
[6.571s] INFO:colcon.colcon_core.shell:Creating package script '/root/ocs2_ros2/ros_ws/src/ur5_ros2/install/ur5_interface/share/ur5_interface/package.bash'
[6.572s] INFO:colcon.colcon_core.shell:Creating package script '/root/ocs2_ros2/ros_ws/src/ur5_ros2/install/ur5_interface/share/ur5_interface/package.zsh'
[6.572s] Level 1:colcon.colcon_core.environment:create_file_with_runtime_dependencies(/root/ocs2_ros2/ros_ws/src/ur5_ros2/install/ur5_interface/share/colcon-core/packages/ur5_interface)
[6.583s] DEBUG:colcon.colcon_parallel_executor.executor.parallel:closing loop
[6.583s] DEBUG:colcon.colcon_parallel_executor.executor.parallel:loop closed
[6.583s] DEBUG:colcon.colcon_parallel_executor.executor.parallel:run_until_complete finished with '2'
[6.583s] DEBUG:colcon.colcon_core.event_reactor:joining thread
[6.599s] INFO:colcon.colcon_core.plugin_system:Skipping extension 'colcon_notification.desktop_notification.notify_send': Could not find 'notify-send'
[6.599s] INFO:colcon.colcon_core.plugin_system:Skipping extension 'colcon_notification.desktop_notification.terminal_notifier': Not used on non-Darwin systems
[6.599s] INFO:colcon.colcon_core.plugin_system:Skipping extension 'colcon_notification.desktop_notification.win32': Not used on non-Windows systems
[6.599s] INFO:colcon.colcon_notification.desktop_notification:Sending desktop notification using 'notify2'
[6.627s] DEBUG:colcon.colcon_notification.desktop_notification.notify2:Failed to initialize notify2: org.freedesktop.DBus.Error.ServiceUnknown: The name org.freedesktop.Notifications was not provided by any .service files
[6.628s] DEBUG:colcon.colcon_core.event_reactor:joined thread
[6.630s] INFO:colcon.colcon_core.shell:Creating prefix script '/root/ocs2_ros2/ros_ws/src/ur5_ros2/install/local_setup.ps1'
[6.633s] INFO:colcon.colcon_core.shell:Creating prefix util module '/root/ocs2_ros2/ros_ws/src/ur5_ros2/install/_local_setup_util_ps1.py'
[6.637s] INFO:colcon.colcon_core.shell:Creating prefix chain script '/root/ocs2_ros2/ros_ws/src/ur5_ros2/install/setup.ps1'
[6.650s] INFO:colcon.colcon_core.shell:Creating prefix script '/root/ocs2_ros2/ros_ws/src/ur5_ros2/install/local_setup.sh'
[6.651s] INFO:colcon.colcon_core.shell:Creating prefix util module '/root/ocs2_ros2/ros_ws/src/ur5_ros2/install/_local_setup_util_sh.py'
[6.651s] INFO:colcon.colcon_core.shell:Creating prefix chain script '/root/ocs2_ros2/ros_ws/src/ur5_ros2/install/setup.sh'
[6.659s] INFO:colcon.colcon_core.shell:Creating prefix script '/root/ocs2_ros2/ros_ws/src/ur5_ros2/install/local_setup.bash'
[6.659s] INFO:colcon.colcon_core.shell:Creating prefix chain script '/root/ocs2_ros2/ros_ws/src/ur5_ros2/install/setup.bash'
[6.665s] INFO:colcon.colcon_core.shell:Creating prefix script '/root/ocs2_ros2/ros_ws/src/ur5_ros2/install/local_setup.zsh'
[6.666s] INFO:colcon.colcon_core.shell:Creating prefix chain script '/root/ocs2_ros2/ros_ws/src/ur5_ros2/install/setup.zsh'
