[0.050s] Invoking command in '/root/ocs2_ros2/ros_ws/src/ur5_ros2/build/ur5_interface': CMAKE_PREFIX_PATH=/opt/openrobots:/root/warehouse_ws/install/warehouse_ros_mongo:/root/ocs2_ros2/ocs2_ws/install/ocs2_ros2:/root/ocs2_ros2/ocs2_ws/install/ocs2_robotic_examples:/root/ocs2_ros2/ocs2_ws/install/ocs2_anymal:/root/ocs2_ros2/ocs2_ws/install/ocs2_anymal_loopshaping_mpc:/root/ocs2_ros2/ocs2_ws/install/ocs2_quadruped_loopshaping_interface:/root/ocs2_ros2/ocs2_ws/install/ocs2_anymal_mpc:/root/ocs2_ros2/ocs2_ws/install/ocs2_quadruped_interface:/root/ocs2_ros2/ocs2_ws/install/segmented_planes_terrain_model:/root/ocs2_ros2/ocs2_ws/install/ocs2_sphere_approximation:/root/ocs2_ros2/ocs2_ws/install/ocs2_pinocchio:/root/ocs2_ros2/ocs2_ws/install/ocs2_mobile_manipulator_ros:/root/ocs2_ros2/ocs2_ws/install/ocs2_self_collision_visualization:/root/ocs2_ros2/ocs2_ws/install/ocs2_mobile_manipulator:/root/ocs2_ros2/ocs2_ws/install/ocs2_self_collision:/root/ocs2_ros2/ocs2_ws/install/ocs2_raisim:/root/ocs2_ros2/ocs2_ws/install/ocs2_legged_robot_raisim:/root/ocs2_ros2/ocs2_ws/install/ocs2_legged_robot_ros:/root/ocs2_ros2/ocs2_ws/install/ocs2_legged_robot:/root/ocs2_ros2/ocs2_ws/install/ocs2_centroidal_model:/root/ocs2_ros2/ocs2_ws/install/ocs2_anymal_models:/root/ocs2_ros2/ocs2_ws/install/ocs2_pinocchio_interface:/root/ocs2_ros2/ocs2_ws/install/pinocchio:/root/ocs2_ros2/ocs2_ws/install/ocs2_anymal_commands:/root/ocs2_ros2/ocs2_ws/install/ocs2_switched_model_interface:/root/ocs2_ros2/ocs2_ws/install/ocs2_ballbot_ros:/root/ocs2_ros2/ocs2_ws/install/ocs2_ballbot:/root/ocs2_ros2/ocs2_ws/install/ocs2_sqp:/root/ocs2_ros2/ocs2_ws/install/ocs2_slp:/root/ocs2_ros2/ocs2_ws/install/ocs2_quadrotor_ros:/root/ocs2_ros2/ocs2_ws/install/ocs2_double_integrator_ros:/root/ocs2_ros2/ocs2_ws/install/ocs2_cartpole_ros:/root/ocs2_ros2/ocs2_ws/install/ocs2_ros_interfaces:/root/ocs2_ros2/ocs2_ws/install/ocs2_quadrotor:/root/ocs2_ros2/ocs2_ws/install/ocs2_double_integrator:/root/ocs2_ros2/ocs2_ws/install/ocs2_python_interface:/root/ocs2_ros2/ocs2_ws/install/ocs2_perceptive:/root/ocs2_ros2/ocs2_ws/install/ocs2_cartpole:/root/ocs2_ros2/ocs2_ws/install/ocs2_robotic_tools:/root/ocs2_ros2/ocs2_ws/install/ocs2_raisim_ros:/root/ocs2_ros2/ocs2_ws/install/ocs2_raisim_core:/root/ocs2_ros2/ocs2_ws/install/ocs2_ocs2:/root/ocs2_ros2/ocs2_ws/install/ocs2_ipm:/root/ocs2_ros2/ocs2_ws/install/ocs2_ddp:/root/ocs2_ros2/ocs2_ws/install/hpipm_catkin:/root/ocs2_ros2/ocs2_ws/install/ocs2_qp_solver:/root/ocs2_ros2/ocs2_ws/install/ocs2_mpc:/root/ocs2_ros2/ocs2_ws/install/ocs2_oc:/root/ocs2_ros2/ocs2_ws/install/ocs2_frank_wolfe:/root/ocs2_ros2/ocs2_ws/install/ocs2_core:/root/ocs2_ros2/ocs2_ws/install/ocs2_thirdparty:/root/ocs2_ros2/ocs2_ws/install/ocs2_switched_model_msgs:/root/ocs2_ros2/ocs2_ws/install/ocs2_robotic_assets:/root/ocs2_ros2/ocs2_ws/install/ocs2_msgs:/root/ocs2_ros2/ocs2_ws/install/hpp-fcl:/root/ocs2_ros2/ocs2_ws/install/convex_plane_decomposition_ros:/root/ocs2_ros2/ocs2_ws/install/convex_plane_decomposition:/opt/ros/humble:/root/ocs2_ros2/ocs2_ws/install/grid_map_filters_rsl:/root/ocs2_ros2/ocs2_ws/install/convex_plane_decomposition_msgs:/root/ocs2_ros2/ocs2_ws/install/cgal5_catkin:/root/ocs2_ros2/ocs2_ws/install/blasfeo_catkin:/opt/openrobots: /usr/bin/cmake --build /root/ocs2_ros2/ros_ws/src/ur5_ros2/build/ur5_interface -- -j36 -l36
[0.166s] -- Found ament_cmake: 1.3.11 (/opt/ros/humble/share/ament_cmake/cmake)
[0.443s] -- Found ocs2_core: 0.0.0 (/root/ocs2_ros2/ocs2_ws/install/ocs2_core/share/ocs2_core/cmake)
[0.473s] -- Found ocs2_ddp: 0.0.0 (/root/ocs2_ros2/ocs2_ws/install/ocs2_ddp/share/ocs2_ddp/cmake)
[0.555s] -- Found realtime_tools: 2.13.0 (/opt/ros/humble/share/realtime_tools/cmake)
[0.617s] -- Found rosidl_generator_c: 3.1.6 (/opt/ros/humble/share/rosidl_generator_c/cmake)
[0.619s] -- Found rosidl_adapter: 3.1.6 (/opt/ros/humble/share/rosidl_adapter/cmake)
[0.625s] -- Found rosidl_generator_cpp: 3.1.6 (/opt/ros/humble/share/rosidl_generator_cpp/cmake)
[0.637s] -- Using all available rosidl_typesupport_c: rosidl_typesupport_fastrtps_c;rosidl_typesupport_introspection_c
[0.650s] -- Using all available rosidl_typesupport_cpp: rosidl_typesupport_fastrtps_cpp;rosidl_typesupport_introspection_cpp
[0.686s] -- Found rmw_implementation_cmake: 6.1.2 (/opt/ros/humble/share/rmw_implementation_cmake/cmake)
[0.689s] -- Found rmw_cyclonedds_cpp: 1.3.4 (/opt/ros/humble/share/rmw_cyclonedds_cpp/cmake)
[0.709s] -- Using RMW implementation 'rmw_cyclonedds_cpp' as default
[0.789s] -- Found tf2: 0.25.12 (/opt/ros/humble/share/tf2/cmake)
[0.805s] -- Found tf2_ros: 0.25.12 (/opt/ros/humble/share/tf2_ros/cmake)
[0.857s] -- Found ocs2_ros_interfaces: 0.0.0 (/root/ocs2_ros2/ocs2_ws/install/ocs2_ros_interfaces/share/ocs2_ros_interfaces/cmake)
[0.963s] -- Found ocs2_pinocchio_interface: 0.0.0 (/root/ocs2_ros2/ocs2_ws/install/ocs2_pinocchio_interface/share/ocs2_pinocchio_interface/cmake)
[1.012s] -- Found ocs2_robotic_assets: 10.3.0 (/root/ocs2_ros2/ocs2_ws/install/ocs2_robotic_assets/share/ocs2_robotic_assets/cmake)
[1.016s] -- Found ocs2_self_collision: 0.0.0 (/root/ocs2_ros2/ocs2_ws/install/ocs2_self_collision/share/ocs2_self_collision/cmake)
[1.029s] -- Found ocs2_mobile_manipulator: 0.0.0 (/root/ocs2_ros2/ros_ws/install/ocs2_mobile_manipulator/share/ocs2_mobile_manipulator/cmake)
[1.101s] -- Found xacro: 2.0.13 (/opt/ros/humble/share/xacro/cmake)
[1.333s] -- Configuring done
[1.421s] -- Generating done
[1.436s] -- Build files have been written to: /root/ocs2_ros2/ros_ws/src/ur5_ros2/build/ur5_interface
[1.590s] [35m[1mConsolidate compiler generated dependencies of target ur5_interface[0m
[1.745s] [ 11%] [32mBuilding CXX object CMakeFiles/ur5_interface.dir/src/ur5_interface.cpp.o[0m
[14.357s] [ 22%] [32m[1mLinking CXX shared library libur5_interface.so[0m
[23.285s] [100%] Built target ur5_interface
[23.321s] Invoked command in '/root/ocs2_ros2/ros_ws/src/ur5_ros2/build/ur5_interface' returned '0': CMAKE_PREFIX_PATH=/opt/openrobots:/root/warehouse_ws/install/warehouse_ros_mongo:/root/ocs2_ros2/ocs2_ws/install/ocs2_ros2:/root/ocs2_ros2/ocs2_ws/install/ocs2_robotic_examples:/root/ocs2_ros2/ocs2_ws/install/ocs2_anymal:/root/ocs2_ros2/ocs2_ws/install/ocs2_anymal_loopshaping_mpc:/root/ocs2_ros2/ocs2_ws/install/ocs2_quadruped_loopshaping_interface:/root/ocs2_ros2/ocs2_ws/install/ocs2_anymal_mpc:/root/ocs2_ros2/ocs2_ws/install/ocs2_quadruped_interface:/root/ocs2_ros2/ocs2_ws/install/segmented_planes_terrain_model:/root/ocs2_ros2/ocs2_ws/install/ocs2_sphere_approximation:/root/ocs2_ros2/ocs2_ws/install/ocs2_pinocchio:/root/ocs2_ros2/ocs2_ws/install/ocs2_mobile_manipulator_ros:/root/ocs2_ros2/ocs2_ws/install/ocs2_self_collision_visualization:/root/ocs2_ros2/ocs2_ws/install/ocs2_mobile_manipulator:/root/ocs2_ros2/ocs2_ws/install/ocs2_self_collision:/root/ocs2_ros2/ocs2_ws/install/ocs2_raisim:/root/ocs2_ros2/ocs2_ws/install/ocs2_legged_robot_raisim:/root/ocs2_ros2/ocs2_ws/install/ocs2_legged_robot_ros:/root/ocs2_ros2/ocs2_ws/install/ocs2_legged_robot:/root/ocs2_ros2/ocs2_ws/install/ocs2_centroidal_model:/root/ocs2_ros2/ocs2_ws/install/ocs2_anymal_models:/root/ocs2_ros2/ocs2_ws/install/ocs2_pinocchio_interface:/root/ocs2_ros2/ocs2_ws/install/pinocchio:/root/ocs2_ros2/ocs2_ws/install/ocs2_anymal_commands:/root/ocs2_ros2/ocs2_ws/install/ocs2_switched_model_interface:/root/ocs2_ros2/ocs2_ws/install/ocs2_ballbot_ros:/root/ocs2_ros2/ocs2_ws/install/ocs2_ballbot:/root/ocs2_ros2/ocs2_ws/install/ocs2_sqp:/root/ocs2_ros2/ocs2_ws/install/ocs2_slp:/root/ocs2_ros2/ocs2_ws/install/ocs2_quadrotor_ros:/root/ocs2_ros2/ocs2_ws/install/ocs2_double_integrator_ros:/root/ocs2_ros2/ocs2_ws/install/ocs2_cartpole_ros:/root/ocs2_ros2/ocs2_ws/install/ocs2_ros_interfaces:/root/ocs2_ros2/ocs2_ws/install/ocs2_quadrotor:/root/ocs2_ros2/ocs2_ws/install/ocs2_double_integrator:/root/ocs2_ros2/ocs2_ws/install/ocs2_python_interface:/root/ocs2_ros2/ocs2_ws/install/ocs2_perceptive:/root/ocs2_ros2/ocs2_ws/install/ocs2_cartpole:/root/ocs2_ros2/ocs2_ws/install/ocs2_robotic_tools:/root/ocs2_ros2/ocs2_ws/install/ocs2_raisim_ros:/root/ocs2_ros2/ocs2_ws/install/ocs2_raisim_core:/root/ocs2_ros2/ocs2_ws/install/ocs2_ocs2:/root/ocs2_ros2/ocs2_ws/install/ocs2_ipm:/root/ocs2_ros2/ocs2_ws/install/ocs2_ddp:/root/ocs2_ros2/ocs2_ws/install/hpipm_catkin:/root/ocs2_ros2/ocs2_ws/install/ocs2_qp_solver:/root/ocs2_ros2/ocs2_ws/install/ocs2_mpc:/root/ocs2_ros2/ocs2_ws/install/ocs2_oc:/root/ocs2_ros2/ocs2_ws/install/ocs2_frank_wolfe:/root/ocs2_ros2/ocs2_ws/install/ocs2_core:/root/ocs2_ros2/ocs2_ws/install/ocs2_thirdparty:/root/ocs2_ros2/ocs2_ws/install/ocs2_switched_model_msgs:/root/ocs2_ros2/ocs2_ws/install/ocs2_robotic_assets:/root/ocs2_ros2/ocs2_ws/install/ocs2_msgs:/root/ocs2_ros2/ocs2_ws/install/hpp-fcl:/root/ocs2_ros2/ocs2_ws/install/convex_plane_decomposition_ros:/root/ocs2_ros2/ocs2_ws/install/convex_plane_decomposition:/opt/ros/humble:/root/ocs2_ros2/ocs2_ws/install/grid_map_filters_rsl:/root/ocs2_ros2/ocs2_ws/install/convex_plane_decomposition_msgs:/root/ocs2_ros2/ocs2_ws/install/cgal5_catkin:/root/ocs2_ros2/ocs2_ws/install/blasfeo_catkin:/opt/openrobots: /usr/bin/cmake --build /root/ocs2_ros2/ros_ws/src/ur5_ros2/build/ur5_interface -- -j36 -l36
[23.324s] Invoking command in '/root/ocs2_ros2/ros_ws/src/ur5_ros2/build/ur5_interface': CMAKE_PREFIX_PATH=/opt/openrobots:/root/warehouse_ws/install/warehouse_ros_mongo:/root/ocs2_ros2/ocs2_ws/install/ocs2_ros2:/root/ocs2_ros2/ocs2_ws/install/ocs2_robotic_examples:/root/ocs2_ros2/ocs2_ws/install/ocs2_anymal:/root/ocs2_ros2/ocs2_ws/install/ocs2_anymal_loopshaping_mpc:/root/ocs2_ros2/ocs2_ws/install/ocs2_quadruped_loopshaping_interface:/root/ocs2_ros2/ocs2_ws/install/ocs2_anymal_mpc:/root/ocs2_ros2/ocs2_ws/install/ocs2_quadruped_interface:/root/ocs2_ros2/ocs2_ws/install/segmented_planes_terrain_model:/root/ocs2_ros2/ocs2_ws/install/ocs2_sphere_approximation:/root/ocs2_ros2/ocs2_ws/install/ocs2_pinocchio:/root/ocs2_ros2/ocs2_ws/install/ocs2_mobile_manipulator_ros:/root/ocs2_ros2/ocs2_ws/install/ocs2_self_collision_visualization:/root/ocs2_ros2/ocs2_ws/install/ocs2_mobile_manipulator:/root/ocs2_ros2/ocs2_ws/install/ocs2_self_collision:/root/ocs2_ros2/ocs2_ws/install/ocs2_raisim:/root/ocs2_ros2/ocs2_ws/install/ocs2_legged_robot_raisim:/root/ocs2_ros2/ocs2_ws/install/ocs2_legged_robot_ros:/root/ocs2_ros2/ocs2_ws/install/ocs2_legged_robot:/root/ocs2_ros2/ocs2_ws/install/ocs2_centroidal_model:/root/ocs2_ros2/ocs2_ws/install/ocs2_anymal_models:/root/ocs2_ros2/ocs2_ws/install/ocs2_pinocchio_interface:/root/ocs2_ros2/ocs2_ws/install/pinocchio:/root/ocs2_ros2/ocs2_ws/install/ocs2_anymal_commands:/root/ocs2_ros2/ocs2_ws/install/ocs2_switched_model_interface:/root/ocs2_ros2/ocs2_ws/install/ocs2_ballbot_ros:/root/ocs2_ros2/ocs2_ws/install/ocs2_ballbot:/root/ocs2_ros2/ocs2_ws/install/ocs2_sqp:/root/ocs2_ros2/ocs2_ws/install/ocs2_slp:/root/ocs2_ros2/ocs2_ws/install/ocs2_quadrotor_ros:/root/ocs2_ros2/ocs2_ws/install/ocs2_double_integrator_ros:/root/ocs2_ros2/ocs2_ws/install/ocs2_cartpole_ros:/root/ocs2_ros2/ocs2_ws/install/ocs2_ros_interfaces:/root/ocs2_ros2/ocs2_ws/install/ocs2_quadrotor:/root/ocs2_ros2/ocs2_ws/install/ocs2_double_integrator:/root/ocs2_ros2/ocs2_ws/install/ocs2_python_interface:/root/ocs2_ros2/ocs2_ws/install/ocs2_perceptive:/root/ocs2_ros2/ocs2_ws/install/ocs2_cartpole:/root/ocs2_ros2/ocs2_ws/install/ocs2_robotic_tools:/root/ocs2_ros2/ocs2_ws/install/ocs2_raisim_ros:/root/ocs2_ros2/ocs2_ws/install/ocs2_raisim_core:/root/ocs2_ros2/ocs2_ws/install/ocs2_ocs2:/root/ocs2_ros2/ocs2_ws/install/ocs2_ipm:/root/ocs2_ros2/ocs2_ws/install/ocs2_ddp:/root/ocs2_ros2/ocs2_ws/install/hpipm_catkin:/root/ocs2_ros2/ocs2_ws/install/ocs2_qp_solver:/root/ocs2_ros2/ocs2_ws/install/ocs2_mpc:/root/ocs2_ros2/ocs2_ws/install/ocs2_oc:/root/ocs2_ros2/ocs2_ws/install/ocs2_frank_wolfe:/root/ocs2_ros2/ocs2_ws/install/ocs2_core:/root/ocs2_ros2/ocs2_ws/install/ocs2_thirdparty:/root/ocs2_ros2/ocs2_ws/install/ocs2_switched_model_msgs:/root/ocs2_ros2/ocs2_ws/install/ocs2_robotic_assets:/root/ocs2_ros2/ocs2_ws/install/ocs2_msgs:/root/ocs2_ros2/ocs2_ws/install/hpp-fcl:/root/ocs2_ros2/ocs2_ws/install/convex_plane_decomposition_ros:/root/ocs2_ros2/ocs2_ws/install/convex_plane_decomposition:/opt/ros/humble:/root/ocs2_ros2/ocs2_ws/install/grid_map_filters_rsl:/root/ocs2_ros2/ocs2_ws/install/convex_plane_decomposition_msgs:/root/ocs2_ros2/ocs2_ws/install/cgal5_catkin:/root/ocs2_ros2/ocs2_ws/install/blasfeo_catkin:/opt/openrobots: /usr/bin/cmake --install /root/ocs2_ros2/ros_ws/src/ur5_ros2/build/ur5_interface
[23.359s] -- Install configuration: ""
[23.362s] -- Installing: /root/ocs2_ros2/ros_ws/src/ur5_ros2/install/ur5_interface/lib/libur5_interface.so
[23.446s] -- Set runtime path of "/root/ocs2_ros2/ros_ws/src/ur5_ros2/install/ur5_interface/lib/libur5_interface.so" to ""
[23.446s] -- Up-to-date: /root/ocs2_ros2/ros_ws/src/ur5_ros2/install/ur5_interface/include/ur5_interface
[23.446s] -- Up-to-date: /root/ocs2_ros2/ros_ws/src/ur5_ros2/install/ur5_interface/include/ur5_interface/package_path.h.in
[23.446s] -- Up-to-date: /root/ocs2_ros2/ros_ws/src/ur5_ros2/install/ur5_interface/include/ur5_interface/ur5_interface
[23.446s] -- Up-to-date: /root/ocs2_ros2/ros_ws/src/ur5_ros2/install/ur5_interface/include/ur5_interface/ur5_interface/package_path.h.in
[23.447s] -- Up-to-date: /root/ocs2_ros2/ros_ws/src/ur5_ros2/install/ur5_interface/include/ur5_interface/ur5_interface/factory_functions.h
[23.447s] -- Up-to-date: /root/ocs2_ros2/ros_ws/src/ur5_ros2/install/ur5_interface/include/ur5_interface/ur5_interface/ur5_module_info.h
[23.447s] -- Up-to-date: /root/ocs2_ros2/ros_ws/src/ur5_ros2/install/ur5_interface/include/ur5_interface/ur5_interface/command
[23.447s] -- Up-to-date: /root/ocs2_ros2/ros_ws/src/ur5_ros2/install/ur5_interface/include/ur5_interface/ur5_interface/command/ur5_target_trajectories_interactive_marker.h
[23.447s] -- Up-to-date: /root/ocs2_ros2/ros_ws/src/ur5_ros2/install/ur5_interface/include/ur5_interface/ur5_interface/command/joy_target_trajectories.h
[23.447s] -- Up-to-date: /root/ocs2_ros2/ros_ws/src/ur5_ros2/install/ur5_interface/include/ur5_interface/ur5_interface/ur5_interface.h
[23.448s] -- Up-to-date: /root/ocs2_ros2/ros_ws/src/ur5_ros2/install/ur5_interface/include/ur5_interface/ur5_interface/ur5_precomputation.h
[23.448s] -- Up-to-date: /root/ocs2_ros2/ros_ws/src/ur5_ros2/install/ur5_interface/include/ur5_interface/ur5_interface/constraint
[23.448s] -- Up-to-date: /root/ocs2_ros2/ros_ws/src/ur5_ros2/install/ur5_interface/include/ur5_interface/ur5_interface/constraint/base_constraint.h
[23.448s] -- Up-to-date: /root/ocs2_ros2/ros_ws/src/ur5_ros2/install/ur5_interface/include/ur5_interface/ur5_interface/constraint/ur5_self_collision_constraint.h
[23.448s] -- Up-to-date: /root/ocs2_ros2/ros_ws/src/ur5_ros2/install/ur5_interface/include/ur5_interface/ur5_interface/constraint/end_effort_constraint.h
[23.449s] -- Up-to-date: /root/ocs2_ros2/ros_ws/src/ur5_ros2/install/ur5_interface/include/ur5_interface/ur5_interface/ur5_pinocchio_mapping.h
[23.449s] -- Up-to-date: /root/ocs2_ros2/ros_ws/src/ur5_ros2/install/ur5_interface/include/ur5_interface/ur5_interface/cost
[23.449s] -- Up-to-date: /root/ocs2_ros2/ros_ws/src/ur5_ros2/install/ur5_interface/include/ur5_interface/ur5_interface/cost/quadratic_input_cost.h
[23.450s] -- Up-to-date: /root/ocs2_ros2/ros_ws/src/ur5_ros2/install/ur5_interface/include/ur5_interface/ur5_interface/dynamics
[23.450s] -- Up-to-date: /root/ocs2_ros2/ros_ws/src/ur5_ros2/install/ur5_interface/include/ur5_interface/ur5_interface/dynamics/ur5_dynamics.h
[23.450s] -- Up-to-date: /root/ocs2_ros2/ros_ws/src/ur5_ros2/install/ur5_interface/include/ur5_interface/ur5_interface/ur5_wb_pinocchio_mapping.h
[23.450s] -- Up-to-date: /root/ocs2_ros2/ros_ws/src/ur5_ros2/install/ur5_interface/include/ur5_interface/factory_functions.h
[23.450s] -- Up-to-date: /root/ocs2_ros2/ros_ws/src/ur5_ros2/install/ur5_interface/include/ur5_interface/ur5_module_info.h
[23.451s] -- Up-to-date: /root/ocs2_ros2/ros_ws/src/ur5_ros2/install/ur5_interface/include/ur5_interface/command
[23.451s] -- Up-to-date: /root/ocs2_ros2/ros_ws/src/ur5_ros2/install/ur5_interface/include/ur5_interface/command/ur5_target_trajectories_interactive_marker.h
[23.451s] -- Up-to-date: /root/ocs2_ros2/ros_ws/src/ur5_ros2/install/ur5_interface/include/ur5_interface/command/joy_target_trajectories.h
[23.451s] -- Up-to-date: /root/ocs2_ros2/ros_ws/src/ur5_ros2/install/ur5_interface/include/ur5_interface/ur5_interface.h
[23.451s] -- Up-to-date: /root/ocs2_ros2/ros_ws/src/ur5_ros2/install/ur5_interface/include/ur5_interface/ur5_precomputation.h
[23.451s] -- Up-to-date: /root/ocs2_ros2/ros_ws/src/ur5_ros2/install/ur5_interface/include/ur5_interface/constraint
[23.452s] -- Installing: /root/ocs2_ros2/ros_ws/src/ur5_ros2/install/ur5_interface/include/ur5_interface/constraint/base_constraint.h
[23.452s] -- Up-to-date: /root/ocs2_ros2/ros_ws/src/ur5_ros2/install/ur5_interface/include/ur5_interface/constraint/ur5_self_collision_constraint.h
[23.452s] -- Installing: /root/ocs2_ros2/ros_ws/src/ur5_ros2/install/ur5_interface/include/ur5_interface/constraint/end_effort_constraint.h
[23.453s] -- Up-to-date: /root/ocs2_ros2/ros_ws/src/ur5_ros2/install/ur5_interface/include/ur5_interface/ur5_pinocchio_mapping.h
[23.454s] -- Up-to-date: /root/ocs2_ros2/ros_ws/src/ur5_ros2/install/ur5_interface/include/ur5_interface/cost
[23.455s] -- Up-to-date: /root/ocs2_ros2/ros_ws/src/ur5_ros2/install/ur5_interface/include/ur5_interface/cost/quadratic_input_cost.h
[23.455s] -- Up-to-date: /root/ocs2_ros2/ros_ws/src/ur5_ros2/install/ur5_interface/include/ur5_interface/dynamics
[23.455s] -- Up-to-date: /root/ocs2_ros2/ros_ws/src/ur5_ros2/install/ur5_interface/include/ur5_interface/dynamics/ur5_dynamics.h
[23.456s] -- Up-to-date: /root/ocs2_ros2/ros_ws/src/ur5_ros2/install/ur5_interface/share/ur5_interface/config/ur5/
[23.456s] -- Installing: /root/ocs2_ros2/ros_ws/src/ur5_ros2/install/ur5_interface/share/ur5_interface/config/ur5//task.info
[23.456s] -- Up-to-date: /root/ocs2_ros2/ros_ws/src/ur5_ros2/install/ur5_interface/share/ur5_interface/environment/library_path.sh
[23.456s] -- Installing: /root/ocs2_ros2/ros_ws/src/ur5_ros2/install/ur5_interface/share/ur5_interface/environment/library_path.dsv
[23.457s] -- Up-to-date: /root/ocs2_ros2/ros_ws/src/ur5_ros2/install/ur5_interface/share/ament_index/resource_index/package_run_dependencies/ur5_interface
[23.457s] -- Installing: /root/ocs2_ros2/ros_ws/src/ur5_ros2/install/ur5_interface/share/ament_index/resource_index/parent_prefix_path/ur5_interface
[23.457s] -- Up-to-date: /root/ocs2_ros2/ros_ws/src/ur5_ros2/install/ur5_interface/share/ur5_interface/environment/ament_prefix_path.sh
[23.458s] -- Installing: /root/ocs2_ros2/ros_ws/src/ur5_ros2/install/ur5_interface/share/ur5_interface/environment/ament_prefix_path.dsv
[23.458s] -- Up-to-date: /root/ocs2_ros2/ros_ws/src/ur5_ros2/install/ur5_interface/share/ur5_interface/environment/path.sh
[23.458s] -- Installing: /root/ocs2_ros2/ros_ws/src/ur5_ros2/install/ur5_interface/share/ur5_interface/environment/path.dsv
[23.458s] -- Up-to-date: /root/ocs2_ros2/ros_ws/src/ur5_ros2/install/ur5_interface/share/ur5_interface/local_setup.bash
[23.459s] -- Up-to-date: /root/ocs2_ros2/ros_ws/src/ur5_ros2/install/ur5_interface/share/ur5_interface/local_setup.sh
[23.459s] -- Up-to-date: /root/ocs2_ros2/ros_ws/src/ur5_ros2/install/ur5_interface/share/ur5_interface/local_setup.zsh
[23.459s] -- Installing: /root/ocs2_ros2/ros_ws/src/ur5_ros2/install/ur5_interface/share/ur5_interface/local_setup.dsv
[23.460s] -- Installing: /root/ocs2_ros2/ros_ws/src/ur5_ros2/install/ur5_interface/share/ur5_interface/package.dsv
[23.460s] -- Up-to-date: /root/ocs2_ros2/ros_ws/src/ur5_ros2/install/ur5_interface/share/ament_index/resource_index/packages/ur5_interface
[23.460s] -- Up-to-date: /root/ocs2_ros2/ros_ws/src/ur5_ros2/install/ur5_interface/share/ur5_interface/cmake/export_ur5_interfaceExport.cmake
[23.460s] -- Up-to-date: /root/ocs2_ros2/ros_ws/src/ur5_ros2/install/ur5_interface/share/ur5_interface/cmake/export_ur5_interfaceExport-noconfig.cmake
[23.460s] -- Up-to-date: /root/ocs2_ros2/ros_ws/src/ur5_ros2/install/ur5_interface/share/ur5_interface/cmake/ament_cmake_export_dependencies-extras.cmake
[23.461s] -- Up-to-date: /root/ocs2_ros2/ros_ws/src/ur5_ros2/install/ur5_interface/share/ur5_interface/cmake/ament_cmake_export_include_directories-extras.cmake
[23.461s] -- Up-to-date: /root/ocs2_ros2/ros_ws/src/ur5_ros2/install/ur5_interface/share/ur5_interface/cmake/ament_cmake_export_targets-extras.cmake
[23.461s] -- Up-to-date: /root/ocs2_ros2/ros_ws/src/ur5_ros2/install/ur5_interface/share/ur5_interface/cmake/ur5_interfaceConfig.cmake
[23.461s] -- Up-to-date: /root/ocs2_ros2/ros_ws/src/ur5_ros2/install/ur5_interface/share/ur5_interface/cmake/ur5_interfaceConfig-version.cmake
[23.462s] -- Up-to-date: /root/ocs2_ros2/ros_ws/src/ur5_ros2/install/ur5_interface/share/ur5_interface/package.xml
[23.462s] Invoked command in '/root/ocs2_ros2/ros_ws/src/ur5_ros2/build/ur5_interface' returned '0': CMAKE_PREFIX_PATH=/opt/openrobots:/root/warehouse_ws/install/warehouse_ros_mongo:/root/ocs2_ros2/ocs2_ws/install/ocs2_ros2:/root/ocs2_ros2/ocs2_ws/install/ocs2_robotic_examples:/root/ocs2_ros2/ocs2_ws/install/ocs2_anymal:/root/ocs2_ros2/ocs2_ws/install/ocs2_anymal_loopshaping_mpc:/root/ocs2_ros2/ocs2_ws/install/ocs2_quadruped_loopshaping_interface:/root/ocs2_ros2/ocs2_ws/install/ocs2_anymal_mpc:/root/ocs2_ros2/ocs2_ws/install/ocs2_quadruped_interface:/root/ocs2_ros2/ocs2_ws/install/segmented_planes_terrain_model:/root/ocs2_ros2/ocs2_ws/install/ocs2_sphere_approximation:/root/ocs2_ros2/ocs2_ws/install/ocs2_pinocchio:/root/ocs2_ros2/ocs2_ws/install/ocs2_mobile_manipulator_ros:/root/ocs2_ros2/ocs2_ws/install/ocs2_self_collision_visualization:/root/ocs2_ros2/ocs2_ws/install/ocs2_mobile_manipulator:/root/ocs2_ros2/ocs2_ws/install/ocs2_self_collision:/root/ocs2_ros2/ocs2_ws/install/ocs2_raisim:/root/ocs2_ros2/ocs2_ws/install/ocs2_legged_robot_raisim:/root/ocs2_ros2/ocs2_ws/install/ocs2_legged_robot_ros:/root/ocs2_ros2/ocs2_ws/install/ocs2_legged_robot:/root/ocs2_ros2/ocs2_ws/install/ocs2_centroidal_model:/root/ocs2_ros2/ocs2_ws/install/ocs2_anymal_models:/root/ocs2_ros2/ocs2_ws/install/ocs2_pinocchio_interface:/root/ocs2_ros2/ocs2_ws/install/pinocchio:/root/ocs2_ros2/ocs2_ws/install/ocs2_anymal_commands:/root/ocs2_ros2/ocs2_ws/install/ocs2_switched_model_interface:/root/ocs2_ros2/ocs2_ws/install/ocs2_ballbot_ros:/root/ocs2_ros2/ocs2_ws/install/ocs2_ballbot:/root/ocs2_ros2/ocs2_ws/install/ocs2_sqp:/root/ocs2_ros2/ocs2_ws/install/ocs2_slp:/root/ocs2_ros2/ocs2_ws/install/ocs2_quadrotor_ros:/root/ocs2_ros2/ocs2_ws/install/ocs2_double_integrator_ros:/root/ocs2_ros2/ocs2_ws/install/ocs2_cartpole_ros:/root/ocs2_ros2/ocs2_ws/install/ocs2_ros_interfaces:/root/ocs2_ros2/ocs2_ws/install/ocs2_quadrotor:/root/ocs2_ros2/ocs2_ws/install/ocs2_double_integrator:/root/ocs2_ros2/ocs2_ws/install/ocs2_python_interface:/root/ocs2_ros2/ocs2_ws/install/ocs2_perceptive:/root/ocs2_ros2/ocs2_ws/install/ocs2_cartpole:/root/ocs2_ros2/ocs2_ws/install/ocs2_robotic_tools:/root/ocs2_ros2/ocs2_ws/install/ocs2_raisim_ros:/root/ocs2_ros2/ocs2_ws/install/ocs2_raisim_core:/root/ocs2_ros2/ocs2_ws/install/ocs2_ocs2:/root/ocs2_ros2/ocs2_ws/install/ocs2_ipm:/root/ocs2_ros2/ocs2_ws/install/ocs2_ddp:/root/ocs2_ros2/ocs2_ws/install/hpipm_catkin:/root/ocs2_ros2/ocs2_ws/install/ocs2_qp_solver:/root/ocs2_ros2/ocs2_ws/install/ocs2_mpc:/root/ocs2_ros2/ocs2_ws/install/ocs2_oc:/root/ocs2_ros2/ocs2_ws/install/ocs2_frank_wolfe:/root/ocs2_ros2/ocs2_ws/install/ocs2_core:/root/ocs2_ros2/ocs2_ws/install/ocs2_thirdparty:/root/ocs2_ros2/ocs2_ws/install/ocs2_switched_model_msgs:/root/ocs2_ros2/ocs2_ws/install/ocs2_robotic_assets:/root/ocs2_ros2/ocs2_ws/install/ocs2_msgs:/root/ocs2_ros2/ocs2_ws/install/hpp-fcl:/root/ocs2_ros2/ocs2_ws/install/convex_plane_decomposition_ros:/root/ocs2_ros2/ocs2_ws/install/convex_plane_decomposition:/opt/ros/humble:/root/ocs2_ros2/ocs2_ws/install/grid_map_filters_rsl:/root/ocs2_ros2/ocs2_ws/install/convex_plane_decomposition_msgs:/root/ocs2_ros2/ocs2_ws/install/cgal5_catkin:/root/ocs2_ros2/ocs2_ws/install/blasfeo_catkin:/opt/openrobots: /usr/bin/cmake --install /root/ocs2_ros2/ros_ws/src/ur5_ros2/build/ur5_interface
