[0.046s] DEBUG:colcon:Command line arguments: ['/usr/bin/colcon', 'build', '--packages-select', 'ur5_ros2']
[0.046s] DEBUG:colcon:Parsed command line arguments: Namespace(log_base=None, log_level=None, verb_name='build', build_base='build', install_base='install', merge_install=False, symlink_install=False, test_result_base=None, continue_on_error=False, executor='parallel', parallel_workers=24, event_handlers=None, ignore_user_meta=False, metas=['./colcon.meta'], base_paths=['.'], packages_ignore=None, packages_ignore_regex=None, paths=None, packages_up_to=None, packages_up_to_regex=None, packages_above=None, packages_above_and_dependencies=None, packages_above_depth=None, packages_select_by_dep=None, packages_skip_by_dep=None, packages_skip_up_to=None, packages_select_build_failed=False, packages_skip_build_finished=False, packages_select_test_failures=False, packages_skip_test_passed=False, packages_select=['ur5_ros2'], packages_skip=None, packages_select_regex=None, packages_skip_regex=None, packages_start=None, packages_end=None, allow_overriding=[], cmake_args=None, cmake_target=None, cmake_target_skip_unavailable=False, cmake_clean_cache=False, cmake_clean_first=False, cmake_force_configure=False, ament_cmake_args=None, catkin_cmake_args=None, catkin_skip_building_tests=False, verb_parser=<colcon_defaults.argument_parser.defaults.DefaultArgumentsDecorator object at 0x7832b44654e0>, verb_extension=<colcon_core.verb.build.BuildVerb object at 0x7832b44646a0>, main=<bound method BuildVerb.main of <colcon_core.verb.build.BuildVerb object at 0x7832b44646a0>>)
[0.118s] Level 1:colcon.colcon_core.package_discovery:discover_packages(colcon_meta) check parameters
[0.118s] Level 1:colcon.colcon_core.package_discovery:discover_packages(recursive) check parameters
[0.118s] Level 1:colcon.colcon_core.package_discovery:discover_packages(ignore) check parameters
[0.118s] Level 1:colcon.colcon_core.package_discovery:discover_packages(path) check parameters
[0.118s] Level 1:colcon.colcon_core.package_discovery:discover_packages(colcon_meta) discover
[0.118s] Level 1:colcon.colcon_core.package_discovery:discover_packages(recursive) discover
[0.118s] INFO:colcon.colcon_core.package_discovery:Crawling recursively for packages in '/home/wyd/arm_ws'
[0.118s] Level 1:colcon.colcon_core.package_identification:_identify(.) by extensions ['ignore', 'ignore_ament_install']
[0.118s] Level 1:colcon.colcon_core.package_identification:_identify(.) by extension 'ignore'
[0.118s] Level 1:colcon.colcon_core.package_identification:_identify(.) by extension 'ignore_ament_install'
[0.118s] Level 1:colcon.colcon_core.package_identification:_identify(.) by extensions ['colcon_pkg']
[0.118s] Level 1:colcon.colcon_core.package_identification:_identify(.) by extension 'colcon_pkg'
[0.118s] Level 1:colcon.colcon_core.package_identification:_identify(.) by extensions ['colcon_meta']
[0.118s] Level 1:colcon.colcon_core.package_identification:_identify(.) by extension 'colcon_meta'
[0.118s] Level 1:colcon.colcon_core.package_identification:_identify(.) by extensions ['ros']
[0.118s] Level 1:colcon.colcon_core.package_identification:_identify(.) by extension 'ros'
[0.126s] Level 1:colcon.colcon_core.package_identification:_identify(.) by extensions ['cmake', 'python']
[0.126s] Level 1:colcon.colcon_core.package_identification:_identify(.) by extension 'cmake'
[0.126s] Level 1:colcon.colcon_core.package_identification:_identify(.) by extension 'python'
[0.126s] Level 1:colcon.colcon_core.package_identification:_identify(.) by extensions ['python_setup_py']
[0.126s] Level 1:colcon.colcon_core.package_identification:_identify(.) by extension 'python_setup_py'
[0.126s] Level 1:colcon.colcon_core.package_identification:_identify(build) by extensions ['ignore', 'ignore_ament_install']
[0.126s] Level 1:colcon.colcon_core.package_identification:_identify(build) by extension 'ignore'
[0.126s] Level 1:colcon.colcon_core.package_identification:_identify(build) ignored
[0.126s] Level 1:colcon.colcon_core.package_identification:_identify(install) by extensions ['ignore', 'ignore_ament_install']
[0.126s] Level 1:colcon.colcon_core.package_identification:_identify(install) by extension 'ignore'
[0.126s] Level 1:colcon.colcon_core.package_identification:_identify(install) ignored
[0.126s] Level 1:colcon.colcon_core.package_identification:_identify(log) by extensions ['ignore', 'ignore_ament_install']
[0.126s] Level 1:colcon.colcon_core.package_identification:_identify(log) by extension 'ignore'
[0.126s] Level 1:colcon.colcon_core.package_identification:_identify(log) ignored
[0.126s] Level 1:colcon.colcon_core.package_identification:_identify(src) by extensions ['ignore', 'ignore_ament_install']
[0.126s] Level 1:colcon.colcon_core.package_identification:_identify(src) by extension 'ignore'
[0.126s] Level 1:colcon.colcon_core.package_identification:_identify(src) by extension 'ignore_ament_install'
[0.126s] Level 1:colcon.colcon_core.package_identification:_identify(src) by extensions ['colcon_pkg']
[0.126s] Level 1:colcon.colcon_core.package_identification:_identify(src) by extension 'colcon_pkg'
[0.126s] Level 1:colcon.colcon_core.package_identification:_identify(src) by extensions ['colcon_meta']
[0.126s] Level 1:colcon.colcon_core.package_identification:_identify(src) by extension 'colcon_meta'
[0.126s] Level 1:colcon.colcon_core.package_identification:_identify(src) by extensions ['ros']
[0.126s] Level 1:colcon.colcon_core.package_identification:_identify(src) by extension 'ros'
[0.126s] Level 1:colcon.colcon_core.package_identification:_identify(src) by extensions ['cmake', 'python']
[0.126s] Level 1:colcon.colcon_core.package_identification:_identify(src) by extension 'cmake'
[0.126s] Level 1:colcon.colcon_core.package_identification:_identify(src) by extension 'python'
[0.126s] Level 1:colcon.colcon_core.package_identification:_identify(src) by extensions ['python_setup_py']
[0.126s] Level 1:colcon.colcon_core.package_identification:_identify(src) by extension 'python_setup_py'
[0.126s] Level 1:colcon.colcon_core.package_identification:_identify(src/moying_arm) by extensions ['ignore', 'ignore_ament_install']
[0.127s] Level 1:colcon.colcon_core.package_identification:_identify(src/moying_arm) by extension 'ignore'
[0.127s] Level 1:colcon.colcon_core.package_identification:_identify(src/moying_arm) by extension 'ignore_ament_install'
[0.127s] Level 1:colcon.colcon_core.package_identification:_identify(src/moying_arm) by extensions ['colcon_pkg']
[0.127s] Level 1:colcon.colcon_core.package_identification:_identify(src/moying_arm) by extension 'colcon_pkg'
[0.127s] Level 1:colcon.colcon_core.package_identification:_identify(src/moying_arm) by extensions ['colcon_meta']
[0.127s] Level 1:colcon.colcon_core.package_identification:_identify(src/moying_arm) by extension 'colcon_meta'
[0.127s] Level 1:colcon.colcon_core.package_identification:_identify(src/moying_arm) by extensions ['ros']
[0.127s] Level 1:colcon.colcon_core.package_identification:_identify(src/moying_arm) by extension 'ros'
[0.127s] Level 1:colcon.colcon_core.package_identification:_identify(src/moying_arm) by extensions ['cmake', 'python']
[0.127s] Level 1:colcon.colcon_core.package_identification:_identify(src/moying_arm) by extension 'cmake'
[0.127s] Level 1:colcon.colcon_core.package_identification:_identify(src/moying_arm) by extension 'python'
[0.127s] Level 1:colcon.colcon_core.package_identification:_identify(src/moying_arm) by extensions ['python_setup_py']
[0.127s] Level 1:colcon.colcon_core.package_identification:_identify(src/moying_arm) by extension 'python_setup_py'
[0.127s] Level 1:colcon.colcon_core.package_identification:_identify(src/moying_arm/arm_controller) by extensions ['ignore', 'ignore_ament_install']
[0.127s] Level 1:colcon.colcon_core.package_identification:_identify(src/moying_arm/arm_controller) by extension 'ignore'
[0.127s] Level 1:colcon.colcon_core.package_identification:_identify(src/moying_arm/arm_controller) by extension 'ignore_ament_install'
[0.127s] Level 1:colcon.colcon_core.package_identification:_identify(src/moying_arm/arm_controller) by extensions ['colcon_pkg']
[0.127s] Level 1:colcon.colcon_core.package_identification:_identify(src/moying_arm/arm_controller) by extension 'colcon_pkg'
[0.127s] Level 1:colcon.colcon_core.package_identification:_identify(src/moying_arm/arm_controller) by extensions ['colcon_meta']
[0.127s] Level 1:colcon.colcon_core.package_identification:_identify(src/moying_arm/arm_controller) by extension 'colcon_meta'
[0.127s] Level 1:colcon.colcon_core.package_identification:_identify(src/moying_arm/arm_controller) by extensions ['ros']
[0.127s] Level 1:colcon.colcon_core.package_identification:_identify(src/moying_arm/arm_controller) by extension 'ros'
[0.129s] DEBUG:colcon.colcon_core.package_identification:Package 'src/moying_arm/arm_controller' with type 'ros.ament_cmake' and name 'arm_controller'
[0.129s] Level 1:colcon.colcon_core.package_identification:_identify(src/moying_arm/arm_interface) by extensions ['ignore', 'ignore_ament_install']
[0.129s] Level 1:colcon.colcon_core.package_identification:_identify(src/moying_arm/arm_interface) by extension 'ignore'
[0.129s] Level 1:colcon.colcon_core.package_identification:_identify(src/moying_arm/arm_interface) by extension 'ignore_ament_install'
[0.129s] Level 1:colcon.colcon_core.package_identification:_identify(src/moying_arm/arm_interface) by extensions ['colcon_pkg']
[0.129s] Level 1:colcon.colcon_core.package_identification:_identify(src/moying_arm/arm_interface) by extension 'colcon_pkg'
[0.129s] Level 1:colcon.colcon_core.package_identification:_identify(src/moying_arm/arm_interface) by extensions ['colcon_meta']
[0.129s] Level 1:colcon.colcon_core.package_identification:_identify(src/moying_arm/arm_interface) by extension 'colcon_meta'
[0.129s] Level 1:colcon.colcon_core.package_identification:_identify(src/moying_arm/arm_interface) by extensions ['ros']
[0.129s] Level 1:colcon.colcon_core.package_identification:_identify(src/moying_arm/arm_interface) by extension 'ros'
[0.130s] DEBUG:colcon.colcon_core.package_identification:Package 'src/moying_arm/arm_interface' with type 'ros.ament_cmake' and name 'arm_interface'
[0.130s] Level 1:colcon.colcon_core.package_identification:_identify(src/moying_arm/moying_arm) by extensions ['ignore', 'ignore_ament_install']
[0.130s] Level 1:colcon.colcon_core.package_identification:_identify(src/moying_arm/moying_arm) by extension 'ignore'
[0.130s] Level 1:colcon.colcon_core.package_identification:_identify(src/moying_arm/moying_arm) by extension 'ignore_ament_install'
[0.130s] Level 1:colcon.colcon_core.package_identification:_identify(src/moying_arm/moying_arm) by extensions ['colcon_pkg']
[0.130s] Level 1:colcon.colcon_core.package_identification:_identify(src/moying_arm/moying_arm) by extension 'colcon_pkg'
[0.130s] Level 1:colcon.colcon_core.package_identification:_identify(src/moying_arm/moying_arm) by extensions ['colcon_meta']
[0.130s] Level 1:colcon.colcon_core.package_identification:_identify(src/moying_arm/moying_arm) by extension 'colcon_meta'
[0.130s] Level 1:colcon.colcon_core.package_identification:_identify(src/moying_arm/moying_arm) by extensions ['ros']
[0.130s] Level 1:colcon.colcon_core.package_identification:_identify(src/moying_arm/moying_arm) by extension 'ros'
[0.130s] Level 1:colcon.colcon_core.package_identification:_identify(src/moying_arm/moying_arm) by extensions ['cmake', 'python']
[0.130s] Level 1:colcon.colcon_core.package_identification:_identify(src/moying_arm/moying_arm) by extension 'cmake'
[0.130s] Level 1:colcon.colcon_core.package_identification:_identify(src/moying_arm/moying_arm) by extension 'python'
[0.130s] Level 1:colcon.colcon_core.package_identification:_identify(src/moying_arm/moying_arm) by extensions ['python_setup_py']
[0.130s] Level 1:colcon.colcon_core.package_identification:_identify(src/moying_arm/moying_arm) by extension 'python_setup_py'
[0.130s] Level 1:colcon.colcon_core.package_identification:_identify(src/moying_arm/moying_arm/moying_arm_bringup) by extensions ['ignore', 'ignore_ament_install']
[0.130s] Level 1:colcon.colcon_core.package_identification:_identify(src/moying_arm/moying_arm/moying_arm_bringup) by extension 'ignore'
[0.130s] Level 1:colcon.colcon_core.package_identification:_identify(src/moying_arm/moying_arm/moying_arm_bringup) by extension 'ignore_ament_install'
[0.130s] Level 1:colcon.colcon_core.package_identification:_identify(src/moying_arm/moying_arm/moying_arm_bringup) by extensions ['colcon_pkg']
[0.130s] Level 1:colcon.colcon_core.package_identification:_identify(src/moying_arm/moying_arm/moying_arm_bringup) by extension 'colcon_pkg'
[0.130s] Level 1:colcon.colcon_core.package_identification:_identify(src/moying_arm/moying_arm/moying_arm_bringup) by extensions ['colcon_meta']
[0.130s] Level 1:colcon.colcon_core.package_identification:_identify(src/moying_arm/moying_arm/moying_arm_bringup) by extension 'colcon_meta'
[0.130s] Level 1:colcon.colcon_core.package_identification:_identify(src/moying_arm/moying_arm/moying_arm_bringup) by extensions ['ros']
[0.130s] Level 1:colcon.colcon_core.package_identification:_identify(src/moying_arm/moying_arm/moying_arm_bringup) by extension 'ros'
[0.131s] DEBUG:colcon.colcon_core.package_identification:Package 'src/moying_arm/moying_arm/moying_arm_bringup' with type 'ros.ament_cmake' and name 'moying_arm_bringup'
[0.131s] Level 1:colcon.colcon_core.package_identification:_identify(src/moying_arm/moying_arm/moying_arm_description) by extensions ['ignore', 'ignore_ament_install']
[0.131s] Level 1:colcon.colcon_core.package_identification:_identify(src/moying_arm/moying_arm/moying_arm_description) by extension 'ignore'
[0.131s] Level 1:colcon.colcon_core.package_identification:_identify(src/moying_arm/moying_arm/moying_arm_description) by extension 'ignore_ament_install'
[0.131s] Level 1:colcon.colcon_core.package_identification:_identify(src/moying_arm/moying_arm/moying_arm_description) by extensions ['colcon_pkg']
[0.131s] Level 1:colcon.colcon_core.package_identification:_identify(src/moying_arm/moying_arm/moying_arm_description) by extension 'colcon_pkg'
[0.131s] Level 1:colcon.colcon_core.package_identification:_identify(src/moying_arm/moying_arm/moying_arm_description) by extensions ['colcon_meta']
[0.131s] Level 1:colcon.colcon_core.package_identification:_identify(src/moying_arm/moying_arm/moying_arm_description) by extension 'colcon_meta'
[0.132s] Level 1:colcon.colcon_core.package_identification:_identify(src/moying_arm/moying_arm/moying_arm_description) by extensions ['ros']
[0.132s] Level 1:colcon.colcon_core.package_identification:_identify(src/moying_arm/moying_arm/moying_arm_description) by extension 'ros'
[0.132s] DEBUG:colcon.colcon_core.package_identification:Package 'src/moying_arm/moying_arm/moying_arm_description' with type 'ros.ament_cmake' and name 'moying_arm_description'
[0.132s] Level 1:colcon.colcon_core.package_identification:_identify(src/moying_arm/moying_arm/moying_arm_hardware) by extensions ['ignore', 'ignore_ament_install']
[0.132s] Level 1:colcon.colcon_core.package_identification:_identify(src/moying_arm/moying_arm/moying_arm_hardware) by extension 'ignore'
[0.132s] Level 1:colcon.colcon_core.package_identification:_identify(src/moying_arm/moying_arm/moying_arm_hardware) by extension 'ignore_ament_install'
[0.132s] Level 1:colcon.colcon_core.package_identification:_identify(src/moying_arm/moying_arm/moying_arm_hardware) by extensions ['colcon_pkg']
[0.132s] Level 1:colcon.colcon_core.package_identification:_identify(src/moying_arm/moying_arm/moying_arm_hardware) by extension 'colcon_pkg'
[0.132s] Level 1:colcon.colcon_core.package_identification:_identify(src/moying_arm/moying_arm/moying_arm_hardware) by extensions ['colcon_meta']
[0.132s] Level 1:colcon.colcon_core.package_identification:_identify(src/moying_arm/moying_arm/moying_arm_hardware) by extension 'colcon_meta'
[0.132s] Level 1:colcon.colcon_core.package_identification:_identify(src/moying_arm/moying_arm/moying_arm_hardware) by extensions ['ros']
[0.132s] Level 1:colcon.colcon_core.package_identification:_identify(src/moying_arm/moying_arm/moying_arm_hardware) by extension 'ros'
[0.132s] DEBUG:colcon.colcon_core.package_identification:Package 'src/moying_arm/moying_arm/moying_arm_hardware' with type 'ros.ament_cmake' and name 'moying_arm_hardware'
[0.132s] Level 1:colcon.colcon_core.package_identification:_identify(src/ur5_ros2) by extensions ['ignore', 'ignore_ament_install']
[0.132s] Level 1:colcon.colcon_core.package_identification:_identify(src/ur5_ros2) by extension 'ignore'
[0.133s] Level 1:colcon.colcon_core.package_identification:_identify(src/ur5_ros2) by extension 'ignore_ament_install'
[0.133s] Level 1:colcon.colcon_core.package_identification:_identify(src/ur5_ros2) by extensions ['colcon_pkg']
[0.133s] Level 1:colcon.colcon_core.package_identification:_identify(src/ur5_ros2) by extension 'colcon_pkg'
[0.133s] Level 1:colcon.colcon_core.package_identification:_identify(src/ur5_ros2) by extensions ['colcon_meta']
[0.133s] Level 1:colcon.colcon_core.package_identification:_identify(src/ur5_ros2) by extension 'colcon_meta'
[0.133s] Level 1:colcon.colcon_core.package_identification:_identify(src/ur5_ros2) by extensions ['ros']
[0.133s] Level 1:colcon.colcon_core.package_identification:_identify(src/ur5_ros2) by extension 'ros'
[0.133s] Level 1:colcon.colcon_core.package_identification:_identify(src/ur5_ros2) by extensions ['cmake', 'python']
[0.133s] Level 1:colcon.colcon_core.package_identification:_identify(src/ur5_ros2) by extension 'cmake'
[0.133s] Level 1:colcon.colcon_core.package_identification:_identify(src/ur5_ros2) by extension 'python'
[0.133s] Level 1:colcon.colcon_core.package_identification:_identify(src/ur5_ros2) by extensions ['python_setup_py']
[0.133s] Level 1:colcon.colcon_core.package_identification:_identify(src/ur5_ros2) by extension 'python_setup_py'
[0.133s] Level 1:colcon.colcon_core.package_identification:_identify(src/ur5_ros2/build) by extensions ['ignore', 'ignore_ament_install']
[0.133s] Level 1:colcon.colcon_core.package_identification:_identify(src/ur5_ros2/build) by extension 'ignore'
[0.133s] Level 1:colcon.colcon_core.package_identification:_identify(src/ur5_ros2/build) ignored
[0.133s] Level 1:colcon.colcon_core.package_identification:_identify(src/ur5_ros2/install) by extensions ['ignore', 'ignore_ament_install']
[0.133s] Level 1:colcon.colcon_core.package_identification:_identify(src/ur5_ros2/install) by extension 'ignore'
[0.133s] Level 1:colcon.colcon_core.package_identification:_identify(src/ur5_ros2/install) ignored
[0.133s] Level 1:colcon.colcon_core.package_identification:_identify(src/ur5_ros2/log) by extensions ['ignore', 'ignore_ament_install']
[0.133s] Level 1:colcon.colcon_core.package_identification:_identify(src/ur5_ros2/log) by extension 'ignore'
[0.133s] Level 1:colcon.colcon_core.package_identification:_identify(src/ur5_ros2/log) ignored
[0.133s] Level 1:colcon.colcon_core.package_identification:_identify(src/ur5_ros2/ur5_arm) by extensions ['ignore', 'ignore_ament_install']
[0.133s] Level 1:colcon.colcon_core.package_identification:_identify(src/ur5_ros2/ur5_arm) by extension 'ignore'
[0.133s] Level 1:colcon.colcon_core.package_identification:_identify(src/ur5_ros2/ur5_arm) by extension 'ignore_ament_install'
[0.133s] Level 1:colcon.colcon_core.package_identification:_identify(src/ur5_ros2/ur5_arm) by extensions ['colcon_pkg']
[0.133s] Level 1:colcon.colcon_core.package_identification:_identify(src/ur5_ros2/ur5_arm) by extension 'colcon_pkg'
[0.133s] Level 1:colcon.colcon_core.package_identification:_identify(src/ur5_ros2/ur5_arm) by extensions ['colcon_meta']
[0.133s] Level 1:colcon.colcon_core.package_identification:_identify(src/ur5_ros2/ur5_arm) by extension 'colcon_meta'
[0.133s] Level 1:colcon.colcon_core.package_identification:_identify(src/ur5_ros2/ur5_arm) by extensions ['ros']
[0.133s] Level 1:colcon.colcon_core.package_identification:_identify(src/ur5_ros2/ur5_arm) by extension 'ros'
[0.133s] Level 1:colcon.colcon_core.package_identification:_identify(src/ur5_ros2/ur5_arm) by extensions ['cmake', 'python']
[0.133s] Level 1:colcon.colcon_core.package_identification:_identify(src/ur5_ros2/ur5_arm) by extension 'cmake'
[0.133s] Level 1:colcon.colcon_core.package_identification:_identify(src/ur5_ros2/ur5_arm) by extension 'python'
[0.133s] Level 1:colcon.colcon_core.package_identification:_identify(src/ur5_ros2/ur5_arm) by extensions ['python_setup_py']
[0.133s] Level 1:colcon.colcon_core.package_identification:_identify(src/ur5_ros2/ur5_arm) by extension 'python_setup_py'
[0.133s] Level 1:colcon.colcon_core.package_identification:_identify(src/ur5_ros2/ur5_arm/build) by extensions ['ignore', 'ignore_ament_install']
[0.133s] Level 1:colcon.colcon_core.package_identification:_identify(src/ur5_ros2/ur5_arm/build) by extension 'ignore'
[0.133s] Level 1:colcon.colcon_core.package_identification:_identify(src/ur5_ros2/ur5_arm/build) ignored
[0.133s] Level 1:colcon.colcon_core.package_identification:_identify(src/ur5_ros2/ur5_arm/install) by extensions ['ignore', 'ignore_ament_install']
[0.133s] Level 1:colcon.colcon_core.package_identification:_identify(src/ur5_ros2/ur5_arm/install) by extension 'ignore'
[0.133s] Level 1:colcon.colcon_core.package_identification:_identify(src/ur5_ros2/ur5_arm/install) ignored
[0.133s] Level 1:colcon.colcon_core.package_identification:_identify(src/ur5_ros2/ur5_arm/log) by extensions ['ignore', 'ignore_ament_install']
[0.133s] Level 1:colcon.colcon_core.package_identification:_identify(src/ur5_ros2/ur5_arm/log) by extension 'ignore'
[0.133s] Level 1:colcon.colcon_core.package_identification:_identify(src/ur5_ros2/ur5_arm/log) ignored
[0.133s] Level 1:colcon.colcon_core.package_identification:_identify(src/ur5_ros2/ur5_arm/ur5_bringup) by extensions ['ignore', 'ignore_ament_install']
[0.134s] Level 1:colcon.colcon_core.package_identification:_identify(src/ur5_ros2/ur5_arm/ur5_bringup) by extension 'ignore'
[0.134s] Level 1:colcon.colcon_core.package_identification:_identify(src/ur5_ros2/ur5_arm/ur5_bringup) by extension 'ignore_ament_install'
[0.134s] Level 1:colcon.colcon_core.package_identification:_identify(src/ur5_ros2/ur5_arm/ur5_bringup) by extensions ['colcon_pkg']
[0.134s] Level 1:colcon.colcon_core.package_identification:_identify(src/ur5_ros2/ur5_arm/ur5_bringup) by extension 'colcon_pkg'
[0.134s] Level 1:colcon.colcon_core.package_identification:_identify(src/ur5_ros2/ur5_arm/ur5_bringup) by extensions ['colcon_meta']
[0.134s] Level 1:colcon.colcon_core.package_identification:_identify(src/ur5_ros2/ur5_arm/ur5_bringup) by extension 'colcon_meta'
[0.134s] Level 1:colcon.colcon_core.package_identification:_identify(src/ur5_ros2/ur5_arm/ur5_bringup) by extensions ['ros']
[0.134s] Level 1:colcon.colcon_core.package_identification:_identify(src/ur5_ros2/ur5_arm/ur5_bringup) by extension 'ros'
[0.134s] DEBUG:colcon.colcon_core.package_identification:Package 'src/ur5_ros2/ur5_arm/ur5_bringup' with type 'ros.ament_cmake' and name 'ur5_bringup'
[0.134s] Level 1:colcon.colcon_core.package_identification:_identify(src/ur5_ros2/ur5_arm/ur5_description) by extensions ['ignore', 'ignore_ament_install']
[0.134s] Level 1:colcon.colcon_core.package_identification:_identify(src/ur5_ros2/ur5_arm/ur5_description) by extension 'ignore'
[0.134s] Level 1:colcon.colcon_core.package_identification:_identify(src/ur5_ros2/ur5_arm/ur5_description) by extension 'ignore_ament_install'
[0.134s] Level 1:colcon.colcon_core.package_identification:_identify(src/ur5_ros2/ur5_arm/ur5_description) by extensions ['colcon_pkg']
[0.134s] Level 1:colcon.colcon_core.package_identification:_identify(src/ur5_ros2/ur5_arm/ur5_description) by extension 'colcon_pkg'
[0.134s] Level 1:colcon.colcon_core.package_identification:_identify(src/ur5_ros2/ur5_arm/ur5_description) by extensions ['colcon_meta']
[0.134s] Level 1:colcon.colcon_core.package_identification:_identify(src/ur5_ros2/ur5_arm/ur5_description) by extension 'colcon_meta'
[0.134s] Level 1:colcon.colcon_core.package_identification:_identify(src/ur5_ros2/ur5_arm/ur5_description) by extensions ['ros']
[0.134s] Level 1:colcon.colcon_core.package_identification:_identify(src/ur5_ros2/ur5_arm/ur5_description) by extension 'ros'
[0.135s] DEBUG:colcon.colcon_core.package_identification:Package 'src/ur5_ros2/ur5_arm/ur5_description' with type 'ros.ament_cmake' and name 'ur5_description'
[0.135s] Level 1:colcon.colcon_core.package_identification:_identify(src/ur5_ros2/ur5_controller) by extensions ['ignore', 'ignore_ament_install']
[0.135s] Level 1:colcon.colcon_core.package_identification:_identify(src/ur5_ros2/ur5_controller) by extension 'ignore'
[0.135s] Level 1:colcon.colcon_core.package_identification:_identify(src/ur5_ros2/ur5_controller) by extension 'ignore_ament_install'
[0.135s] Level 1:colcon.colcon_core.package_identification:_identify(src/ur5_ros2/ur5_controller) by extensions ['colcon_pkg']
[0.135s] Level 1:colcon.colcon_core.package_identification:_identify(src/ur5_ros2/ur5_controller) by extension 'colcon_pkg'
[0.135s] Level 1:colcon.colcon_core.package_identification:_identify(src/ur5_ros2/ur5_controller) by extensions ['colcon_meta']
[0.135s] Level 1:colcon.colcon_core.package_identification:_identify(src/ur5_ros2/ur5_controller) by extension 'colcon_meta'
[0.135s] Level 1:colcon.colcon_core.package_identification:_identify(src/ur5_ros2/ur5_controller) by extensions ['ros']
[0.135s] Level 1:colcon.colcon_core.package_identification:_identify(src/ur5_ros2/ur5_controller) by extension 'ros'
[0.136s] DEBUG:colcon.colcon_core.package_identification:Package 'src/ur5_ros2/ur5_controller' with type 'ros.ament_cmake' and name 'ur5_controller'
[0.136s] Level 1:colcon.colcon_core.package_identification:_identify(src/ur5_ros2/ur5_interface) by extensions ['ignore', 'ignore_ament_install']
[0.136s] Level 1:colcon.colcon_core.package_identification:_identify(src/ur5_ros2/ur5_interface) by extension 'ignore'
[0.136s] Level 1:colcon.colcon_core.package_identification:_identify(src/ur5_ros2/ur5_interface) by extension 'ignore_ament_install'
[0.136s] Level 1:colcon.colcon_core.package_identification:_identify(src/ur5_ros2/ur5_interface) by extensions ['colcon_pkg']
[0.136s] Level 1:colcon.colcon_core.package_identification:_identify(src/ur5_ros2/ur5_interface) by extension 'colcon_pkg'
[0.136s] Level 1:colcon.colcon_core.package_identification:_identify(src/ur5_ros2/ur5_interface) by extensions ['colcon_meta']
[0.136s] Level 1:colcon.colcon_core.package_identification:_identify(src/ur5_ros2/ur5_interface) by extension 'colcon_meta'
[0.136s] Level 1:colcon.colcon_core.package_identification:_identify(src/ur5_ros2/ur5_interface) by extensions ['ros']
[0.136s] Level 1:colcon.colcon_core.package_identification:_identify(src/ur5_ros2/ur5_interface) by extension 'ros'
[0.137s] DEBUG:colcon.colcon_core.package_identification:Package 'src/ur5_ros2/ur5_interface' with type 'ros.ament_cmake' and name 'ur5_interface'
[0.137s] Level 1:colcon.colcon_core.package_discovery:discover_packages(recursive) using defaults
[0.137s] Level 1:colcon.colcon_core.package_discovery:discover_packages(ignore) discover
[0.137s] Level 1:colcon.colcon_core.package_discovery:discover_packages(ignore) using defaults
[0.137s] Level 1:colcon.colcon_core.package_discovery:discover_packages(path) discover
[0.137s] Level 1:colcon.colcon_core.package_discovery:discover_packages(path) using defaults
[0.137s] WARNING:colcon.colcon_core.package_selection:ignoring unknown package 'ur5_ros2' in --packages-select
[0.151s] INFO:colcon.colcon_core.package_selection:Skipping not selected package 'arm_interface' in 'src/moying_arm/arm_interface'
[0.151s] INFO:colcon.colcon_core.package_selection:Skipping not selected package 'moying_arm_description' in 'src/moying_arm/moying_arm/moying_arm_description'
[0.151s] INFO:colcon.colcon_core.package_selection:Skipping not selected package 'moying_arm_hardware' in 'src/moying_arm/moying_arm/moying_arm_hardware'
[0.151s] INFO:colcon.colcon_core.package_selection:Skipping not selected package 'ur5_bringup' in 'src/ur5_ros2/ur5_arm/ur5_bringup'
[0.151s] INFO:colcon.colcon_core.package_selection:Skipping not selected package 'ur5_interface' in 'src/ur5_ros2/ur5_interface'
[0.151s] INFO:colcon.colcon_core.package_selection:Skipping not selected package 'arm_controller' in 'src/moying_arm/arm_controller'
[0.151s] INFO:colcon.colcon_core.package_selection:Skipping not selected package 'ur5_controller' in 'src/ur5_ros2/ur5_controller'
[0.151s] INFO:colcon.colcon_core.package_selection:Skipping not selected package 'moying_arm_bringup' in 'src/moying_arm/moying_arm/moying_arm_bringup'
[0.151s] INFO:colcon.colcon_core.package_selection:Skipping not selected package 'ur5_description' in 'src/ur5_ros2/ur5_arm/ur5_description'
[0.152s] Level 1:colcon.colcon_core.package_discovery:discover_packages(prefix_path) check parameters
[0.152s] Level 1:colcon.colcon_core.package_discovery:discover_packages(prefix_path) discover
[0.154s] DEBUG:colcon.colcon_installed_package_information.package_discovery:Found 60 installed packages in /home/wyd/OCS2_ROS2/install
[0.154s] DEBUG:colcon.colcon_installed_package_information.package_discovery:Found 1 installed packages in /home/wyd/raisim/install
[0.154s] DEBUG:colcon.colcon_installed_package_information.package_discovery:Found 327 installed packages in /opt/ros/humble
[0.155s] Level 1:colcon.colcon_core.package_discovery:discover_packages(prefix_path) using defaults
[0.173s] INFO:colcon.colcon_core.executor:Executing jobs using 'parallel' executor
[0.174s] DEBUG:colcon.colcon_parallel_executor.executor.parallel:run_until_complete
[0.174s] DEBUG:colcon.colcon_parallel_executor.executor.parallel:closing loop
[0.174s] DEBUG:colcon.colcon_parallel_executor.executor.parallel:loop closed
[0.174s] DEBUG:colcon.colcon_parallel_executor.executor.parallel:run_until_complete finished with '0'
[0.174s] DEBUG:colcon.colcon_core.event_reactor:joining thread
[0.177s] INFO:colcon.colcon_core.plugin_system:Skipping extension 'colcon_notification.desktop_notification.terminal_notifier': Not used on non-Darwin systems
[0.177s] INFO:colcon.colcon_core.plugin_system:Skipping extension 'colcon_notification.desktop_notification.win32': Not used on non-Windows systems
[0.177s] INFO:colcon.colcon_notification.desktop_notification:Sending desktop notification using 'notify2'
[0.184s] DEBUG:colcon.colcon_core.event_reactor:joined thread
[0.184s] INFO:colcon.colcon_core.plugin_system:Skipping extension 'colcon_core.shell.bat': Not used on non-Windows systems
[0.185s] INFO:colcon.colcon_core.shell:Creating prefix script '/home/wyd/arm_ws/install/local_setup.ps1'
[0.185s] INFO:colcon.colcon_core.shell:Creating prefix util module '/home/wyd/arm_ws/install/_local_setup_util_ps1.py'
[0.186s] INFO:colcon.colcon_core.shell:Creating prefix chain script '/home/wyd/arm_ws/install/setup.ps1'
[0.187s] INFO:colcon.colcon_core.shell:Creating prefix script '/home/wyd/arm_ws/install/local_setup.sh'
[0.187s] INFO:colcon.colcon_core.shell:Creating prefix util module '/home/wyd/arm_ws/install/_local_setup_util_sh.py'
[0.187s] INFO:colcon.colcon_core.shell:Creating prefix chain script '/home/wyd/arm_ws/install/setup.sh'
[0.188s] INFO:colcon.colcon_core.shell:Creating prefix script '/home/wyd/arm_ws/install/local_setup.bash'
[0.188s] INFO:colcon.colcon_core.shell:Creating prefix chain script '/home/wyd/arm_ws/install/setup.bash'
[0.190s] INFO:colcon.colcon_core.shell:Creating prefix script '/home/wyd/arm_ws/install/local_setup.zsh'
[0.190s] INFO:colcon.colcon_core.shell:Creating prefix chain script '/home/wyd/arm_ws/install/setup.zsh'
