-- Found Boost: /usr/lib/x86_64-linux-gnu/cmake/Boost-1.74.0/BoostConfig.cmake (found version "1.74.0") found components: system filesystem log_setup log 
-- Found ament_cmake: 1.3.11 (/opt/ros/humble/share/ament_cmake/cmake)
-- Found generate_parameter_library: 0.4.0 (/opt/ros/humble/share/generate_parameter_library/cmake)
-- Found parameter_traits: 0.4.0 (/opt/ros/humble/share/parameter_traits/cmake)
-- Found rosidl_generator_c: 3.1.6 (/opt/ros/humble/share/rosidl_generator_c/cmake)
-- Found rosidl_adapter: 3.1.6 (/opt/ros/humble/share/rosidl_adapter/cmake)
-- Found rosidl_generator_cpp: 3.1.6 (/opt/ros/humble/share/rosidl_generator_cpp/cmake)
-- Using all available rosidl_typesupport_c: rosidl_typesupport_fastrtps_c;rosidl_typesupport_introspection_c
-- Using all available rosidl_typesupport_cpp: rosidl_typesupport_fastrtps_cpp;rosidl_typesupport_introspection_cpp
-- Found rmw_implementation_cmake: 6.1.2 (/opt/ros/humble/share/rmw_implementation_cmake/cmake)
-- Found rmw_cyclonedds_cpp: 1.3.4 (/opt/ros/humble/share/rmw_cyclonedds_cpp/cmake)
-- Using RMW implementation 'rmw_cyclonedds_cpp' as default
-- Found rclcpp_lifecycle: 16.0.12 (/opt/ros/humble/share/rclcpp_lifecycle/cmake)
-- Found ur5_interface: 0.0.0 (/root/ocs2_ros2/ros_ws/src/ur5_ros2/install/ur5_interface/share/ur5_interface/cmake)
-- coal FOUND. coal at /opt/openrobots/lib/libcoal.so
-- Found Boost: /usr/include (found version "1.74.0") found components: chrono thread date_time serialization filesystem atomic 
-- Default C++ standard: 201703
-- C++ standard sufficient: Minimal required 11, currently defined: 17
-- pinocchio_default FOUND. pinocchio_default at /opt/openrobots/lib/libpinocchio_default.so
-- pinocchio_parsers FOUND. pinocchio_parsers at /opt/openrobots/lib/libpinocchio_parsers.so
-- pinocchio_casadi FOUND. pinocchio_casadi at /opt/openrobots/lib/libpinocchio_casadi.so
-- boost_filesystem FOUND. boost_filesystem at /usr/lib/x86_64-linux-gnu/libboost_filesystem.so
-- boost_serialization FOUND. boost_serialization at /usr/lib/x86_64-linux-gnu/libboost_serialization.so
-- boost_system FOUND. boost_system at /usr/lib/x86_64-linux-gnu/libboost_system.so
-- C++ standard sufficient: Minimal required 11, currently defined: 17
-- Found control_msgs: 4.8.0 (/opt/ros/humble/share/control_msgs/cmake)
-- Found controller_interface: 2.50.0 (/opt/ros/humble/share/controller_interface/cmake)
-- Found std_srvs: 4.8.0 (/opt/ros/humble/share/std_srvs/cmake)
-- Found ocs2_self_collision_visualization: 0.0.0 (/root/ocs2_ros2/ocs2_ws/install/ocs2_self_collision_visualization/share/ocs2_self_collision_visualization/cmake)
-- Found ocs2_mobile_manipulator: 0.0.0 (/root/ocs2_ros2/ros_ws/install/ocs2_mobile_manipulator/share/ocs2_mobile_manipulator/cmake)
-- Found localization_msgs: 0.0.0 (/root/ocs2_ros2/ros_ws/install/localization_msgs/share/localization_msgs/cmake)
-- Found Boost: /usr/include (found version "1.74.0")  
-- Configuring done
-- Generating done
-- Build files have been written to: /root/ocs2_ros2/ros_ws/src/ur5_ros2/build/ur5_controller
[ 50%] Built target ur5_controller_parameters
[35m[1mConsolidate compiler generated dependencies of target ur5_controller[0m
[ 75%] [32mBuilding CXX object CMakeFiles/ur5_controller.dir/src/ur5_controller.cpp.o[0m
[100%] [32m[1mLinking CXX shared library libur5_controller.so[0m
[100%] Built target ur5_controller
-- Install configuration: ""
-- Up-to-date: /root/ocs2_ros2/ros_ws/src/ur5_ros2/install/ur5_controller/include/ur5_controller
-- Up-to-date: /root/ocs2_ros2/ros_ws/src/ur5_ros2/install/ur5_controller/include/ur5_controller/validate_ur5_controller_parameters.hpp
-- Up-to-date: /root/ocs2_ros2/ros_ws/src/ur5_ros2/install/ur5_controller/include/ur5_controller/ur5_controller_parameters.hpp
-- Up-to-date: /root/ocs2_ros2/ros_ws/src/ur5_ros2/install/ur5_controller/share/ur5_controller/ur5_controller.xml
-- Installing: /root/ocs2_ros2/ros_ws/src/ur5_ros2/install/ur5_controller/lib/libur5_controller.so
-- Set runtime path of "/root/ocs2_ros2/ros_ws/src/ur5_ros2/install/ur5_controller/lib/libur5_controller.so" to ""
-- Up-to-date: /root/ocs2_ros2/ros_ws/src/ur5_ros2/install/ur5_controller/include/ur5_controller
-- Up-to-date: /root/ocs2_ros2/ros_ws/src/ur5_ros2/install/ur5_controller/include/ur5_controller/validate_ur5_controller_parameters.hpp
-- Up-to-date: /root/ocs2_ros2/ros_ws/src/ur5_ros2/install/ur5_controller/include/ur5_controller/visibility_control.h
-- Up-to-date: /root/ocs2_ros2/ros_ws/src/ur5_ros2/install/ur5_controller/include/ur5_controller/ur5_controller
-- Up-to-date: /root/ocs2_ros2/ros_ws/src/ur5_ros2/install/ur5_controller/include/ur5_controller/ur5_controller/validate_ur5_controller_parameters.hpp
-- Up-to-date: /root/ocs2_ros2/ros_ws/src/ur5_ros2/install/ur5_controller/include/ur5_controller/ur5_controller/visibility_control.h
-- Up-to-date: /root/ocs2_ros2/ros_ws/src/ur5_ros2/install/ur5_controller/include/ur5_controller/ur5_controller/ur5_controller.hpp
-- Up-to-date: /root/ocs2_ros2/ros_ws/src/ur5_ros2/install/ur5_controller/include/ur5_controller/ur5_controller.hpp
-- Up-to-date: /root/ocs2_ros2/ros_ws/src/ur5_ros2/install/ur5_controller/share/ur5_controller/environment/library_path.sh
-- Installing: /root/ocs2_ros2/ros_ws/src/ur5_ros2/install/ur5_controller/share/ur5_controller/environment/library_path.dsv
-- Up-to-date: /root/ocs2_ros2/ros_ws/src/ur5_ros2/install/ur5_controller/share/ament_index/resource_index/package_run_dependencies/ur5_controller
-- Installing: /root/ocs2_ros2/ros_ws/src/ur5_ros2/install/ur5_controller/share/ament_index/resource_index/parent_prefix_path/ur5_controller
-- Up-to-date: /root/ocs2_ros2/ros_ws/src/ur5_ros2/install/ur5_controller/share/ur5_controller/environment/ament_prefix_path.sh
-- Installing: /root/ocs2_ros2/ros_ws/src/ur5_ros2/install/ur5_controller/share/ur5_controller/environment/ament_prefix_path.dsv
-- Up-to-date: /root/ocs2_ros2/ros_ws/src/ur5_ros2/install/ur5_controller/share/ur5_controller/environment/path.sh
-- Installing: /root/ocs2_ros2/ros_ws/src/ur5_ros2/install/ur5_controller/share/ur5_controller/environment/path.dsv
-- Up-to-date: /root/ocs2_ros2/ros_ws/src/ur5_ros2/install/ur5_controller/share/ur5_controller/local_setup.bash
-- Up-to-date: /root/ocs2_ros2/ros_ws/src/ur5_ros2/install/ur5_controller/share/ur5_controller/local_setup.sh
-- Up-to-date: /root/ocs2_ros2/ros_ws/src/ur5_ros2/install/ur5_controller/share/ur5_controller/local_setup.zsh
-- Installing: /root/ocs2_ros2/ros_ws/src/ur5_ros2/install/ur5_controller/share/ur5_controller/local_setup.dsv
-- Installing: /root/ocs2_ros2/ros_ws/src/ur5_ros2/install/ur5_controller/share/ur5_controller/package.dsv
-- Up-to-date: /root/ocs2_ros2/ros_ws/src/ur5_ros2/install/ur5_controller/share/ament_index/resource_index/packages/ur5_controller
-- Up-to-date: /root/ocs2_ros2/ros_ws/src/ur5_ros2/install/ur5_controller/share/ament_index/resource_index/controller_interface__pluginlib__plugin/ur5_controller
-- Up-to-date: /root/ocs2_ros2/ros_ws/src/ur5_ros2/install/ur5_controller/share/ur5_controller/cmake/ament_cmake_export_dependencies-extras.cmake
-- Up-to-date: /root/ocs2_ros2/ros_ws/src/ur5_ros2/install/ur5_controller/share/ur5_controller/cmake/ament_cmake_export_include_directories-extras.cmake
-- Up-to-date: /root/ocs2_ros2/ros_ws/src/ur5_ros2/install/ur5_controller/share/ur5_controller/cmake/ament_cmake_export_libraries-extras.cmake
-- Up-to-date: /root/ocs2_ros2/ros_ws/src/ur5_ros2/install/ur5_controller/share/ur5_controller/cmake/ur5_controllerConfig.cmake
-- Up-to-date: /root/ocs2_ros2/ros_ws/src/ur5_ros2/install/ur5_controller/share/ur5_controller/cmake/ur5_controllerConfig-version.cmake
-- Up-to-date: /root/ocs2_ros2/ros_ws/src/ur5_ros2/install/ur5_controller/share/ur5_controller/package.xml
