[0.124s] DEBUG:colcon:Command line arguments: ['/usr/bin/colcon', 'build']
[0.124s] DEBUG:colcon:Parsed command line arguments: Namespace(log_base=None, log_level=None, verb_name='build', build_base='build', install_base='install', merge_install=False, symlink_install=False, test_result_base=None, continue_on_error=False, executor='parallel', parallel_workers=36, event_handlers=None, ignore_user_meta=False, metas=['./colcon.meta'], base_paths=['.'], packages_ignore=None, packages_ignore_regex=None, paths=None, packages_up_to=None, packages_up_to_regex=None, packages_above=None, packages_above_and_dependencies=None, packages_above_depth=None, packages_select_by_dep=None, packages_skip_by_dep=None, packages_skip_up_to=None, packages_select_build_failed=False, packages_skip_build_finished=False, packages_select_test_failures=False, packages_skip_test_passed=False, packages_select=None, packages_skip=None, packages_select_regex=None, packages_skip_regex=None, packages_start=None, packages_end=None, cmake_args=None, cmake_target=None, cmake_target_skip_unavailable=False, cmake_clean_cache=False, cmake_clean_first=False, cmake_force_configure=False, ament_cmake_args=None, catkin_cmake_args=None, catkin_skip_building_tests=False, mixin_files=None, mixin=None, verb_parser=<colcon_mixin.mixin.mixin_argument.MixinArgumentDecorator object at 0x7f6946effa90>, verb_extension=<colcon_core.verb.build.BuildVerb object at 0x7f6946eff0d0>, main=<bound method BuildVerb.main of <colcon_core.verb.build.BuildVerb object at 0x7f6946eff0d0>>, mixin_verb=('build',))
[0.269s] Level 1:colcon.colcon_core.package_discovery:discover_packages(colcon_meta) check parameters
[0.270s] INFO:colcon.colcon_metadata.package_discovery.colcon_meta:Using configuration from '/root/.colcon/metadata/default/Gazebo.meta'
[0.270s] INFO:colcon.colcon_metadata.package_discovery.colcon_meta:Using configuration from '/root/.colcon/metadata/default/fastrtps.meta'
[0.270s] Level 1:colcon.colcon_core.package_discovery:discover_packages(recursive) check parameters
[0.270s] Level 1:colcon.colcon_core.package_discovery:discover_packages(ignore) check parameters
[0.270s] Level 1:colcon.colcon_core.package_discovery:discover_packages(path) check parameters
[0.271s] Level 1:colcon.colcon_core.package_discovery:discover_packages(colcon_meta) discover
[0.271s] Level 1:colcon.colcon_core.package_discovery:discover_packages(recursive) discover
[0.271s] INFO:colcon.colcon_core.package_discovery:Crawling recursively for packages in '/root/ocs2_ros2/ros_ws/src/ur5_ros2'
[0.271s] Level 1:colcon.colcon_core.package_identification:_identify(.) by extensions ['ignore', 'ignore_ament_install']
[0.271s] Level 1:colcon.colcon_core.package_identification:_identify(.) by extension 'ignore'
[0.271s] Level 1:colcon.colcon_core.package_identification:_identify(.) by extension 'ignore_ament_install'
[0.271s] Level 1:colcon.colcon_core.package_identification:_identify(.) by extensions ['colcon_pkg']
[0.271s] Level 1:colcon.colcon_core.package_identification:_identify(.) by extension 'colcon_pkg'
[0.271s] Level 1:colcon.colcon_core.package_identification:_identify(.) by extensions ['colcon_meta']
[0.271s] Level 1:colcon.colcon_core.package_identification:_identify(.) by extension 'colcon_meta'
[0.271s] Level 1:colcon.colcon_core.package_identification:_identify(.) by extensions ['ros']
[0.271s] Level 1:colcon.colcon_core.package_identification:_identify(.) by extension 'ros'
[0.280s] Level 1:colcon.colcon_core.package_identification:_identify(.) by extensions ['cmake', 'python']
[0.280s] Level 1:colcon.colcon_core.package_identification:_identify(.) by extension 'cmake'
[0.280s] Level 1:colcon.colcon_core.package_identification:_identify(.) by extension 'python'
[0.280s] Level 1:colcon.colcon_core.package_identification:_identify(.) by extensions ['python_setup_py']
[0.280s] Level 1:colcon.colcon_core.package_identification:_identify(.) by extension 'python_setup_py'
[0.280s] Level 1:colcon.colcon_core.package_identification:_identify(build) by extensions ['ignore', 'ignore_ament_install']
[0.280s] Level 1:colcon.colcon_core.package_identification:_identify(build) by extension 'ignore'
[0.281s] Level 1:colcon.colcon_core.package_identification:_identify(build) ignored
[0.281s] Level 1:colcon.colcon_core.package_identification:_identify(install) by extensions ['ignore', 'ignore_ament_install']
[0.281s] Level 1:colcon.colcon_core.package_identification:_identify(install) by extension 'ignore'
[0.281s] Level 1:colcon.colcon_core.package_identification:_identify(install) ignored
[0.281s] Level 1:colcon.colcon_core.package_identification:_identify(log) by extensions ['ignore', 'ignore_ament_install']
[0.281s] Level 1:colcon.colcon_core.package_identification:_identify(log) by extension 'ignore'
[0.281s] Level 1:colcon.colcon_core.package_identification:_identify(log) ignored
[0.281s] Level 1:colcon.colcon_core.package_identification:_identify(ur5_arm) by extensions ['ignore', 'ignore_ament_install']
[0.281s] Level 1:colcon.colcon_core.package_identification:_identify(ur5_arm) by extension 'ignore'
[0.281s] Level 1:colcon.colcon_core.package_identification:_identify(ur5_arm) by extension 'ignore_ament_install'
[0.281s] Level 1:colcon.colcon_core.package_identification:_identify(ur5_arm) by extensions ['colcon_pkg']
[0.281s] Level 1:colcon.colcon_core.package_identification:_identify(ur5_arm) by extension 'colcon_pkg'
[0.281s] Level 1:colcon.colcon_core.package_identification:_identify(ur5_arm) by extensions ['colcon_meta']
[0.281s] Level 1:colcon.colcon_core.package_identification:_identify(ur5_arm) by extension 'colcon_meta'
[0.281s] Level 1:colcon.colcon_core.package_identification:_identify(ur5_arm) by extensions ['ros']
[0.281s] Level 1:colcon.colcon_core.package_identification:_identify(ur5_arm) by extension 'ros'
[0.281s] Level 1:colcon.colcon_core.package_identification:_identify(ur5_arm) by extensions ['cmake', 'python']
[0.281s] Level 1:colcon.colcon_core.package_identification:_identify(ur5_arm) by extension 'cmake'
[0.281s] Level 1:colcon.colcon_core.package_identification:_identify(ur5_arm) by extension 'python'
[0.281s] Level 1:colcon.colcon_core.package_identification:_identify(ur5_arm) by extensions ['python_setup_py']
[0.282s] Level 1:colcon.colcon_core.package_identification:_identify(ur5_arm) by extension 'python_setup_py'
[0.282s] Level 1:colcon.colcon_core.package_identification:_identify(ur5_arm/build) by extensions ['ignore', 'ignore_ament_install']
[0.282s] Level 1:colcon.colcon_core.package_identification:_identify(ur5_arm/build) by extension 'ignore'
[0.282s] Level 1:colcon.colcon_core.package_identification:_identify(ur5_arm/build) ignored
[0.282s] Level 1:colcon.colcon_core.package_identification:_identify(ur5_arm/install) by extensions ['ignore', 'ignore_ament_install']
[0.282s] Level 1:colcon.colcon_core.package_identification:_identify(ur5_arm/install) by extension 'ignore'
[0.282s] Level 1:colcon.colcon_core.package_identification:_identify(ur5_arm/install) ignored
[0.282s] Level 1:colcon.colcon_core.package_identification:_identify(ur5_arm/log) by extensions ['ignore', 'ignore_ament_install']
[0.282s] Level 1:colcon.colcon_core.package_identification:_identify(ur5_arm/log) by extension 'ignore'
[0.282s] Level 1:colcon.colcon_core.package_identification:_identify(ur5_arm/log) ignored
[0.282s] Level 1:colcon.colcon_core.package_identification:_identify(ur5_arm/ur5_bringup) by extensions ['ignore', 'ignore_ament_install']
[0.282s] Level 1:colcon.colcon_core.package_identification:_identify(ur5_arm/ur5_bringup) by extension 'ignore'
[0.282s] Level 1:colcon.colcon_core.package_identification:_identify(ur5_arm/ur5_bringup) by extension 'ignore_ament_install'
[0.282s] Level 1:colcon.colcon_core.package_identification:_identify(ur5_arm/ur5_bringup) by extensions ['colcon_pkg']
[0.282s] Level 1:colcon.colcon_core.package_identification:_identify(ur5_arm/ur5_bringup) by extension 'colcon_pkg'
[0.282s] Level 1:colcon.colcon_core.package_identification:_identify(ur5_arm/ur5_bringup) by extensions ['colcon_meta']
[0.282s] Level 1:colcon.colcon_core.package_identification:_identify(ur5_arm/ur5_bringup) by extension 'colcon_meta'
[0.282s] Level 1:colcon.colcon_core.package_identification:_identify(ur5_arm/ur5_bringup) by extensions ['ros']
[0.282s] Level 1:colcon.colcon_core.package_identification:_identify(ur5_arm/ur5_bringup) by extension 'ros'
[0.284s] DEBUG:colcon.colcon_core.package_identification:Package 'ur5_arm/ur5_bringup' with type 'ros.ament_cmake' and name 'ur5_bringup'
[0.285s] Level 1:colcon.colcon_core.package_identification:_identify(ur5_arm/ur5_description) by extensions ['ignore', 'ignore_ament_install']
[0.285s] Level 1:colcon.colcon_core.package_identification:_identify(ur5_arm/ur5_description) by extension 'ignore'
[0.285s] Level 1:colcon.colcon_core.package_identification:_identify(ur5_arm/ur5_description) by extension 'ignore_ament_install'
[0.285s] Level 1:colcon.colcon_core.package_identification:_identify(ur5_arm/ur5_description) by extensions ['colcon_pkg']
[0.285s] Level 1:colcon.colcon_core.package_identification:_identify(ur5_arm/ur5_description) by extension 'colcon_pkg'
[0.285s] Level 1:colcon.colcon_core.package_identification:_identify(ur5_arm/ur5_description) by extensions ['colcon_meta']
[0.285s] Level 1:colcon.colcon_core.package_identification:_identify(ur5_arm/ur5_description) by extension 'colcon_meta'
[0.285s] Level 1:colcon.colcon_core.package_identification:_identify(ur5_arm/ur5_description) by extensions ['ros']
[0.285s] Level 1:colcon.colcon_core.package_identification:_identify(ur5_arm/ur5_description) by extension 'ros'
[0.287s] DEBUG:colcon.colcon_core.package_identification:Package 'ur5_arm/ur5_description' with type 'ros.ament_cmake' and name 'ur5_description'
[0.287s] Level 1:colcon.colcon_core.package_identification:_identify(ur5_arm/ur_description) by extensions ['ignore', 'ignore_ament_install']
[0.287s] Level 1:colcon.colcon_core.package_identification:_identify(ur5_arm/ur_description) by extension 'ignore'
[0.287s] Level 1:colcon.colcon_core.package_identification:_identify(ur5_arm/ur_description) by extension 'ignore_ament_install'
[0.287s] Level 1:colcon.colcon_core.package_identification:_identify(ur5_arm/ur_description) by extensions ['colcon_pkg']
[0.287s] Level 1:colcon.colcon_core.package_identification:_identify(ur5_arm/ur_description) by extension 'colcon_pkg'
[0.287s] Level 1:colcon.colcon_core.package_identification:_identify(ur5_arm/ur_description) by extensions ['colcon_meta']
[0.287s] Level 1:colcon.colcon_core.package_identification:_identify(ur5_arm/ur_description) by extension 'colcon_meta'
[0.287s] Level 1:colcon.colcon_core.package_identification:_identify(ur5_arm/ur_description) by extensions ['ros']
[0.287s] Level 1:colcon.colcon_core.package_identification:_identify(ur5_arm/ur_description) by extension 'ros'
[0.288s] DEBUG:colcon.colcon_core.package_identification:Package 'ur5_arm/ur_description' with type 'ros.ament_cmake' and name 'ur_description'
[0.288s] Level 1:colcon.colcon_core.package_identification:_identify(ur5_controller) by extensions ['ignore', 'ignore_ament_install']
[0.288s] Level 1:colcon.colcon_core.package_identification:_identify(ur5_controller) by extension 'ignore'
[0.288s] Level 1:colcon.colcon_core.package_identification:_identify(ur5_controller) by extension 'ignore_ament_install'
[0.288s] Level 1:colcon.colcon_core.package_identification:_identify(ur5_controller) by extensions ['colcon_pkg']
[0.288s] Level 1:colcon.colcon_core.package_identification:_identify(ur5_controller) by extension 'colcon_pkg'
[0.288s] Level 1:colcon.colcon_core.package_identification:_identify(ur5_controller) by extensions ['colcon_meta']
[0.288s] Level 1:colcon.colcon_core.package_identification:_identify(ur5_controller) by extension 'colcon_meta'
[0.289s] Level 1:colcon.colcon_core.package_identification:_identify(ur5_controller) by extensions ['ros']
[0.289s] Level 1:colcon.colcon_core.package_identification:_identify(ur5_controller) by extension 'ros'
[0.290s] DEBUG:colcon.colcon_core.package_identification:Package 'ur5_controller' with type 'ros.ament_cmake' and name 'ur5_controller'
[0.290s] Level 1:colcon.colcon_core.package_identification:_identify(ur5_interface) by extensions ['ignore', 'ignore_ament_install']
[0.291s] Level 1:colcon.colcon_core.package_identification:_identify(ur5_interface) by extension 'ignore'
[0.291s] Level 1:colcon.colcon_core.package_identification:_identify(ur5_interface) by extension 'ignore_ament_install'
[0.291s] Level 1:colcon.colcon_core.package_identification:_identify(ur5_interface) by extensions ['colcon_pkg']
[0.291s] Level 1:colcon.colcon_core.package_identification:_identify(ur5_interface) by extension 'colcon_pkg'
[0.291s] Level 1:colcon.colcon_core.package_identification:_identify(ur5_interface) by extensions ['colcon_meta']
[0.291s] Level 1:colcon.colcon_core.package_identification:_identify(ur5_interface) by extension 'colcon_meta'
[0.291s] Level 1:colcon.colcon_core.package_identification:_identify(ur5_interface) by extensions ['ros']
[0.291s] Level 1:colcon.colcon_core.package_identification:_identify(ur5_interface) by extension 'ros'
[0.291s] DEBUG:colcon.colcon_core.package_identification:Package 'ur5_interface' with type 'ros.ament_cmake' and name 'ur5_interface'
[0.291s] Level 1:colcon.colcon_core.package_discovery:discover_packages(recursive) using defaults
[0.291s] Level 1:colcon.colcon_core.package_discovery:discover_packages(ignore) discover
[0.292s] Level 1:colcon.colcon_core.package_discovery:discover_packages(ignore) using defaults
[0.292s] Level 1:colcon.colcon_core.package_discovery:discover_packages(path) discover
[0.292s] Level 1:colcon.colcon_core.package_discovery:discover_packages(path) using defaults
[0.319s] Level 5:colcon.colcon_core.verb:set package 'ur5_bringup' build argument 'cmake_args' from command line to 'None'
[0.319s] Level 5:colcon.colcon_core.verb:set package 'ur5_bringup' build argument 'cmake_target' from command line to 'None'
[0.319s] Level 5:colcon.colcon_core.verb:set package 'ur5_bringup' build argument 'cmake_target_skip_unavailable' from command line to 'False'
[0.319s] Level 5:colcon.colcon_core.verb:set package 'ur5_bringup' build argument 'cmake_clean_cache' from command line to 'False'
[0.319s] Level 5:colcon.colcon_core.verb:set package 'ur5_bringup' build argument 'cmake_clean_first' from command line to 'False'
[0.319s] Level 5:colcon.colcon_core.verb:set package 'ur5_bringup' build argument 'cmake_force_configure' from command line to 'False'
[0.319s] Level 5:colcon.colcon_core.verb:set package 'ur5_bringup' build argument 'ament_cmake_args' from command line to 'None'
[0.319s] Level 5:colcon.colcon_core.verb:set package 'ur5_bringup' build argument 'catkin_cmake_args' from command line to 'None'
[0.319s] Level 5:colcon.colcon_core.verb:set package 'ur5_bringup' build argument 'catkin_skip_building_tests' from command line to 'False'
[0.319s] DEBUG:colcon.colcon_core.verb:Building package 'ur5_bringup' with the following arguments: {'ament_cmake_args': None, 'build_base': '/root/ocs2_ros2/ros_ws/src/ur5_ros2/build/ur5_bringup', 'catkin_cmake_args': None, 'catkin_skip_building_tests': False, 'cmake_args': None, 'cmake_clean_cache': False, 'cmake_clean_first': False, 'cmake_force_configure': False, 'cmake_target': None, 'cmake_target_skip_unavailable': False, 'install_base': '/root/ocs2_ros2/ros_ws/src/ur5_ros2/install/ur5_bringup', 'merge_install': False, 'path': '/root/ocs2_ros2/ros_ws/src/ur5_ros2/ur5_arm/ur5_bringup', 'symlink_install': False, 'test_result_base': None}
[0.319s] Level 5:colcon.colcon_core.verb:set package 'ur5_interface' build argument 'cmake_args' from command line to 'None'
[0.319s] Level 5:colcon.colcon_core.verb:set package 'ur5_interface' build argument 'cmake_target' from command line to 'None'
[0.319s] Level 5:colcon.colcon_core.verb:set package 'ur5_interface' build argument 'cmake_target_skip_unavailable' from command line to 'False'
[0.320s] Level 5:colcon.colcon_core.verb:set package 'ur5_interface' build argument 'cmake_clean_cache' from command line to 'False'
[0.320s] Level 5:colcon.colcon_core.verb:set package 'ur5_interface' build argument 'cmake_clean_first' from command line to 'False'
[0.320s] Level 5:colcon.colcon_core.verb:set package 'ur5_interface' build argument 'cmake_force_configure' from command line to 'False'
[0.320s] Level 5:colcon.colcon_core.verb:set package 'ur5_interface' build argument 'ament_cmake_args' from command line to 'None'
[0.320s] Level 5:colcon.colcon_core.verb:set package 'ur5_interface' build argument 'catkin_cmake_args' from command line to 'None'
[0.320s] Level 5:colcon.colcon_core.verb:set package 'ur5_interface' build argument 'catkin_skip_building_tests' from command line to 'False'
[0.320s] DEBUG:colcon.colcon_core.verb:Building package 'ur5_interface' with the following arguments: {'ament_cmake_args': None, 'build_base': '/root/ocs2_ros2/ros_ws/src/ur5_ros2/build/ur5_interface', 'catkin_cmake_args': None, 'catkin_skip_building_tests': False, 'cmake_args': None, 'cmake_clean_cache': False, 'cmake_clean_first': False, 'cmake_force_configure': False, 'cmake_target': None, 'cmake_target_skip_unavailable': False, 'install_base': '/root/ocs2_ros2/ros_ws/src/ur5_ros2/install/ur5_interface', 'merge_install': False, 'path': '/root/ocs2_ros2/ros_ws/src/ur5_ros2/ur5_interface', 'symlink_install': False, 'test_result_base': None}
[0.320s] Level 5:colcon.colcon_core.verb:set package 'ur_description' build argument 'cmake_args' from command line to 'None'
[0.320s] Level 5:colcon.colcon_core.verb:set package 'ur_description' build argument 'cmake_target' from command line to 'None'
[0.320s] Level 5:colcon.colcon_core.verb:set package 'ur_description' build argument 'cmake_target_skip_unavailable' from command line to 'False'
[0.320s] Level 5:colcon.colcon_core.verb:set package 'ur_description' build argument 'cmake_clean_cache' from command line to 'False'
[0.320s] Level 5:colcon.colcon_core.verb:set package 'ur_description' build argument 'cmake_clean_first' from command line to 'False'
[0.320s] Level 5:colcon.colcon_core.verb:set package 'ur_description' build argument 'cmake_force_configure' from command line to 'False'
[0.320s] Level 5:colcon.colcon_core.verb:set package 'ur_description' build argument 'ament_cmake_args' from command line to 'None'
[0.320s] Level 5:colcon.colcon_core.verb:set package 'ur_description' build argument 'catkin_cmake_args' from command line to 'None'
[0.320s] Level 5:colcon.colcon_core.verb:set package 'ur_description' build argument 'catkin_skip_building_tests' from command line to 'False'
[0.320s] DEBUG:colcon.colcon_core.verb:Building package 'ur_description' with the following arguments: {'ament_cmake_args': None, 'build_base': '/root/ocs2_ros2/ros_ws/src/ur5_ros2/build/ur_description', 'catkin_cmake_args': None, 'catkin_skip_building_tests': False, 'cmake_args': None, 'cmake_clean_cache': False, 'cmake_clean_first': False, 'cmake_force_configure': False, 'cmake_target': None, 'cmake_target_skip_unavailable': False, 'install_base': '/root/ocs2_ros2/ros_ws/src/ur5_ros2/install/ur_description', 'merge_install': False, 'path': '/root/ocs2_ros2/ros_ws/src/ur5_ros2/ur5_arm/ur_description', 'symlink_install': False, 'test_result_base': None}
[0.320s] Level 5:colcon.colcon_core.verb:set package 'ur5_controller' build argument 'cmake_args' from command line to 'None'
[0.320s] Level 5:colcon.colcon_core.verb:set package 'ur5_controller' build argument 'cmake_target' from command line to 'None'
[0.320s] Level 5:colcon.colcon_core.verb:set package 'ur5_controller' build argument 'cmake_target_skip_unavailable' from command line to 'False'
[0.320s] Level 5:colcon.colcon_core.verb:set package 'ur5_controller' build argument 'cmake_clean_cache' from command line to 'False'
[0.320s] Level 5:colcon.colcon_core.verb:set package 'ur5_controller' build argument 'cmake_clean_first' from command line to 'False'
[0.320s] Level 5:colcon.colcon_core.verb:set package 'ur5_controller' build argument 'cmake_force_configure' from command line to 'False'
[0.320s] Level 5:colcon.colcon_core.verb:set package 'ur5_controller' build argument 'ament_cmake_args' from command line to 'None'
[0.320s] Level 5:colcon.colcon_core.verb:set package 'ur5_controller' build argument 'catkin_cmake_args' from command line to 'None'
[0.320s] Level 5:colcon.colcon_core.verb:set package 'ur5_controller' build argument 'catkin_skip_building_tests' from command line to 'False'
[0.320s] DEBUG:colcon.colcon_core.verb:Building package 'ur5_controller' with the following arguments: {'ament_cmake_args': None, 'build_base': '/root/ocs2_ros2/ros_ws/src/ur5_ros2/build/ur5_controller', 'catkin_cmake_args': None, 'catkin_skip_building_tests': False, 'cmake_args': None, 'cmake_clean_cache': False, 'cmake_clean_first': False, 'cmake_force_configure': False, 'cmake_target': None, 'cmake_target_skip_unavailable': False, 'install_base': '/root/ocs2_ros2/ros_ws/src/ur5_ros2/install/ur5_controller', 'merge_install': False, 'path': '/root/ocs2_ros2/ros_ws/src/ur5_ros2/ur5_controller', 'symlink_install': False, 'test_result_base': None}
[0.321s] Level 5:colcon.colcon_core.verb:set package 'ur5_description' build argument 'cmake_args' from command line to 'None'
[0.321s] Level 5:colcon.colcon_core.verb:set package 'ur5_description' build argument 'cmake_target' from command line to 'None'
[0.321s] Level 5:colcon.colcon_core.verb:set package 'ur5_description' build argument 'cmake_target_skip_unavailable' from command line to 'False'
[0.321s] Level 5:colcon.colcon_core.verb:set package 'ur5_description' build argument 'cmake_clean_cache' from command line to 'False'
[0.321s] Level 5:colcon.colcon_core.verb:set package 'ur5_description' build argument 'cmake_clean_first' from command line to 'False'
[0.321s] Level 5:colcon.colcon_core.verb:set package 'ur5_description' build argument 'cmake_force_configure' from command line to 'False'
[0.321s] Level 5:colcon.colcon_core.verb:set package 'ur5_description' build argument 'ament_cmake_args' from command line to 'None'
[0.321s] Level 5:colcon.colcon_core.verb:set package 'ur5_description' build argument 'catkin_cmake_args' from command line to 'None'
[0.321s] Level 5:colcon.colcon_core.verb:set package 'ur5_description' build argument 'catkin_skip_building_tests' from command line to 'False'
[0.321s] DEBUG:colcon.colcon_core.verb:Building package 'ur5_description' with the following arguments: {'ament_cmake_args': None, 'build_base': '/root/ocs2_ros2/ros_ws/src/ur5_ros2/build/ur5_description', 'catkin_cmake_args': None, 'catkin_skip_building_tests': False, 'cmake_args': None, 'cmake_clean_cache': False, 'cmake_clean_first': False, 'cmake_force_configure': False, 'cmake_target': None, 'cmake_target_skip_unavailable': False, 'install_base': '/root/ocs2_ros2/ros_ws/src/ur5_ros2/install/ur5_description', 'merge_install': False, 'path': '/root/ocs2_ros2/ros_ws/src/ur5_ros2/ur5_arm/ur5_description', 'symlink_install': False, 'test_result_base': None}
[0.321s] INFO:colcon.colcon_core.executor:Executing jobs using 'parallel' executor
[0.322s] DEBUG:colcon.colcon_parallel_executor.executor.parallel:run_until_complete
[0.322s] INFO:colcon.colcon_ros.task.ament_cmake.build:Building ROS package in '/root/ocs2_ros2/ros_ws/src/ur5_ros2/ur5_interface' with build type 'ament_cmake'
[0.322s] INFO:colcon.colcon_cmake.task.cmake.build:Building CMake package in '/root/ocs2_ros2/ros_ws/src/ur5_ros2/ur5_interface'
[0.325s] INFO:colcon.colcon_core.plugin_system:Skipping extension 'colcon_core.shell.bat': Not used on non-Windows systems
[0.325s] INFO:colcon.colcon_core.shell:Skip shell extension 'powershell' for command environment: Not usable outside of PowerShell
[0.325s] DEBUG:colcon.colcon_core.shell:Skip shell extension 'dsv' for command environment
[0.338s] INFO:colcon.colcon_ros.task.ament_cmake.build:Building ROS package in '/root/ocs2_ros2/ros_ws/src/ur5_ros2/ur5_arm/ur_description' with build type 'ament_cmake'
[0.338s] INFO:colcon.colcon_cmake.task.cmake.build:Building CMake package in '/root/ocs2_ros2/ros_ws/src/ur5_ros2/ur5_arm/ur_description'
[0.338s] INFO:colcon.colcon_core.shell:Skip shell extension 'powershell' for command environment: Not usable outside of PowerShell
[0.339s] DEBUG:colcon.colcon_core.shell:Skip shell extension 'dsv' for command environment
[0.364s] INFO:colcon.colcon_ros.task.ament_cmake.build:Building ROS package in '/root/ocs2_ros2/ros_ws/src/ur5_ros2/ur5_arm/ur5_bringup' with build type 'ament_cmake'
[0.364s] INFO:colcon.colcon_cmake.task.cmake.build:Building CMake package in '/root/ocs2_ros2/ros_ws/src/ur5_ros2/ur5_arm/ur5_bringup'
[0.364s] INFO:colcon.colcon_core.shell:Skip shell extension 'powershell' for command environment: Not usable outside of PowerShell
[0.364s] DEBUG:colcon.colcon_core.shell:Skip shell extension 'dsv' for command environment
[0.387s] DEBUG:colcon.colcon_core.event_handler.log_command:Invoking command in '/root/ocs2_ros2/ros_ws/src/ur5_ros2/build/ur5_interface': CMAKE_PREFIX_PATH=/root/ocs2_ros2/ros_ws/install/velocity_interface_controller:/root/ocs2_ros2/ros_ws/install/ur5_bringup:/root/ocs2_ros2/ros_ws/install/topic_based_ros2_control:/root/ocs2_ros2/ros_ws/install/moying_mcr_hardware:/root/ocs2_ros2/ros_ws/install/elfin_ethercat_driver_plant:/root/ocs2_ros2/ros_ws/install/soem3:/root/ocs2_ros2/ros_ws/install/moying_mcr_hardware_zombie:/root/ocs2_ros2/ros_ws/install/elfin_ethercat_driver_zombie:/root/ocs2_ros2/ros_ws/install/soem2:/root/ocs2_ros2/ros_ws/install/moying_mor_bringup:/root/ocs2_ros2/ros_ws/install/moying_chassis_hardware:/root/ocs2_ros2/ros_ws/install/moying_mor_hardware:/root/ocs2_ros2/ros_ws/install/elfin_ros_control:/root/ocs2_ros2/ros_ws/install/elfin_ethercat_driver:/root/ocs2_ros2/ros_ws/install/baichuan_fieldbus_ethercat:/root/ocs2_ros2/ros_ws/install/soem:/root/ocs2_ros2/ros_ws/install/robotiq_hardware_tests:/root/ocs2_ros2/ros_ws/install/robotiq_driver:/opt/ros/humble:/root/ocs2_ros2/ros_ws/install/serial:/root/ocs2_ros2/ros_ws/install/robotiq_ft_sensor_hardware_zombie:/root/ocs2_ros2/ros_ws/install/robotiq_ft_sensor_hardware:/root/ocs2_ros2/ros_ws/install/robotiq_ft_sensor_interfaces:/root/ocs2_ros2/ros_ws/install/robotiq_ft_sensor_description:/root/ocs2_ros2/ros_ws/install/robotiq_description:/root/ocs2_ros2/ros_ws/install/robotiq_controllers:/root/ocs2_ros2/ros_ws/install/omni_controller:/root/ocs2_ros2/ros_ws/install/mmco_controller:/root/ocs2_ros2/ros_ws/install/ocs2_mobile_manipulator:/root/ocs2_ros2/ros_ws/install/moying_mor_description:/root/ocs2_ros2/ros_ws/install/moying_mcr_bringup:/root/ocs2_ros2/ros_ws/install/moying_arm_bringup:/root/ocs2_ros2/ros_ws/install/moying_mcr_description:/root/ocs2_ros2/ros_ws/install/moying_arm_description:/root/ocs2_ros2/ros_ws/install/moying_chassis_description:/root/ocs2_ros2/ros_ws/install/mmco_interface:/root/ocs2_ros2/ros_ws/install/mmco_controls:/root/ocs2_ros2/ros_ws/install/mmco_bringup:/root/ocs2_ros2/ros_ws/install/mecanumbot_controller:/root/ocs2_ros2/ros_ws/install/fake_localization:/root/ocs2_ros2/ros_ws/install/localization_msgs:/root/ocs2_ros2/ros_ws/install/imu_description:/root/ocs2_ros2/ros_ws/install/elfin_robot_msgs:/root/ocs2_ros2/ros_ws/install/elfin_description:/root/ocs2_ros2/ros_ws/install/baichuan_arm_dynamics_models:/root/ocs2_ros2/ros_ws/src/ur5_ros2/install/ur5_description:/root/ocs2_ros2/ros_ws/src/ur5_ros2/install/ur5_controller:/root/ocs2_ros2/ros_ws/src/ur5_ros2/install/ur5_interface:/root/ocs2_ros2/ros_ws/src/ur5_ros2/install/ur5_bringup:/opt/openrobots:/root/ocs2_ros2/ocs2_ws/install/ocs2_ros2:/root/ocs2_ros2/ocs2_ws/install/ocs2_robotic_examples:/root/ocs2_ros2/ocs2_ws/install/ocs2_anymal:/root/ocs2_ros2/ocs2_ws/install/ocs2_anymal_loopshaping_mpc:/root/ocs2_ros2/ocs2_ws/install/ocs2_quadruped_loopshaping_interface:/root/ocs2_ros2/ocs2_ws/install/ocs2_anymal_mpc:/root/ocs2_ros2/ocs2_ws/install/ocs2_quadruped_interface:/root/ocs2_ros2/ocs2_ws/install/segmented_planes_terrain_model:/root/ocs2_ros2/ocs2_ws/install/ocs2_sphere_approximation:/root/ocs2_ros2/ocs2_ws/install/ocs2_pinocchio:/root/ocs2_ros2/ocs2_ws/install/ocs2_mobile_manipulator_ros:/root/ocs2_ros2/ocs2_ws/install/ocs2_self_collision_visualization:/root/ocs2_ros2/ocs2_ws/install/ocs2_mobile_manipulator:/root/ocs2_ros2/ocs2_ws/install/ocs2_self_collision:/root/ocs2_ros2/ocs2_ws/install/ocs2_raisim:/root/ocs2_ros2/ocs2_ws/install/ocs2_legged_robot_raisim:/root/ocs2_ros2/ocs2_ws/install/ocs2_legged_robot_ros:/root/ocs2_ros2/ocs2_ws/install/ocs2_legged_robot:/root/ocs2_ros2/ocs2_ws/install/ocs2_centroidal_model:/root/ocs2_ros2/ocs2_ws/install/ocs2_anymal_models:/root/ocs2_ros2/ocs2_ws/install/ocs2_pinocchio_interface:/root/ocs2_ros2/ocs2_ws/install/pinocchio:/root/ocs2_ros2/ocs2_ws/install/ocs2_anymal_commands:/root/ocs2_ros2/ocs2_ws/install/ocs2_switched_model_interface:/root/ocs2_ros2/ocs2_ws/install/ocs2_ballbot_ros:/root/ocs2_ros2/ocs2_ws/install/ocs2_ballbot:/root/ocs2_ros2/ocs2_ws/install/ocs2_sqp:/root/ocs2_ros2/ocs2_ws/install/ocs2_slp:/root/ocs2_ros2/ocs2_ws/install/ocs2_quadrotor_ros:/root/ocs2_ros2/ocs2_ws/install/ocs2_double_integrator_ros:/root/ocs2_ros2/ocs2_ws/install/ocs2_cartpole_ros:/root/ocs2_ros2/ocs2_ws/install/ocs2_ros_interfaces:/root/ocs2_ros2/ocs2_ws/install/ocs2_quadrotor:/root/ocs2_ros2/ocs2_ws/install/ocs2_double_integrator:/root/ocs2_ros2/ocs2_ws/install/ocs2_python_interface:/root/ocs2_ros2/ocs2_ws/install/ocs2_perceptive:/root/ocs2_ros2/ocs2_ws/install/ocs2_cartpole:/root/ocs2_ros2/ocs2_ws/install/ocs2_robotic_tools:/root/ocs2_ros2/ocs2_ws/install/ocs2_raisim_ros:/root/ocs2_ros2/ocs2_ws/install/ocs2_raisim_core:/root/ocs2_ros2/ocs2_ws/install/ocs2_ocs2:/root/ocs2_ros2/ocs2_ws/install/ocs2_ipm:/root/ocs2_ros2/ocs2_ws/install/ocs2_ddp:/root/ocs2_ros2/ocs2_ws/install/hpipm_catkin:/root/ocs2_ros2/ocs2_ws/install/ocs2_qp_solver:/root/ocs2_ros2/ocs2_ws/install/ocs2_mpc:/root/ocs2_ros2/ocs2_ws/install/ocs2_oc:/root/ocs2_ros2/ocs2_ws/install/ocs2_frank_wolfe:/root/ocs2_ros2/ocs2_ws/install/ocs2_core:/root/ocs2_ros2/ocs2_ws/install/ocs2_thirdparty:/root/ocs2_ros2/ocs2_ws/install/ocs2_switched_model_msgs:/root/ocs2_ros2/ocs2_ws/install/ocs2_robotic_assets:/root/ocs2_ros2/ocs2_ws/install/ocs2_msgs:/root/ocs2_ros2/ocs2_ws/install/hpp-fcl:/root/ocs2_ros2/ocs2_ws/install/convex_plane_decomposition_ros:/root/ocs2_ros2/ocs2_ws/install/convex_plane_decomposition:/root/ocs2_ros2/ocs2_ws/install/grid_map_filters_rsl:/root/ocs2_ros2/ocs2_ws/install/convex_plane_decomposition_msgs:/root/ocs2_ros2/ocs2_ws/install/cgal5_catkin:/root/ocs2_ros2/ocs2_ws/install/blasfeo_catkin:/opt/openrobots: /usr/bin/cmake --build /root/ocs2_ros2/ros_ws/src/ur5_ros2/build/ur5_interface -- -j36 -l36
[0.406s] DEBUG:colcon.colcon_core.event_handler.log_command:Invoking command in '/root/ocs2_ros2/ros_ws/src/ur5_ros2/build/ur_description': CMAKE_PREFIX_PATH=/root/ocs2_ros2/ros_ws/install/velocity_interface_controller:/root/ocs2_ros2/ros_ws/install/ur5_bringup:/root/ocs2_ros2/ros_ws/install/topic_based_ros2_control:/root/ocs2_ros2/ros_ws/install/moying_mcr_hardware:/root/ocs2_ros2/ros_ws/install/elfin_ethercat_driver_plant:/root/ocs2_ros2/ros_ws/install/soem3:/root/ocs2_ros2/ros_ws/install/moying_mcr_hardware_zombie:/root/ocs2_ros2/ros_ws/install/elfin_ethercat_driver_zombie:/root/ocs2_ros2/ros_ws/install/soem2:/root/ocs2_ros2/ros_ws/install/moying_mor_bringup:/root/ocs2_ros2/ros_ws/install/moying_chassis_hardware:/root/ocs2_ros2/ros_ws/install/moying_mor_hardware:/root/ocs2_ros2/ros_ws/install/elfin_ros_control:/root/ocs2_ros2/ros_ws/install/elfin_ethercat_driver:/root/ocs2_ros2/ros_ws/install/baichuan_fieldbus_ethercat:/root/ocs2_ros2/ros_ws/install/soem:/root/ocs2_ros2/ros_ws/install/robotiq_hardware_tests:/root/ocs2_ros2/ros_ws/install/robotiq_driver:/opt/ros/humble:/root/ocs2_ros2/ros_ws/install/serial:/root/ocs2_ros2/ros_ws/install/robotiq_ft_sensor_hardware_zombie:/root/ocs2_ros2/ros_ws/install/robotiq_ft_sensor_hardware:/root/ocs2_ros2/ros_ws/install/robotiq_ft_sensor_interfaces:/root/ocs2_ros2/ros_ws/install/robotiq_ft_sensor_description:/root/ocs2_ros2/ros_ws/install/robotiq_description:/root/ocs2_ros2/ros_ws/install/robotiq_controllers:/root/ocs2_ros2/ros_ws/install/omni_controller:/root/ocs2_ros2/ros_ws/install/mmco_controller:/root/ocs2_ros2/ros_ws/install/ocs2_mobile_manipulator:/root/ocs2_ros2/ros_ws/install/moying_mor_description:/root/ocs2_ros2/ros_ws/install/moying_mcr_bringup:/root/ocs2_ros2/ros_ws/install/moying_arm_bringup:/root/ocs2_ros2/ros_ws/install/moying_mcr_description:/root/ocs2_ros2/ros_ws/install/moying_arm_description:/root/ocs2_ros2/ros_ws/install/moying_chassis_description:/root/ocs2_ros2/ros_ws/install/mmco_interface:/root/ocs2_ros2/ros_ws/install/mmco_controls:/root/ocs2_ros2/ros_ws/install/mmco_bringup:/root/ocs2_ros2/ros_ws/install/mecanumbot_controller:/root/ocs2_ros2/ros_ws/install/fake_localization:/root/ocs2_ros2/ros_ws/install/localization_msgs:/root/ocs2_ros2/ros_ws/install/imu_description:/root/ocs2_ros2/ros_ws/install/elfin_robot_msgs:/root/ocs2_ros2/ros_ws/install/elfin_description:/root/ocs2_ros2/ros_ws/install/baichuan_arm_dynamics_models:/root/ocs2_ros2/ros_ws/src/ur5_ros2/install/ur5_description:/root/ocs2_ros2/ros_ws/src/ur5_ros2/install/ur5_controller:/root/ocs2_ros2/ros_ws/src/ur5_ros2/install/ur5_interface:/root/ocs2_ros2/ros_ws/src/ur5_ros2/install/ur5_bringup:/opt/openrobots:/root/ocs2_ros2/ocs2_ws/install/ocs2_ros2:/root/ocs2_ros2/ocs2_ws/install/ocs2_robotic_examples:/root/ocs2_ros2/ocs2_ws/install/ocs2_anymal:/root/ocs2_ros2/ocs2_ws/install/ocs2_anymal_loopshaping_mpc:/root/ocs2_ros2/ocs2_ws/install/ocs2_quadruped_loopshaping_interface:/root/ocs2_ros2/ocs2_ws/install/ocs2_anymal_mpc:/root/ocs2_ros2/ocs2_ws/install/ocs2_quadruped_interface:/root/ocs2_ros2/ocs2_ws/install/segmented_planes_terrain_model:/root/ocs2_ros2/ocs2_ws/install/ocs2_sphere_approximation:/root/ocs2_ros2/ocs2_ws/install/ocs2_pinocchio:/root/ocs2_ros2/ocs2_ws/install/ocs2_mobile_manipulator_ros:/root/ocs2_ros2/ocs2_ws/install/ocs2_self_collision_visualization:/root/ocs2_ros2/ocs2_ws/install/ocs2_mobile_manipulator:/root/ocs2_ros2/ocs2_ws/install/ocs2_self_collision:/root/ocs2_ros2/ocs2_ws/install/ocs2_raisim:/root/ocs2_ros2/ocs2_ws/install/ocs2_legged_robot_raisim:/root/ocs2_ros2/ocs2_ws/install/ocs2_legged_robot_ros:/root/ocs2_ros2/ocs2_ws/install/ocs2_legged_robot:/root/ocs2_ros2/ocs2_ws/install/ocs2_centroidal_model:/root/ocs2_ros2/ocs2_ws/install/ocs2_anymal_models:/root/ocs2_ros2/ocs2_ws/install/ocs2_pinocchio_interface:/root/ocs2_ros2/ocs2_ws/install/pinocchio:/root/ocs2_ros2/ocs2_ws/install/ocs2_anymal_commands:/root/ocs2_ros2/ocs2_ws/install/ocs2_switched_model_interface:/root/ocs2_ros2/ocs2_ws/install/ocs2_ballbot_ros:/root/ocs2_ros2/ocs2_ws/install/ocs2_ballbot:/root/ocs2_ros2/ocs2_ws/install/ocs2_sqp:/root/ocs2_ros2/ocs2_ws/install/ocs2_slp:/root/ocs2_ros2/ocs2_ws/install/ocs2_quadrotor_ros:/root/ocs2_ros2/ocs2_ws/install/ocs2_double_integrator_ros:/root/ocs2_ros2/ocs2_ws/install/ocs2_cartpole_ros:/root/ocs2_ros2/ocs2_ws/install/ocs2_ros_interfaces:/root/ocs2_ros2/ocs2_ws/install/ocs2_quadrotor:/root/ocs2_ros2/ocs2_ws/install/ocs2_double_integrator:/root/ocs2_ros2/ocs2_ws/install/ocs2_python_interface:/root/ocs2_ros2/ocs2_ws/install/ocs2_perceptive:/root/ocs2_ros2/ocs2_ws/install/ocs2_cartpole:/root/ocs2_ros2/ocs2_ws/install/ocs2_robotic_tools:/root/ocs2_ros2/ocs2_ws/install/ocs2_raisim_ros:/root/ocs2_ros2/ocs2_ws/install/ocs2_raisim_core:/root/ocs2_ros2/ocs2_ws/install/ocs2_ocs2:/root/ocs2_ros2/ocs2_ws/install/ocs2_ipm:/root/ocs2_ros2/ocs2_ws/install/ocs2_ddp:/root/ocs2_ros2/ocs2_ws/install/hpipm_catkin:/root/ocs2_ros2/ocs2_ws/install/ocs2_qp_solver:/root/ocs2_ros2/ocs2_ws/install/ocs2_mpc:/root/ocs2_ros2/ocs2_ws/install/ocs2_oc:/root/ocs2_ros2/ocs2_ws/install/ocs2_frank_wolfe:/root/ocs2_ros2/ocs2_ws/install/ocs2_core:/root/ocs2_ros2/ocs2_ws/install/ocs2_thirdparty:/root/ocs2_ros2/ocs2_ws/install/ocs2_switched_model_msgs:/root/ocs2_ros2/ocs2_ws/install/ocs2_robotic_assets:/root/ocs2_ros2/ocs2_ws/install/ocs2_msgs:/root/ocs2_ros2/ocs2_ws/install/hpp-fcl:/root/ocs2_ros2/ocs2_ws/install/convex_plane_decomposition_ros:/root/ocs2_ros2/ocs2_ws/install/convex_plane_decomposition:/root/ocs2_ros2/ocs2_ws/install/grid_map_filters_rsl:/root/ocs2_ros2/ocs2_ws/install/convex_plane_decomposition_msgs:/root/ocs2_ros2/ocs2_ws/install/cgal5_catkin:/root/ocs2_ros2/ocs2_ws/install/blasfeo_catkin:/opt/openrobots: /usr/bin/cmake /root/ocs2_ros2/ros_ws/src/ur5_ros2/ur5_arm/ur_description -DCMAKE_INSTALL_PREFIX=/root/ocs2_ros2/ros_ws/src/ur5_ros2/install/ur_description
[0.421s] DEBUG:colcon.colcon_core.event_handler.log_command:Invoking command in '/root/ocs2_ros2/ros_ws/src/ur5_ros2/build/ur5_bringup': CMAKE_PREFIX_PATH=/root/ocs2_ros2/ros_ws/install/velocity_interface_controller:/root/ocs2_ros2/ros_ws/install/ur5_bringup:/root/ocs2_ros2/ros_ws/install/topic_based_ros2_control:/root/ocs2_ros2/ros_ws/install/moying_mcr_hardware:/root/ocs2_ros2/ros_ws/install/elfin_ethercat_driver_plant:/root/ocs2_ros2/ros_ws/install/soem3:/root/ocs2_ros2/ros_ws/install/moying_mcr_hardware_zombie:/root/ocs2_ros2/ros_ws/install/elfin_ethercat_driver_zombie:/root/ocs2_ros2/ros_ws/install/soem2:/root/ocs2_ros2/ros_ws/install/moying_mor_bringup:/root/ocs2_ros2/ros_ws/install/moying_chassis_hardware:/root/ocs2_ros2/ros_ws/install/moying_mor_hardware:/root/ocs2_ros2/ros_ws/install/elfin_ros_control:/root/ocs2_ros2/ros_ws/install/elfin_ethercat_driver:/root/ocs2_ros2/ros_ws/install/baichuan_fieldbus_ethercat:/root/ocs2_ros2/ros_ws/install/soem:/root/ocs2_ros2/ros_ws/install/robotiq_hardware_tests:/root/ocs2_ros2/ros_ws/install/robotiq_driver:/opt/ros/humble:/root/ocs2_ros2/ros_ws/install/serial:/root/ocs2_ros2/ros_ws/install/robotiq_ft_sensor_hardware_zombie:/root/ocs2_ros2/ros_ws/install/robotiq_ft_sensor_hardware:/root/ocs2_ros2/ros_ws/install/robotiq_ft_sensor_interfaces:/root/ocs2_ros2/ros_ws/install/robotiq_ft_sensor_description:/root/ocs2_ros2/ros_ws/install/robotiq_description:/root/ocs2_ros2/ros_ws/install/robotiq_controllers:/root/ocs2_ros2/ros_ws/install/omni_controller:/root/ocs2_ros2/ros_ws/install/mmco_controller:/root/ocs2_ros2/ros_ws/install/ocs2_mobile_manipulator:/root/ocs2_ros2/ros_ws/install/moying_mor_description:/root/ocs2_ros2/ros_ws/install/moying_mcr_bringup:/root/ocs2_ros2/ros_ws/install/moying_arm_bringup:/root/ocs2_ros2/ros_ws/install/moying_mcr_description:/root/ocs2_ros2/ros_ws/install/moying_arm_description:/root/ocs2_ros2/ros_ws/install/moying_chassis_description:/root/ocs2_ros2/ros_ws/install/mmco_interface:/root/ocs2_ros2/ros_ws/install/mmco_controls:/root/ocs2_ros2/ros_ws/install/mmco_bringup:/root/ocs2_ros2/ros_ws/install/mecanumbot_controller:/root/ocs2_ros2/ros_ws/install/fake_localization:/root/ocs2_ros2/ros_ws/install/localization_msgs:/root/ocs2_ros2/ros_ws/install/imu_description:/root/ocs2_ros2/ros_ws/install/elfin_robot_msgs:/root/ocs2_ros2/ros_ws/install/elfin_description:/root/ocs2_ros2/ros_ws/install/baichuan_arm_dynamics_models:/root/ocs2_ros2/ros_ws/src/ur5_ros2/install/ur5_description:/root/ocs2_ros2/ros_ws/src/ur5_ros2/install/ur5_controller:/root/ocs2_ros2/ros_ws/src/ur5_ros2/install/ur5_interface:/root/ocs2_ros2/ros_ws/src/ur5_ros2/install/ur5_bringup:/opt/openrobots:/root/ocs2_ros2/ocs2_ws/install/ocs2_ros2:/root/ocs2_ros2/ocs2_ws/install/ocs2_robotic_examples:/root/ocs2_ros2/ocs2_ws/install/ocs2_anymal:/root/ocs2_ros2/ocs2_ws/install/ocs2_anymal_loopshaping_mpc:/root/ocs2_ros2/ocs2_ws/install/ocs2_quadruped_loopshaping_interface:/root/ocs2_ros2/ocs2_ws/install/ocs2_anymal_mpc:/root/ocs2_ros2/ocs2_ws/install/ocs2_quadruped_interface:/root/ocs2_ros2/ocs2_ws/install/segmented_planes_terrain_model:/root/ocs2_ros2/ocs2_ws/install/ocs2_sphere_approximation:/root/ocs2_ros2/ocs2_ws/install/ocs2_pinocchio:/root/ocs2_ros2/ocs2_ws/install/ocs2_mobile_manipulator_ros:/root/ocs2_ros2/ocs2_ws/install/ocs2_self_collision_visualization:/root/ocs2_ros2/ocs2_ws/install/ocs2_mobile_manipulator:/root/ocs2_ros2/ocs2_ws/install/ocs2_self_collision:/root/ocs2_ros2/ocs2_ws/install/ocs2_raisim:/root/ocs2_ros2/ocs2_ws/install/ocs2_legged_robot_raisim:/root/ocs2_ros2/ocs2_ws/install/ocs2_legged_robot_ros:/root/ocs2_ros2/ocs2_ws/install/ocs2_legged_robot:/root/ocs2_ros2/ocs2_ws/install/ocs2_centroidal_model:/root/ocs2_ros2/ocs2_ws/install/ocs2_anymal_models:/root/ocs2_ros2/ocs2_ws/install/ocs2_pinocchio_interface:/root/ocs2_ros2/ocs2_ws/install/pinocchio:/root/ocs2_ros2/ocs2_ws/install/ocs2_anymal_commands:/root/ocs2_ros2/ocs2_ws/install/ocs2_switched_model_interface:/root/ocs2_ros2/ocs2_ws/install/ocs2_ballbot_ros:/root/ocs2_ros2/ocs2_ws/install/ocs2_ballbot:/root/ocs2_ros2/ocs2_ws/install/ocs2_sqp:/root/ocs2_ros2/ocs2_ws/install/ocs2_slp:/root/ocs2_ros2/ocs2_ws/install/ocs2_quadrotor_ros:/root/ocs2_ros2/ocs2_ws/install/ocs2_double_integrator_ros:/root/ocs2_ros2/ocs2_ws/install/ocs2_cartpole_ros:/root/ocs2_ros2/ocs2_ws/install/ocs2_ros_interfaces:/root/ocs2_ros2/ocs2_ws/install/ocs2_quadrotor:/root/ocs2_ros2/ocs2_ws/install/ocs2_double_integrator:/root/ocs2_ros2/ocs2_ws/install/ocs2_python_interface:/root/ocs2_ros2/ocs2_ws/install/ocs2_perceptive:/root/ocs2_ros2/ocs2_ws/install/ocs2_cartpole:/root/ocs2_ros2/ocs2_ws/install/ocs2_robotic_tools:/root/ocs2_ros2/ocs2_ws/install/ocs2_raisim_ros:/root/ocs2_ros2/ocs2_ws/install/ocs2_raisim_core:/root/ocs2_ros2/ocs2_ws/install/ocs2_ocs2:/root/ocs2_ros2/ocs2_ws/install/ocs2_ipm:/root/ocs2_ros2/ocs2_ws/install/ocs2_ddp:/root/ocs2_ros2/ocs2_ws/install/hpipm_catkin:/root/ocs2_ros2/ocs2_ws/install/ocs2_qp_solver:/root/ocs2_ros2/ocs2_ws/install/ocs2_mpc:/root/ocs2_ros2/ocs2_ws/install/ocs2_oc:/root/ocs2_ros2/ocs2_ws/install/ocs2_frank_wolfe:/root/ocs2_ros2/ocs2_ws/install/ocs2_core:/root/ocs2_ros2/ocs2_ws/install/ocs2_thirdparty:/root/ocs2_ros2/ocs2_ws/install/ocs2_switched_model_msgs:/root/ocs2_ros2/ocs2_ws/install/ocs2_robotic_assets:/root/ocs2_ros2/ocs2_ws/install/ocs2_msgs:/root/ocs2_ros2/ocs2_ws/install/hpp-fcl:/root/ocs2_ros2/ocs2_ws/install/convex_plane_decomposition_ros:/root/ocs2_ros2/ocs2_ws/install/convex_plane_decomposition:/root/ocs2_ros2/ocs2_ws/install/grid_map_filters_rsl:/root/ocs2_ros2/ocs2_ws/install/convex_plane_decomposition_msgs:/root/ocs2_ros2/ocs2_ws/install/cgal5_catkin:/root/ocs2_ros2/ocs2_ws/install/blasfeo_catkin:/opt/openrobots: /usr/bin/cmake --build /root/ocs2_ros2/ros_ws/src/ur5_ros2/build/ur5_bringup -- -j36 -l36
[0.449s] DEBUG:colcon.colcon_core.event_handler.log_command:Invoked command in '/root/ocs2_ros2/ros_ws/src/ur5_ros2/build/ur_description' returned '1': CMAKE_PREFIX_PATH=/root/ocs2_ros2/ros_ws/install/velocity_interface_controller:/root/ocs2_ros2/ros_ws/install/ur5_bringup:/root/ocs2_ros2/ros_ws/install/topic_based_ros2_control:/root/ocs2_ros2/ros_ws/install/moying_mcr_hardware:/root/ocs2_ros2/ros_ws/install/elfin_ethercat_driver_plant:/root/ocs2_ros2/ros_ws/install/soem3:/root/ocs2_ros2/ros_ws/install/moying_mcr_hardware_zombie:/root/ocs2_ros2/ros_ws/install/elfin_ethercat_driver_zombie:/root/ocs2_ros2/ros_ws/install/soem2:/root/ocs2_ros2/ros_ws/install/moying_mor_bringup:/root/ocs2_ros2/ros_ws/install/moying_chassis_hardware:/root/ocs2_ros2/ros_ws/install/moying_mor_hardware:/root/ocs2_ros2/ros_ws/install/elfin_ros_control:/root/ocs2_ros2/ros_ws/install/elfin_ethercat_driver:/root/ocs2_ros2/ros_ws/install/baichuan_fieldbus_ethercat:/root/ocs2_ros2/ros_ws/install/soem:/root/ocs2_ros2/ros_ws/install/robotiq_hardware_tests:/root/ocs2_ros2/ros_ws/install/robotiq_driver:/opt/ros/humble:/root/ocs2_ros2/ros_ws/install/serial:/root/ocs2_ros2/ros_ws/install/robotiq_ft_sensor_hardware_zombie:/root/ocs2_ros2/ros_ws/install/robotiq_ft_sensor_hardware:/root/ocs2_ros2/ros_ws/install/robotiq_ft_sensor_interfaces:/root/ocs2_ros2/ros_ws/install/robotiq_ft_sensor_description:/root/ocs2_ros2/ros_ws/install/robotiq_description:/root/ocs2_ros2/ros_ws/install/robotiq_controllers:/root/ocs2_ros2/ros_ws/install/omni_controller:/root/ocs2_ros2/ros_ws/install/mmco_controller:/root/ocs2_ros2/ros_ws/install/ocs2_mobile_manipulator:/root/ocs2_ros2/ros_ws/install/moying_mor_description:/root/ocs2_ros2/ros_ws/install/moying_mcr_bringup:/root/ocs2_ros2/ros_ws/install/moying_arm_bringup:/root/ocs2_ros2/ros_ws/install/moying_mcr_description:/root/ocs2_ros2/ros_ws/install/moying_arm_description:/root/ocs2_ros2/ros_ws/install/moying_chassis_description:/root/ocs2_ros2/ros_ws/install/mmco_interface:/root/ocs2_ros2/ros_ws/install/mmco_controls:/root/ocs2_ros2/ros_ws/install/mmco_bringup:/root/ocs2_ros2/ros_ws/install/mecanumbot_controller:/root/ocs2_ros2/ros_ws/install/fake_localization:/root/ocs2_ros2/ros_ws/install/localization_msgs:/root/ocs2_ros2/ros_ws/install/imu_description:/root/ocs2_ros2/ros_ws/install/elfin_robot_msgs:/root/ocs2_ros2/ros_ws/install/elfin_description:/root/ocs2_ros2/ros_ws/install/baichuan_arm_dynamics_models:/root/ocs2_ros2/ros_ws/src/ur5_ros2/install/ur5_description:/root/ocs2_ros2/ros_ws/src/ur5_ros2/install/ur5_controller:/root/ocs2_ros2/ros_ws/src/ur5_ros2/install/ur5_interface:/root/ocs2_ros2/ros_ws/src/ur5_ros2/install/ur5_bringup:/opt/openrobots:/root/ocs2_ros2/ocs2_ws/install/ocs2_ros2:/root/ocs2_ros2/ocs2_ws/install/ocs2_robotic_examples:/root/ocs2_ros2/ocs2_ws/install/ocs2_anymal:/root/ocs2_ros2/ocs2_ws/install/ocs2_anymal_loopshaping_mpc:/root/ocs2_ros2/ocs2_ws/install/ocs2_quadruped_loopshaping_interface:/root/ocs2_ros2/ocs2_ws/install/ocs2_anymal_mpc:/root/ocs2_ros2/ocs2_ws/install/ocs2_quadruped_interface:/root/ocs2_ros2/ocs2_ws/install/segmented_planes_terrain_model:/root/ocs2_ros2/ocs2_ws/install/ocs2_sphere_approximation:/root/ocs2_ros2/ocs2_ws/install/ocs2_pinocchio:/root/ocs2_ros2/ocs2_ws/install/ocs2_mobile_manipulator_ros:/root/ocs2_ros2/ocs2_ws/install/ocs2_self_collision_visualization:/root/ocs2_ros2/ocs2_ws/install/ocs2_mobile_manipulator:/root/ocs2_ros2/ocs2_ws/install/ocs2_self_collision:/root/ocs2_ros2/ocs2_ws/install/ocs2_raisim:/root/ocs2_ros2/ocs2_ws/install/ocs2_legged_robot_raisim:/root/ocs2_ros2/ocs2_ws/install/ocs2_legged_robot_ros:/root/ocs2_ros2/ocs2_ws/install/ocs2_legged_robot:/root/ocs2_ros2/ocs2_ws/install/ocs2_centroidal_model:/root/ocs2_ros2/ocs2_ws/install/ocs2_anymal_models:/root/ocs2_ros2/ocs2_ws/install/ocs2_pinocchio_interface:/root/ocs2_ros2/ocs2_ws/install/pinocchio:/root/ocs2_ros2/ocs2_ws/install/ocs2_anymal_commands:/root/ocs2_ros2/ocs2_ws/install/ocs2_switched_model_interface:/root/ocs2_ros2/ocs2_ws/install/ocs2_ballbot_ros:/root/ocs2_ros2/ocs2_ws/install/ocs2_ballbot:/root/ocs2_ros2/ocs2_ws/install/ocs2_sqp:/root/ocs2_ros2/ocs2_ws/install/ocs2_slp:/root/ocs2_ros2/ocs2_ws/install/ocs2_quadrotor_ros:/root/ocs2_ros2/ocs2_ws/install/ocs2_double_integrator_ros:/root/ocs2_ros2/ocs2_ws/install/ocs2_cartpole_ros:/root/ocs2_ros2/ocs2_ws/install/ocs2_ros_interfaces:/root/ocs2_ros2/ocs2_ws/install/ocs2_quadrotor:/root/ocs2_ros2/ocs2_ws/install/ocs2_double_integrator:/root/ocs2_ros2/ocs2_ws/install/ocs2_python_interface:/root/ocs2_ros2/ocs2_ws/install/ocs2_perceptive:/root/ocs2_ros2/ocs2_ws/install/ocs2_cartpole:/root/ocs2_ros2/ocs2_ws/install/ocs2_robotic_tools:/root/ocs2_ros2/ocs2_ws/install/ocs2_raisim_ros:/root/ocs2_ros2/ocs2_ws/install/ocs2_raisim_core:/root/ocs2_ros2/ocs2_ws/install/ocs2_ocs2:/root/ocs2_ros2/ocs2_ws/install/ocs2_ipm:/root/ocs2_ros2/ocs2_ws/install/ocs2_ddp:/root/ocs2_ros2/ocs2_ws/install/hpipm_catkin:/root/ocs2_ros2/ocs2_ws/install/ocs2_qp_solver:/root/ocs2_ros2/ocs2_ws/install/ocs2_mpc:/root/ocs2_ros2/ocs2_ws/install/ocs2_oc:/root/ocs2_ros2/ocs2_ws/install/ocs2_frank_wolfe:/root/ocs2_ros2/ocs2_ws/install/ocs2_core:/root/ocs2_ros2/ocs2_ws/install/ocs2_thirdparty:/root/ocs2_ros2/ocs2_ws/install/ocs2_switched_model_msgs:/root/ocs2_ros2/ocs2_ws/install/ocs2_robotic_assets:/root/ocs2_ros2/ocs2_ws/install/ocs2_msgs:/root/ocs2_ros2/ocs2_ws/install/hpp-fcl:/root/ocs2_ros2/ocs2_ws/install/convex_plane_decomposition_ros:/root/ocs2_ros2/ocs2_ws/install/convex_plane_decomposition:/root/ocs2_ros2/ocs2_ws/install/grid_map_filters_rsl:/root/ocs2_ros2/ocs2_ws/install/convex_plane_decomposition_msgs:/root/ocs2_ros2/ocs2_ws/install/cgal5_catkin:/root/ocs2_ros2/ocs2_ws/install/blasfeo_catkin:/opt/openrobots: /usr/bin/cmake /root/ocs2_ros2/ros_ws/src/ur5_ros2/ur5_arm/ur_description -DCMAKE_INSTALL_PREFIX=/root/ocs2_ros2/ros_ws/src/ur5_ros2/install/ur_description
[0.449s] Level 1:colcon.colcon_core.environment:create_environment_scripts_only(ur_description)
[0.455s] Level 1:colcon.colcon_core.environment:checking '/root/ocs2_ros2/ros_ws/src/ur5_ros2/install/ur_description' for CMake module files
[0.456s] Level 1:colcon.colcon_core.environment:checking '/root/ocs2_ros2/ros_ws/src/ur5_ros2/install/ur_description' for CMake config files
[0.458s] Level 1:colcon.colcon_core.environment:checking '/root/ocs2_ros2/ros_ws/src/ur5_ros2/install/ur_description/bin'
[0.458s] Level 1:colcon.colcon_core.environment:checking '/root/ocs2_ros2/ros_ws/src/ur5_ros2/install/ur_description/lib/pkgconfig/ur_description.pc'
[0.460s] Level 1:colcon.colcon_core.environment:checking '/root/ocs2_ros2/ros_ws/src/ur5_ros2/install/ur_description/lib/python3.10/site-packages'
[0.461s] Level 1:colcon.colcon_core.environment:checking '/root/ocs2_ros2/ros_ws/src/ur5_ros2/install/ur_description/bin'
[0.461s] INFO:colcon.colcon_core.shell:Creating package script '/root/ocs2_ros2/ros_ws/src/ur5_ros2/install/ur_description/share/ur_description/package.ps1'
[0.463s] INFO:colcon.colcon_core.shell:Creating package descriptor '/root/ocs2_ros2/ros_ws/src/ur5_ros2/install/ur_description/share/ur_description/package.dsv'
[0.463s] INFO:colcon.colcon_core.shell:Creating package script '/root/ocs2_ros2/ros_ws/src/ur5_ros2/install/ur_description/share/ur_description/package.sh'
[0.464s] INFO:colcon.colcon_core.shell:Creating package script '/root/ocs2_ros2/ros_ws/src/ur5_ros2/install/ur_description/share/ur_description/package.bash'
[0.466s] INFO:colcon.colcon_core.shell:Creating package script '/root/ocs2_ros2/ros_ws/src/ur5_ros2/install/ur_description/share/ur_description/package.zsh'
[0.467s] Level 1:colcon.colcon_core.environment:create_file_with_runtime_dependencies(/root/ocs2_ros2/ros_ws/src/ur5_ros2/install/ur_description/share/colcon-core/packages/ur_description)
[0.780s] DEBUG:colcon.colcon_parallel_executor.executor.parallel:closing loop
[0.780s] DEBUG:colcon.colcon_parallel_executor.executor.parallel:loop closed
[0.780s] DEBUG:colcon.colcon_parallel_executor.executor.parallel:run_until_complete finished with '1'
[0.780s] DEBUG:colcon.colcon_core.event_reactor:joining thread
[0.796s] INFO:colcon.colcon_core.plugin_system:Skipping extension 'colcon_notification.desktop_notification.notify_send': Could not find 'notify-send'
[0.796s] INFO:colcon.colcon_core.plugin_system:Skipping extension 'colcon_notification.desktop_notification.terminal_notifier': Not used on non-Darwin systems
[0.796s] INFO:colcon.colcon_core.plugin_system:Skipping extension 'colcon_notification.desktop_notification.win32': Not used on non-Windows systems
[0.797s] INFO:colcon.colcon_notification.desktop_notification:Sending desktop notification using 'notify2'
[0.827s] DEBUG:colcon.colcon_notification.desktop_notification.notify2:Failed to initialize notify2: org.freedesktop.DBus.Error.ServiceUnknown: The name org.freedesktop.Notifications was not provided by any .service files
[0.828s] DEBUG:colcon.colcon_core.event_reactor:joined thread
[0.830s] INFO:colcon.colcon_core.shell:Creating prefix script '/root/ocs2_ros2/ros_ws/src/ur5_ros2/install/local_setup.ps1'
[0.833s] INFO:colcon.colcon_core.shell:Creating prefix util module '/root/ocs2_ros2/ros_ws/src/ur5_ros2/install/_local_setup_util_ps1.py'
[0.837s] INFO:colcon.colcon_core.shell:Creating prefix chain script '/root/ocs2_ros2/ros_ws/src/ur5_ros2/install/setup.ps1'
[0.848s] INFO:colcon.colcon_core.shell:Creating prefix script '/root/ocs2_ros2/ros_ws/src/ur5_ros2/install/local_setup.sh'
[0.850s] INFO:colcon.colcon_core.shell:Creating prefix util module '/root/ocs2_ros2/ros_ws/src/ur5_ros2/install/_local_setup_util_sh.py'
[0.850s] INFO:colcon.colcon_core.shell:Creating prefix chain script '/root/ocs2_ros2/ros_ws/src/ur5_ros2/install/setup.sh'
[0.858s] INFO:colcon.colcon_core.shell:Creating prefix script '/root/ocs2_ros2/ros_ws/src/ur5_ros2/install/local_setup.bash'
[0.858s] INFO:colcon.colcon_core.shell:Creating prefix chain script '/root/ocs2_ros2/ros_ws/src/ur5_ros2/install/setup.bash'
[0.864s] INFO:colcon.colcon_core.shell:Creating prefix script '/root/ocs2_ros2/ros_ws/src/ur5_ros2/install/local_setup.zsh'
[0.865s] INFO:colcon.colcon_core.shell:Creating prefix chain script '/root/ocs2_ros2/ros_ws/src/ur5_ros2/install/setup.zsh'
